<?xml version="1.0" encoding="UTF-8"?>
<TestRun id="3af0ae5a-fbc8-4fe3-9f7e-696ae2099ff2" name="Dell@DESKTOP-LTNHK23 2019-11-15 00:29:28" runUser="DESKTOP-LTNHK23\Dell" xmlns="http://microsoft.com/schemas/VisualStudio/TeamTest/2010">
  <TestSettings name="Local" id="cea33156-e72c-4d1b-a57b-eb1a5b3c21c1">
    <Description>These are default test settings for a local test run.</Description>
    <Deployment enabled="false" runDeploymentRoot="Dell_DESKTOP-LTNHK23 2019-11-15 00_29_28">
      <DeploymentItem filename="C:\Users\Dell\Desktop\Dangnhap\Dangnhap\bin\Debug\Dangnhap.exe" />
    </Deployment>
    <Execution>
      <TestTypeSpecific />
      <AgentRule name="Execution Agents">
      </AgentRule>
    </Execution>
  </TestSettings>
  <Times creation="2019-11-15T00:29:28.3883015+07:00" queuing="2019-11-15T00:29:28.3982796+07:00" start="2019-11-15T00:29:28.4032774+07:00" finish="2019-11-15T00:29:28.6851873+07:00" />
  <ResultSummary outcome="Completed">
    <Counters total="1" executed="1" passed="1" error="0" failed="0" timeout="0" aborted="0" inconclusive="0" passedButRunAborted="0" notRunnable="0" notExecuted="0" disconnected="0" warning="0" completed="0" inProgress="0" pending="0" />
  </ResultSummary>
  <TestDefinitions>
    <UnitTest name="testsqlfalse" storage="c:\users\dell\desktop\dangnhap\testpm\bin\debug\testpm.dll" id="4e4a81b9-f4aa-2eb2-2505-66ee72ce6d6d">
      <Execution id="f1748584-a855-4f69-94ff-f23993b0de0f" />
      <TestMethod codeBase="C:/Users/Dell/Desktop/Dangnhap/testPM/bin/Debug/testPM.DLL" adapterTypeName="Microsoft.VisualStudio.TestTools.TestTypes.Unit.UnitTestAdapter, Microsoft.VisualStudio.QualityTools.Tips.UnitTest.Adapter, Version=10.0.0.0, Culture=neutral, PublicKeyToken=b03f5f7f11d50a3a" className="testPM.Test_SQL, testPM, Version=1.0.0.0, Culture=neutral, PublicKeyToken=null" name="testsqlfalse" />
    </UnitTest>
  </TestDefinitions>
  <TestLists>
    <TestList name="Results Not in a List" id="8c84fa94-04c1-424b-9868-57a2d4851a1d" />
    <TestList name="All Loaded Results" id="19431567-8539-422a-85d7-44ee4e166bda" />
  </TestLists>
  <TestEntries>
    <TestEntry testId="4e4a81b9-f4aa-2eb2-2505-66ee72ce6d6d" executionId="f1748584-a855-4f69-94ff-f23993b0de0f" testListId="8c84fa94-04c1-424b-9868-57a2d4851a1d" />
  </TestEntries>
  <Results>
    <UnitTestResult executionId="f1748584-a855-4f69-94ff-f23993b0de0f" testId="4e4a81b9-f4aa-2eb2-2505-66ee72ce6d6d" testName="testsqlfalse" computerName="DESKTOP-LTNHK23" duration="00:00:00.0531683" startTime="2019-11-15T00:29:28.4112749+07:00" endTime="2019-11-15T00:29:28.6662145+07:00" testType="13cdc9d9-ddb5-4fa4-a97d-d965ccfc6d4b" outcome="Passed" testListId="8c84fa94-04c1-424b-9868-57a2d4851a1d" relativeResultsDirectory="f1748584-a855-4f69-94ff-f23993b0de0f">
    </UnitTestResult>
  </Results>
</TestRun>