<?xml version="1.0" encoding="UTF-8"?>
<TestRun id="4f327bd4-0649-4342-b87b-8a070bae36e0" name="Dell@DESKTOP-LTNHK23 2019-11-12 17:40:49" runUser="DESKTOP-LTNHK23\Dell" xmlns="http://microsoft.com/schemas/VisualStudio/TeamTest/2010">
  <TestSettings name="Local" id="cea33156-e72c-4d1b-a57b-eb1a5b3c21c1">
    <Description>These are default test settings for a local test run.</Description>
    <Deployment enabled="false" runDeploymentRoot="Dell_DESKTOP-LTNHK23 2019-11-12 17_40_49">
      <DeploymentItem filename="C:\Users\Dell\Desktop\Dangnhap\Dangnhap\bin\Debug\Dangnhap.exe" />
    </Deployment>
    <Execution>
      <TestTypeSpecific />
      <AgentRule name="Execution Agents">
      </AgentRule>
    </Execution>
  </TestSettings>
  <Times creation="2019-11-12T17:40:49.6875338+07:00" queuing="2019-11-12T17:40:49.6998383+07:00" start="2019-11-12T17:40:49.7058363+07:00" finish="2019-11-12T17:40:50.6516134+07:00" />
  <ResultSummary outcome="Failed">
    <Counters total="32" executed="32" passed="28" error="0" failed="4" timeout="0" aborted="0" inconclusive="0" passedButRunAborted="0" notRunnable="0" notExecuted="0" disconnected="0" warning="0" completed="0" inProgress="0" pending="0" />
    <RunInfos>
      <RunInfo computerName="DESKTOP-LTNHK23" outcome="Warning" timestamp="2019-11-12T17:40:49.6998383+07:00">
        <Text>Deployment is currently disabled. The deployment item 'testPM\testLogin.csv' on test 'testPM.TestLogin.TestCNLogin' was not deployed.</Text>
      </RunInfo>
    </RunInfos>
  </ResultSummary>
  <TestDefinitions>
    <UnitTest name="TestCNLogin" storage="c:\users\dell\desktop\dangnhap\testpm\bin\debug\testpm.dll" id="e7975907-abd7-c724-e54c-c8600f564d67">
      <DeploymentItems>
        <DeploymentItem filename="testPM\testLogin.csv" />
      </DeploymentItems>
      <Execution id="aafc2148-f928-4727-9d07-e81a4d80d583" />
      <TestMethod codeBase="C:/Users/Dell/Desktop/Dangnhap/testPM/bin/Debug/testPM.DLL" adapterTypeName="Microsoft.VisualStudio.TestTools.TestTypes.Unit.UnitTestAdapter, Microsoft.VisualStudio.QualityTools.Tips.UnitTest.Adapter, Version=10.0.0.0, Culture=neutral, PublicKeyToken=b03f5f7f11d50a3a" className="testPM.TestLogin, testPM, Version=1.0.0.0, Culture=neutral, PublicKeyToken=null" name="TestCNLogin" />
      <DataSource connectionString="|DataDirectory|\testLogin.csv" providerInvariantName="Microsoft.VisualStudio.TestTools.DataSource.CSV" tableName="testLogin#csv" />
    </UnitTest>
    <UnitTest name="testThemMon" storage="c:\users\dell\desktop\dangnhap\testpm\bin\debug\testpm.dll" id="d126ba14-7fa7-4e78-7434-4a28ba2ec146">
      <DeploymentItems>
        <DeploymentItem filename="testPM\TestThemMon.csv" />
      </DeploymentItems>
      <Execution id="6929101b-1f6a-424b-9998-bc5c87da7334" />
      <TestMethod codeBase="C:/Users/Dell/Desktop/Dangnhap/testPM/bin/Debug/testPM.DLL" adapterTypeName="Microsoft.VisualStudio.TestTools.TestTypes.Unit.UnitTestAdapter, Microsoft.VisualStudio.QualityTools.Tips.UnitTest.Adapter, Version=10.0.0.0, Culture=neutral, PublicKeyToken=b03f5f7f11d50a3a" className="testPM.Test_ThemMon, testPM, Version=1.0.0.0, Culture=neutral, PublicKeyToken=null" name="testThemMon" />
      <DataSource connectionString="|DataDirectory|\TestThemMon.csv" providerInvariantName="Microsoft.VisualStudio.TestTools.DataSource.CSV" tableName="TestThemMon#csv" />
    </UnitTest>
    <UnitTest name="test_ThanhToan" storage="c:\users\dell\desktop\dangnhap\testpm\bin\debug\testpm.dll" id="2169934a-9f13-ee0b-caac-0e95b5225d2b">
      <DeploymentItems>
        <DeploymentItem filename="testPM\testThanhToan.csv" />
      </DeploymentItems>
      <Execution id="dff1274f-81f3-4ea3-bb41-412a1c29f949" />
      <TestMethod codeBase="C:/Users/Dell/Desktop/Dangnhap/testPM/bin/Debug/testPM.DLL" adapterTypeName="Microsoft.VisualStudio.TestTools.TestTypes.Unit.UnitTestAdapter, Microsoft.VisualStudio.QualityTools.Tips.UnitTest.Adapter, Version=10.0.0.0, Culture=neutral, PublicKeyToken=b03f5f7f11d50a3a" className="testPM.Test_ThanhToan, testPM, Version=1.0.0.0, Culture=neutral, PublicKeyToken=null" name="test_ThanhToan" />
      <DataSource connectionString="|DataDirectory|\testThanhToan.csv" providerInvariantName="Microsoft.VisualStudio.TestTools.DataSource.CSV" tableName="testThanhToan#csv" />
    </UnitTest>
    <UnitTest name="testThem" storage="c:\users\dell\desktop\dangnhap\testpm\bin\debug\testpm.dll" id="84b817a3-d9ea-4ee7-4bce-6233ff1a22ec">
      <DeploymentItems>
        <DeploymentItem filename="testPM\testThem.csv" />
      </DeploymentItems>
      <Execution id="8651b5d5-431a-4c21-a2fb-9325542e80fc" />
      <TestMethod codeBase="C:/Users/Dell/Desktop/Dangnhap/testPM/bin/Debug/testPM.DLL" adapterTypeName="Microsoft.VisualStudio.TestTools.TestTypes.Unit.UnitTestAdapter, Microsoft.VisualStudio.QualityTools.Tips.UnitTest.Adapter, Version=10.0.0.0, Culture=neutral, PublicKeyToken=b03f5f7f11d50a3a" className="testPM.Test_Them, testPM, Version=1.0.0.0, Culture=neutral, PublicKeyToken=null" name="testThem" />
      <DataSource connectionString="|DataDirectory|\testThem.csv" providerInvariantName="Microsoft.VisualStudio.TestTools.DataSource.CSV" tableName="testThem#csv" />
    </UnitTest>
  </TestDefinitions>
  <TestLists>
    <TestList name="Results Not in a List" id="8c84fa94-04c1-424b-9868-57a2d4851a1d" />
    <TestList name="All Loaded Results" id="19431567-8539-422a-85d7-44ee4e166bda" />
  </TestLists>
  <TestEntries>
    <TestEntry testId="2169934a-9f13-ee0b-caac-0e95b5225d2b" executionId="dff1274f-81f3-4ea3-bb41-412a1c29f949" testListId="8c84fa94-04c1-424b-9868-57a2d4851a1d" />
    <TestEntry testId="84b817a3-d9ea-4ee7-4bce-6233ff1a22ec" executionId="8651b5d5-431a-4c21-a2fb-9325542e80fc" testListId="8c84fa94-04c1-424b-9868-57a2d4851a1d" />
    <TestEntry testId="d126ba14-7fa7-4e78-7434-4a28ba2ec146" executionId="6929101b-1f6a-424b-9998-bc5c87da7334" testListId="8c84fa94-04c1-424b-9868-57a2d4851a1d" />
    <TestEntry testId="e7975907-abd7-c724-e54c-c8600f564d67" executionId="aafc2148-f928-4727-9d07-e81a4d80d583" testListId="8c84fa94-04c1-424b-9868-57a2d4851a1d" />
  </TestEntries>
  <Results>
    <UnitTestResult executionId="dff1274f-81f3-4ea3-bb41-412a1c29f949" testId="2169934a-9f13-ee0b-caac-0e95b5225d2b" testName="test_ThanhToan" computerName="DESKTOP-LTNHK23" duration="00:00:00.1745611" startTime="2019-11-12T17:40:49.7138587+07:00" endTime="2019-11-12T17:40:50.1020136+07:00" testType="13cdc9d9-ddb5-4fa4-a97d-d965ccfc6d4b" outcome="Passed" testListId="8c84fa94-04c1-424b-9868-57a2d4851a1d" relativeResultsDirectory="dff1274f-81f3-4ea3-bb41-412a1c29f949" resultType="DataDrivenTest">
      <Counters error="0" failed="0" timeout="0" aborted="0" inconclusive="0" passedButRunAborted="0" notRunnable="0" notExecuted="0" disconnected="0" warning="0" passed="5" completed="0" inProgress="0" pending="0" />
      <InnerResults>
        <UnitTestResult executionId="cccb869f-4cce-41bc-ba4b-2985719dd4b7" parentExecutionId="dff1274f-81f3-4ea3-bb41-412a1c29f949" testId="2169934a-9f13-ee0b-caac-0e95b5225d2b" testName="test_ThanhToan" computerName="DESKTOP-LTNHK23" duration="00:00:00.0574449" startTime="2019-11-12T17:40:50.0188628+07:00" endTime="2019-11-12T17:40:50.0810202+07:00" testType="13cdc9d9-ddb5-4fa4-a97d-d965ccfc6d4b" outcome="Passed" testListId="8c84fa94-04c1-424b-9868-57a2d4851a1d" relativeResultsDirectory="dff1274f-81f3-4ea3-bb41-412a1c29f949" dataRowInfo="0" resultType="DataDrivenDataRow" />
        <UnitTestResult executionId="b1356d65-0313-481b-a3cd-a749b4081436" parentExecutionId="dff1274f-81f3-4ea3-bb41-412a1c29f949" testId="2169934a-9f13-ee0b-caac-0e95b5225d2b" testName="test_ThanhToan" computerName="DESKTOP-LTNHK23" duration="00:00:00.0005778" startTime="2019-11-12T17:40:50.0810202+07:00" endTime="2019-11-12T17:40:50.0810202+07:00" testType="13cdc9d9-ddb5-4fa4-a97d-d965ccfc6d4b" outcome="Passed" testListId="8c84fa94-04c1-424b-9868-57a2d4851a1d" relativeResultsDirectory="dff1274f-81f3-4ea3-bb41-412a1c29f949" dataRowInfo="1" resultType="DataDrivenDataRow" />
        <UnitTestResult executionId="b2097aa2-33fc-4cbe-88ba-c8fc66df17eb" parentExecutionId="dff1274f-81f3-4ea3-bb41-412a1c29f949" testId="2169934a-9f13-ee0b-caac-0e95b5225d2b" testName="test_ThanhToan" computerName="DESKTOP-LTNHK23" duration="00:00:00.0000298" startTime="2019-11-12T17:40:50.0810202+07:00" endTime="2019-11-12T17:40:50.0810202+07:00" testType="13cdc9d9-ddb5-4fa4-a97d-d965ccfc6d4b" outcome="Passed" testListId="8c84fa94-04c1-424b-9868-57a2d4851a1d" relativeResultsDirectory="dff1274f-81f3-4ea3-bb41-412a1c29f949" dataRowInfo="2" resultType="DataDrivenDataRow" />
        <UnitTestResult executionId="637a2ff4-f12b-4018-ada5-5765172d4c6f" parentExecutionId="dff1274f-81f3-4ea3-bb41-412a1c29f949" testId="2169934a-9f13-ee0b-caac-0e95b5225d2b" testName="test_ThanhToan" computerName="DESKTOP-LTNHK23" duration="00:00:00.0000122" startTime="2019-11-12T17:40:50.0810202+07:00" endTime="2019-11-12T17:40:50.0810202+07:00" testType="13cdc9d9-ddb5-4fa4-a97d-d965ccfc6d4b" outcome="Passed" testListId="8c84fa94-04c1-424b-9868-57a2d4851a1d" relativeResultsDirectory="dff1274f-81f3-4ea3-bb41-412a1c29f949" dataRowInfo="3" resultType="DataDrivenDataRow" />
        <UnitTestResult executionId="0d0d11a1-4fd2-47c2-a608-4c7a9a1c6687" parentExecutionId="dff1274f-81f3-4ea3-bb41-412a1c29f949" testId="2169934a-9f13-ee0b-caac-0e95b5225d2b" testName="test_ThanhToan" computerName="DESKTOP-LTNHK23" duration="00:00:00.0000459" startTime="2019-11-12T17:40:50.0810202+07:00" endTime="2019-11-12T17:40:50.0820198+07:00" testType="13cdc9d9-ddb5-4fa4-a97d-d965ccfc6d4b" outcome="Passed" testListId="8c84fa94-04c1-424b-9868-57a2d4851a1d" relativeResultsDirectory="dff1274f-81f3-4ea3-bb41-412a1c29f949" dataRowInfo="4" resultType="DataDrivenDataRow" />
      </InnerResults>
    </UnitTestResult>
    <UnitTestResult executionId="8651b5d5-431a-4c21-a2fb-9325542e80fc" testId="84b817a3-d9ea-4ee7-4bce-6233ff1a22ec" testName="testThem" computerName="DESKTOP-LTNHK23" duration="00:00:00.1631300" startTime="2019-11-12T17:40:50.1080132+07:00" endTime="2019-11-12T17:40:50.2779659+07:00" testType="13cdc9d9-ddb5-4fa4-a97d-d965ccfc6d4b" outcome="Failed" testListId="8c84fa94-04c1-424b-9868-57a2d4851a1d" relativeResultsDirectory="8651b5d5-431a-4c21-a2fb-9325542e80fc" resultType="DataDrivenTest">
      <Counters error="0" failed="1" timeout="0" aborted="0" inconclusive="0" passedButRunAborted="0" notRunnable="0" notExecuted="0" disconnected="0" warning="0" passed="1" completed="0" inProgress="0" pending="0" />
      <InnerResults>
        <UnitTestResult executionId="35ed8955-5602-47a6-9368-48f1f7848b7b" parentExecutionId="8651b5d5-431a-4c21-a2fb-9325542e80fc" testId="84b817a3-d9ea-4ee7-4bce-6233ff1a22ec" testName="testThem" computerName="DESKTOP-LTNHK23" duration="00:00:00.0391683" startTime="2019-11-12T17:40:50.2240404+07:00" endTime="2019-11-12T17:40:50.2629710+07:00" testType="13cdc9d9-ddb5-4fa4-a97d-d965ccfc6d4b" outcome="Passed" testListId="8c84fa94-04c1-424b-9868-57a2d4851a1d" relativeResultsDirectory="8651b5d5-431a-4c21-a2fb-9325542e80fc" dataRowInfo="0" resultType="DataDrivenDataRow" />
        <UnitTestResult executionId="82cd0af9-1d3e-48a2-b04a-230c767f3b82" parentExecutionId="8651b5d5-431a-4c21-a2fb-9325542e80fc" testId="84b817a3-d9ea-4ee7-4bce-6233ff1a22ec" testName="testThem" computerName="DESKTOP-LTNHK23" duration="00:00:00.0102735" startTime="2019-11-12T17:40:50.2629710+07:00" endTime="2019-11-12T17:40:50.2729738+07:00" testType="13cdc9d9-ddb5-4fa4-a97d-d965ccfc6d4b" outcome="Failed" testListId="8c84fa94-04c1-424b-9868-57a2d4851a1d" relativeResultsDirectory="8651b5d5-431a-4c21-a2fb-9325542e80fc" dataRowInfo="1" resultType="DataDrivenDataRow">
          <Output>
            <ErrorInfo>
              <Message>Test method testPM.Test_Them.testThem threw exception: 
System.FormatException: String was not recognized as a valid Boolean.</Message>
              <StackTrace>    at System.Boolean.Parse(String value)
   at testPM.Test_Them.testThem() in C:\Users\Dell\Desktop\Dangnhap\testPM\Test_Them.cs:line 23
</StackTrace>
            </ErrorInfo>
          </Output>
        </UnitTestResult>
      </InnerResults>
    </UnitTestResult>
    <UnitTestResult executionId="6929101b-1f6a-424b-9998-bc5c87da7334" testId="d126ba14-7fa7-4e78-7434-4a28ba2ec146" testName="testThemMon" computerName="DESKTOP-LTNHK23" duration="00:00:00.1292415" startTime="2019-11-12T17:40:50.2839476+07:00" endTime="2019-11-12T17:40:50.4248233+07:00" testType="13cdc9d9-ddb5-4fa4-a97d-d965ccfc6d4b" outcome="Passed" testListId="8c84fa94-04c1-424b-9868-57a2d4851a1d" relativeResultsDirectory="6929101b-1f6a-424b-9998-bc5c87da7334" resultType="DataDrivenTest">
      <Counters error="0" failed="0" timeout="0" aborted="0" inconclusive="0" passedButRunAborted="0" notRunnable="0" notExecuted="0" disconnected="0" warning="0" passed="6" completed="0" inProgress="0" pending="0" />
      <InnerResults>
        <UnitTestResult executionId="e5f74436-6905-437f-af95-1dec2c2a14f2" parentExecutionId="6929101b-1f6a-424b-9998-bc5c87da7334" testId="d126ba14-7fa7-4e78-7434-4a28ba2ec146" testName="testThemMon" computerName="DESKTOP-LTNHK23" duration="00:00:00.0013232" startTime="2019-11-12T17:40:50.4089029+07:00" endTime="2019-11-12T17:40:50.4099050+07:00" testType="13cdc9d9-ddb5-4fa4-a97d-d965ccfc6d4b" outcome="Passed" testListId="8c84fa94-04c1-424b-9868-57a2d4851a1d" relativeResultsDirectory="6929101b-1f6a-424b-9998-bc5c87da7334" dataRowInfo="0" resultType="DataDrivenDataRow" />
        <UnitTestResult executionId="f88aa57f-c1fa-4851-b26e-f6ef86e04e38" parentExecutionId="6929101b-1f6a-424b-9998-bc5c87da7334" testId="d126ba14-7fa7-4e78-7434-4a28ba2ec146" testName="testThemMon" computerName="DESKTOP-LTNHK23" duration="00:00:00.0055541" startTime="2019-11-12T17:40:50.4099050+07:00" endTime="2019-11-12T17:40:50.4158052+07:00" testType="13cdc9d9-ddb5-4fa4-a97d-d965ccfc6d4b" outcome="Passed" testListId="8c84fa94-04c1-424b-9868-57a2d4851a1d" relativeResultsDirectory="6929101b-1f6a-424b-9998-bc5c87da7334" dataRowInfo="1" resultType="DataDrivenDataRow" />
        <UnitTestResult executionId="d16ee6b2-710e-4e91-97aa-896caffd3def" parentExecutionId="6929101b-1f6a-424b-9998-bc5c87da7334" testId="d126ba14-7fa7-4e78-7434-4a28ba2ec146" testName="testThemMon" computerName="DESKTOP-LTNHK23" duration="00:00:00.0000498" startTime="2019-11-12T17:40:50.4158052+07:00" endTime="2019-11-12T17:40:50.4158052+07:00" testType="13cdc9d9-ddb5-4fa4-a97d-d965ccfc6d4b" outcome="Passed" testListId="8c84fa94-04c1-424b-9868-57a2d4851a1d" relativeResultsDirectory="6929101b-1f6a-424b-9998-bc5c87da7334" dataRowInfo="2" resultType="DataDrivenDataRow" />
        <UnitTestResult executionId="4bb19e09-8698-4ce0-881b-8afdd423a0f9" parentExecutionId="6929101b-1f6a-424b-9998-bc5c87da7334" testId="d126ba14-7fa7-4e78-7434-4a28ba2ec146" testName="testThemMon" computerName="DESKTOP-LTNHK23" duration="00:00:00.0000139" startTime="2019-11-12T17:40:50.4158052+07:00" endTime="2019-11-12T17:40:50.4158052+07:00" testType="13cdc9d9-ddb5-4fa4-a97d-d965ccfc6d4b" outcome="Passed" testListId="8c84fa94-04c1-424b-9868-57a2d4851a1d" relativeResultsDirectory="6929101b-1f6a-424b-9998-bc5c87da7334" dataRowInfo="3" resultType="DataDrivenDataRow" />
        <UnitTestResult executionId="dcc4ba3c-0bda-43a4-ad99-a55b8e78e8e8" parentExecutionId="6929101b-1f6a-424b-9998-bc5c87da7334" testId="d126ba14-7fa7-4e78-7434-4a28ba2ec146" testName="testThemMon" computerName="DESKTOP-LTNHK23" duration="00:00:00.0000121" startTime="2019-11-12T17:40:50.4158052+07:00" endTime="2019-11-12T17:40:50.4158052+07:00" testType="13cdc9d9-ddb5-4fa4-a97d-d965ccfc6d4b" outcome="Passed" testListId="8c84fa94-04c1-424b-9868-57a2d4851a1d" relativeResultsDirectory="6929101b-1f6a-424b-9998-bc5c87da7334" dataRowInfo="4" resultType="DataDrivenDataRow" />
        <UnitTestResult executionId="c9cd8a94-3845-473c-82ca-139fb4ee7d38" parentExecutionId="6929101b-1f6a-424b-9998-bc5c87da7334" testId="d126ba14-7fa7-4e78-7434-4a28ba2ec146" testName="testThemMon" computerName="DESKTOP-LTNHK23" duration="00:00:00.0000121" startTime="2019-11-12T17:40:50.4158052+07:00" endTime="2019-11-12T17:40:50.4158052+07:00" testType="13cdc9d9-ddb5-4fa4-a97d-d965ccfc6d4b" outcome="Passed" testListId="8c84fa94-04c1-424b-9868-57a2d4851a1d" relativeResultsDirectory="6929101b-1f6a-424b-9998-bc5c87da7334" dataRowInfo="5" resultType="DataDrivenDataRow" />
      </InnerResults>
    </UnitTestResult>
    <UnitTestResult executionId="aafc2148-f928-4727-9d07-e81a4d80d583" testId="e7975907-abd7-c724-e54c-c8600f564d67" testName="TestCNLogin" computerName="DESKTOP-LTNHK23" duration="00:00:00.1314217" startTime="2019-11-12T17:40:50.4418026+07:00" endTime="2019-11-12T17:40:50.5936314+07:00" testType="13cdc9d9-ddb5-4fa4-a97d-d965ccfc6d4b" outcome="Failed" testListId="8c84fa94-04c1-424b-9868-57a2d4851a1d" relativeResultsDirectory="aafc2148-f928-4727-9d07-e81a4d80d583" resultType="DataDrivenTest">
      <Counters error="0" failed="1" timeout="0" aborted="0" inconclusive="0" passedButRunAborted="0" notRunnable="0" notExecuted="0" disconnected="0" warning="0" passed="14" completed="0" inProgress="0" pending="0" />
      <InnerResults>
        <UnitTestResult executionId="fd3d7b76-5700-4d7b-9afa-ce3c0bbdf041" parentExecutionId="aafc2148-f928-4727-9d07-e81a4d80d583" testId="e7975907-abd7-c724-e54c-c8600f564d67" testName="TestCNLogin" computerName="DESKTOP-LTNHK23" duration="00:00:00.0047606" startTime="2019-11-12T17:40:50.5562106+07:00" endTime="2019-11-12T17:40:50.5602115+07:00" testType="13cdc9d9-ddb5-4fa4-a97d-d965ccfc6d4b" outcome="Passed" testListId="8c84fa94-04c1-424b-9868-57a2d4851a1d" relativeResultsDirectory="aafc2148-f928-4727-9d07-e81a4d80d583" dataRowInfo="0" resultType="DataDrivenDataRow" />
        <UnitTestResult executionId="e66bebab-9a62-4347-ac66-e6dfe11ec6cd" parentExecutionId="aafc2148-f928-4727-9d07-e81a4d80d583" testId="e7975907-abd7-c724-e54c-c8600f564d67" testName="TestCNLogin" computerName="DESKTOP-LTNHK23" duration="00:00:00.0008733" startTime="2019-11-12T17:40:50.5602115+07:00" endTime="2019-11-12T17:40:50.5612342+07:00" testType="13cdc9d9-ddb5-4fa4-a97d-d965ccfc6d4b" outcome="Passed" testListId="8c84fa94-04c1-424b-9868-57a2d4851a1d" relativeResultsDirectory="aafc2148-f928-4727-9d07-e81a4d80d583" dataRowInfo="1" resultType="DataDrivenDataRow" />
        <UnitTestResult executionId="d90927b2-ae84-4ac2-94e5-aa07048edf04" parentExecutionId="aafc2148-f928-4727-9d07-e81a4d80d583" testId="e7975907-abd7-c724-e54c-c8600f564d67" testName="TestCNLogin" computerName="DESKTOP-LTNHK23" duration="00:00:00.0018597" startTime="2019-11-12T17:40:50.5612342+07:00" endTime="2019-11-12T17:40:50.5630657+07:00" testType="13cdc9d9-ddb5-4fa4-a97d-d965ccfc6d4b" outcome="Passed" testListId="8c84fa94-04c1-424b-9868-57a2d4851a1d" relativeResultsDirectory="aafc2148-f928-4727-9d07-e81a4d80d583" dataRowInfo="2" resultType="DataDrivenDataRow" />
        <UnitTestResult executionId="670480b5-eedd-4b48-822c-78ae4b8eaf6e" parentExecutionId="aafc2148-f928-4727-9d07-e81a4d80d583" testId="e7975907-abd7-c724-e54c-c8600f564d67" testName="TestCNLogin" computerName="DESKTOP-LTNHK23" duration="00:00:00.0009491" startTime="2019-11-12T17:40:50.5630657+07:00" endTime="2019-11-12T17:40:50.5640833+07:00" testType="13cdc9d9-ddb5-4fa4-a97d-d965ccfc6d4b" outcome="Passed" testListId="8c84fa94-04c1-424b-9868-57a2d4851a1d" relativeResultsDirectory="aafc2148-f928-4727-9d07-e81a4d80d583" dataRowInfo="3" resultType="DataDrivenDataRow" />
        <UnitTestResult executionId="a5654468-42d5-4b25-8f24-b7d734d44e19" parentExecutionId="aafc2148-f928-4727-9d07-e81a4d80d583" testId="e7975907-abd7-c724-e54c-c8600f564d67" testName="TestCNLogin" computerName="DESKTOP-LTNHK23" duration="00:00:00.0009558" startTime="2019-11-12T17:40:50.5640833+07:00" endTime="2019-11-12T17:40:50.5657457+07:00" testType="13cdc9d9-ddb5-4fa4-a97d-d965ccfc6d4b" outcome="Passed" testListId="8c84fa94-04c1-424b-9868-57a2d4851a1d" relativeResultsDirectory="aafc2148-f928-4727-9d07-e81a4d80d583" dataRowInfo="4" resultType="DataDrivenDataRow" />
        <UnitTestResult executionId="323e0960-55f0-45bd-b641-3a9ec99a48c2" parentExecutionId="aafc2148-f928-4727-9d07-e81a4d80d583" testId="e7975907-abd7-c724-e54c-c8600f564d67" testName="TestCNLogin" computerName="DESKTOP-LTNHK23" duration="00:00:00.0009519" startTime="2019-11-12T17:40:50.5657457+07:00" endTime="2019-11-12T17:40:50.5667542+07:00" testType="13cdc9d9-ddb5-4fa4-a97d-d965ccfc6d4b" outcome="Passed" testListId="8c84fa94-04c1-424b-9868-57a2d4851a1d" relativeResultsDirectory="aafc2148-f928-4727-9d07-e81a4d80d583" dataRowInfo="5" resultType="DataDrivenDataRow" />
        <UnitTestResult executionId="81062344-9bd8-434d-829b-9ec1562d5ac7" parentExecutionId="aafc2148-f928-4727-9d07-e81a4d80d583" testId="e7975907-abd7-c724-e54c-c8600f564d67" testName="TestCNLogin" computerName="DESKTOP-LTNHK23" duration="00:00:00.0009691" startTime="2019-11-12T17:40:50.5667542+07:00" endTime="2019-11-12T17:40:50.5677475+07:00" testType="13cdc9d9-ddb5-4fa4-a97d-d965ccfc6d4b" outcome="Passed" testListId="8c84fa94-04c1-424b-9868-57a2d4851a1d" relativeResultsDirectory="aafc2148-f928-4727-9d07-e81a4d80d583" dataRowInfo="6" resultType="DataDrivenDataRow" />
        <UnitTestResult executionId="f3df98b4-e7f4-4ec8-959c-3de9f65f29c2" parentExecutionId="aafc2148-f928-4727-9d07-e81a4d80d583" testId="e7975907-abd7-c724-e54c-c8600f564d67" testName="TestCNLogin" computerName="DESKTOP-LTNHK23" duration="00:00:00.0012067" startTime="2019-11-12T17:40:50.5677475+07:00" endTime="2019-11-12T17:40:50.5687631+07:00" testType="13cdc9d9-ddb5-4fa4-a97d-d965ccfc6d4b" outcome="Passed" testListId="8c84fa94-04c1-424b-9868-57a2d4851a1d" relativeResultsDirectory="aafc2148-f928-4727-9d07-e81a4d80d583" dataRowInfo="7" resultType="DataDrivenDataRow" />
        <UnitTestResult executionId="23a48dd7-6850-4dfa-bb3c-4b31452561fe" parentExecutionId="aafc2148-f928-4727-9d07-e81a4d80d583" testId="e7975907-abd7-c724-e54c-c8600f564d67" testName="TestCNLogin" computerName="DESKTOP-LTNHK23" duration="00:00:00.0008950" startTime="2019-11-12T17:40:50.5687631+07:00" endTime="2019-11-12T17:40:50.5697467+07:00" testType="13cdc9d9-ddb5-4fa4-a97d-d965ccfc6d4b" outcome="Passed" testListId="8c84fa94-04c1-424b-9868-57a2d4851a1d" relativeResultsDirectory="aafc2148-f928-4727-9d07-e81a4d80d583" dataRowInfo="8" resultType="DataDrivenDataRow" />
        <UnitTestResult executionId="bda859f9-d6ec-4459-abea-1a78fe6548fd" parentExecutionId="aafc2148-f928-4727-9d07-e81a4d80d583" testId="e7975907-abd7-c724-e54c-c8600f564d67" testName="TestCNLogin" computerName="DESKTOP-LTNHK23" duration="00:00:00.0008964" startTime="2019-11-12T17:40:50.5697467+07:00" endTime="2019-11-12T17:40:50.5707641+07:00" testType="13cdc9d9-ddb5-4fa4-a97d-d965ccfc6d4b" outcome="Passed" testListId="8c84fa94-04c1-424b-9868-57a2d4851a1d" relativeResultsDirectory="aafc2148-f928-4727-9d07-e81a4d80d583" dataRowInfo="9" resultType="DataDrivenDataRow" />
        <UnitTestResult executionId="d2fd6fb2-4516-45a2-bbaf-f0cb2daefd17" parentExecutionId="aafc2148-f928-4727-9d07-e81a4d80d583" testId="e7975907-abd7-c724-e54c-c8600f564d67" testName="TestCNLogin" computerName="DESKTOP-LTNHK23" duration="00:00:00.0008874" startTime="2019-11-12T17:40:50.5707641+07:00" endTime="2019-11-12T17:40:50.5707641+07:00" testType="13cdc9d9-ddb5-4fa4-a97d-d965ccfc6d4b" outcome="Passed" testListId="8c84fa94-04c1-424b-9868-57a2d4851a1d" relativeResultsDirectory="aafc2148-f928-4727-9d07-e81a4d80d583" dataRowInfo="10" resultType="DataDrivenDataRow" />
        <UnitTestResult executionId="c05e9a07-2660-4385-905a-6d98f75c3b7d" parentExecutionId="aafc2148-f928-4727-9d07-e81a4d80d583" testId="e7975907-abd7-c724-e54c-c8600f564d67" testName="TestCNLogin" computerName="DESKTOP-LTNHK23" duration="00:00:00.0009647" startTime="2019-11-12T17:40:50.5717618+07:00" endTime="2019-11-12T17:40:50.5726463+07:00" testType="13cdc9d9-ddb5-4fa4-a97d-d965ccfc6d4b" outcome="Passed" testListId="8c84fa94-04c1-424b-9868-57a2d4851a1d" relativeResultsDirectory="aafc2148-f928-4727-9d07-e81a4d80d583" dataRowInfo="11" resultType="DataDrivenDataRow" />
        <UnitTestResult executionId="81e58df7-8672-4d9f-bf11-f0575f9e4c6b" parentExecutionId="aafc2148-f928-4727-9d07-e81a4d80d583" testId="e7975907-abd7-c724-e54c-c8600f564d67" testName="TestCNLogin" computerName="DESKTOP-LTNHK23" duration="00:00:00.0009526" startTime="2019-11-12T17:40:50.5726463+07:00" endTime="2019-11-12T17:40:50.5736139+07:00" testType="13cdc9d9-ddb5-4fa4-a97d-d965ccfc6d4b" outcome="Passed" testListId="8c84fa94-04c1-424b-9868-57a2d4851a1d" relativeResultsDirectory="aafc2148-f928-4727-9d07-e81a4d80d583" dataRowInfo="12" resultType="DataDrivenDataRow" />
        <UnitTestResult executionId="701dd20d-a1ce-4e6e-98f0-88fd0dafbb4e" parentExecutionId="aafc2148-f928-4727-9d07-e81a4d80d583" testId="e7975907-abd7-c724-e54c-c8600f564d67" testName="TestCNLogin" computerName="DESKTOP-LTNHK23" duration="00:00:00.0010054" startTime="2019-11-12T17:40:50.5736139+07:00" endTime="2019-11-12T17:40:50.5746351+07:00" testType="13cdc9d9-ddb5-4fa4-a97d-d965ccfc6d4b" outcome="Passed" testListId="8c84fa94-04c1-424b-9868-57a2d4851a1d" relativeResultsDirectory="aafc2148-f928-4727-9d07-e81a4d80d583" dataRowInfo="13" resultType="DataDrivenDataRow" />
        <UnitTestResult executionId="0784abd7-6a04-4e19-a0c6-1806a6df2e48" parentExecutionId="aafc2148-f928-4727-9d07-e81a4d80d583" testId="e7975907-abd7-c724-e54c-c8600f564d67" testName="TestCNLogin" computerName="DESKTOP-LTNHK23" duration="00:00:00.0019542" startTime="2019-11-12T17:40:50.5746351+07:00" endTime="2019-11-12T17:40:50.5766369+07:00" testType="13cdc9d9-ddb5-4fa4-a97d-d965ccfc6d4b" outcome="Failed" testListId="8c84fa94-04c1-424b-9868-57a2d4851a1d" relativeResultsDirectory="aafc2148-f928-4727-9d07-e81a4d80d583" dataRowInfo="14" resultType="DataDrivenDataRow">
          <Output>
            <ErrorInfo>
              <Message>Test method testPM.TestLogin.TestCNLogin threw exception: 
System.InvalidOperationException: số kí tự quá lớn</Message>
              <StackTrace>    at testPM.TestLogin.TestCNLogin() in C:\Users\Dell\Desktop\Dangnhap\testPM\Test_Login.cs:line 27
</StackTrace>
            </ErrorInfo>
          </Output>
        </UnitTestResult>
      </InnerResults>
    </UnitTestResult>
  </Results>
</TestRun>