<?xml version="1.0" encoding="UTF-8"?>
<TestRun id="99e955b6-bd02-4c39-9a7d-c25623987842" name="Dell@DESKTOP-LTNHK23 2019-11-07 15:56:39" runUser="DESKTOP-LTNHK23\Dell" xmlns="http://microsoft.com/schemas/VisualStudio/TeamTest/2010">
  <TestSettings name="Local" id="cea33156-e72c-4d1b-a57b-eb1a5b3c21c1">
    <Description>These are default test settings for a local test run.</Description>
    <Deployment enabled="false" runDeploymentRoot="Dell_DESKTOP-LTNHK23 2019-11-07 15_56_39">
      <DeploymentItem filename="C:\Users\Dell\Desktop\Dangnhap\Dangnhap\bin\Debug\Dangnhap.exe" />
    </Deployment>
    <Execution>
      <TestTypeSpecific />
      <AgentRule name="Execution Agents">
      </AgentRule>
    </Execution>
  </TestSettings>
  <Times creation="2019-11-07T15:56:39.2612452+07:00" queuing="2019-11-07T15:56:39.2742362+07:00" start="2019-11-07T15:56:39.2782256+07:00" finish="2019-11-07T15:56:39.7023330+07:00" />
  <ResultSummary outcome="Failed">
    <Counters total="6" executed="6" passed="4" error="0" failed="2" timeout="0" aborted="0" inconclusive="0" passedButRunAborted="0" notRunnable="0" notExecuted="0" disconnected="0" warning="0" completed="0" inProgress="0" pending="0" />
    <RunInfos>
      <RunInfo computerName="DESKTOP-LTNHK23" outcome="Warning" timestamp="2019-11-07T15:56:39.2742362+07:00">
        <Text>Deployment is currently disabled. The deployment item 'testPM\testThanhToan.csv' on test 'testPM.Test_ThanhToan.test_ThanhToan' was not deployed.</Text>
      </RunInfo>
    </RunInfos>
  </ResultSummary>
  <TestDefinitions>
    <UnitTest name="test_ThanhToan" storage="c:\users\dell\desktop\dangnhap\testpm\bin\debug\testpm.dll" id="2169934a-9f13-ee0b-caac-0e95b5225d2b">
      <DeploymentItems>
        <DeploymentItem filename="testPM\testThanhToan.csv" />
      </DeploymentItems>
      <Execution id="303edac3-35c9-4217-b87a-2f246d75bea8" />
      <TestMethod codeBase="C:/Users/Dell/Desktop/Dangnhap/testPM/bin/Debug/testPM.DLL" adapterTypeName="Microsoft.VisualStudio.TestTools.TestTypes.Unit.UnitTestAdapter, Microsoft.VisualStudio.QualityTools.Tips.UnitTest.Adapter, Version=10.0.0.0, Culture=neutral, PublicKeyToken=b03f5f7f11d50a3a" className="testPM.Test_ThanhToan, testPM, Version=1.0.0.0, Culture=neutral, PublicKeyToken=null" name="test_ThanhToan" />
      <DataSource connectionString="|DataDirectory|\testThanhToan.csv" providerInvariantName="Microsoft.VisualStudio.TestTools.DataSource.CSV" tableName="testThanhToan#csv" />
    </UnitTest>
  </TestDefinitions>
  <TestLists>
    <TestList name="Results Not in a List" id="8c84fa94-04c1-424b-9868-57a2d4851a1d" />
    <TestList name="All Loaded Results" id="19431567-8539-422a-85d7-44ee4e166bda" />
  </TestLists>
  <TestEntries>
    <TestEntry testId="2169934a-9f13-ee0b-caac-0e95b5225d2b" executionId="303edac3-35c9-4217-b87a-2f246d75bea8" testListId="8c84fa94-04c1-424b-9868-57a2d4851a1d" />
  </TestEntries>
  <Results>
    <UnitTestResult executionId="303edac3-35c9-4217-b87a-2f246d75bea8" testId="2169934a-9f13-ee0b-caac-0e95b5225d2b" testName="test_ThanhToan" computerName="DESKTOP-LTNHK23" duration="00:00:00.1659097" startTime="2019-11-07T15:56:39.2862246+07:00" endTime="2019-11-07T15:56:39.6773678+07:00" testType="13cdc9d9-ddb5-4fa4-a97d-d965ccfc6d4b" outcome="Failed" testListId="8c84fa94-04c1-424b-9868-57a2d4851a1d" relativeResultsDirectory="303edac3-35c9-4217-b87a-2f246d75bea8" resultType="DataDrivenTest">
      <Counters error="0" failed="1" timeout="0" aborted="0" inconclusive="0" passedButRunAborted="0" notRunnable="0" notExecuted="0" disconnected="0" warning="0" passed="4" completed="0" inProgress="0" pending="0" />
      <InnerResults>
        <UnitTestResult executionId="b965c306-b72b-4e3e-b1ad-b4940d5e5724" parentExecutionId="303edac3-35c9-4217-b87a-2f246d75bea8" testId="2169934a-9f13-ee0b-caac-0e95b5225d2b" testName="test_ThanhToan" computerName="DESKTOP-LTNHK23" duration="00:00:00.0182172" startTime="2019-11-07T15:56:39.6164024+07:00" endTime="2019-11-07T15:56:39.6393526+07:00" testType="13cdc9d9-ddb5-4fa4-a97d-d965ccfc6d4b" outcome="Passed" testListId="8c84fa94-04c1-424b-9868-57a2d4851a1d" relativeResultsDirectory="303edac3-35c9-4217-b87a-2f246d75bea8" dataRowInfo="0" resultType="DataDrivenDataRow" />
        <UnitTestResult executionId="19a75d22-34bd-4831-a49a-a53f9cefeaf5" parentExecutionId="303edac3-35c9-4217-b87a-2f246d75bea8" testId="2169934a-9f13-ee0b-caac-0e95b5225d2b" testName="test_ThanhToan" computerName="DESKTOP-LTNHK23" duration="00:00:00.0000603" startTime="2019-11-07T15:56:39.6393526+07:00" endTime="2019-11-07T15:56:39.6393526+07:00" testType="13cdc9d9-ddb5-4fa4-a97d-d965ccfc6d4b" outcome="Passed" testListId="8c84fa94-04c1-424b-9868-57a2d4851a1d" relativeResultsDirectory="303edac3-35c9-4217-b87a-2f246d75bea8" dataRowInfo="1" resultType="DataDrivenDataRow" />
        <UnitTestResult executionId="ce94dfb1-f101-4aa9-a518-fde96a14632a" parentExecutionId="303edac3-35c9-4217-b87a-2f246d75bea8" testId="2169934a-9f13-ee0b-caac-0e95b5225d2b" testName="test_ThanhToan" computerName="DESKTOP-LTNHK23" duration="00:00:00.0000163" startTime="2019-11-07T15:56:39.6393526+07:00" endTime="2019-11-07T15:56:39.6393526+07:00" testType="13cdc9d9-ddb5-4fa4-a97d-d965ccfc6d4b" outcome="Passed" testListId="8c84fa94-04c1-424b-9868-57a2d4851a1d" relativeResultsDirectory="303edac3-35c9-4217-b87a-2f246d75bea8" dataRowInfo="2" resultType="DataDrivenDataRow" />
        <UnitTestResult executionId="a59c50b1-528a-4545-a104-d181c4670de4" parentExecutionId="303edac3-35c9-4217-b87a-2f246d75bea8" testId="2169934a-9f13-ee0b-caac-0e95b5225d2b" testName="test_ThanhToan" computerName="DESKTOP-LTNHK23" duration="00:00:00.0000140" startTime="2019-11-07T15:56:39.6393526+07:00" endTime="2019-11-07T15:56:39.6393526+07:00" testType="13cdc9d9-ddb5-4fa4-a97d-d965ccfc6d4b" outcome="Passed" testListId="8c84fa94-04c1-424b-9868-57a2d4851a1d" relativeResultsDirectory="303edac3-35c9-4217-b87a-2f246d75bea8" dataRowInfo="3" resultType="DataDrivenDataRow" />
        <UnitTestResult executionId="3f5a7bc6-eb66-4874-9ed4-39fc8d62a539" parentExecutionId="303edac3-35c9-4217-b87a-2f246d75bea8" testId="2169934a-9f13-ee0b-caac-0e95b5225d2b" testName="test_ThanhToan" computerName="DESKTOP-LTNHK23" duration="00:00:00.0201009" startTime="2019-11-07T15:56:39.6393526+07:00" endTime="2019-11-07T15:56:39.6603470+07:00" testType="13cdc9d9-ddb5-4fa4-a97d-d965ccfc6d4b" outcome="Failed" testListId="8c84fa94-04c1-424b-9868-57a2d4851a1d" relativeResultsDirectory="303edac3-35c9-4217-b87a-2f246d75bea8" dataRowInfo="4" resultType="DataDrivenDataRow">
          <Output>
            <ErrorInfo>
              <Message>Test method testPM.Test_ThanhToan.test_ThanhToan threw exception: 
System.InvalidOperationException: sai định dạng</Message>
              <StackTrace>    at Dangnhap.QuanLy.ThanhCong(Int32 idbill, Int32 Discount, Double Final) in C:\Users\Dell\Desktop\Dangnhap\Dangnhap\QuanLy.cs:line 204
   at testPM.Test_ThanhToan.test_ThanhToan() in C:\Users\Dell\Desktop\Dangnhap\testPM\Test_ThanhToan.cs:line 27
</StackTrace>
            </ErrorInfo>
          </Output>
        </UnitTestResult>
      </InnerResults>
    </UnitTestResult>
  </Results>
</TestRun>