<?xml version="1.0" encoding="UTF-8"?>
<TestRun id="6ce6b6ef-47de-4e11-8484-18843a4265ee" name="Dell@DESKTOP-LTNHK23 2019-11-14 23:51:44" runUser="DESKTOP-LTNHK23\Dell" xmlns="http://microsoft.com/schemas/VisualStudio/TeamTest/2010">
  <TestSettings name="Local" id="cea33156-e72c-4d1b-a57b-eb1a5b3c21c1">
    <Description>These are default test settings for a local test run.</Description>
    <Deployment enabled="false" runDeploymentRoot="Dell_DESKTOP-LTNHK23 2019-11-14 23_51_44">
      <DeploymentItem filename="C:\Users\Dell\Desktop\Dangnhap\Dangnhap\bin\Debug\Dangnhap.exe" />
    </Deployment>
    <Execution>
      <TestTypeSpecific />
      <AgentRule name="Execution Agents">
      </AgentRule>
    </Execution>
  </TestSettings>
  <Times creation="2019-11-14T23:51:44.3612451+07:00" queuing="2019-11-14T23:51:44.3742411+07:00" start="2019-11-14T23:51:44.3782422+07:00" finish="2019-11-14T23:51:44.7476375+07:00" />
  <ResultSummary outcome="Failed">
    <Counters total="2" executed="2" error="0" failed="2" timeout="0" aborted="0" inconclusive="0" passedButRunAborted="0" notRunnable="0" notExecuted="0" disconnected="0" warning="0" passed="0" completed="0" inProgress="0" pending="0" />
    <RunInfos>
      <RunInfo computerName="DESKTOP-LTNHK23" outcome="Warning" timestamp="2019-11-14T23:51:44.3732419+07:00">
        <Text>Deployment is currently disabled. The deployment item 'testPM\testchuyenban.csv' on test 'testPM.Test_Chuyenban.testchuyenban' was not deployed.</Text>
      </RunInfo>
    </RunInfos>
  </ResultSummary>
  <TestDefinitions>
    <UnitTest name="testchuyenban" storage="c:\users\dell\desktop\dangnhap\testpm\bin\debug\testpm.dll" id="cdc9cf75-63ba-fe53-246e-69fbea83d298">
      <DeploymentItems>
        <DeploymentItem filename="testPM\testchuyenban.csv" />
      </DeploymentItems>
      <Execution id="672337f0-e790-4357-a8ea-7dffd16d1f57" />
      <TestMethod codeBase="C:/Users/Dell/Desktop/Dangnhap/testPM/bin/Debug/testPM.DLL" adapterTypeName="Microsoft.VisualStudio.TestTools.TestTypes.Unit.UnitTestAdapter, Microsoft.VisualStudio.QualityTools.Tips.UnitTest.Adapter, Version=10.0.0.0, Culture=neutral, PublicKeyToken=b03f5f7f11d50a3a" className="testPM.Test_Chuyenban, testPM, Version=1.0.0.0, Culture=neutral, PublicKeyToken=null" name="testchuyenban" />
      <DataSource connectionString="|DataDirectory|\testchuyenban.csv" providerInvariantName="Microsoft.VisualStudio.TestTools.DataSource.CSV" tableName="testchuyenban#csv" />
    </UnitTest>
  </TestDefinitions>
  <TestLists>
    <TestList name="Results Not in a List" id="8c84fa94-04c1-424b-9868-57a2d4851a1d" />
    <TestList name="All Loaded Results" id="19431567-8539-422a-85d7-44ee4e166bda" />
  </TestLists>
  <TestEntries>
    <TestEntry testId="cdc9cf75-63ba-fe53-246e-69fbea83d298" executionId="672337f0-e790-4357-a8ea-7dffd16d1f57" testListId="8c84fa94-04c1-424b-9868-57a2d4851a1d" />
  </TestEntries>
  <Results>
    <UnitTestResult executionId="672337f0-e790-4357-a8ea-7dffd16d1f57" testId="cdc9cf75-63ba-fe53-246e-69fbea83d298" testName="testchuyenban" computerName="DESKTOP-LTNHK23" duration="00:00:00.1405632" startTime="2019-11-14T23:51:44.3862377+07:00" endTime="2019-11-14T23:51:44.7266386+07:00" testType="13cdc9d9-ddb5-4fa4-a97d-d965ccfc6d4b" outcome="Failed" testListId="8c84fa94-04c1-424b-9868-57a2d4851a1d" relativeResultsDirectory="672337f0-e790-4357-a8ea-7dffd16d1f57" resultType="DataDrivenTest">
      <Counters error="0" failed="1" timeout="0" aborted="0" inconclusive="0" passedButRunAborted="0" notRunnable="0" notExecuted="0" disconnected="0" warning="0" passed="0" completed="0" inProgress="0" pending="0" />
      <InnerResults>
        <UnitTestResult executionId="eb3f26a3-050c-410c-8461-703497926f73" parentExecutionId="672337f0-e790-4357-a8ea-7dffd16d1f57" testId="cdc9cf75-63ba-fe53-246e-69fbea83d298" testName="testchuyenban" computerName="DESKTOP-LTNHK23" duration="00:00:00.0236486" startTime="2019-11-14T23:51:44.6926466+07:00" endTime="2019-11-14T23:51:44.7196477+07:00" testType="13cdc9d9-ddb5-4fa4-a97d-d965ccfc6d4b" outcome="Failed" testListId="8c84fa94-04c1-424b-9868-57a2d4851a1d" relativeResultsDirectory="672337f0-e790-4357-a8ea-7dffd16d1f57" dataRowInfo="0" resultType="DataDrivenDataRow">
          <Output>
            <ErrorInfo>
              <Message>Test method testPM.Test_Chuyenban.testchuyenban threw exception: 
System.FormatException: Input string was not in a correct format.</Message>
              <StackTrace>    at System.Number.StringToNumber(String str, NumberStyles options, NumberBuffer&amp; number, NumberFormatInfo info, Boolean parseDecimal)
   at System.Number.ParseInt32(String s, NumberStyles style, NumberFormatInfo info)
   at System.Int32.Parse(String s)
   at testPM.Test_Chuyenban.testchuyenban() in C:\Users\Dell\Desktop\Dangnhap\testPM\Test_Chuyenban.cs:line 21
</StackTrace>
            </ErrorInfo>
          </Output>
        </UnitTestResult>
      </InnerResults>
    </UnitTestResult>
  </Results>
</TestRun>