<?xml version="1.0" encoding="UTF-8"?>
<TestRun id="bc3dc486-c36b-4cf2-bd0b-3d2305edb359" name="Dell@DESKTOP-LTNHK23 2019-11-18 21:10:09" runUser="DESKTOP-LTNHK23\Dell" xmlns="http://microsoft.com/schemas/VisualStudio/TeamTest/2010">
  <TestSettings name="Local" id="cea33156-e72c-4d1b-a57b-eb1a5b3c21c1">
    <Description>These are default test settings for a local test run.</Description>
    <Deployment enabled="false" runDeploymentRoot="Dell_DESKTOP-LTNHK23 2019-11-18 21_10_09">
      <DeploymentItem filename="C:\Users\Dell\Desktop\Dangnhap\Dangnhap\bin\Debug\Dangnhap.exe" />
    </Deployment>
    <Execution>
      <TestTypeSpecific />
      <AgentRule name="Execution Agents">
      </AgentRule>
    </Execution>
  </TestSettings>
  <Times creation="2019-11-18T21:10:09.5885033+07:00" queuing="2019-11-18T21:10:09.6042286+07:00" start="2019-11-18T21:10:09.6082231+07:00" finish="2019-11-18T21:10:10.1265401+07:00" />
  <ResultSummary outcome="Failed">
    <Counters total="7" executed="7" passed="3" error="0" failed="4" timeout="0" aborted="0" inconclusive="0" passedButRunAborted="0" notRunnable="0" notExecuted="0" disconnected="0" warning="0" completed="0" inProgress="0" pending="0" />
    <RunInfos>
      <RunInfo computerName="DESKTOP-LTNHK23" outcome="Warning" timestamp="2019-11-18T21:10:09.6042286+07:00">
        <Text>Deployment is currently disabled. The deployment item 'testPM\testsua.csv' on test 'testPM.Test_Sua.Testsua' was not deployed.</Text>
      </RunInfo>
    </RunInfos>
  </ResultSummary>
  <TestDefinitions>
    <UnitTest name="Testsua" storage="c:\users\dell\desktop\dangnhap\testpm\bin\debug\testpm.dll" id="582e6a3f-58c7-92d4-9551-1e46aed3632b">
      <DeploymentItems>
        <DeploymentItem filename="testPM\testsua.csv" />
      </DeploymentItems>
      <Execution id="d37ede93-0cf4-4b8c-945e-ac726da94c5c" />
      <TestMethod codeBase="C:/Users/Dell/Desktop/Dangnhap/testPM/bin/Debug/testPM.DLL" adapterTypeName="Microsoft.VisualStudio.TestTools.TestTypes.Unit.UnitTestAdapter, Microsoft.VisualStudio.QualityTools.Tips.UnitTest.Adapter, Version=10.0.0.0, Culture=neutral, PublicKeyToken=b03f5f7f11d50a3a" className="testPM.Test_Sua, testPM, Version=1.0.0.0, Culture=neutral, PublicKeyToken=null" name="Testsua" />
      <DataSource connectionString="|DataDirectory|\testsua.csv" providerInvariantName="Microsoft.VisualStudio.TestTools.DataSource.CSV" tableName="testsua#csv" />
    </UnitTest>
  </TestDefinitions>
  <TestLists>
    <TestList name="Results Not in a List" id="8c84fa94-04c1-424b-9868-57a2d4851a1d" />
    <TestList name="All Loaded Results" id="19431567-8539-422a-85d7-44ee4e166bda" />
  </TestLists>
  <TestEntries>
    <TestEntry testId="582e6a3f-58c7-92d4-9551-1e46aed3632b" executionId="d37ede93-0cf4-4b8c-945e-ac726da94c5c" testListId="8c84fa94-04c1-424b-9868-57a2d4851a1d" />
  </TestEntries>
  <Results>
    <UnitTestResult executionId="d37ede93-0cf4-4b8c-945e-ac726da94c5c" testId="582e6a3f-58c7-92d4-9551-1e46aed3632b" testName="Testsua" computerName="DESKTOP-LTNHK23" duration="00:00:00.2561643" startTime="2019-11-18T21:10:09.6152203+07:00" endTime="2019-11-18T21:10:10.1045712+07:00" testType="13cdc9d9-ddb5-4fa4-a97d-d965ccfc6d4b" outcome="Failed" testListId="8c84fa94-04c1-424b-9868-57a2d4851a1d" relativeResultsDirectory="d37ede93-0cf4-4b8c-945e-ac726da94c5c" resultType="DataDrivenTest">
      <Counters error="0" failed="3" timeout="0" aborted="0" inconclusive="0" passedButRunAborted="0" notRunnable="0" notExecuted="0" disconnected="0" warning="0" passed="3" completed="0" inProgress="0" pending="0" />
      <InnerResults>
        <UnitTestResult executionId="962b20be-e05e-420b-8977-69a1df00a5eb" parentExecutionId="d37ede93-0cf4-4b8c-945e-ac726da94c5c" testId="582e6a3f-58c7-92d4-9551-1e46aed3632b" testName="Testsua" computerName="DESKTOP-LTNHK23" duration="00:00:00.0588602" startTime="2019-11-18T21:10:09.9885839+07:00" endTime="2019-11-18T21:10:10.0525880+07:00" testType="13cdc9d9-ddb5-4fa4-a97d-d965ccfc6d4b" outcome="Passed" testListId="8c84fa94-04c1-424b-9868-57a2d4851a1d" relativeResultsDirectory="d37ede93-0cf4-4b8c-945e-ac726da94c5c" dataRowInfo="0" resultType="DataDrivenDataRow" />
        <UnitTestResult executionId="d9a88bb7-4887-4cc3-8958-dedb927d807f" parentExecutionId="d37ede93-0cf4-4b8c-945e-ac726da94c5c" testId="582e6a3f-58c7-92d4-9551-1e46aed3632b" testName="Testsua" computerName="DESKTOP-LTNHK23" duration="00:00:00.0088093" startTime="2019-11-18T21:10:10.0525880+07:00" endTime="2019-11-18T21:10:10.0615842+07:00" testType="13cdc9d9-ddb5-4fa4-a97d-d965ccfc6d4b" outcome="Passed" testListId="8c84fa94-04c1-424b-9868-57a2d4851a1d" relativeResultsDirectory="d37ede93-0cf4-4b8c-945e-ac726da94c5c" dataRowInfo="1" resultType="DataDrivenDataRow" />
        <UnitTestResult executionId="2d643db0-9495-4509-84b0-112f371ce03d" parentExecutionId="d37ede93-0cf4-4b8c-945e-ac726da94c5c" testId="582e6a3f-58c7-92d4-9551-1e46aed3632b" testName="Testsua" computerName="DESKTOP-LTNHK23" duration="00:00:00.0092587" startTime="2019-11-18T21:10:10.0615842+07:00" endTime="2019-11-18T21:10:10.0705582+07:00" testType="13cdc9d9-ddb5-4fa4-a97d-d965ccfc6d4b" outcome="Passed" testListId="8c84fa94-04c1-424b-9868-57a2d4851a1d" relativeResultsDirectory="d37ede93-0cf4-4b8c-945e-ac726da94c5c" dataRowInfo="2" resultType="DataDrivenDataRow" />
        <UnitTestResult executionId="7c803e92-eb7a-4947-8c5d-ade1f3f381fe" parentExecutionId="d37ede93-0cf4-4b8c-945e-ac726da94c5c" testId="582e6a3f-58c7-92d4-9551-1e46aed3632b" testName="Testsua" computerName="DESKTOP-LTNHK23" duration="00:00:00.0153746" startTime="2019-11-18T21:10:10.0705582+07:00" endTime="2019-11-18T21:10:10.0865766+07:00" testType="13cdc9d9-ddb5-4fa4-a97d-d965ccfc6d4b" outcome="Failed" testListId="8c84fa94-04c1-424b-9868-57a2d4851a1d" relativeResultsDirectory="d37ede93-0cf4-4b8c-945e-ac726da94c5c" dataRowInfo="3" resultType="DataDrivenDataRow">
          <Output>
            <ErrorInfo>
              <Message>Test method testPM.Test_Sua.Testsua threw exception: 
System.FormatException: Input string was not in a correct format.</Message>
              <StackTrace>    at System.Number.StringToNumber(String str, NumberStyles options, NumberBuffer&amp; number, NumberFormatInfo info, Boolean parseDecimal)
   at System.Number.ParseInt32(String s, NumberStyles style, NumberFormatInfo info)
   at System.Int32.Parse(String s)
   at testPM.Test_Sua.Testsua() in C:\Users\Dell\Desktop\Dangnhap\testPM\Test_Sua.cs:line 22
</StackTrace>
            </ErrorInfo>
          </Output>
        </UnitTestResult>
        <UnitTestResult executionId="ea7368f0-9a85-41ae-8368-c990b22a169e" parentExecutionId="d37ede93-0cf4-4b8c-945e-ac726da94c5c" testId="582e6a3f-58c7-92d4-9551-1e46aed3632b" testName="Testsua" computerName="DESKTOP-LTNHK23" duration="00:00:00.0014653" startTime="2019-11-18T21:10:10.0865766+07:00" endTime="2019-11-18T21:10:10.0875776+07:00" testType="13cdc9d9-ddb5-4fa4-a97d-d965ccfc6d4b" outcome="Failed" testListId="8c84fa94-04c1-424b-9868-57a2d4851a1d" relativeResultsDirectory="d37ede93-0cf4-4b8c-945e-ac726da94c5c" dataRowInfo="4" resultType="DataDrivenDataRow">
          <Output>
            <ErrorInfo>
              <Message>Test method testPM.Test_Sua.Testsua threw exception: 
System.FormatException: Input string was not in a correct format.</Message>
              <StackTrace>    at System.Number.ParseSingle(String value, NumberStyles options, NumberFormatInfo numfmt)
   at System.Single.Parse(String s)
   at testPM.Test_Sua.Testsua() in C:\Users\Dell\Desktop\Dangnhap\testPM\Test_Sua.cs:line 23
</StackTrace>
            </ErrorInfo>
          </Output>
        </UnitTestResult>
        <UnitTestResult executionId="b488ede4-ca32-45f1-a7ff-84d877678c49" parentExecutionId="d37ede93-0cf4-4b8c-945e-ac726da94c5c" testId="582e6a3f-58c7-92d4-9551-1e46aed3632b" testName="Testsua" computerName="DESKTOP-LTNHK23" duration="00:00:00.0014412" startTime="2019-11-18T21:10:10.0875776+07:00" endTime="2019-11-18T21:10:10.0895771+07:00" testType="13cdc9d9-ddb5-4fa4-a97d-d965ccfc6d4b" outcome="Failed" testListId="8c84fa94-04c1-424b-9868-57a2d4851a1d" relativeResultsDirectory="d37ede93-0cf4-4b8c-945e-ac726da94c5c" dataRowInfo="5" resultType="DataDrivenDataRow">
          <Output>
            <ErrorInfo>
              <Message>Test method testPM.Test_Sua.Testsua threw exception: 
System.FormatException: Input string was not in a correct format.</Message>
              <StackTrace>    at System.Number.StringToNumber(String str, NumberStyles options, NumberBuffer&amp; number, NumberFormatInfo info, Boolean parseDecimal)
   at System.Number.ParseInt32(String s, NumberStyles style, NumberFormatInfo info)
   at System.Int32.Parse(String s)
   at testPM.Test_Sua.Testsua() in C:\Users\Dell\Desktop\Dangnhap\testPM\Test_Sua.cs:line 24
</StackTrace>
            </ErrorInfo>
          </Output>
        </UnitTestResult>
      </InnerResults>
    </UnitTestResult>
  </Results>
</TestRun>