<?xml version="1.0" encoding="UTF-8"?>
<TestRun id="7d9cd6b8-e340-4f8c-997f-bbcaad3930ef" name="Dell@DESKTOP-LTNHK23 2019-11-07 15:17:52" runUser="DESKTOP-LTNHK23\Dell" xmlns="http://microsoft.com/schemas/VisualStudio/TeamTest/2010">
  <TestSettings name="Local" id="cea33156-e72c-4d1b-a57b-eb1a5b3c21c1">
    <Description>These are default test settings for a local test run.</Description>
    <Deployment enabled="false" runDeploymentRoot="Dell_DESKTOP-LTNHK23 2019-11-07 15_17_52">
      <DeploymentItem filename="C:\Users\Dell\Desktop\Dangnhap\Dangnhap\bin\Debug\Dangnhap.exe" />
    </Deployment>
    <Execution>
      <TestTypeSpecific />
      <AgentRule name="Execution Agents">
      </AgentRule>
    </Execution>
  </TestSettings>
  <Times creation="2019-11-07T15:17:52.9491071+07:00" queuing="2019-11-07T15:17:52.9691073+07:00" start="2019-11-07T15:17:52.9730880+07:00" finish="2019-11-07T15:17:53.2579905+07:00" />
  <ResultSummary outcome="Failed">
    <Counters total="1" executed="1" error="0" failed="1" timeout="0" aborted="0" inconclusive="0" passedButRunAborted="0" notRunnable="0" notExecuted="0" disconnected="0" warning="0" passed="0" completed="0" inProgress="0" pending="0" />
  </ResultSummary>
  <TestDefinitions>
    <UnitTest name="TestGiamGia" storage="c:\users\dell\desktop\dangnhap\testpm\bin\debug\testpm.dll" id="530031c3-dc2a-ad5b-6bb3-a08b64398143">
      <Execution id="578cea21-a3b7-4bc3-ba3b-4dc2b9ffea32" />
      <TestMethod codeBase="C:/Users/Dell/Desktop/Dangnhap/testPM/bin/Debug/testPM.DLL" adapterTypeName="Microsoft.VisualStudio.TestTools.TestTypes.Unit.UnitTestAdapter, Microsoft.VisualStudio.QualityTools.Tips.UnitTest.Adapter, Version=10.0.0.0, Culture=neutral, PublicKeyToken=b03f5f7f11d50a3a" className="testPM.UnitTest2, testPM, Version=1.0.0.0, Culture=neutral, PublicKeyToken=null" name="TestGiamGia" />
    </UnitTest>
  </TestDefinitions>
  <TestLists>
    <TestList name="Results Not in a List" id="8c84fa94-04c1-424b-9868-57a2d4851a1d" />
    <TestList name="All Loaded Results" id="19431567-8539-422a-85d7-44ee4e166bda" />
  </TestLists>
  <TestEntries>
    <TestEntry testId="530031c3-dc2a-ad5b-6bb3-a08b64398143" executionId="578cea21-a3b7-4bc3-ba3b-4dc2b9ffea32" testListId="8c84fa94-04c1-424b-9868-57a2d4851a1d" />
  </TestEntries>
  <Results>
    <UnitTestResult executionId="578cea21-a3b7-4bc3-ba3b-4dc2b9ffea32" testId="530031c3-dc2a-ad5b-6bb3-a08b64398143" testName="TestGiamGia" computerName="DESKTOP-LTNHK23" duration="00:00:00.0263644" startTime="2019-11-07T15:17:52.9810833+07:00" endTime="2019-11-07T15:17:53.2200045+07:00" testType="13cdc9d9-ddb5-4fa4-a97d-d965ccfc6d4b" outcome="Failed" testListId="8c84fa94-04c1-424b-9868-57a2d4851a1d" relativeResultsDirectory="578cea21-a3b7-4bc3-ba3b-4dc2b9ffea32">
      <Output>
        <ErrorInfo>
          <Message>Test method testPM.UnitTest2.TestGiamGia threw exception: 
System.InvalidOperationException: sai định dạng</Message>
          <StackTrace>    at testPM.UnitTest2.TestGiamGia() in C:\Users\Dell\Desktop\Dangnhap\testPM\UnitTest2.cs:line 24
</StackTrace>
        </ErrorInfo>
      </Output>
    </UnitTestResult>
  </Results>
</TestRun>