<?xml version="1.0" encoding="UTF-8"?>
<TestRun id="a28a97ca-6296-4c93-be02-40e2f5b8f461" name="Dell@DESKTOP-LTNHK23 2019-11-14 23:52:17" runUser="DESKTOP-LTNHK23\Dell" xmlns="http://microsoft.com/schemas/VisualStudio/TeamTest/2010">
  <TestSettings name="Local" id="cea33156-e72c-4d1b-a57b-eb1a5b3c21c1">
    <Description>These are default test settings for a local test run.</Description>
    <Deployment enabled="false" runDeploymentRoot="Dell_DESKTOP-LTNHK23 2019-11-14 23_52_17">
      <DeploymentItem filename="C:\Users\Dell\Desktop\Dangnhap\Dangnhap\bin\Debug\Dangnhap.exe" />
    </Deployment>
    <Execution>
      <TestTypeSpecific />
      <AgentRule name="Execution Agents">
      </AgentRule>
    </Execution>
  </TestSettings>
  <Times creation="2019-11-14T23:52:17.4236624+07:00" queuing="2019-11-14T23:52:17.4375464+07:00" start="2019-11-14T23:52:17.4415331+07:00" finish="2019-11-14T23:52:17.8520375+07:00" />
  <ResultSummary outcome="Failed">
    <Counters total="2" executed="2" error="0" failed="2" timeout="0" aborted="0" inconclusive="0" passedButRunAborted="0" notRunnable="0" notExecuted="0" disconnected="0" warning="0" passed="0" completed="0" inProgress="0" pending="0" />
    <RunInfos>
      <RunInfo computerName="DESKTOP-LTNHK23" outcome="Warning" timestamp="2019-11-14T23:52:17.4365364+07:00">
        <Text>Deployment is currently disabled. The deployment item 'testPM\testchuyenban.csv' on test 'testPM.Test_Chuyenban.testchuyenban' was not deployed.</Text>
      </RunInfo>
    </RunInfos>
  </ResultSummary>
  <TestDefinitions>
    <UnitTest name="testchuyenban" storage="c:\users\dell\desktop\dangnhap\testpm\bin\debug\testpm.dll" id="cdc9cf75-63ba-fe53-246e-69fbea83d298">
      <DeploymentItems>
        <DeploymentItem filename="testPM\testchuyenban.csv" />
      </DeploymentItems>
      <Execution id="11d35840-da2e-407a-a06d-b1d541477227" />
      <TestMethod codeBase="C:/Users/Dell/Desktop/Dangnhap/testPM/bin/Debug/testPM.DLL" adapterTypeName="Microsoft.VisualStudio.TestTools.TestTypes.Unit.UnitTestAdapter, Microsoft.VisualStudio.QualityTools.Tips.UnitTest.Adapter, Version=10.0.0.0, Culture=neutral, PublicKeyToken=b03f5f7f11d50a3a" className="testPM.Test_Chuyenban, testPM, Version=1.0.0.0, Culture=neutral, PublicKeyToken=null" name="testchuyenban" />
      <DataSource connectionString="|DataDirectory|\testchuyenban.csv" providerInvariantName="Microsoft.VisualStudio.TestTools.DataSource.CSV" tableName="testchuyenban#csv" />
    </UnitTest>
  </TestDefinitions>
  <TestLists>
    <TestList name="Results Not in a List" id="8c84fa94-04c1-424b-9868-57a2d4851a1d" />
    <TestList name="All Loaded Results" id="19431567-8539-422a-85d7-44ee4e166bda" />
  </TestLists>
  <TestEntries>
    <TestEntry testId="cdc9cf75-63ba-fe53-246e-69fbea83d298" executionId="11d35840-da2e-407a-a06d-b1d541477227" testListId="8c84fa94-04c1-424b-9868-57a2d4851a1d" />
  </TestEntries>
  <Results>
    <UnitTestResult executionId="11d35840-da2e-407a-a06d-b1d541477227" testId="cdc9cf75-63ba-fe53-246e-69fbea83d298" testName="testchuyenban" computerName="DESKTOP-LTNHK23" duration="00:00:00.1757215" startTime="2019-11-14T23:52:17.4485312+07:00" endTime="2019-11-14T23:52:17.8340456+07:00" testType="13cdc9d9-ddb5-4fa4-a97d-d965ccfc6d4b" outcome="Failed" testListId="8c84fa94-04c1-424b-9868-57a2d4851a1d" relativeResultsDirectory="11d35840-da2e-407a-a06d-b1d541477227" resultType="DataDrivenTest">
      <Counters error="0" failed="1" timeout="0" aborted="0" inconclusive="0" passedButRunAborted="0" notRunnable="0" notExecuted="0" disconnected="0" warning="0" passed="0" completed="0" inProgress="0" pending="0" />
      <InnerResults>
        <UnitTestResult executionId="b7778547-7d9d-4795-8614-e98d1df346b9" parentExecutionId="11d35840-da2e-407a-a06d-b1d541477227" testId="cdc9cf75-63ba-fe53-246e-69fbea83d298" testName="testchuyenban" computerName="DESKTOP-LTNHK23" duration="00:00:00.0408867" startTime="2019-11-14T23:52:17.7770642+07:00" endTime="2019-11-14T23:52:17.8240465+07:00" testType="13cdc9d9-ddb5-4fa4-a97d-d965ccfc6d4b" outcome="Failed" testListId="8c84fa94-04c1-424b-9868-57a2d4851a1d" relativeResultsDirectory="11d35840-da2e-407a-a06d-b1d541477227" dataRowInfo="0" resultType="DataDrivenDataRow">
          <Output>
            <ErrorInfo>
              <Message>Test method testPM.Test_Chuyenban.testchuyenban threw exception: 
System.IndexOutOfRangeException: loi</Message>
              <StackTrace>    at Dangnhap.QuanLy.thuchuyen(Int32 ban1, Int32 ban2) in C:\Users\Dell\Desktop\Dangnhap\Dangnhap\QuanLy.cs:line 278
   at testPM.Test_Chuyenban.testchuyenban() in C:\Users\Dell\Desktop\Dangnhap\testPM\Test_Chuyenban.cs:line 25
</StackTrace>
            </ErrorInfo>
          </Output>
        </UnitTestResult>
      </InnerResults>
    </UnitTestResult>
  </Results>
</TestRun>