<?xml version="1.0" encoding="UTF-8"?>
<TestRun id="379adced-1f62-4da6-8bf4-b5f2c136ad06" name="Dell@DESKTOP-LTNHK23 2019-11-07 15:16:59" runUser="DESKTOP-LTNHK23\Dell" xmlns="http://microsoft.com/schemas/VisualStudio/TeamTest/2010">
  <TestSettings name="Local" id="cea33156-e72c-4d1b-a57b-eb1a5b3c21c1">
    <Description>These are default test settings for a local test run.</Description>
    <Deployment enabled="false" runDeploymentRoot="Dell_DESKTOP-LTNHK23 2019-11-07 15_16_59">
      <DeploymentItem filename="C:\Users\Dell\Desktop\Dangnhap\Dangnhap\bin\Debug\Dangnhap.exe" />
    </Deployment>
    <Execution>
      <TestTypeSpecific />
      <AgentRule name="Execution Agents">
      </AgentRule>
    </Execution>
  </TestSettings>
  <Times creation="2019-11-07T15:16:59.4296743+07:00" queuing="2019-11-07T15:16:59.4507614+07:00" start="2019-11-07T15:16:59.4547440+07:00" finish="2019-11-07T15:16:59.7166609+07:00" />
  <ResultSummary outcome="Failed">
    <Counters total="1" executed="1" error="0" failed="1" timeout="0" aborted="0" inconclusive="0" passedButRunAborted="0" notRunnable="0" notExecuted="0" disconnected="0" warning="0" passed="0" completed="0" inProgress="0" pending="0" />
  </ResultSummary>
  <TestDefinitions>
    <UnitTest name="TestGiamGia1" storage="c:\users\dell\desktop\dangnhap\testpm\bin\debug\testpm.dll" id="dc9f9781-8a77-aaa7-8d50-1dc07017c59c">
      <Execution id="15683b0f-bedb-4c85-8c11-0f9d889013d9" />
      <TestMethod codeBase="C:/Users/Dell/Desktop/Dangnhap/testPM/bin/Debug/testPM.DLL" adapterTypeName="Microsoft.VisualStudio.TestTools.TestTypes.Unit.UnitTestAdapter, Microsoft.VisualStudio.QualityTools.Tips.UnitTest.Adapter, Version=10.0.0.0, Culture=neutral, PublicKeyToken=b03f5f7f11d50a3a" className="testPM.UnitTest2, testPM, Version=1.0.0.0, Culture=neutral, PublicKeyToken=null" name="TestGiamGia1" />
    </UnitTest>
  </TestDefinitions>
  <TestLists>
    <TestList name="Results Not in a List" id="8c84fa94-04c1-424b-9868-57a2d4851a1d" />
    <TestList name="All Loaded Results" id="19431567-8539-422a-85d7-44ee4e166bda" />
  </TestLists>
  <TestEntries>
    <TestEntry testId="dc9f9781-8a77-aaa7-8d50-1dc07017c59c" executionId="15683b0f-bedb-4c85-8c11-0f9d889013d9" testListId="8c84fa94-04c1-424b-9868-57a2d4851a1d" />
  </TestEntries>
  <Results>
    <UnitTestResult executionId="15683b0f-bedb-4c85-8c11-0f9d889013d9" testId="dc9f9781-8a77-aaa7-8d50-1dc07017c59c" testName="TestGiamGia1" computerName="DESKTOP-LTNHK23" duration="00:00:00.0282080" startTime="2019-11-07T15:16:59.4617431+07:00" endTime="2019-11-07T15:16:59.6976817+07:00" testType="13cdc9d9-ddb5-4fa4-a97d-d965ccfc6d4b" outcome="Failed" testListId="8c84fa94-04c1-424b-9868-57a2d4851a1d" relativeResultsDirectory="15683b0f-bedb-4c85-8c11-0f9d889013d9">
      <Output>
        <ErrorInfo>
          <Message>Test method testPM.UnitTest2.TestGiamGia1 threw exception: 
System.InvalidOperationException: sai định dạng</Message>
          <StackTrace>    at testPM.UnitTest2.TestGiamGia1() in C:\Users\Dell\Desktop\Dangnhap\testPM\UnitTest2.cs:line 47
</StackTrace>
        </ErrorInfo>
      </Output>
    </UnitTestResult>
  </Results>
</TestRun>