<?xml version="1.0" encoding="UTF-8"?>
<TestRun id="5856aed4-c025-4584-ab29-c2d4c15a89bd" name="Dell@DESKTOP-LTNHK23 2019-11-08 13:58:49" runUser="DESKTOP-LTNHK23\Dell" xmlns="http://microsoft.com/schemas/VisualStudio/TeamTest/2010">
  <TestSettings name="Local" id="cea33156-e72c-4d1b-a57b-eb1a5b3c21c1">
    <Description>These are default test settings for a local test run.</Description>
    <Deployment enabled="false" runDeploymentRoot="Dell_DESKTOP-LTNHK23 2019-11-08 13_58_49">
      <DeploymentItem filename="C:\Users\Dell\Desktop\Dangnhap\Dangnhap\bin\Debug\Dangnhap.exe" />
    </Deployment>
    <Execution>
      <TestTypeSpecific />
      <AgentRule name="Execution Agents">
      </AgentRule>
    </Execution>
  </TestSettings>
  <Times creation="2019-11-08T13:58:49.2336105+07:00" queuing="2019-11-08T13:58:49.2555893+07:00" start="2019-11-08T13:58:49.2605900+07:00" finish="2019-11-08T13:59:22.5995518+07:00" />
  <ResultSummary outcome="Aborted">
    <Counters total="6" executed="6" passed="4" error="0" failed="0" timeout="0" aborted="2" inconclusive="0" passedButRunAborted="0" notRunnable="0" notExecuted="0" disconnected="0" warning="0" completed="0" inProgress="0" pending="0" />
    <RunInfos>
      <RunInfo computerName="DESKTOP-LTNHK23" outcome="Warning" timestamp="2019-11-08T13:58:49.2555893+07:00">
        <Text>Deployment is currently disabled. The deployment item 'testPM\testThanhToan.csv' on test 'testPM.Test_ThanhToan.test_ThanhToan' was not deployed.</Text>
      </RunInfo>
    </RunInfos>
  </ResultSummary>
  <TestDefinitions>
    <UnitTest name="test_ThanhToan" storage="c:\users\dell\desktop\dangnhap\testpm\bin\debug\testpm.dll" id="2169934a-9f13-ee0b-caac-0e95b5225d2b">
      <DeploymentItems>
        <DeploymentItem filename="testPM\testThanhToan.csv" />
      </DeploymentItems>
      <Execution id="8db3ab24-5b2c-4a4e-adba-aa698c743e64" />
      <TestMethod codeBase="C:/Users/Dell/Desktop/Dangnhap/testPM/bin/Debug/testPM.DLL" adapterTypeName="Microsoft.VisualStudio.TestTools.TestTypes.Unit.UnitTestAdapter, Microsoft.VisualStudio.QualityTools.Tips.UnitTest.Adapter, Version=10.0.0.0, Culture=neutral, PublicKeyToken=b03f5f7f11d50a3a" className="testPM.Test_ThanhToan, testPM, Version=1.0.0.0, Culture=neutral, PublicKeyToken=null" name="test_ThanhToan" />
      <DataSource connectionString="|DataDirectory|\testThanhToan.csv" providerInvariantName="Microsoft.VisualStudio.TestTools.DataSource.CSV" tableName="testThanhToan#csv" />
    </UnitTest>
  </TestDefinitions>
  <TestLists>
    <TestList name="Results Not in a List" id="8c84fa94-04c1-424b-9868-57a2d4851a1d" />
    <TestList name="All Loaded Results" id="19431567-8539-422a-85d7-44ee4e166bda" />
  </TestLists>
  <TestEntries>
    <TestEntry testId="2169934a-9f13-ee0b-caac-0e95b5225d2b" executionId="8db3ab24-5b2c-4a4e-adba-aa698c743e64" testListId="8c84fa94-04c1-424b-9868-57a2d4851a1d" />
  </TestEntries>
  <Results>
    <UnitTestResult executionId="8db3ab24-5b2c-4a4e-adba-aa698c743e64" testId="2169934a-9f13-ee0b-caac-0e95b5225d2b" testName="test_ThanhToan" computerName="DESKTOP-LTNHK23" duration="00:00:16.7264448" startTime="2019-11-08T13:58:49.2675853+07:00" endTime="2019-11-08T13:59:05.9940301+07:00" testType="13cdc9d9-ddb5-4fa4-a97d-d965ccfc6d4b" outcome="Aborted" testListId="8c84fa94-04c1-424b-9868-57a2d4851a1d" relativeResultsDirectory="8db3ab24-5b2c-4a4e-adba-aa698c743e64" resultType="DataDrivenTest">
      <Output>
        <ErrorInfo>
          <Message>User aborted test run.</Message>
        </ErrorInfo>
      </Output>
      <Counters error="0" failed="0" timeout="0" aborted="1" inconclusive="0" passedButRunAborted="0" notRunnable="0" notExecuted="0" disconnected="0" warning="0" passed="4" completed="0" inProgress="0" pending="0" />
      <InnerResults>
        <UnitTestResult executionId="b34dcada-2514-43c4-8f81-e266934618ed" parentExecutionId="8db3ab24-5b2c-4a4e-adba-aa698c743e64" testId="2169934a-9f13-ee0b-caac-0e95b5225d2b" testName="test_ThanhToan" computerName="DESKTOP-LTNHK23" duration="00:00:00.0223412" startTime="2019-11-08T13:58:49.5829770+07:00" endTime="2019-11-08T13:58:49.6099266+07:00" testType="13cdc9d9-ddb5-4fa4-a97d-d965ccfc6d4b" outcome="Passed" testListId="8c84fa94-04c1-424b-9868-57a2d4851a1d" relativeResultsDirectory="8db3ab24-5b2c-4a4e-adba-aa698c743e64" dataRowInfo="0" resultType="DataDrivenDataRow" />
        <UnitTestResult executionId="efb2f702-b53f-48ba-bea1-c23287a54b45" parentExecutionId="8db3ab24-5b2c-4a4e-adba-aa698c743e64" testId="2169934a-9f13-ee0b-caac-0e95b5225d2b" testName="test_ThanhToan" computerName="DESKTOP-LTNHK23" duration="00:00:00.0003813" startTime="2019-11-08T13:58:49.6099266+07:00" endTime="2019-11-08T13:58:49.6099266+07:00" testType="13cdc9d9-ddb5-4fa4-a97d-d965ccfc6d4b" outcome="Passed" testListId="8c84fa94-04c1-424b-9868-57a2d4851a1d" relativeResultsDirectory="8db3ab24-5b2c-4a4e-adba-aa698c743e64" dataRowInfo="1" resultType="DataDrivenDataRow" />
        <UnitTestResult executionId="128e8d53-d7b3-41a1-9738-fa6bd483c6ab" parentExecutionId="8db3ab24-5b2c-4a4e-adba-aa698c743e64" testId="2169934a-9f13-ee0b-caac-0e95b5225d2b" testName="test_ThanhToan" computerName="DESKTOP-LTNHK23" duration="00:00:00.0000228" startTime="2019-11-08T13:58:49.6099266+07:00" endTime="2019-11-08T13:58:49.6099266+07:00" testType="13cdc9d9-ddb5-4fa4-a97d-d965ccfc6d4b" outcome="Passed" testListId="8c84fa94-04c1-424b-9868-57a2d4851a1d" relativeResultsDirectory="8db3ab24-5b2c-4a4e-adba-aa698c743e64" dataRowInfo="2" resultType="DataDrivenDataRow" />
        <UnitTestResult executionId="bab0901d-f9a4-4443-93d4-534748e0a1dc" parentExecutionId="8db3ab24-5b2c-4a4e-adba-aa698c743e64" testId="2169934a-9f13-ee0b-caac-0e95b5225d2b" testName="test_ThanhToan" computerName="DESKTOP-LTNHK23" duration="00:00:00.0003052" startTime="2019-11-08T13:58:49.6099266+07:00" endTime="2019-11-08T13:58:49.6099266+07:00" testType="13cdc9d9-ddb5-4fa4-a97d-d965ccfc6d4b" outcome="Passed" testListId="8c84fa94-04c1-424b-9868-57a2d4851a1d" relativeResultsDirectory="8db3ab24-5b2c-4a4e-adba-aa698c743e64" dataRowInfo="3" resultType="DataDrivenDataRow" />
        <UnitTestResult executionId="cfd37694-9f79-460b-a804-f88f20b4284b" parentExecutionId="8db3ab24-5b2c-4a4e-adba-aa698c743e64" testId="2169934a-9f13-ee0b-caac-0e95b5225d2b" testName="test_ThanhToan" computerName="DESKTOP-LTNHK23" duration="00:00:16.3710297" startTime="2019-11-08T13:58:49.6099266+07:00" endTime="2019-11-08T13:59:05.9810339+07:00" testType="13cdc9d9-ddb5-4fa4-a97d-d965ccfc6d4b" outcome="Aborted" testListId="8c84fa94-04c1-424b-9868-57a2d4851a1d" relativeResultsDirectory="8db3ab24-5b2c-4a4e-adba-aa698c743e64" dataRowInfo="4" resultType="DataDrivenDataRow">
          <Output>
            <ErrorInfo>
              <Message>The test was aborted due to user request or timeout.</Message>
            </ErrorInfo>
          </Output>
        </UnitTestResult>
      </InnerResults>
    </UnitTestResult>
  </Results>
</TestRun>