<?xml version="1.0" encoding="UTF-8"?>
<TestRun id="5f01ea1b-1864-40ac-a053-a9106e996168" name="Dell@DESKTOP-LTNHK23 2019-11-18 20:14:05" runUser="DESKTOP-LTNHK23\Dell" xmlns="http://microsoft.com/schemas/VisualStudio/TeamTest/2010">
  <TestSettings name="Local" id="cea33156-e72c-4d1b-a57b-eb1a5b3c21c1">
    <Description>These are default test settings for a local test run.</Description>
    <Deployment enabled="false" runDeploymentRoot="Dell_DESKTOP-LTNHK23 2019-11-18 20_14_05">
      <DeploymentItem filename="C:\Users\Dell\Desktop\Dangnhap\Dangnhap\bin\Debug\Dangnhap.exe" />
    </Deployment>
    <Execution>
      <TestTypeSpecific />
      <AgentRule name="Execution Agents">
      </AgentRule>
    </Execution>
  </TestSettings>
  <Times creation="2019-11-18T20:14:05.4271073+07:00" queuing="2019-11-18T20:14:06.2238523+07:00" start="2019-11-18T20:14:06.3098242+07:00" finish="2019-11-18T20:14:09.0699442+07:00" />
  <ResultSummary outcome="Failed">
    <Counters total="51" executed="51" passed="35" error="0" failed="16" timeout="0" aborted="0" inconclusive="0" passedButRunAborted="0" notRunnable="0" notExecuted="0" disconnected="0" warning="0" completed="0" inProgress="0" pending="0" />
  </ResultSummary>
  <TestDefinitions>
    <UnitTest name="testsqlfalse" storage="c:\users\dell\desktop\dangnhap\testpm\bin\debug\testpm.dll" id="4e4a81b9-f4aa-2eb2-2505-66ee72ce6d6d">
      <Execution id="ed71aa89-cd5c-4f9a-95ef-c33f49f68e78" />
      <TestMethod codeBase="C:/Users/Dell/Desktop/Dangnhap/testPM/bin/Debug/testPM.DLL" adapterTypeName="Microsoft.VisualStudio.TestTools.TestTypes.Unit.UnitTestAdapter, Microsoft.VisualStudio.QualityTools.Tips.UnitTest.Adapter, Version=10.0.0.0, Culture=neutral, PublicKeyToken=b03f5f7f11d50a3a" className="testPM.Test_SQL, testPM, Version=1.0.0.0, Culture=neutral, PublicKeyToken=null" name="testsqlfalse" />
    </UnitTest>
    <UnitTest name="testThem" storage="c:\users\dell\desktop\dangnhap\testpm\bin\debug\testpm.dll" id="84b817a3-d9ea-4ee7-4bce-6233ff1a22ec">
      <DeploymentItems>
        <DeploymentItem filename="testPM\testThem.csv" />
      </DeploymentItems>
      <Execution id="9d136c74-1885-4ccf-93b9-6c2b40bc0bde" />
      <TestMethod codeBase="C:/Users/Dell/Desktop/Dangnhap/testPM/bin/Debug/testPM.DLL" adapterTypeName="Microsoft.VisualStudio.TestTools.TestTypes.Unit.UnitTestAdapter, Microsoft.VisualStudio.QualityTools.Tips.UnitTest.Adapter, Version=10.0.0.0, Culture=neutral, PublicKeyToken=b03f5f7f11d50a3a" className="testPM.Test_Them, testPM, Version=1.0.0.0, Culture=neutral, PublicKeyToken=null" name="testThem" />
      <DataSource connectionString="|DataDirectory|\testThem.csv" providerInvariantName="Microsoft.VisualStudio.TestTools.DataSource.CSV" tableName="testThem#csv" />
    </UnitTest>
    <UnitTest name="test_ThanhToan" storage="c:\users\dell\desktop\dangnhap\testpm\bin\debug\testpm.dll" id="2169934a-9f13-ee0b-caac-0e95b5225d2b">
      <DeploymentItems>
        <DeploymentItem filename="testPM\testThanhToan.csv" />
      </DeploymentItems>
      <Execution id="714f8e0d-e45a-4653-a9e3-ed8d010a6082" />
      <TestMethod codeBase="C:/Users/Dell/Desktop/Dangnhap/testPM/bin/Debug/testPM.DLL" adapterTypeName="Microsoft.VisualStudio.TestTools.TestTypes.Unit.UnitTestAdapter, Microsoft.VisualStudio.QualityTools.Tips.UnitTest.Adapter, Version=10.0.0.0, Culture=neutral, PublicKeyToken=b03f5f7f11d50a3a" className="testPM.Test_ThanhToan, testPM, Version=1.0.0.0, Culture=neutral, PublicKeyToken=null" name="test_ThanhToan" />
      <DataSource connectionString="|DataDirectory|\testThanhToan.csv" providerInvariantName="Microsoft.VisualStudio.TestTools.DataSource.CSV" tableName="testThanhToan#csv" />
    </UnitTest>
    <UnitTest name="TestCNLogin" storage="c:\users\dell\desktop\dangnhap\testpm\bin\debug\testpm.dll" id="e7975907-abd7-c724-e54c-c8600f564d67">
      <DeploymentItems>
        <DeploymentItem filename="testPM\testLogin.csv" />
      </DeploymentItems>
      <Execution id="f8c5c210-7898-4f48-8774-e771ee37041b" />
      <TestMethod codeBase="C:/Users/Dell/Desktop/Dangnhap/testPM/bin/Debug/testPM.DLL" adapterTypeName="Microsoft.VisualStudio.TestTools.TestTypes.Unit.UnitTestAdapter, Microsoft.VisualStudio.QualityTools.Tips.UnitTest.Adapter, Version=10.0.0.0, Culture=neutral, PublicKeyToken=b03f5f7f11d50a3a" className="testPM.TestLogin, testPM, Version=1.0.0.0, Culture=neutral, PublicKeyToken=null" name="TestCNLogin" />
      <DataSource connectionString="|DataDirectory|\testLogin.csv" providerInvariantName="Microsoft.VisualStudio.TestTools.DataSource.CSV" tableName="testLogin#csv" />
    </UnitTest>
    <UnitTest name="testchuyenban" storage="c:\users\dell\desktop\dangnhap\testpm\bin\debug\testpm.dll" id="cdc9cf75-63ba-fe53-246e-69fbea83d298">
      <DeploymentItems>
        <DeploymentItem filename="testPM\testchuyenban.csv" />
      </DeploymentItems>
      <Execution id="92749610-402a-45d1-8a04-57446eb75a82" />
      <TestMethod codeBase="C:/Users/Dell/Desktop/Dangnhap/testPM/bin/Debug/testPM.DLL" adapterTypeName="Microsoft.VisualStudio.TestTools.TestTypes.Unit.UnitTestAdapter, Microsoft.VisualStudio.QualityTools.Tips.UnitTest.Adapter, Version=10.0.0.0, Culture=neutral, PublicKeyToken=b03f5f7f11d50a3a" className="testPM.Test_Chuyenban, testPM, Version=1.0.0.0, Culture=neutral, PublicKeyToken=null" name="testchuyenban" />
      <DataSource connectionString="|DataDirectory|\testchuyenban.csv" providerInvariantName="Microsoft.VisualStudio.TestTools.DataSource.CSV" tableName="testchuyenban#csv" />
    </UnitTest>
    <UnitTest name="Testsua" storage="c:\users\dell\desktop\dangnhap\testpm\bin\debug\testpm.dll" id="582e6a3f-58c7-92d4-9551-1e46aed3632b">
      <DeploymentItems>
        <DeploymentItem filename="testPM\testsua.csv" />
      </DeploymentItems>
      <Execution id="23e85983-14c5-4f34-8f4e-50e004b05de0" />
      <TestMethod codeBase="C:/Users/Dell/Desktop/Dangnhap/testPM/bin/Debug/testPM.DLL" adapterTypeName="Microsoft.VisualStudio.TestTools.TestTypes.Unit.UnitTestAdapter, Microsoft.VisualStudio.QualityTools.Tips.UnitTest.Adapter, Version=10.0.0.0, Culture=neutral, PublicKeyToken=b03f5f7f11d50a3a" className="testPM.Test_Sua, testPM, Version=1.0.0.0, Culture=neutral, PublicKeyToken=null" name="Testsua" />
      <DataSource connectionString="|DataDirectory|\testsua.csv" providerInvariantName="Microsoft.VisualStudio.TestTools.DataSource.CSV" tableName="testsua#csv" />
    </UnitTest>
    <UnitTest name="testThemMon" storage="c:\users\dell\desktop\dangnhap\testpm\bin\debug\testpm.dll" id="d126ba14-7fa7-4e78-7434-4a28ba2ec146">
      <DeploymentItems>
        <DeploymentItem filename="testPM\TestThemMon.csv" />
      </DeploymentItems>
      <Execution id="eadf89a3-2416-4910-8ca7-712f7f65da3a" />
      <TestMethod codeBase="C:/Users/Dell/Desktop/Dangnhap/testPM/bin/Debug/testPM.DLL" adapterTypeName="Microsoft.VisualStudio.TestTools.TestTypes.Unit.UnitTestAdapter, Microsoft.VisualStudio.QualityTools.Tips.UnitTest.Adapter, Version=10.0.0.0, Culture=neutral, PublicKeyToken=b03f5f7f11d50a3a" className="testPM.Test_ThemMon, testPM, Version=1.0.0.0, Culture=neutral, PublicKeyToken=null" name="testThemMon" />
      <DataSource connectionString="|DataDirectory|\TestThemMon.csv" providerInvariantName="Microsoft.VisualStudio.TestTools.DataSource.CSV" tableName="TestThemMon#csv" />
    </UnitTest>
    <UnitTest name="testsql" storage="c:\users\dell\desktop\dangnhap\testpm\bin\debug\testpm.dll" id="666b100b-0389-6f14-603f-27dd25f0b641">
      <Execution id="9dab5600-888f-43da-9723-1d404bf284d9" />
      <TestMethod codeBase="C:/Users/Dell/Desktop/Dangnhap/testPM/bin/Debug/testPM.DLL" adapterTypeName="Microsoft.VisualStudio.TestTools.TestTypes.Unit.UnitTestAdapter, Microsoft.VisualStudio.QualityTools.Tips.UnitTest.Adapter, Version=10.0.0.0, Culture=neutral, PublicKeyToken=b03f5f7f11d50a3a" className="testPM.Test_SQL, testPM, Version=1.0.0.0, Culture=neutral, PublicKeyToken=null" name="testsql" />
    </UnitTest>
    <UnitTest name="Testxoa" storage="c:\users\dell\desktop\dangnhap\testpm\bin\debug\testpm.dll" id="764f383b-c699-f502-7ad3-0926bd1b950d">
      <DeploymentItems>
        <DeploymentItem filename="testPM\testXoa.csv" />
      </DeploymentItems>
      <Execution id="2435ec28-46b8-4cc1-81f5-163ee9e9f296" />
      <TestMethod codeBase="C:/Users/Dell/Desktop/Dangnhap/testPM/bin/Debug/testPM.DLL" adapterTypeName="Microsoft.VisualStudio.TestTools.TestTypes.Unit.UnitTestAdapter, Microsoft.VisualStudio.QualityTools.Tips.UnitTest.Adapter, Version=10.0.0.0, Culture=neutral, PublicKeyToken=b03f5f7f11d50a3a" className="testPM.Test_Xoa, testPM, Version=1.0.0.0, Culture=neutral, PublicKeyToken=null" name="Testxoa" />
      <DataSource connectionString="|DataDirectory|\testXoa.csv" providerInvariantName="Microsoft.VisualStudio.TestTools.DataSource.CSV" tableName="testXoa#csv" />
    </UnitTest>
    <UnitTest name="testsqlthrow" storage="c:\users\dell\desktop\dangnhap\testpm\bin\debug\testpm.dll" id="3894354b-7814-f303-25d3-233ce030e021">
      <Execution id="0f1b0846-612b-4dc1-a050-dc6b62b7c65a" />
      <TestMethod codeBase="C:/Users/Dell/Desktop/Dangnhap/testPM/bin/Debug/testPM.DLL" adapterTypeName="Microsoft.VisualStudio.TestTools.TestTypes.Unit.UnitTestAdapter, Microsoft.VisualStudio.QualityTools.Tips.UnitTest.Adapter, Version=10.0.0.0, Culture=neutral, PublicKeyToken=b03f5f7f11d50a3a" className="testPM.Test_SQL, testPM, Version=1.0.0.0, Culture=neutral, PublicKeyToken=null" name="testsqlthrow" />
    </UnitTest>
  </TestDefinitions>
  <TestLists>
    <TestList name="Results Not in a List" id="8c84fa94-04c1-424b-9868-57a2d4851a1d" />
    <TestList name="All Loaded Results" id="19431567-8539-422a-85d7-44ee4e166bda" />
  </TestLists>
  <TestEntries>
    <TestEntry testId="2169934a-9f13-ee0b-caac-0e95b5225d2b" executionId="714f8e0d-e45a-4653-a9e3-ed8d010a6082" testListId="8c84fa94-04c1-424b-9868-57a2d4851a1d" />
    <TestEntry testId="3894354b-7814-f303-25d3-233ce030e021" executionId="0f1b0846-612b-4dc1-a050-dc6b62b7c65a" testListId="8c84fa94-04c1-424b-9868-57a2d4851a1d" />
    <TestEntry testId="4e4a81b9-f4aa-2eb2-2505-66ee72ce6d6d" executionId="ed71aa89-cd5c-4f9a-95ef-c33f49f68e78" testListId="8c84fa94-04c1-424b-9868-57a2d4851a1d" />
    <TestEntry testId="582e6a3f-58c7-92d4-9551-1e46aed3632b" executionId="23e85983-14c5-4f34-8f4e-50e004b05de0" testListId="8c84fa94-04c1-424b-9868-57a2d4851a1d" />
    <TestEntry testId="666b100b-0389-6f14-603f-27dd25f0b641" executionId="9dab5600-888f-43da-9723-1d404bf284d9" testListId="8c84fa94-04c1-424b-9868-57a2d4851a1d" />
    <TestEntry testId="764f383b-c699-f502-7ad3-0926bd1b950d" executionId="2435ec28-46b8-4cc1-81f5-163ee9e9f296" testListId="8c84fa94-04c1-424b-9868-57a2d4851a1d" />
    <TestEntry testId="84b817a3-d9ea-4ee7-4bce-6233ff1a22ec" executionId="9d136c74-1885-4ccf-93b9-6c2b40bc0bde" testListId="8c84fa94-04c1-424b-9868-57a2d4851a1d" />
    <TestEntry testId="cdc9cf75-63ba-fe53-246e-69fbea83d298" executionId="92749610-402a-45d1-8a04-57446eb75a82" testListId="8c84fa94-04c1-424b-9868-57a2d4851a1d" />
    <TestEntry testId="d126ba14-7fa7-4e78-7434-4a28ba2ec146" executionId="eadf89a3-2416-4910-8ca7-712f7f65da3a" testListId="8c84fa94-04c1-424b-9868-57a2d4851a1d" />
    <TestEntry testId="e7975907-abd7-c724-e54c-c8600f564d67" executionId="f8c5c210-7898-4f48-8774-e771ee37041b" testListId="8c84fa94-04c1-424b-9868-57a2d4851a1d" />
  </TestEntries>
  <Results>
    <UnitTestResult executionId="714f8e0d-e45a-4653-a9e3-ed8d010a6082" testId="2169934a-9f13-ee0b-caac-0e95b5225d2b" testName="test_ThanhToan" computerName="DESKTOP-LTNHK23" duration="00:00:00.7304185" startTime="2019-11-18T20:14:06.3428143+07:00" endTime="2019-11-18T20:14:07.4564797+07:00" testType="13cdc9d9-ddb5-4fa4-a97d-d965ccfc6d4b" outcome="Passed" testListId="8c84fa94-04c1-424b-9868-57a2d4851a1d" relativeResultsDirectory="714f8e0d-e45a-4653-a9e3-ed8d010a6082" resultType="DataDrivenTest">
      <Counters error="0" failed="0" timeout="0" aborted="0" inconclusive="0" passedButRunAborted="0" notRunnable="0" notExecuted="0" disconnected="0" warning="0" passed="5" completed="0" inProgress="0" pending="0" />
      <InnerResults>
        <UnitTestResult executionId="8f5c5c14-a347-4855-8b64-5796674d18e5" parentExecutionId="714f8e0d-e45a-4653-a9e3-ed8d010a6082" testId="2169934a-9f13-ee0b-caac-0e95b5225d2b" testName="test_ThanhToan" computerName="DESKTOP-LTNHK23" duration="00:00:00.2107124" startTime="2019-11-18T20:14:07.2155382+07:00" endTime="2019-11-18T20:14:07.4314872+07:00" testType="13cdc9d9-ddb5-4fa4-a97d-d965ccfc6d4b" outcome="Passed" testListId="8c84fa94-04c1-424b-9868-57a2d4851a1d" relativeResultsDirectory="714f8e0d-e45a-4653-a9e3-ed8d010a6082" dataRowInfo="0" resultType="DataDrivenDataRow" />
        <UnitTestResult executionId="c2b3424e-21f1-444d-adb0-342c585a80b8" parentExecutionId="714f8e0d-e45a-4653-a9e3-ed8d010a6082" testId="2169934a-9f13-ee0b-caac-0e95b5225d2b" testName="test_ThanhToan" computerName="DESKTOP-LTNHK23" duration="00:00:00.0044877" startTime="2019-11-18T20:14:07.4314872+07:00" endTime="2019-11-18T20:14:07.4354801+07:00" testType="13cdc9d9-ddb5-4fa4-a97d-d965ccfc6d4b" outcome="Passed" testListId="8c84fa94-04c1-424b-9868-57a2d4851a1d" relativeResultsDirectory="714f8e0d-e45a-4653-a9e3-ed8d010a6082" dataRowInfo="1" resultType="DataDrivenDataRow" />
        <UnitTestResult executionId="7840a7fd-2f2c-4848-af09-0a1fbf8684b6" parentExecutionId="714f8e0d-e45a-4653-a9e3-ed8d010a6082" testId="2169934a-9f13-ee0b-caac-0e95b5225d2b" testName="test_ThanhToan" computerName="DESKTOP-LTNHK23" duration="00:00:00.0000263" startTime="2019-11-18T20:14:07.4354801+07:00" endTime="2019-11-18T20:14:07.4354801+07:00" testType="13cdc9d9-ddb5-4fa4-a97d-d965ccfc6d4b" outcome="Passed" testListId="8c84fa94-04c1-424b-9868-57a2d4851a1d" relativeResultsDirectory="714f8e0d-e45a-4653-a9e3-ed8d010a6082" dataRowInfo="2" resultType="DataDrivenDataRow" />
        <UnitTestResult executionId="f7af677a-3613-4a05-a38f-f921cd506e7e" parentExecutionId="714f8e0d-e45a-4653-a9e3-ed8d010a6082" testId="2169934a-9f13-ee0b-caac-0e95b5225d2b" testName="test_ThanhToan" computerName="DESKTOP-LTNHK23" duration="00:00:00.0000204" startTime="2019-11-18T20:14:07.4364860+07:00" endTime="2019-11-18T20:14:07.4364860+07:00" testType="13cdc9d9-ddb5-4fa4-a97d-d965ccfc6d4b" outcome="Passed" testListId="8c84fa94-04c1-424b-9868-57a2d4851a1d" relativeResultsDirectory="714f8e0d-e45a-4653-a9e3-ed8d010a6082" dataRowInfo="3" resultType="DataDrivenDataRow" />
        <UnitTestResult executionId="811cd2da-c2d3-4878-9453-f57e51554eba" parentExecutionId="714f8e0d-e45a-4653-a9e3-ed8d010a6082" testId="2169934a-9f13-ee0b-caac-0e95b5225d2b" testName="test_ThanhToan" computerName="DESKTOP-LTNHK23" duration="00:00:00.0000144" startTime="2019-11-18T20:14:07.4364860+07:00" endTime="2019-11-18T20:14:07.4364860+07:00" testType="13cdc9d9-ddb5-4fa4-a97d-d965ccfc6d4b" outcome="Passed" testListId="8c84fa94-04c1-424b-9868-57a2d4851a1d" relativeResultsDirectory="714f8e0d-e45a-4653-a9e3-ed8d010a6082" dataRowInfo="4" resultType="DataDrivenDataRow" />
      </InnerResults>
    </UnitTestResult>
    <UnitTestResult executionId="0f1b0846-612b-4dc1-a050-dc6b62b7c65a" testId="3894354b-7814-f303-25d3-233ce030e021" testName="testsqlthrow" computerName="DESKTOP-LTNHK23" duration="00:00:00.0528919" startTime="2019-11-18T20:14:07.4624562+07:00" endTime="2019-11-18T20:14:07.5194500+07:00" testType="13cdc9d9-ddb5-4fa4-a97d-d965ccfc6d4b" outcome="Failed" testListId="8c84fa94-04c1-424b-9868-57a2d4851a1d" relativeResultsDirectory="0f1b0846-612b-4dc1-a050-dc6b62b7c65a">
      <Output>
        <ErrorInfo>
          <Message>Test method testPM.Test_SQL.testsqlthrow threw exception: 
System.Data.SqlClient.SqlException: Could not find stored procedure 'usp'.</Message>
          <StackTrace>    at System.Data.SqlClient.SqlConnection.OnError(SqlException exception, Boolean breakConnection, Action`1 wrapCloseInAction)
   at System.Data.SqlClient.SqlInternalConnection.OnError(SqlException exception, Boolean breakConnection, Action`1 wrapCloseInAction)
   at System.Data.SqlClient.TdsParser.ThrowExceptionAndWarning(TdsParserStateObject stateObj, Boolean callerHasConnectionLock, Boolean asyncClose)
   at System.Data.SqlClient.TdsParser.TryRun(RunBehavior runBehavior, SqlCommand cmdHandler, SqlDataReader dataStream, BulkCopySimpleResultSet bulkCopyHandler, TdsParserStateObject stateObj, Boolean&amp; dataReady)
   at System.Data.SqlClient.SqlDataReader.TryConsumeMetaData()
   at System.Data.SqlClient.SqlDataReader.get_MetaData()
   at System.Data.SqlClient.SqlCommand.FinishExecuteReader(SqlDataReader ds, RunBehavior runBehavior, String resetOptionsString, Boolean isInternal, Boolean forDescribeParameterEncryption, Boolean shouldCacheForAlwaysEncrypted)
   at System.Data.SqlClient.SqlCommand.RunExecuteReaderTds(CommandBehavior cmdBehavior, RunBehavior runBehavior, Boolean returnStream, Boolean async, Int32 timeout, Task&amp; task, Boolean asyncWrite, Boolean inRetry, SqlDataReader ds, Boolean describeParameterEncryptionRequest)
   at System.Data.SqlClient.SqlCommand.RunExecuteReader(CommandBehavior cmdBehavior, RunBehavior runBehavior, Boolean returnStream, String method, TaskCompletionSource`1 completion, Int32 timeout, Task&amp; task, Boolean&amp; usedCache, Boolean asyncWrite, Boolean inRetry)
   at System.Data.SqlClient.SqlCommand.RunExecuteReader(CommandBehavior cmdBehavior, RunBehavior runBehavior, Boolean returnStream, String method)
   at System.Data.SqlClient.SqlCommand.ExecuteReader(CommandBehavior behavior, String method)
   at System.Data.SqlClient.SqlCommand.ExecuteDbDataReader(CommandBehavior behavior)
   at System.Data.Common.DbCommand.System.Data.IDbCommand.ExecuteReader(CommandBehavior behavior)
   at System.Data.Common.DbDataAdapter.FillInternal(DataSet dataset, DataTable[] datatables, Int32 startRecord, Int32 maxRecords, String srcTable, IDbCommand command, CommandBehavior behavior)
   at System.Data.Common.DbDataAdapter.Fill(DataTable[] dataTables, Int32 startRecord, Int32 maxRecords, IDbCommand command, CommandBehavior behavior)
   at System.Data.Common.DbDataAdapter.Fill(DataTable dataTable)
   at Dangnhap.DAO.dataProvider.ExecuteQuery(String query, Object[] parameter) in C:\Users\Dell\Desktop\Dangnhap\Dangnhap\DAO\dataProvider.cs:line 46
   at testPM.Test_SQL.testsqlthrow() in C:\Users\Dell\Desktop\Dangnhap\testPM\Test_SQL.cs:line 42
</StackTrace>
        </ErrorInfo>
      </Output>
    </UnitTestResult>
    <UnitTestResult executionId="ed71aa89-cd5c-4f9a-95ef-c33f49f68e78" testId="4e4a81b9-f4aa-2eb2-2505-66ee72ce6d6d" testName="testsqlfalse" computerName="DESKTOP-LTNHK23" duration="00:00:00.0073165" startTime="2019-11-18T20:14:07.5284385+07:00" endTime="2019-11-18T20:14:07.5404545+07:00" testType="13cdc9d9-ddb5-4fa4-a97d-d965ccfc6d4b" outcome="Passed" testListId="8c84fa94-04c1-424b-9868-57a2d4851a1d" relativeResultsDirectory="ed71aa89-cd5c-4f9a-95ef-c33f49f68e78">
    </UnitTestResult>
    <UnitTestResult executionId="23e85983-14c5-4f34-8f4e-50e004b05de0" testId="582e6a3f-58c7-92d4-9551-1e46aed3632b" testName="Testsua" computerName="DESKTOP-LTNHK23" duration="00:00:00.2762984" startTime="2019-11-18T20:14:07.5464452+07:00" endTime="2019-11-18T20:14:07.8363529+07:00" testType="13cdc9d9-ddb5-4fa4-a97d-d965ccfc6d4b" outcome="Failed" testListId="8c84fa94-04c1-424b-9868-57a2d4851a1d" relativeResultsDirectory="23e85983-14c5-4f34-8f4e-50e004b05de0" resultType="DataDrivenTest">
      <Counters error="0" failed="6" timeout="0" aborted="0" inconclusive="0" passedButRunAborted="0" notRunnable="0" notExecuted="0" disconnected="0" warning="0" passed="0" completed="0" inProgress="0" pending="0" />
      <InnerResults>
        <UnitTestResult executionId="03f6c76f-6144-4e24-88a0-3742b7875fe5" parentExecutionId="23e85983-14c5-4f34-8f4e-50e004b05de0" testId="582e6a3f-58c7-92d4-9551-1e46aed3632b" testName="Testsua" computerName="DESKTOP-LTNHK23" duration="00:00:00.1243043" startTime="2019-11-18T20:14:07.6724044+07:00" endTime="2019-11-18T20:14:07.7963518+07:00" testType="13cdc9d9-ddb5-4fa4-a97d-d965ccfc6d4b" outcome="Failed" testListId="8c84fa94-04c1-424b-9868-57a2d4851a1d" relativeResultsDirectory="23e85983-14c5-4f34-8f4e-50e004b05de0" dataRowInfo="0" resultType="DataDrivenDataRow">
          <Output>
            <ErrorInfo>
              <Message>Assert.AreEqual failed. Expected:&lt;True&gt;. Actual:&lt;False&gt;. </Message>
              <StackTrace>   at testPM.Test_Sua.Testsua() in C:\Users\Dell\Desktop\Dangnhap\testPM\Test_Sua.cs:line 28
</StackTrace>
            </ErrorInfo>
          </Output>
        </UnitTestResult>
        <UnitTestResult executionId="f8db505a-aa0f-427c-9c32-2ce53395597c" parentExecutionId="23e85983-14c5-4f34-8f4e-50e004b05de0" testId="582e6a3f-58c7-92d4-9551-1e46aed3632b" testName="Testsua" computerName="DESKTOP-LTNHK23" duration="00:00:00.0096052" startTime="2019-11-18T20:14:07.7963518+07:00" endTime="2019-11-18T20:14:07.8063490+07:00" testType="13cdc9d9-ddb5-4fa4-a97d-d965ccfc6d4b" outcome="Failed" testListId="8c84fa94-04c1-424b-9868-57a2d4851a1d" relativeResultsDirectory="23e85983-14c5-4f34-8f4e-50e004b05de0" dataRowInfo="1" resultType="DataDrivenDataRow">
          <Output>
            <ErrorInfo>
              <Message>Assert.AreEqual failed. Expected:&lt;True&gt;. Actual:&lt;False&gt;. </Message>
              <StackTrace>   at testPM.Test_Sua.Testsua() in C:\Users\Dell\Desktop\Dangnhap\testPM\Test_Sua.cs:line 28
</StackTrace>
            </ErrorInfo>
          </Output>
        </UnitTestResult>
        <UnitTestResult executionId="c928e2c2-3c35-4a70-af07-2d935be44206" parentExecutionId="23e85983-14c5-4f34-8f4e-50e004b05de0" testId="582e6a3f-58c7-92d4-9551-1e46aed3632b" testName="Testsua" computerName="DESKTOP-LTNHK23" duration="00:00:00.0093196" startTime="2019-11-18T20:14:07.8063490+07:00" endTime="2019-11-18T20:14:07.8153439+07:00" testType="13cdc9d9-ddb5-4fa4-a97d-d965ccfc6d4b" outcome="Failed" testListId="8c84fa94-04c1-424b-9868-57a2d4851a1d" relativeResultsDirectory="23e85983-14c5-4f34-8f4e-50e004b05de0" dataRowInfo="2" resultType="DataDrivenDataRow">
          <Output>
            <ErrorInfo>
              <Message>Assert.AreEqual failed. Expected:&lt;True&gt;. Actual:&lt;False&gt;. </Message>
              <StackTrace>   at testPM.Test_Sua.Testsua() in C:\Users\Dell\Desktop\Dangnhap\testPM\Test_Sua.cs:line 28
</StackTrace>
            </ErrorInfo>
          </Output>
        </UnitTestResult>
        <UnitTestResult executionId="03a0ec79-dab0-469b-a5a2-4fb79110205a" parentExecutionId="23e85983-14c5-4f34-8f4e-50e004b05de0" testId="582e6a3f-58c7-92d4-9551-1e46aed3632b" testName="Testsua" computerName="DESKTOP-LTNHK23" duration="00:00:00.0052058" startTime="2019-11-18T20:14:07.8153439+07:00" endTime="2019-11-18T20:14:07.8203421+07:00" testType="13cdc9d9-ddb5-4fa4-a97d-d965ccfc6d4b" outcome="Failed" testListId="8c84fa94-04c1-424b-9868-57a2d4851a1d" relativeResultsDirectory="23e85983-14c5-4f34-8f4e-50e004b05de0" dataRowInfo="3" resultType="DataDrivenDataRow">
          <Output>
            <ErrorInfo>
              <Message>Test method testPM.Test_Sua.Testsua threw exception: 
System.FormatException: Input string was not in a correct format.</Message>
              <StackTrace>    at System.Number.StringToNumber(String str, NumberStyles options, NumberBuffer&amp; number, NumberFormatInfo info, Boolean parseDecimal)
   at System.Number.ParseInt32(String s, NumberStyles style, NumberFormatInfo info)
   at System.Int32.Parse(String s)
   at testPM.Test_Sua.Testsua() in C:\Users\Dell\Desktop\Dangnhap\testPM\Test_Sua.cs:line 22
</StackTrace>
            </ErrorInfo>
          </Output>
        </UnitTestResult>
        <UnitTestResult executionId="e8fa2a75-4041-4920-9675-58003ca9ab55" parentExecutionId="23e85983-14c5-4f34-8f4e-50e004b05de0" testId="582e6a3f-58c7-92d4-9551-1e46aed3632b" testName="Testsua" computerName="DESKTOP-LTNHK23" duration="00:00:00.0029758" startTime="2019-11-18T20:14:07.8203421+07:00" endTime="2019-11-18T20:14:07.8233415+07:00" testType="13cdc9d9-ddb5-4fa4-a97d-d965ccfc6d4b" outcome="Failed" testListId="8c84fa94-04c1-424b-9868-57a2d4851a1d" relativeResultsDirectory="23e85983-14c5-4f34-8f4e-50e004b05de0" dataRowInfo="4" resultType="DataDrivenDataRow">
          <Output>
            <ErrorInfo>
              <Message>Test method testPM.Test_Sua.Testsua threw exception: 
System.FormatException: Input string was not in a correct format.</Message>
              <StackTrace>    at System.Number.ParseSingle(String value, NumberStyles options, NumberFormatInfo numfmt)
   at System.Single.Parse(String s)
   at testPM.Test_Sua.Testsua() in C:\Users\Dell\Desktop\Dangnhap\testPM\Test_Sua.cs:line 23
</StackTrace>
            </ErrorInfo>
          </Output>
        </UnitTestResult>
        <UnitTestResult executionId="a80e9968-8315-4499-8625-efa300cb7383" parentExecutionId="23e85983-14c5-4f34-8f4e-50e004b05de0" testId="582e6a3f-58c7-92d4-9551-1e46aed3632b" testName="Testsua" computerName="DESKTOP-LTNHK23" duration="00:00:00.0015465" startTime="2019-11-18T20:14:07.8233415+07:00" endTime="2019-11-18T20:14:07.8253410+07:00" testType="13cdc9d9-ddb5-4fa4-a97d-d965ccfc6d4b" outcome="Failed" testListId="8c84fa94-04c1-424b-9868-57a2d4851a1d" relativeResultsDirectory="23e85983-14c5-4f34-8f4e-50e004b05de0" dataRowInfo="5" resultType="DataDrivenDataRow">
          <Output>
            <ErrorInfo>
              <Message>Test method testPM.Test_Sua.Testsua threw exception: 
System.FormatException: Input string was not in a correct format.</Message>
              <StackTrace>    at System.Number.StringToNumber(String str, NumberStyles options, NumberBuffer&amp; number, NumberFormatInfo info, Boolean parseDecimal)
   at System.Number.ParseInt32(String s, NumberStyles style, NumberFormatInfo info)
   at System.Int32.Parse(String s)
   at testPM.Test_Sua.Testsua() in C:\Users\Dell\Desktop\Dangnhap\testPM\Test_Sua.cs:line 24
</StackTrace>
            </ErrorInfo>
          </Output>
        </UnitTestResult>
      </InnerResults>
    </UnitTestResult>
    <UnitTestResult executionId="9dab5600-888f-43da-9723-1d404bf284d9" testId="666b100b-0389-6f14-603f-27dd25f0b641" testName="testsql" computerName="DESKTOP-LTNHK23" duration="00:00:00.0016720" startTime="2019-11-18T20:14:07.8423351+07:00" endTime="2019-11-18T20:14:07.8483332+07:00" testType="13cdc9d9-ddb5-4fa4-a97d-d965ccfc6d4b" outcome="Passed" testListId="8c84fa94-04c1-424b-9868-57a2d4851a1d" relativeResultsDirectory="9dab5600-888f-43da-9723-1d404bf284d9">
    </UnitTestResult>
    <UnitTestResult executionId="2435ec28-46b8-4cc1-81f5-163ee9e9f296" testId="764f383b-c699-f502-7ad3-0926bd1b950d" testName="Testxoa" computerName="DESKTOP-LTNHK23" duration="00:00:00.1673339" startTime="2019-11-18T20:14:07.8543345+07:00" endTime="2019-11-18T20:14:08.0302753+07:00" testType="13cdc9d9-ddb5-4fa4-a97d-d965ccfc6d4b" outcome="Failed" testListId="8c84fa94-04c1-424b-9868-57a2d4851a1d" relativeResultsDirectory="2435ec28-46b8-4cc1-81f5-163ee9e9f296" resultType="DataDrivenTest">
      <Counters error="0" failed="2" timeout="0" aborted="0" inconclusive="0" passedButRunAborted="0" notRunnable="0" notExecuted="0" disconnected="0" warning="0" passed="1" completed="0" inProgress="0" pending="0" />
      <InnerResults>
        <UnitTestResult executionId="ba18067c-a5af-4c5b-82f8-d7eb56370b13" parentExecutionId="2435ec28-46b8-4cc1-81f5-163ee9e9f296" testId="764f383b-c699-f502-7ad3-0926bd1b950d" testName="Testxoa" computerName="DESKTOP-LTNHK23" duration="00:00:00.0233840" startTime="2019-11-18T20:14:07.9882889+07:00" endTime="2019-11-18T20:14:08.0112811+07:00" testType="13cdc9d9-ddb5-4fa4-a97d-d965ccfc6d4b" outcome="Failed" testListId="8c84fa94-04c1-424b-9868-57a2d4851a1d" relativeResultsDirectory="2435ec28-46b8-4cc1-81f5-163ee9e9f296" dataRowInfo="0" resultType="DataDrivenDataRow">
          <Output>
            <ErrorInfo>
              <Message>Assert.AreEqual failed. Expected:&lt;True&gt;. Actual:&lt;False&gt;. </Message>
              <StackTrace>   at testPM.Test_Xoa.Testxoa() in C:\Users\Dell\Desktop\Dangnhap\testPM\Test_Xoa.cs:line 24
</StackTrace>
            </ErrorInfo>
          </Output>
        </UnitTestResult>
        <UnitTestResult executionId="dda947b5-f164-4b3f-af3c-1ffbe66794ba" parentExecutionId="2435ec28-46b8-4cc1-81f5-163ee9e9f296" testId="764f383b-c699-f502-7ad3-0926bd1b950d" testName="Testxoa" computerName="DESKTOP-LTNHK23" duration="00:00:00.0096219" startTime="2019-11-18T20:14:08.0112811+07:00" endTime="2019-11-18T20:14:08.0212787+07:00" testType="13cdc9d9-ddb5-4fa4-a97d-d965ccfc6d4b" outcome="Passed" testListId="8c84fa94-04c1-424b-9868-57a2d4851a1d" relativeResultsDirectory="2435ec28-46b8-4cc1-81f5-163ee9e9f296" dataRowInfo="1" resultType="DataDrivenDataRow" />
        <UnitTestResult executionId="dbf05c0c-5e4a-421d-9551-697879678fbc" parentExecutionId="2435ec28-46b8-4cc1-81f5-163ee9e9f296" testId="764f383b-c699-f502-7ad3-0926bd1b950d" testName="Testxoa" computerName="DESKTOP-LTNHK23" duration="00:00:00.0024636" startTime="2019-11-18T20:14:08.0212787+07:00" endTime="2019-11-18T20:14:08.0232776+07:00" testType="13cdc9d9-ddb5-4fa4-a97d-d965ccfc6d4b" outcome="Failed" testListId="8c84fa94-04c1-424b-9868-57a2d4851a1d" relativeResultsDirectory="2435ec28-46b8-4cc1-81f5-163ee9e9f296" dataRowInfo="2" resultType="DataDrivenDataRow">
          <Output>
            <ErrorInfo>
              <Message>Test method testPM.Test_Xoa.Testxoa threw exception: 
System.FormatException: Input string was not in a correct format.</Message>
              <StackTrace>    at System.Number.StringToNumber(String str, NumberStyles options, NumberBuffer&amp; number, NumberFormatInfo info, Boolean parseDecimal)
   at System.Number.ParseInt32(String s, NumberStyles style, NumberFormatInfo info)
   at System.Int32.Parse(String s)
   at testPM.Test_Xoa.Testxoa() in C:\Users\Dell\Desktop\Dangnhap\testPM\Test_Xoa.cs:line 20
</StackTrace>
            </ErrorInfo>
          </Output>
        </UnitTestResult>
      </InnerResults>
    </UnitTestResult>
    <UnitTestResult executionId="9d136c74-1885-4ccf-93b9-6c2b40bc0bde" testId="84b817a3-d9ea-4ee7-4bce-6233ff1a22ec" testName="testThem" computerName="DESKTOP-LTNHK23" duration="00:00:00.1735996" startTime="2019-11-18T20:14:08.0372770+07:00" endTime="2019-11-18T20:14:08.2182157+07:00" testType="13cdc9d9-ddb5-4fa4-a97d-d965ccfc6d4b" outcome="Passed" testListId="8c84fa94-04c1-424b-9868-57a2d4851a1d" relativeResultsDirectory="9d136c74-1885-4ccf-93b9-6c2b40bc0bde" resultType="DataDrivenTest">
      <Counters error="0" failed="0" timeout="0" aborted="0" inconclusive="0" passedButRunAborted="0" notRunnable="0" notExecuted="0" disconnected="0" warning="0" passed="2" completed="0" inProgress="0" pending="0" />
      <InnerResults>
        <UnitTestResult executionId="cd720587-d737-4e26-8588-b57ed8637bf0" parentExecutionId="9d136c74-1885-4ccf-93b9-6c2b40bc0bde" testId="84b817a3-d9ea-4ee7-4bce-6233ff1a22ec" testName="testThem" computerName="DESKTOP-LTNHK23" duration="00:00:00.0218362" startTime="2019-11-18T20:14:08.1812464+07:00" endTime="2019-11-18T20:14:08.2032209+07:00" testType="13cdc9d9-ddb5-4fa4-a97d-d965ccfc6d4b" outcome="Passed" testListId="8c84fa94-04c1-424b-9868-57a2d4851a1d" relativeResultsDirectory="9d136c74-1885-4ccf-93b9-6c2b40bc0bde" dataRowInfo="0" resultType="DataDrivenDataRow" />
        <UnitTestResult executionId="a6b8d9e1-1d29-42da-8556-9b56e239c4a1" parentExecutionId="9d136c74-1885-4ccf-93b9-6c2b40bc0bde" testId="84b817a3-d9ea-4ee7-4bce-6233ff1a22ec" testName="testThem" computerName="DESKTOP-LTNHK23" duration="00:00:00.0106653" startTime="2019-11-18T20:14:08.2032209+07:00" endTime="2019-11-18T20:14:08.2132279+07:00" testType="13cdc9d9-ddb5-4fa4-a97d-d965ccfc6d4b" outcome="Passed" testListId="8c84fa94-04c1-424b-9868-57a2d4851a1d" relativeResultsDirectory="9d136c74-1885-4ccf-93b9-6c2b40bc0bde" dataRowInfo="1" resultType="DataDrivenDataRow" />
      </InnerResults>
    </UnitTestResult>
    <UnitTestResult executionId="92749610-402a-45d1-8a04-57446eb75a82" testId="cdc9cf75-63ba-fe53-246e-69fbea83d298" testName="testchuyenban" computerName="DESKTOP-LTNHK23" duration="00:00:00.2345395" startTime="2019-11-18T20:14:08.2262420+07:00" endTime="2019-11-18T20:14:08.4721373+07:00" testType="13cdc9d9-ddb5-4fa4-a97d-d965ccfc6d4b" outcome="Failed" testListId="8c84fa94-04c1-424b-9868-57a2d4851a1d" relativeResultsDirectory="92749610-402a-45d1-8a04-57446eb75a82" resultType="DataDrivenTest">
      <Counters error="0" failed="2" timeout="0" aborted="0" inconclusive="0" passedButRunAborted="0" notRunnable="0" notExecuted="0" disconnected="0" warning="0" passed="2" completed="0" inProgress="0" pending="0" />
      <InnerResults>
        <UnitTestResult executionId="e4f45440-01f8-4551-9130-e825ab9c241b" parentExecutionId="92749610-402a-45d1-8a04-57446eb75a82" testId="cdc9cf75-63ba-fe53-246e-69fbea83d298" testName="testchuyenban" computerName="DESKTOP-LTNHK23" duration="00:00:00.0893391" startTime="2019-11-18T20:14:08.3601870+07:00" endTime="2019-11-18T20:14:08.4491685+07:00" testType="13cdc9d9-ddb5-4fa4-a97d-d965ccfc6d4b" outcome="Passed" testListId="8c84fa94-04c1-424b-9868-57a2d4851a1d" relativeResultsDirectory="92749610-402a-45d1-8a04-57446eb75a82" dataRowInfo="0" resultType="DataDrivenDataRow" />
        <UnitTestResult executionId="e3daf05c-0dc2-4148-90c2-0a55bfea90c0" parentExecutionId="92749610-402a-45d1-8a04-57446eb75a82" testId="cdc9cf75-63ba-fe53-246e-69fbea83d298" testName="testchuyenban" computerName="DESKTOP-LTNHK23" duration="00:00:00.0094014" startTime="2019-11-18T20:14:08.4491685+07:00" endTime="2019-11-18T20:14:08.4591408+07:00" testType="13cdc9d9-ddb5-4fa4-a97d-d965ccfc6d4b" outcome="Passed" testListId="8c84fa94-04c1-424b-9868-57a2d4851a1d" relativeResultsDirectory="92749610-402a-45d1-8a04-57446eb75a82" dataRowInfo="1" resultType="DataDrivenDataRow" />
        <UnitTestResult executionId="01860239-b527-493e-b73f-3431255c0dce" parentExecutionId="92749610-402a-45d1-8a04-57446eb75a82" testId="cdc9cf75-63ba-fe53-246e-69fbea83d298" testName="testchuyenban" computerName="DESKTOP-LTNHK23" duration="00:00:00.0021600" startTime="2019-11-18T20:14:08.4591408+07:00" endTime="2019-11-18T20:14:08.4611661+07:00" testType="13cdc9d9-ddb5-4fa4-a97d-d965ccfc6d4b" outcome="Failed" testListId="8c84fa94-04c1-424b-9868-57a2d4851a1d" relativeResultsDirectory="92749610-402a-45d1-8a04-57446eb75a82" dataRowInfo="2" resultType="DataDrivenDataRow">
          <Output>
            <ErrorInfo>
              <Message>Test method testPM.Test_Chuyenban.testchuyenban threw exception: 
System.FormatException: Input string was not in a correct format.</Message>
              <StackTrace>    at System.Number.StringToNumber(String str, NumberStyles options, NumberBuffer&amp; number, NumberFormatInfo info, Boolean parseDecimal)
   at System.Number.ParseInt32(String s, NumberStyles style, NumberFormatInfo info)
   at System.Int32.Parse(String s)
   at testPM.Test_Chuyenban.testchuyenban() in C:\Users\Dell\Desktop\Dangnhap\testPM\Test_Chuyenban.cs:line 21
</StackTrace>
            </ErrorInfo>
          </Output>
        </UnitTestResult>
        <UnitTestResult executionId="f82c68ec-475c-4434-9cd9-f95b9325151b" parentExecutionId="92749610-402a-45d1-8a04-57446eb75a82" testId="cdc9cf75-63ba-fe53-246e-69fbea83d298" testName="testchuyenban" computerName="DESKTOP-LTNHK23" duration="00:00:00.0017852" startTime="2019-11-18T20:14:08.4611661+07:00" endTime="2019-11-18T20:14:08.4631411+07:00" testType="13cdc9d9-ddb5-4fa4-a97d-d965ccfc6d4b" outcome="Failed" testListId="8c84fa94-04c1-424b-9868-57a2d4851a1d" relativeResultsDirectory="92749610-402a-45d1-8a04-57446eb75a82" dataRowInfo="3" resultType="DataDrivenDataRow">
          <Output>
            <ErrorInfo>
              <Message>Test method testPM.Test_Chuyenban.testchuyenban threw exception: 
System.FormatException: Input string was not in a correct format.</Message>
              <StackTrace>    at System.Number.StringToNumber(String str, NumberStyles options, NumberBuffer&amp; number, NumberFormatInfo info, Boolean parseDecimal)
   at System.Number.ParseInt32(String s, NumberStyles style, NumberFormatInfo info)
   at System.Int32.Parse(String s)
   at testPM.Test_Chuyenban.testchuyenban() in C:\Users\Dell\Desktop\Dangnhap\testPM\Test_Chuyenban.cs:line 22
</StackTrace>
            </ErrorInfo>
          </Output>
        </UnitTestResult>
      </InnerResults>
    </UnitTestResult>
    <UnitTestResult executionId="eadf89a3-2416-4910-8ca7-712f7f65da3a" testId="d126ba14-7fa7-4e78-7434-4a28ba2ec146" testName="testThemMon" computerName="DESKTOP-LTNHK23" duration="00:00:00.1594741" startTime="2019-11-18T20:14:08.4801325+07:00" endTime="2019-11-18T20:14:08.6540765+07:00" testType="13cdc9d9-ddb5-4fa4-a97d-d965ccfc6d4b" outcome="Passed" testListId="8c84fa94-04c1-424b-9868-57a2d4851a1d" relativeResultsDirectory="eadf89a3-2416-4910-8ca7-712f7f65da3a" resultType="DataDrivenTest">
      <Counters error="0" failed="0" timeout="0" aborted="0" inconclusive="0" passedButRunAborted="0" notRunnable="0" notExecuted="0" disconnected="0" warning="0" passed="6" completed="0" inProgress="0" pending="0" />
      <InnerResults>
        <UnitTestResult executionId="9698f1a2-281f-42f2-8051-1b87f221db12" parentExecutionId="eadf89a3-2416-4910-8ca7-712f7f65da3a" testId="d126ba14-7fa7-4e78-7434-4a28ba2ec146" testName="testThemMon" computerName="DESKTOP-LTNHK23" duration="00:00:00.0014772" startTime="2019-11-18T20:14:08.6300976+07:00" endTime="2019-11-18T20:14:08.6310857+07:00" testType="13cdc9d9-ddb5-4fa4-a97d-d965ccfc6d4b" outcome="Passed" testListId="8c84fa94-04c1-424b-9868-57a2d4851a1d" relativeResultsDirectory="eadf89a3-2416-4910-8ca7-712f7f65da3a" dataRowInfo="0" resultType="DataDrivenDataRow" />
        <UnitTestResult executionId="00e57afe-cf4b-4495-8b4b-4871923b4dc7" parentExecutionId="eadf89a3-2416-4910-8ca7-712f7f65da3a" testId="d126ba14-7fa7-4e78-7434-4a28ba2ec146" testName="testThemMon" computerName="DESKTOP-LTNHK23" duration="00:00:00.0102476" startTime="2019-11-18T20:14:08.6310857+07:00" endTime="2019-11-18T20:14:08.6410917+07:00" testType="13cdc9d9-ddb5-4fa4-a97d-d965ccfc6d4b" outcome="Passed" testListId="8c84fa94-04c1-424b-9868-57a2d4851a1d" relativeResultsDirectory="eadf89a3-2416-4910-8ca7-712f7f65da3a" dataRowInfo="1" resultType="DataDrivenDataRow" />
        <UnitTestResult executionId="a87fe382-7423-4870-a233-c60ee929ead8" parentExecutionId="eadf89a3-2416-4910-8ca7-712f7f65da3a" testId="d126ba14-7fa7-4e78-7434-4a28ba2ec146" testName="testThemMon" computerName="DESKTOP-LTNHK23" duration="00:00:00.0000891" startTime="2019-11-18T20:14:08.6420811+07:00" endTime="2019-11-18T20:14:08.6420811+07:00" testType="13cdc9d9-ddb5-4fa4-a97d-d965ccfc6d4b" outcome="Passed" testListId="8c84fa94-04c1-424b-9868-57a2d4851a1d" relativeResultsDirectory="eadf89a3-2416-4910-8ca7-712f7f65da3a" dataRowInfo="2" resultType="DataDrivenDataRow" />
        <UnitTestResult executionId="21e3d829-5955-4bb8-9620-10e61378ef8d" parentExecutionId="eadf89a3-2416-4910-8ca7-712f7f65da3a" testId="d126ba14-7fa7-4e78-7434-4a28ba2ec146" testName="testThemMon" computerName="DESKTOP-LTNHK23" duration="00:00:00.0000494" startTime="2019-11-18T20:14:08.6420811+07:00" endTime="2019-11-18T20:14:08.6420811+07:00" testType="13cdc9d9-ddb5-4fa4-a97d-d965ccfc6d4b" outcome="Passed" testListId="8c84fa94-04c1-424b-9868-57a2d4851a1d" relativeResultsDirectory="eadf89a3-2416-4910-8ca7-712f7f65da3a" dataRowInfo="3" resultType="DataDrivenDataRow" />
        <UnitTestResult executionId="dde6a5bd-097c-4d65-9e27-e085c73176fd" parentExecutionId="eadf89a3-2416-4910-8ca7-712f7f65da3a" testId="d126ba14-7fa7-4e78-7434-4a28ba2ec146" testName="testThemMon" computerName="DESKTOP-LTNHK23" duration="00:00:00.0000341" startTime="2019-11-18T20:14:08.6420811+07:00" endTime="2019-11-18T20:14:08.6420811+07:00" testType="13cdc9d9-ddb5-4fa4-a97d-d965ccfc6d4b" outcome="Passed" testListId="8c84fa94-04c1-424b-9868-57a2d4851a1d" relativeResultsDirectory="eadf89a3-2416-4910-8ca7-712f7f65da3a" dataRowInfo="4" resultType="DataDrivenDataRow" />
        <UnitTestResult executionId="75c5490a-764e-420a-b971-169bf09149d6" parentExecutionId="eadf89a3-2416-4910-8ca7-712f7f65da3a" testId="d126ba14-7fa7-4e78-7434-4a28ba2ec146" testName="testThemMon" computerName="DESKTOP-LTNHK23" duration="00:00:00.0000352" startTime="2019-11-18T20:14:08.6420811+07:00" endTime="2019-11-18T20:14:08.6420811+07:00" testType="13cdc9d9-ddb5-4fa4-a97d-d965ccfc6d4b" outcome="Passed" testListId="8c84fa94-04c1-424b-9868-57a2d4851a1d" relativeResultsDirectory="eadf89a3-2416-4910-8ca7-712f7f65da3a" dataRowInfo="5" resultType="DataDrivenDataRow" />
      </InnerResults>
    </UnitTestResult>
    <UnitTestResult executionId="f8c5c210-7898-4f48-8774-e771ee37041b" testId="e7975907-abd7-c724-e54c-c8600f564d67" testName="TestCNLogin" computerName="DESKTOP-LTNHK23" duration="00:00:00.2583101" startTime="2019-11-18T20:14:08.6630749+07:00" endTime="2019-11-18T20:14:08.9669771+07:00" testType="13cdc9d9-ddb5-4fa4-a97d-d965ccfc6d4b" outcome="Failed" testListId="8c84fa94-04c1-424b-9868-57a2d4851a1d" relativeResultsDirectory="f8c5c210-7898-4f48-8774-e771ee37041b" resultType="DataDrivenTest">
      <Counters error="0" failed="1" timeout="0" aborted="0" inconclusive="0" passedButRunAborted="0" notRunnable="0" notExecuted="0" disconnected="0" warning="0" passed="14" completed="0" inProgress="0" pending="0" />
      <InnerResults>
        <UnitTestResult executionId="e16e1037-4260-4266-8985-c93a1596206a" parentExecutionId="f8c5c210-7898-4f48-8774-e771ee37041b" testId="e7975907-abd7-c724-e54c-c8600f564d67" testName="TestCNLogin" computerName="DESKTOP-LTNHK23" duration="00:00:00.0083040" startTime="2019-11-18T20:14:08.8810046+07:00" endTime="2019-11-18T20:14:08.8890020+07:00" testType="13cdc9d9-ddb5-4fa4-a97d-d965ccfc6d4b" outcome="Passed" testListId="8c84fa94-04c1-424b-9868-57a2d4851a1d" relativeResultsDirectory="f8c5c210-7898-4f48-8774-e771ee37041b" dataRowInfo="0" resultType="DataDrivenDataRow" />
        <UnitTestResult executionId="5a797c32-f845-4350-8a6c-d86b8e368b0a" parentExecutionId="f8c5c210-7898-4f48-8774-e771ee37041b" testId="e7975907-abd7-c724-e54c-c8600f564d67" testName="TestCNLogin" computerName="DESKTOP-LTNHK23" duration="00:00:00.0030002" startTime="2019-11-18T20:14:08.8890020+07:00" endTime="2019-11-18T20:14:08.8920009+07:00" testType="13cdc9d9-ddb5-4fa4-a97d-d965ccfc6d4b" outcome="Passed" testListId="8c84fa94-04c1-424b-9868-57a2d4851a1d" relativeResultsDirectory="f8c5c210-7898-4f48-8774-e771ee37041b" dataRowInfo="1" resultType="DataDrivenDataRow" />
        <UnitTestResult executionId="20928875-297e-42fc-89b2-414c319b224f" parentExecutionId="f8c5c210-7898-4f48-8774-e771ee37041b" testId="e7975907-abd7-c724-e54c-c8600f564d67" testName="TestCNLogin" computerName="DESKTOP-LTNHK23" duration="00:00:00.0040377" startTime="2019-11-18T20:14:08.8920009+07:00" endTime="2019-11-18T20:14:08.8959994+07:00" testType="13cdc9d9-ddb5-4fa4-a97d-d965ccfc6d4b" outcome="Passed" testListId="8c84fa94-04c1-424b-9868-57a2d4851a1d" relativeResultsDirectory="f8c5c210-7898-4f48-8774-e771ee37041b" dataRowInfo="2" resultType="DataDrivenDataRow" />
        <UnitTestResult executionId="b3560dfd-1ebf-4acd-b52b-7eef934297c5" parentExecutionId="f8c5c210-7898-4f48-8774-e771ee37041b" testId="e7975907-abd7-c724-e54c-c8600f564d67" testName="TestCNLogin" computerName="DESKTOP-LTNHK23" duration="00:00:00.0020998" startTime="2019-11-18T20:14:08.8959994+07:00" endTime="2019-11-18T20:14:08.8979992+07:00" testType="13cdc9d9-ddb5-4fa4-a97d-d965ccfc6d4b" outcome="Passed" testListId="8c84fa94-04c1-424b-9868-57a2d4851a1d" relativeResultsDirectory="f8c5c210-7898-4f48-8774-e771ee37041b" dataRowInfo="3" resultType="DataDrivenDataRow" />
        <UnitTestResult executionId="5c08d940-b208-4b95-a1e9-0bee7f4cd1f9" parentExecutionId="f8c5c210-7898-4f48-8774-e771ee37041b" testId="e7975907-abd7-c724-e54c-c8600f564d67" testName="TestCNLogin" computerName="DESKTOP-LTNHK23" duration="00:00:00.0028423" startTime="2019-11-18T20:14:08.8979992+07:00" endTime="2019-11-18T20:14:08.9009981+07:00" testType="13cdc9d9-ddb5-4fa4-a97d-d965ccfc6d4b" outcome="Passed" testListId="8c84fa94-04c1-424b-9868-57a2d4851a1d" relativeResultsDirectory="f8c5c210-7898-4f48-8774-e771ee37041b" dataRowInfo="4" resultType="DataDrivenDataRow" />
        <UnitTestResult executionId="8bc84b23-1d2d-4d53-b3e1-5d4a5a9f739c" parentExecutionId="f8c5c210-7898-4f48-8774-e771ee37041b" testId="e7975907-abd7-c724-e54c-c8600f564d67" testName="TestCNLogin" computerName="DESKTOP-LTNHK23" duration="00:00:00.0018382" startTime="2019-11-18T20:14:08.9009981+07:00" endTime="2019-11-18T20:14:08.9029972+07:00" testType="13cdc9d9-ddb5-4fa4-a97d-d965ccfc6d4b" outcome="Passed" testListId="8c84fa94-04c1-424b-9868-57a2d4851a1d" relativeResultsDirectory="f8c5c210-7898-4f48-8774-e771ee37041b" dataRowInfo="5" resultType="DataDrivenDataRow" />
        <UnitTestResult executionId="e6cecc18-8ed7-4322-90d3-45271f59cb7b" parentExecutionId="f8c5c210-7898-4f48-8774-e771ee37041b" testId="e7975907-abd7-c724-e54c-c8600f564d67" testName="TestCNLogin" computerName="DESKTOP-LTNHK23" duration="00:00:00.0021388" startTime="2019-11-18T20:14:08.9029972+07:00" endTime="2019-11-18T20:14:08.9049970+07:00" testType="13cdc9d9-ddb5-4fa4-a97d-d965ccfc6d4b" outcome="Passed" testListId="8c84fa94-04c1-424b-9868-57a2d4851a1d" relativeResultsDirectory="f8c5c210-7898-4f48-8774-e771ee37041b" dataRowInfo="6" resultType="DataDrivenDataRow" />
        <UnitTestResult executionId="44764dc4-f5e1-49ce-816d-eac5c49232e5" parentExecutionId="f8c5c210-7898-4f48-8774-e771ee37041b" testId="e7975907-abd7-c724-e54c-c8600f564d67" testName="TestCNLogin" computerName="DESKTOP-LTNHK23" duration="00:00:00.0021298" startTime="2019-11-18T20:14:08.9049970+07:00" endTime="2019-11-18T20:14:08.9069960+07:00" testType="13cdc9d9-ddb5-4fa4-a97d-d965ccfc6d4b" outcome="Passed" testListId="8c84fa94-04c1-424b-9868-57a2d4851a1d" relativeResultsDirectory="f8c5c210-7898-4f48-8774-e771ee37041b" dataRowInfo="7" resultType="DataDrivenDataRow" />
        <UnitTestResult executionId="552c7385-3fed-4b7f-9253-faaed3c8b4ab" parentExecutionId="f8c5c210-7898-4f48-8774-e771ee37041b" testId="e7975907-abd7-c724-e54c-c8600f564d67" testName="TestCNLogin" computerName="DESKTOP-LTNHK23" duration="00:00:00.0019443" startTime="2019-11-18T20:14:08.9079959+07:00" endTime="2019-11-18T20:14:08.9089957+07:00" testType="13cdc9d9-ddb5-4fa4-a97d-d965ccfc6d4b" outcome="Passed" testListId="8c84fa94-04c1-424b-9868-57a2d4851a1d" relativeResultsDirectory="f8c5c210-7898-4f48-8774-e771ee37041b" dataRowInfo="8" resultType="DataDrivenDataRow" />
        <UnitTestResult executionId="31f2bfff-f37f-4fc7-98ac-9d77bb378e81" parentExecutionId="f8c5c210-7898-4f48-8774-e771ee37041b" testId="e7975907-abd7-c724-e54c-c8600f564d67" testName="TestCNLogin" computerName="DESKTOP-LTNHK23" duration="00:00:00.0024832" startTime="2019-11-18T20:14:08.9099957+07:00" endTime="2019-11-18T20:14:08.9119953+07:00" testType="13cdc9d9-ddb5-4fa4-a97d-d965ccfc6d4b" outcome="Passed" testListId="8c84fa94-04c1-424b-9868-57a2d4851a1d" relativeResultsDirectory="f8c5c210-7898-4f48-8774-e771ee37041b" dataRowInfo="9" resultType="DataDrivenDataRow" />
        <UnitTestResult executionId="45d6220a-c56c-47b0-b487-130ef0db4f0c" parentExecutionId="f8c5c210-7898-4f48-8774-e771ee37041b" testId="e7975907-abd7-c724-e54c-c8600f564d67" testName="TestCNLogin" computerName="DESKTOP-LTNHK23" duration="00:00:00.0019863" startTime="2019-11-18T20:14:08.9119953+07:00" endTime="2019-11-18T20:14:08.9139942+07:00" testType="13cdc9d9-ddb5-4fa4-a97d-d965ccfc6d4b" outcome="Passed" testListId="8c84fa94-04c1-424b-9868-57a2d4851a1d" relativeResultsDirectory="f8c5c210-7898-4f48-8774-e771ee37041b" dataRowInfo="10" resultType="DataDrivenDataRow" />
        <UnitTestResult executionId="e8ef5acc-035c-434a-83da-2253a6bf7270" parentExecutionId="f8c5c210-7898-4f48-8774-e771ee37041b" testId="e7975907-abd7-c724-e54c-c8600f564d67" testName="TestCNLogin" computerName="DESKTOP-LTNHK23" duration="00:00:00.0021807" startTime="2019-11-18T20:14:08.9139942+07:00" endTime="2019-11-18T20:14:08.9159937+07:00" testType="13cdc9d9-ddb5-4fa4-a97d-d965ccfc6d4b" outcome="Passed" testListId="8c84fa94-04c1-424b-9868-57a2d4851a1d" relativeResultsDirectory="f8c5c210-7898-4f48-8774-e771ee37041b" dataRowInfo="11" resultType="DataDrivenDataRow" />
        <UnitTestResult executionId="16d89168-12ee-4631-bef7-42e6e9485723" parentExecutionId="f8c5c210-7898-4f48-8774-e771ee37041b" testId="e7975907-abd7-c724-e54c-c8600f564d67" testName="TestCNLogin" computerName="DESKTOP-LTNHK23" duration="00:00:00.0022536" startTime="2019-11-18T20:14:08.9159937+07:00" endTime="2019-11-18T20:14:08.9189932+07:00" testType="13cdc9d9-ddb5-4fa4-a97d-d965ccfc6d4b" outcome="Passed" testListId="8c84fa94-04c1-424b-9868-57a2d4851a1d" relativeResultsDirectory="f8c5c210-7898-4f48-8774-e771ee37041b" dataRowInfo="12" resultType="DataDrivenDataRow" />
        <UnitTestResult executionId="81c3ba8a-2803-452d-99e2-4470207cf6b5" parentExecutionId="f8c5c210-7898-4f48-8774-e771ee37041b" testId="e7975907-abd7-c724-e54c-c8600f564d67" testName="TestCNLogin" computerName="DESKTOP-LTNHK23" duration="00:00:00.0028107" startTime="2019-11-18T20:14:08.9189932+07:00" endTime="2019-11-18T20:14:08.9209922+07:00" testType="13cdc9d9-ddb5-4fa4-a97d-d965ccfc6d4b" outcome="Passed" testListId="8c84fa94-04c1-424b-9868-57a2d4851a1d" relativeResultsDirectory="f8c5c210-7898-4f48-8774-e771ee37041b" dataRowInfo="13" resultType="DataDrivenDataRow" />
        <UnitTestResult executionId="bad590af-6acb-437e-a4b6-eefe32301689" parentExecutionId="f8c5c210-7898-4f48-8774-e771ee37041b" testId="e7975907-abd7-c724-e54c-c8600f564d67" testName="TestCNLogin" computerName="DESKTOP-LTNHK23" duration="00:00:00.0037908" startTime="2019-11-18T20:14:08.9209922+07:00" endTime="2019-11-18T20:14:08.9249903+07:00" testType="13cdc9d9-ddb5-4fa4-a97d-d965ccfc6d4b" outcome="Failed" testListId="8c84fa94-04c1-424b-9868-57a2d4851a1d" relativeResultsDirectory="f8c5c210-7898-4f48-8774-e771ee37041b" dataRowInfo="14" resultType="DataDrivenDataRow">
          <Output>
            <ErrorInfo>
              <Message>Test method testPM.TestLogin.TestCNLogin threw exception: 
System.InvalidOperationException: số kí tự quá lớn</Message>
              <StackTrace>    at testPM.TestLogin.TestCNLogin() in C:\Users\Dell\Desktop\Dangnhap\testPM\Test_Login.cs:line 27
</StackTrace>
            </ErrorInfo>
          </Output>
        </UnitTestResult>
      </InnerResults>
    </UnitTestResult>
  </Results>
</TestRun>