<?xml version="1.0" encoding="UTF-8"?>
<TestRun id="95576390-88a9-467b-bfd1-0b279f38d4bc" name="Dell@DESKTOP-LTNHK23 2019-11-08 14:18:11" runUser="DESKTOP-LTNHK23\Dell" xmlns="http://microsoft.com/schemas/VisualStudio/TeamTest/2010">
  <TestSettings name="Local" id="cea33156-e72c-4d1b-a57b-eb1a5b3c21c1">
    <Description>These are default test settings for a local test run.</Description>
    <Deployment enabled="false" runDeploymentRoot="Dell_DESKTOP-LTNHK23 2019-11-08 14_18_11">
      <DeploymentItem filename="C:\Users\Dell\Desktop\Dangnhap\Dangnhap\bin\Debug\Dangnhap.exe" />
    </Deployment>
    <Execution>
      <TestTypeSpecific />
      <AgentRule name="Execution Agents">
      </AgentRule>
    </Execution>
  </TestSettings>
  <Times creation="2019-11-08T14:18:11.7032066+07:00" queuing="2019-11-08T14:18:11.7252075+07:00" start="2019-11-08T14:18:11.7291848+07:00" finish="2019-11-08T14:18:12.3023505+07:00" />
  <ResultSummary outcome="Failed">
    <Counters total="20" executed="20" passed="15" error="0" failed="5" timeout="0" aborted="0" inconclusive="0" passedButRunAborted="0" notRunnable="0" notExecuted="0" disconnected="0" warning="0" completed="0" inProgress="0" pending="0" />
    <RunInfos>
      <RunInfo computerName="DESKTOP-LTNHK23" outcome="Warning" timestamp="2019-11-08T14:18:11.7252075+07:00">
        <Text>Deployment is currently disabled. The deployment item 'testPM\testThanhToan.csv' on test 'testPM.Test_ThanhToan.test_ThanhToan' was not deployed.</Text>
      </RunInfo>
    </RunInfos>
  </ResultSummary>
  <TestDefinitions>
    <UnitTest name="test_ThanhToan" storage="c:\users\dell\desktop\dangnhap\testpm\bin\debug\testpm.dll" id="2169934a-9f13-ee0b-caac-0e95b5225d2b">
      <DeploymentItems>
        <DeploymentItem filename="testPM\testThanhToan.csv" />
      </DeploymentItems>
      <Execution id="85f70a27-9144-4c91-978b-3c4e4dd36337" />
      <TestMethod codeBase="C:/Users/Dell/Desktop/Dangnhap/testPM/bin/Debug/testPM.DLL" adapterTypeName="Microsoft.VisualStudio.TestTools.TestTypes.Unit.UnitTestAdapter, Microsoft.VisualStudio.QualityTools.Tips.UnitTest.Adapter, Version=10.0.0.0, Culture=neutral, PublicKeyToken=b03f5f7f11d50a3a" className="testPM.Test_ThanhToan, testPM, Version=1.0.0.0, Culture=neutral, PublicKeyToken=null" name="test_ThanhToan" />
      <DataSource connectionString="|DataDirectory|\testThanhToan.csv" providerInvariantName="Microsoft.VisualStudio.TestTools.DataSource.CSV" tableName="testThanhToan#csv" />
    </UnitTest>
    <UnitTest name="TestCNLogin" storage="c:\users\dell\desktop\dangnhap\testpm\bin\debug\testpm.dll" id="e7975907-abd7-c724-e54c-c8600f564d67">
      <DeploymentItems>
        <DeploymentItem filename="testPM\testLogin.csv" />
      </DeploymentItems>
      <Execution id="4687a638-691a-48f8-90e3-045c1553ff1c" />
      <TestMethod codeBase="C:/Users/Dell/Desktop/Dangnhap/testPM/bin/Debug/testPM.DLL" adapterTypeName="Microsoft.VisualStudio.TestTools.TestTypes.Unit.UnitTestAdapter, Microsoft.VisualStudio.QualityTools.Tips.UnitTest.Adapter, Version=10.0.0.0, Culture=neutral, PublicKeyToken=b03f5f7f11d50a3a" className="testPM.TestLogin, testPM, Version=1.0.0.0, Culture=neutral, PublicKeyToken=null" name="TestCNLogin" />
      <DataSource connectionString="|DataDirectory|\testLogin.csv" providerInvariantName="Microsoft.VisualStudio.TestTools.DataSource.CSV" tableName="testLogin#csv" />
    </UnitTest>
  </TestDefinitions>
  <TestLists>
    <TestList name="Results Not in a List" id="8c84fa94-04c1-424b-9868-57a2d4851a1d" />
    <TestList name="All Loaded Results" id="19431567-8539-422a-85d7-44ee4e166bda" />
  </TestLists>
  <TestEntries>
    <TestEntry testId="2169934a-9f13-ee0b-caac-0e95b5225d2b" executionId="85f70a27-9144-4c91-978b-3c4e4dd36337" testListId="8c84fa94-04c1-424b-9868-57a2d4851a1d" />
    <TestEntry testId="e7975907-abd7-c724-e54c-c8600f564d67" executionId="4687a638-691a-48f8-90e3-045c1553ff1c" testListId="8c84fa94-04c1-424b-9868-57a2d4851a1d" />
  </TestEntries>
  <Results>
    <UnitTestResult executionId="85f70a27-9144-4c91-978b-3c4e4dd36337" testId="2169934a-9f13-ee0b-caac-0e95b5225d2b" testName="test_ThanhToan" computerName="DESKTOP-LTNHK23" duration="00:00:00.1616424" startTime="2019-11-08T14:18:11.7361815+07:00" endTime="2019-11-08T14:18:12.1192421+07:00" testType="13cdc9d9-ddb5-4fa4-a97d-d965ccfc6d4b" outcome="Failed" testListId="8c84fa94-04c1-424b-9868-57a2d4851a1d" relativeResultsDirectory="85f70a27-9144-4c91-978b-3c4e4dd36337" resultType="DataDrivenTest">
      <Counters error="0" failed="2" timeout="0" aborted="0" inconclusive="0" passedButRunAborted="0" notRunnable="0" notExecuted="0" disconnected="0" warning="0" passed="1" completed="0" inProgress="0" pending="0" />
      <InnerResults>
        <UnitTestResult executionId="39d2b723-82e2-4e6b-a6a2-3e18dc1d03c2" parentExecutionId="85f70a27-9144-4c91-978b-3c4e4dd36337" testId="2169934a-9f13-ee0b-caac-0e95b5225d2b" testName="test_ThanhToan" computerName="DESKTOP-LTNHK23" duration="00:00:00.0213430" startTime="2019-11-08T14:18:12.0622769+07:00" endTime="2019-11-08T14:18:12.0872526+07:00" testType="13cdc9d9-ddb5-4fa4-a97d-d965ccfc6d4b" outcome="Passed" testListId="8c84fa94-04c1-424b-9868-57a2d4851a1d" relativeResultsDirectory="85f70a27-9144-4c91-978b-3c4e4dd36337" dataRowInfo="0" resultType="DataDrivenDataRow" />
        <UnitTestResult executionId="934e9ad6-6dc6-4c6b-a5cd-0742e65d8782" parentExecutionId="85f70a27-9144-4c91-978b-3c4e4dd36337" testId="2169934a-9f13-ee0b-caac-0e95b5225d2b" testName="test_ThanhToan" computerName="DESKTOP-LTNHK23" duration="00:00:00.0163036" startTime="2019-11-08T14:18:12.0872526+07:00" endTime="2019-11-08T14:18:12.1042474+07:00" testType="13cdc9d9-ddb5-4fa4-a97d-d965ccfc6d4b" outcome="Failed" testListId="8c84fa94-04c1-424b-9868-57a2d4851a1d" relativeResultsDirectory="85f70a27-9144-4c91-978b-3c4e4dd36337" dataRowInfo="1" resultType="DataDrivenDataRow">
          <Output>
            <ErrorInfo>
              <Message>Test method testPM.Test_ThanhToan.test_ThanhToan threw exception: 
System.FormatException: Input string was not in a correct format.</Message>
              <StackTrace>    at System.Number.StringToNumber(String str, NumberStyles options, NumberBuffer&amp; number, NumberFormatInfo info, Boolean parseDecimal)
   at System.Number.ParseInt32(String s, NumberStyles style, NumberFormatInfo info)
   at System.Int32.Parse(String s)
   at testPM.Test_ThanhToan.test_ThanhToan() in C:\Users\Dell\Desktop\Dangnhap\testPM\Test_ThanhToan.cs:line 22
</StackTrace>
            </ErrorInfo>
          </Output>
        </UnitTestResult>
        <UnitTestResult executionId="23535767-03b5-4887-8b80-43e9b8fcd3ad" parentExecutionId="85f70a27-9144-4c91-978b-3c4e4dd36337" testId="2169934a-9f13-ee0b-caac-0e95b5225d2b" testName="test_ThanhToan" computerName="DESKTOP-LTNHK23" duration="00:00:00.0022237" startTime="2019-11-08T14:18:12.1042474+07:00" endTime="2019-11-08T14:18:12.1062467+07:00" testType="13cdc9d9-ddb5-4fa4-a97d-d965ccfc6d4b" outcome="Failed" testListId="8c84fa94-04c1-424b-9868-57a2d4851a1d" relativeResultsDirectory="85f70a27-9144-4c91-978b-3c4e4dd36337" dataRowInfo="2" resultType="DataDrivenDataRow">
          <Output>
            <ErrorInfo>
              <Message>Test method testPM.Test_ThanhToan.test_ThanhToan threw exception: 
System.FormatException: Input string was not in a correct format.</Message>
              <StackTrace>    at System.Number.StringToNumber(String str, NumberStyles options, NumberBuffer&amp; number, NumberFormatInfo info, Boolean parseDecimal)
   at System.Number.ParseInt32(String s, NumberStyles style, NumberFormatInfo info)
   at System.Int32.Parse(String s)
   at testPM.Test_ThanhToan.test_ThanhToan() in C:\Users\Dell\Desktop\Dangnhap\testPM\Test_ThanhToan.cs:line 22
</StackTrace>
            </ErrorInfo>
          </Output>
        </UnitTestResult>
      </InnerResults>
    </UnitTestResult>
    <UnitTestResult executionId="4687a638-691a-48f8-90e3-045c1553ff1c" testId="e7975907-abd7-c724-e54c-c8600f564d67" testName="TestCNLogin" computerName="DESKTOP-LTNHK23" duration="00:00:00.1362135" startTime="2019-11-08T14:18:12.1242432+07:00" endTime="2019-11-08T14:18:12.2843679+07:00" testType="13cdc9d9-ddb5-4fa4-a97d-d965ccfc6d4b" outcome="Failed" testListId="8c84fa94-04c1-424b-9868-57a2d4851a1d" relativeResultsDirectory="4687a638-691a-48f8-90e3-045c1553ff1c" resultType="DataDrivenTest">
      <Counters error="0" failed="1" timeout="0" aborted="0" inconclusive="0" passedButRunAborted="0" notRunnable="0" notExecuted="0" disconnected="0" warning="0" passed="14" completed="0" inProgress="0" pending="0" />
      <InnerResults>
        <UnitTestResult executionId="e8fe2378-49c1-44c8-870d-d7269bf398d6" parentExecutionId="4687a638-691a-48f8-90e3-045c1553ff1c" testId="e7975907-abd7-c724-e54c-c8600f564d67" testName="TestCNLogin" computerName="DESKTOP-LTNHK23" duration="00:00:00.0105455" startTime="2019-11-08T14:18:12.2362954+07:00" endTime="2019-11-08T14:18:12.2463829+07:00" testType="13cdc9d9-ddb5-4fa4-a97d-d965ccfc6d4b" outcome="Passed" testListId="8c84fa94-04c1-424b-9868-57a2d4851a1d" relativeResultsDirectory="4687a638-691a-48f8-90e3-045c1553ff1c" dataRowInfo="0" resultType="DataDrivenDataRow" />
        <UnitTestResult executionId="bfee669e-8866-4887-8691-647b34a6a087" parentExecutionId="4687a638-691a-48f8-90e3-045c1553ff1c" testId="e7975907-abd7-c724-e54c-c8600f564d67" testName="TestCNLogin" computerName="DESKTOP-LTNHK23" duration="00:00:00.0010510" startTime="2019-11-08T14:18:12.2463829+07:00" endTime="2019-11-08T14:18:12.2473648+07:00" testType="13cdc9d9-ddb5-4fa4-a97d-d965ccfc6d4b" outcome="Passed" testListId="8c84fa94-04c1-424b-9868-57a2d4851a1d" relativeResultsDirectory="4687a638-691a-48f8-90e3-045c1553ff1c" dataRowInfo="1" resultType="DataDrivenDataRow" />
        <UnitTestResult executionId="6726e210-f2b8-443e-80b2-3b5cd634cd94" parentExecutionId="4687a638-691a-48f8-90e3-045c1553ff1c" testId="e7975907-abd7-c724-e54c-c8600f564d67" testName="TestCNLogin" computerName="DESKTOP-LTNHK23" duration="00:00:00.0008895" startTime="2019-11-08T14:18:12.2473648+07:00" endTime="2019-11-08T14:18:12.2483758+07:00" testType="13cdc9d9-ddb5-4fa4-a97d-d965ccfc6d4b" outcome="Passed" testListId="8c84fa94-04c1-424b-9868-57a2d4851a1d" relativeResultsDirectory="4687a638-691a-48f8-90e3-045c1553ff1c" dataRowInfo="2" resultType="DataDrivenDataRow" />
        <UnitTestResult executionId="d578a796-982a-459c-a59d-2667ccdeb973" parentExecutionId="4687a638-691a-48f8-90e3-045c1553ff1c" testId="e7975907-abd7-c724-e54c-c8600f564d67" testName="TestCNLogin" computerName="DESKTOP-LTNHK23" duration="00:00:00.0019412" startTime="2019-11-08T14:18:12.2483758+07:00" endTime="2019-11-08T14:18:12.2503645+07:00" testType="13cdc9d9-ddb5-4fa4-a97d-d965ccfc6d4b" outcome="Passed" testListId="8c84fa94-04c1-424b-9868-57a2d4851a1d" relativeResultsDirectory="4687a638-691a-48f8-90e3-045c1553ff1c" dataRowInfo="3" resultType="DataDrivenDataRow" />
        <UnitTestResult executionId="1480acbd-0afb-41c1-bc64-2aa0c6e565a6" parentExecutionId="4687a638-691a-48f8-90e3-045c1553ff1c" testId="e7975907-abd7-c724-e54c-c8600f564d67" testName="TestCNLogin" computerName="DESKTOP-LTNHK23" duration="00:00:00.0008666" startTime="2019-11-08T14:18:12.2503645+07:00" endTime="2019-11-08T14:18:12.2513634+07:00" testType="13cdc9d9-ddb5-4fa4-a97d-d965ccfc6d4b" outcome="Passed" testListId="8c84fa94-04c1-424b-9868-57a2d4851a1d" relativeResultsDirectory="4687a638-691a-48f8-90e3-045c1553ff1c" dataRowInfo="4" resultType="DataDrivenDataRow" />
        <UnitTestResult executionId="033ae225-9a5a-4d2a-82bc-85441f71a4a8" parentExecutionId="4687a638-691a-48f8-90e3-045c1553ff1c" testId="e7975907-abd7-c724-e54c-c8600f564d67" testName="TestCNLogin" computerName="DESKTOP-LTNHK23" duration="00:00:00.0008587" startTime="2019-11-08T14:18:12.2513634+07:00" endTime="2019-11-08T14:18:12.2523641+07:00" testType="13cdc9d9-ddb5-4fa4-a97d-d965ccfc6d4b" outcome="Passed" testListId="8c84fa94-04c1-424b-9868-57a2d4851a1d" relativeResultsDirectory="4687a638-691a-48f8-90e3-045c1553ff1c" dataRowInfo="5" resultType="DataDrivenDataRow" />
        <UnitTestResult executionId="d3df4c7c-f539-47e7-b84c-68364c60396b" parentExecutionId="4687a638-691a-48f8-90e3-045c1553ff1c" testId="e7975907-abd7-c724-e54c-c8600f564d67" testName="TestCNLogin" computerName="DESKTOP-LTNHK23" duration="00:00:00.0008669" startTime="2019-11-08T14:18:12.2523641+07:00" endTime="2019-11-08T14:18:12.2533628+07:00" testType="13cdc9d9-ddb5-4fa4-a97d-d965ccfc6d4b" outcome="Passed" testListId="8c84fa94-04c1-424b-9868-57a2d4851a1d" relativeResultsDirectory="4687a638-691a-48f8-90e3-045c1553ff1c" dataRowInfo="6" resultType="DataDrivenDataRow" />
        <UnitTestResult executionId="7896da4b-79e4-435f-9c73-e93c6fa31107" parentExecutionId="4687a638-691a-48f8-90e3-045c1553ff1c" testId="e7975907-abd7-c724-e54c-c8600f564d67" testName="TestCNLogin" computerName="DESKTOP-LTNHK23" duration="00:00:00.0008443" startTime="2019-11-08T14:18:12.2533628+07:00" endTime="2019-11-08T14:18:12.2543635+07:00" testType="13cdc9d9-ddb5-4fa4-a97d-d965ccfc6d4b" outcome="Passed" testListId="8c84fa94-04c1-424b-9868-57a2d4851a1d" relativeResultsDirectory="4687a638-691a-48f8-90e3-045c1553ff1c" dataRowInfo="7" resultType="DataDrivenDataRow" />
        <UnitTestResult executionId="208f4895-a8e8-4460-baf1-857f6a1ee2df" parentExecutionId="4687a638-691a-48f8-90e3-045c1553ff1c" testId="e7975907-abd7-c724-e54c-c8600f564d67" testName="TestCNLogin" computerName="DESKTOP-LTNHK23" duration="00:00:00.0008847" startTime="2019-11-08T14:18:12.2543635+07:00" endTime="2019-11-08T14:18:12.2553623+07:00" testType="13cdc9d9-ddb5-4fa4-a97d-d965ccfc6d4b" outcome="Passed" testListId="8c84fa94-04c1-424b-9868-57a2d4851a1d" relativeResultsDirectory="4687a638-691a-48f8-90e3-045c1553ff1c" dataRowInfo="8" resultType="DataDrivenDataRow" />
        <UnitTestResult executionId="6ea4eb53-18e9-4a21-8076-7e8f101c98f8" parentExecutionId="4687a638-691a-48f8-90e3-045c1553ff1c" testId="e7975907-abd7-c724-e54c-c8600f564d67" testName="TestCNLogin" computerName="DESKTOP-LTNHK23" duration="00:00:00.0008188" startTime="2019-11-08T14:18:12.2553623+07:00" endTime="2019-11-08T14:18:12.2553623+07:00" testType="13cdc9d9-ddb5-4fa4-a97d-d965ccfc6d4b" outcome="Passed" testListId="8c84fa94-04c1-424b-9868-57a2d4851a1d" relativeResultsDirectory="4687a638-691a-48f8-90e3-045c1553ff1c" dataRowInfo="9" resultType="DataDrivenDataRow" />
        <UnitTestResult executionId="dad80967-b746-4b16-bfe5-3abb88d6d787" parentExecutionId="4687a638-691a-48f8-90e3-045c1553ff1c" testId="e7975907-abd7-c724-e54c-c8600f564d67" testName="TestCNLogin" computerName="DESKTOP-LTNHK23" duration="00:00:00.0008594" startTime="2019-11-08T14:18:12.2553623+07:00" endTime="2019-11-08T14:18:12.2563700+07:00" testType="13cdc9d9-ddb5-4fa4-a97d-d965ccfc6d4b" outcome="Passed" testListId="8c84fa94-04c1-424b-9868-57a2d4851a1d" relativeResultsDirectory="4687a638-691a-48f8-90e3-045c1553ff1c" dataRowInfo="10" resultType="DataDrivenDataRow" />
        <UnitTestResult executionId="dfdb4f8b-4ac4-4ff3-91c9-4f1359d89a4a" parentExecutionId="4687a638-691a-48f8-90e3-045c1553ff1c" testId="e7975907-abd7-c724-e54c-c8600f564d67" testName="TestCNLogin" computerName="DESKTOP-LTNHK23" duration="00:00:00.0023778" startTime="2019-11-08T14:18:12.2563700+07:00" endTime="2019-11-08T14:18:12.2593631+07:00" testType="13cdc9d9-ddb5-4fa4-a97d-d965ccfc6d4b" outcome="Passed" testListId="8c84fa94-04c1-424b-9868-57a2d4851a1d" relativeResultsDirectory="4687a638-691a-48f8-90e3-045c1553ff1c" dataRowInfo="11" resultType="DataDrivenDataRow" />
        <UnitTestResult executionId="8a63cc48-9e85-4128-a362-c79903b00775" parentExecutionId="4687a638-691a-48f8-90e3-045c1553ff1c" testId="e7975907-abd7-c724-e54c-c8600f564d67" testName="TestCNLogin" computerName="DESKTOP-LTNHK23" duration="00:00:00.0008518" startTime="2019-11-08T14:18:12.2593631+07:00" endTime="2019-11-08T14:18:12.2603617+07:00" testType="13cdc9d9-ddb5-4fa4-a97d-d965ccfc6d4b" outcome="Passed" testListId="8c84fa94-04c1-424b-9868-57a2d4851a1d" relativeResultsDirectory="4687a638-691a-48f8-90e3-045c1553ff1c" dataRowInfo="12" resultType="DataDrivenDataRow" />
        <UnitTestResult executionId="bc6ab7c0-02c8-4d10-83d7-1e69855fa752" parentExecutionId="4687a638-691a-48f8-90e3-045c1553ff1c" testId="e7975907-abd7-c724-e54c-c8600f564d67" testName="TestCNLogin" computerName="DESKTOP-LTNHK23" duration="00:00:00.0008183" startTime="2019-11-08T14:18:12.2603617+07:00" endTime="2019-11-08T14:18:12.2603617+07:00" testType="13cdc9d9-ddb5-4fa4-a97d-d965ccfc6d4b" outcome="Passed" testListId="8c84fa94-04c1-424b-9868-57a2d4851a1d" relativeResultsDirectory="4687a638-691a-48f8-90e3-045c1553ff1c" dataRowInfo="13" resultType="DataDrivenDataRow" />
        <UnitTestResult executionId="7beb9ed6-a638-4c0f-a541-9779b740b47f" parentExecutionId="4687a638-691a-48f8-90e3-045c1553ff1c" testId="e7975907-abd7-c724-e54c-c8600f564d67" testName="TestCNLogin" computerName="DESKTOP-LTNHK23" duration="00:00:00.0021647" startTime="2019-11-08T14:18:12.2603617+07:00" endTime="2019-11-08T14:18:12.2633610+07:00" testType="13cdc9d9-ddb5-4fa4-a97d-d965ccfc6d4b" outcome="Failed" testListId="8c84fa94-04c1-424b-9868-57a2d4851a1d" relativeResultsDirectory="4687a638-691a-48f8-90e3-045c1553ff1c" dataRowInfo="14" resultType="DataDrivenDataRow">
          <Output>
            <ErrorInfo>
              <Message>Test method testPM.TestLogin.TestCNLogin threw exception: 
System.InvalidOperationException: số kí tự quá lớn</Message>
              <StackTrace>    at testPM.TestLogin.TestCNLogin() in C:\Users\Dell\Desktop\Dangnhap\testPM\Test_Login.cs:line 27
</StackTrace>
            </ErrorInfo>
          </Output>
        </UnitTestResult>
      </InnerResults>
    </UnitTestResult>
  </Results>
</TestRun>