<?xml version="1.0" encoding="UTF-8"?>
<TestRun id="ebfeb101-7ad7-48ea-aa3c-8721fa88c9de" name="Dell@DESKTOP-LTNHK23 2019-11-07 15:55:02" runUser="DESKTOP-LTNHK23\Dell" xmlns="http://microsoft.com/schemas/VisualStudio/TeamTest/2010">
  <TestSettings name="Local" id="cea33156-e72c-4d1b-a57b-eb1a5b3c21c1">
    <Description>These are default test settings for a local test run.</Description>
    <Deployment enabled="false" runDeploymentRoot="Dell_DESKTOP-LTNHK23 2019-11-07 15_55_02">
      <DeploymentItem filename="C:\Users\Dell\Desktop\Dangnhap\Dangnhap\bin\Debug\Dangnhap.exe" />
    </Deployment>
    <Execution>
      <TestTypeSpecific />
      <AgentRule name="Execution Agents">
      </AgentRule>
    </Execution>
  </TestSettings>
  <Times creation="2019-11-07T15:55:02.9586508+07:00" queuing="2019-11-07T15:55:02.9716307+07:00" start="2019-11-07T15:55:02.9786277+07:00" finish="2019-11-07T15:55:03.4515338+07:00" />
  <ResultSummary outcome="Failed">
    <Counters total="16" executed="16" passed="14" error="0" failed="2" timeout="0" aborted="0" inconclusive="0" passedButRunAborted="0" notRunnable="0" notExecuted="0" disconnected="0" warning="0" completed="0" inProgress="0" pending="0" />
    <RunInfos>
      <RunInfo computerName="DESKTOP-LTNHK23" outcome="Warning" timestamp="2019-11-07T15:55:02.9716307+07:00">
        <Text>Deployment is currently disabled. The deployment item 'testPM\testLogin.csv' on test 'testPM.TestLogin.TestCNLogin' was not deployed.</Text>
      </RunInfo>
    </RunInfos>
  </ResultSummary>
  <TestDefinitions>
    <UnitTest name="TestCNLogin" storage="c:\users\dell\desktop\dangnhap\testpm\bin\debug\testpm.dll" id="e7975907-abd7-c724-e54c-c8600f564d67">
      <DeploymentItems>
        <DeploymentItem filename="testPM\testLogin.csv" />
      </DeploymentItems>
      <Execution id="d9b1a945-c755-4a3e-8cce-2fc28dded554" />
      <TestMethod codeBase="C:/Users/Dell/Desktop/Dangnhap/testPM/bin/Debug/testPM.DLL" adapterTypeName="Microsoft.VisualStudio.TestTools.TestTypes.Unit.UnitTestAdapter, Microsoft.VisualStudio.QualityTools.Tips.UnitTest.Adapter, Version=10.0.0.0, Culture=neutral, PublicKeyToken=b03f5f7f11d50a3a" className="testPM.TestLogin, testPM, Version=1.0.0.0, Culture=neutral, PublicKeyToken=null" name="TestCNLogin" />
      <DataSource connectionString="|DataDirectory|\testLogin.csv" providerInvariantName="Microsoft.VisualStudio.TestTools.DataSource.CSV" tableName="testLogin#csv" />
    </UnitTest>
  </TestDefinitions>
  <TestLists>
    <TestList name="Results Not in a List" id="8c84fa94-04c1-424b-9868-57a2d4851a1d" />
    <TestList name="All Loaded Results" id="19431567-8539-422a-85d7-44ee4e166bda" />
  </TestLists>
  <TestEntries>
    <TestEntry testId="e7975907-abd7-c724-e54c-c8600f564d67" executionId="d9b1a945-c755-4a3e-8cce-2fc28dded554" testListId="8c84fa94-04c1-424b-9868-57a2d4851a1d" />
  </TestEntries>
  <Results>
    <UnitTestResult executionId="d9b1a945-c755-4a3e-8cce-2fc28dded554" testId="e7975907-abd7-c724-e54c-c8600f564d67" testName="TestCNLogin" computerName="DESKTOP-LTNHK23" duration="00:00:00.2020417" startTime="2019-11-07T15:55:02.9846258+07:00" endTime="2019-11-07T15:55:03.4125641+07:00" testType="13cdc9d9-ddb5-4fa4-a97d-d965ccfc6d4b" outcome="Failed" testListId="8c84fa94-04c1-424b-9868-57a2d4851a1d" relativeResultsDirectory="d9b1a945-c755-4a3e-8cce-2fc28dded554" resultType="DataDrivenTest">
      <Counters error="0" failed="1" timeout="0" aborted="0" inconclusive="0" passedButRunAborted="0" notRunnable="0" notExecuted="0" disconnected="0" warning="0" passed="14" completed="0" inProgress="0" pending="0" />
      <InnerResults>
        <UnitTestResult executionId="49ca9dee-06be-4464-b1db-33cdd706f6d6" parentExecutionId="d9b1a945-c755-4a3e-8cce-2fc28dded554" testId="e7975907-abd7-c724-e54c-c8600f564d67" testName="TestCNLogin" computerName="DESKTOP-LTNHK23" duration="00:00:00.0567093" startTime="2019-11-07T15:55:03.2955726+07:00" endTime="2019-11-07T15:55:03.3555805+07:00" testType="13cdc9d9-ddb5-4fa4-a97d-d965ccfc6d4b" outcome="Passed" testListId="8c84fa94-04c1-424b-9868-57a2d4851a1d" relativeResultsDirectory="d9b1a945-c755-4a3e-8cce-2fc28dded554" dataRowInfo="0" resultType="DataDrivenDataRow" />
        <UnitTestResult executionId="592045d6-3ef9-4e34-8600-216e745c0a86" parentExecutionId="d9b1a945-c755-4a3e-8cce-2fc28dded554" testId="e7975907-abd7-c724-e54c-c8600f564d67" testName="TestCNLogin" computerName="DESKTOP-LTNHK23" duration="00:00:00.0012856" startTime="2019-11-07T15:55:03.3555805+07:00" endTime="2019-11-07T15:55:03.3575800+07:00" testType="13cdc9d9-ddb5-4fa4-a97d-d965ccfc6d4b" outcome="Passed" testListId="8c84fa94-04c1-424b-9868-57a2d4851a1d" relativeResultsDirectory="d9b1a945-c755-4a3e-8cce-2fc28dded554" dataRowInfo="1" resultType="DataDrivenDataRow" />
        <UnitTestResult executionId="a3113754-21fa-4619-9898-1a1b1cf34e8d" parentExecutionId="d9b1a945-c755-4a3e-8cce-2fc28dded554" testId="e7975907-abd7-c724-e54c-c8600f564d67" testName="TestCNLogin" computerName="DESKTOP-LTNHK23" duration="00:00:00.0018631" startTime="2019-11-07T15:55:03.3575800+07:00" endTime="2019-11-07T15:55:03.3595633+07:00" testType="13cdc9d9-ddb5-4fa4-a97d-d965ccfc6d4b" outcome="Passed" testListId="8c84fa94-04c1-424b-9868-57a2d4851a1d" relativeResultsDirectory="d9b1a945-c755-4a3e-8cce-2fc28dded554" dataRowInfo="2" resultType="DataDrivenDataRow" />
        <UnitTestResult executionId="c80d5934-76e1-4dfd-b5df-0b6908d05580" parentExecutionId="d9b1a945-c755-4a3e-8cce-2fc28dded554" testId="e7975907-abd7-c724-e54c-c8600f564d67" testName="TestCNLogin" computerName="DESKTOP-LTNHK23" duration="00:00:00.0010976" startTime="2019-11-07T15:55:03.3595633+07:00" endTime="2019-11-07T15:55:03.3605739+07:00" testType="13cdc9d9-ddb5-4fa4-a97d-d965ccfc6d4b" outcome="Passed" testListId="8c84fa94-04c1-424b-9868-57a2d4851a1d" relativeResultsDirectory="d9b1a945-c755-4a3e-8cce-2fc28dded554" dataRowInfo="3" resultType="DataDrivenDataRow" />
        <UnitTestResult executionId="195a80e2-b1b5-4b85-8918-d592f3c38403" parentExecutionId="d9b1a945-c755-4a3e-8cce-2fc28dded554" testId="e7975907-abd7-c724-e54c-c8600f564d67" testName="TestCNLogin" computerName="DESKTOP-LTNHK23" duration="00:00:00.0023238" startTime="2019-11-07T15:55:03.3605739+07:00" endTime="2019-11-07T15:55:03.3625624+07:00" testType="13cdc9d9-ddb5-4fa4-a97d-d965ccfc6d4b" outcome="Passed" testListId="8c84fa94-04c1-424b-9868-57a2d4851a1d" relativeResultsDirectory="d9b1a945-c755-4a3e-8cce-2fc28dded554" dataRowInfo="4" resultType="DataDrivenDataRow" />
        <UnitTestResult executionId="d6f1013a-fdac-4ed2-bfb6-dde532ba2afb" parentExecutionId="d9b1a945-c755-4a3e-8cce-2fc28dded554" testId="e7975907-abd7-c724-e54c-c8600f564d67" testName="TestCNLogin" computerName="DESKTOP-LTNHK23" duration="00:00:00.0010268" startTime="2019-11-07T15:55:03.3625624+07:00" endTime="2019-11-07T15:55:03.3635623+07:00" testType="13cdc9d9-ddb5-4fa4-a97d-d965ccfc6d4b" outcome="Passed" testListId="8c84fa94-04c1-424b-9868-57a2d4851a1d" relativeResultsDirectory="d9b1a945-c755-4a3e-8cce-2fc28dded554" dataRowInfo="5" resultType="DataDrivenDataRow" />
        <UnitTestResult executionId="b9315a9c-998c-4643-a5a8-777004504904" parentExecutionId="d9b1a945-c755-4a3e-8cce-2fc28dded554" testId="e7975907-abd7-c724-e54c-c8600f564d67" testName="TestCNLogin" computerName="DESKTOP-LTNHK23" duration="00:00:00.0008938" startTime="2019-11-07T15:55:03.3635623+07:00" endTime="2019-11-07T15:55:03.3645719+07:00" testType="13cdc9d9-ddb5-4fa4-a97d-d965ccfc6d4b" outcome="Passed" testListId="8c84fa94-04c1-424b-9868-57a2d4851a1d" relativeResultsDirectory="d9b1a945-c755-4a3e-8cce-2fc28dded554" dataRowInfo="6" resultType="DataDrivenDataRow" />
        <UnitTestResult executionId="dfccfeee-7d74-4289-b8ec-51fa60c86cfc" parentExecutionId="d9b1a945-c755-4a3e-8cce-2fc28dded554" testId="e7975907-abd7-c724-e54c-c8600f564d67" testName="TestCNLogin" computerName="DESKTOP-LTNHK23" duration="00:00:00.0008600" startTime="2019-11-07T15:55:03.3645719+07:00" endTime="2019-11-07T15:55:03.3655719+07:00" testType="13cdc9d9-ddb5-4fa4-a97d-d965ccfc6d4b" outcome="Passed" testListId="8c84fa94-04c1-424b-9868-57a2d4851a1d" relativeResultsDirectory="d9b1a945-c755-4a3e-8cce-2fc28dded554" dataRowInfo="7" resultType="DataDrivenDataRow" />
        <UnitTestResult executionId="004e6022-3701-4b3e-8d1d-63385d156465" parentExecutionId="d9b1a945-c755-4a3e-8cce-2fc28dded554" testId="e7975907-abd7-c724-e54c-c8600f564d67" testName="TestCNLogin" computerName="DESKTOP-LTNHK23" duration="00:00:00.0008665" startTime="2019-11-07T15:55:03.3655719+07:00" endTime="2019-11-07T15:55:03.3665713+07:00" testType="13cdc9d9-ddb5-4fa4-a97d-d965ccfc6d4b" outcome="Passed" testListId="8c84fa94-04c1-424b-9868-57a2d4851a1d" relativeResultsDirectory="d9b1a945-c755-4a3e-8cce-2fc28dded554" dataRowInfo="8" resultType="DataDrivenDataRow" />
        <UnitTestResult executionId="53436cb0-e948-4646-8f6c-8ea22cd5f8d3" parentExecutionId="d9b1a945-c755-4a3e-8cce-2fc28dded554" testId="e7975907-abd7-c724-e54c-c8600f564d67" testName="TestCNLogin" computerName="DESKTOP-LTNHK23" duration="00:00:00.0009133" startTime="2019-11-07T15:55:03.3665713+07:00" endTime="2019-11-07T15:55:03.3675710+07:00" testType="13cdc9d9-ddb5-4fa4-a97d-d965ccfc6d4b" outcome="Passed" testListId="8c84fa94-04c1-424b-9868-57a2d4851a1d" relativeResultsDirectory="d9b1a945-c755-4a3e-8cce-2fc28dded554" dataRowInfo="9" resultType="DataDrivenDataRow" />
        <UnitTestResult executionId="dda8c270-a307-4468-9e6a-2f48d47cf835" parentExecutionId="d9b1a945-c755-4a3e-8cce-2fc28dded554" testId="e7975907-abd7-c724-e54c-c8600f564d67" testName="TestCNLogin" computerName="DESKTOP-LTNHK23" duration="00:00:00.0008299" startTime="2019-11-07T15:55:03.3675710+07:00" endTime="2019-11-07T15:55:03.3685628+07:00" testType="13cdc9d9-ddb5-4fa4-a97d-d965ccfc6d4b" outcome="Passed" testListId="8c84fa94-04c1-424b-9868-57a2d4851a1d" relativeResultsDirectory="d9b1a945-c755-4a3e-8cce-2fc28dded554" dataRowInfo="10" resultType="DataDrivenDataRow" />
        <UnitTestResult executionId="a1e70dd5-7be4-446d-a3a3-a3b3ec038552" parentExecutionId="d9b1a945-c755-4a3e-8cce-2fc28dded554" testId="e7975907-abd7-c724-e54c-c8600f564d67" testName="TestCNLogin" computerName="DESKTOP-LTNHK23" duration="00:00:00.0017612" startTime="2019-11-07T15:55:03.3685628+07:00" endTime="2019-11-07T15:55:03.3695594+07:00" testType="13cdc9d9-ddb5-4fa4-a97d-d965ccfc6d4b" outcome="Passed" testListId="8c84fa94-04c1-424b-9868-57a2d4851a1d" relativeResultsDirectory="d9b1a945-c755-4a3e-8cce-2fc28dded554" dataRowInfo="11" resultType="DataDrivenDataRow" />
        <UnitTestResult executionId="08065055-b166-4e5f-9cdd-76d156decaea" parentExecutionId="d9b1a945-c755-4a3e-8cce-2fc28dded554" testId="e7975907-abd7-c724-e54c-c8600f564d67" testName="TestCNLogin" computerName="DESKTOP-LTNHK23" duration="00:00:00.0008862" startTime="2019-11-07T15:55:03.3695594+07:00" endTime="2019-11-07T15:55:03.3705607+07:00" testType="13cdc9d9-ddb5-4fa4-a97d-d965ccfc6d4b" outcome="Passed" testListId="8c84fa94-04c1-424b-9868-57a2d4851a1d" relativeResultsDirectory="d9b1a945-c755-4a3e-8cce-2fc28dded554" dataRowInfo="12" resultType="DataDrivenDataRow" />
        <UnitTestResult executionId="7020f487-645d-4592-b2cb-fa503ebfe51f" parentExecutionId="d9b1a945-c755-4a3e-8cce-2fc28dded554" testId="e7975907-abd7-c724-e54c-c8600f564d67" testName="TestCNLogin" computerName="DESKTOP-LTNHK23" duration="00:00:00.0008368" startTime="2019-11-07T15:55:03.3705607+07:00" endTime="2019-11-07T15:55:03.3715595+07:00" testType="13cdc9d9-ddb5-4fa4-a97d-d965ccfc6d4b" outcome="Passed" testListId="8c84fa94-04c1-424b-9868-57a2d4851a1d" relativeResultsDirectory="d9b1a945-c755-4a3e-8cce-2fc28dded554" dataRowInfo="13" resultType="DataDrivenDataRow" />
        <UnitTestResult executionId="e53c8ccc-8846-480e-ad4e-054f1d03dc21" parentExecutionId="d9b1a945-c755-4a3e-8cce-2fc28dded554" testId="e7975907-abd7-c724-e54c-c8600f564d67" testName="TestCNLogin" computerName="DESKTOP-LTNHK23" duration="00:00:00.0147383" startTime="2019-11-07T15:55:03.3715595+07:00" endTime="2019-11-07T15:55:03.3865703+07:00" testType="13cdc9d9-ddb5-4fa4-a97d-d965ccfc6d4b" outcome="Failed" testListId="8c84fa94-04c1-424b-9868-57a2d4851a1d" relativeResultsDirectory="d9b1a945-c755-4a3e-8cce-2fc28dded554" dataRowInfo="14" resultType="DataDrivenDataRow">
          <Output>
            <ErrorInfo>
              <Message>Test method testPM.TestLogin.TestCNLogin threw exception: 
System.InvalidOperationException: số kí tự quá lớn</Message>
              <StackTrace>    at testPM.TestLogin.TestCNLogin() in C:\Users\Dell\Desktop\Dangnhap\testPM\Test_Login.cs:line 27
</StackTrace>
            </ErrorInfo>
          </Output>
        </UnitTestResult>
      </InnerResults>
    </UnitTestResult>
  </Results>
</TestRun>