<?xml version="1.0" encoding="UTF-8"?>
<TestRun id="1d7cf7ad-43c4-464b-86c6-471b8ebd83ba" name="Dell@DESKTOP-LTNHK23 2019-11-07 15:55:34" runUser="DESKTOP-LTNHK23\Dell" xmlns="http://microsoft.com/schemas/VisualStudio/TeamTest/2010">
  <TestSettings name="Local" id="cea33156-e72c-4d1b-a57b-eb1a5b3c21c1">
    <Description>These are default test settings for a local test run.</Description>
    <Deployment enabled="false" runDeploymentRoot="Dell_DESKTOP-LTNHK23 2019-11-07 15_55_34">
      <DeploymentItem filename="C:\Users\Dell\Desktop\Dangnhap\Dangnhap\bin\Debug\Dangnhap.exe" />
    </Deployment>
    <Execution>
      <TestTypeSpecific />
      <AgentRule name="Execution Agents">
      </AgentRule>
    </Execution>
  </TestSettings>
  <Times creation="2019-11-07T15:55:34.0801585+07:00" queuing="2019-11-07T15:55:34.0931829+07:00" start="2019-11-07T15:55:34.0972016+07:00" finish="2019-11-07T15:55:34.5911770+07:00" />
  <ResultSummary outcome="Failed">
    <Counters total="5" executed="5" passed="3" error="0" failed="2" timeout="0" aborted="0" inconclusive="0" passedButRunAborted="0" notRunnable="0" notExecuted="0" disconnected="0" warning="0" completed="0" inProgress="0" pending="0" />
    <RunInfos>
      <RunInfo computerName="DESKTOP-LTNHK23" outcome="Warning" timestamp="2019-11-07T15:55:34.0921823+07:00">
        <Text>Deployment is currently disabled. The deployment item 'testPM\testThanhToan.csv' on test 'testPM.Test_ThanhToan.test_ThanhToan' was not deployed.</Text>
      </RunInfo>
    </RunInfos>
  </ResultSummary>
  <TestDefinitions>
    <UnitTest name="test_ThanhToan" storage="c:\users\dell\desktop\dangnhap\testpm\bin\debug\testpm.dll" id="2169934a-9f13-ee0b-caac-0e95b5225d2b">
      <DeploymentItems>
        <DeploymentItem filename="testPM\testThanhToan.csv" />
      </DeploymentItems>
      <Execution id="36a08b37-a390-462d-a25e-855c31f7fa5f" />
      <TestMethod codeBase="C:/Users/Dell/Desktop/Dangnhap/testPM/bin/Debug/testPM.DLL" adapterTypeName="Microsoft.VisualStudio.TestTools.TestTypes.Unit.UnitTestAdapter, Microsoft.VisualStudio.QualityTools.Tips.UnitTest.Adapter, Version=10.0.0.0, Culture=neutral, PublicKeyToken=b03f5f7f11d50a3a" className="testPM.Test_ThanhToan, testPM, Version=1.0.0.0, Culture=neutral, PublicKeyToken=null" name="test_ThanhToan" />
      <DataSource connectionString="|DataDirectory|\testThanhToan.csv" providerInvariantName="Microsoft.VisualStudio.TestTools.DataSource.CSV" tableName="testThanhToan#csv" />
    </UnitTest>
  </TestDefinitions>
  <TestLists>
    <TestList name="Results Not in a List" id="8c84fa94-04c1-424b-9868-57a2d4851a1d" />
    <TestList name="All Loaded Results" id="19431567-8539-422a-85d7-44ee4e166bda" />
  </TestLists>
  <TestEntries>
    <TestEntry testId="2169934a-9f13-ee0b-caac-0e95b5225d2b" executionId="36a08b37-a390-462d-a25e-855c31f7fa5f" testListId="8c84fa94-04c1-424b-9868-57a2d4851a1d" />
  </TestEntries>
  <Results>
    <UnitTestResult executionId="36a08b37-a390-462d-a25e-855c31f7fa5f" testId="2169934a-9f13-ee0b-caac-0e95b5225d2b" testName="test_ThanhToan" computerName="DESKTOP-LTNHK23" duration="00:00:00.1770530" startTime="2019-11-07T15:55:34.1081996+07:00" endTime="2019-11-07T15:55:34.5731782+07:00" testType="13cdc9d9-ddb5-4fa4-a97d-d965ccfc6d4b" outcome="Failed" testListId="8c84fa94-04c1-424b-9868-57a2d4851a1d" relativeResultsDirectory="36a08b37-a390-462d-a25e-855c31f7fa5f" resultType="DataDrivenTest">
      <Counters error="0" failed="1" timeout="0" aborted="0" inconclusive="0" passedButRunAborted="0" notRunnable="0" notExecuted="0" disconnected="0" warning="0" passed="3" completed="0" inProgress="0" pending="0" />
      <InnerResults>
        <UnitTestResult executionId="1c0e1804-e373-4cec-b843-8289aafae8f1" parentExecutionId="36a08b37-a390-462d-a25e-855c31f7fa5f" testId="2169934a-9f13-ee0b-caac-0e95b5225d2b" testName="test_ThanhToan" computerName="DESKTOP-LTNHK23" duration="00:00:00.0179640" startTime="2019-11-07T15:55:34.5251940+07:00" endTime="2019-11-07T15:55:34.5482025+07:00" testType="13cdc9d9-ddb5-4fa4-a97d-d965ccfc6d4b" outcome="Passed" testListId="8c84fa94-04c1-424b-9868-57a2d4851a1d" relativeResultsDirectory="36a08b37-a390-462d-a25e-855c31f7fa5f" dataRowInfo="0" resultType="DataDrivenDataRow" />
        <UnitTestResult executionId="38960bfe-9e47-4b8b-b8f3-4abe9077ffc8" parentExecutionId="36a08b37-a390-462d-a25e-855c31f7fa5f" testId="2169934a-9f13-ee0b-caac-0e95b5225d2b" testName="test_ThanhToan" computerName="DESKTOP-LTNHK23" duration="00:00:00.0000405" startTime="2019-11-07T15:55:34.5482025+07:00" endTime="2019-11-07T15:55:34.5482025+07:00" testType="13cdc9d9-ddb5-4fa4-a97d-d965ccfc6d4b" outcome="Passed" testListId="8c84fa94-04c1-424b-9868-57a2d4851a1d" relativeResultsDirectory="36a08b37-a390-462d-a25e-855c31f7fa5f" dataRowInfo="1" resultType="DataDrivenDataRow" />
        <UnitTestResult executionId="db38a7e2-f7be-4836-bff6-3a74aacd92b8" parentExecutionId="36a08b37-a390-462d-a25e-855c31f7fa5f" testId="2169934a-9f13-ee0b-caac-0e95b5225d2b" testName="test_ThanhToan" computerName="DESKTOP-LTNHK23" duration="00:00:00.0000147" startTime="2019-11-07T15:55:34.5482025+07:00" endTime="2019-11-07T15:55:34.5482025+07:00" testType="13cdc9d9-ddb5-4fa4-a97d-d965ccfc6d4b" outcome="Passed" testListId="8c84fa94-04c1-424b-9868-57a2d4851a1d" relativeResultsDirectory="36a08b37-a390-462d-a25e-855c31f7fa5f" dataRowInfo="2" resultType="DataDrivenDataRow" />
        <UnitTestResult executionId="6d21e5ce-451d-4a86-aa3f-c4afda2b3dc4" parentExecutionId="36a08b37-a390-462d-a25e-855c31f7fa5f" testId="2169934a-9f13-ee0b-caac-0e95b5225d2b" testName="test_ThanhToan" computerName="DESKTOP-LTNHK23" duration="00:00:00.0122509" startTime="2019-11-07T15:55:34.5482025+07:00" endTime="2019-11-07T15:55:34.5601982+07:00" testType="13cdc9d9-ddb5-4fa4-a97d-d965ccfc6d4b" outcome="Failed" testListId="8c84fa94-04c1-424b-9868-57a2d4851a1d" relativeResultsDirectory="36a08b37-a390-462d-a25e-855c31f7fa5f" dataRowInfo="3" resultType="DataDrivenDataRow">
          <Output>
            <ErrorInfo>
              <Message>Assert.AreEqual failed. Expected:&lt;False&gt;. Actual:&lt;True&gt;. </Message>
              <StackTrace>   at testPM.Test_ThanhToan.test_ThanhToan() in C:\Users\Dell\Desktop\Dangnhap\testPM\Test_ThanhToan.cs:line 28
</StackTrace>
            </ErrorInfo>
          </Output>
        </UnitTestResult>
      </InnerResults>
    </UnitTestResult>
  </Results>
</TestRun>