<?xml version="1.0" encoding="UTF-8"?>
<TestRun id="c7b2376b-051a-4f81-badc-912ad0468b2f" name="Dell@DESKTOP-LTNHK23 2019-11-08 14:08:44" runUser="DESKTOP-LTNHK23\Dell" xmlns="http://microsoft.com/schemas/VisualStudio/TeamTest/2010">
  <TestSettings name="Local" id="cea33156-e72c-4d1b-a57b-eb1a5b3c21c1">
    <Description>These are default test settings for a local test run.</Description>
    <Deployment enabled="false" runDeploymentRoot="Dell_DESKTOP-LTNHK23 2019-11-08 14_08_44">
      <DeploymentItem filename="C:\Users\Dell\Desktop\Dangnhap\Dangnhap\bin\Debug\Dangnhap.exe" />
    </Deployment>
    <Execution>
      <TestTypeSpecific />
      <AgentRule name="Execution Agents">
      </AgentRule>
    </Execution>
  </TestSettings>
  <Times creation="2019-11-08T14:08:44.9922096+07:00" queuing="2019-11-08T14:08:45.0232007+07:00" start="2019-11-08T14:08:45.0282132+07:00" finish="2019-11-08T14:08:47.0978388+07:00" />
  <ResultSummary outcome="Failed">
    <Counters total="6" executed="6" passed="3" error="0" failed="3" timeout="0" aborted="0" inconclusive="0" passedButRunAborted="0" notRunnable="0" notExecuted="0" disconnected="0" warning="0" completed="0" inProgress="0" pending="0" />
    <RunInfos>
      <RunInfo computerName="DESKTOP-LTNHK23" outcome="Warning" timestamp="2019-11-08T14:08:45.0232007+07:00">
        <Text>Deployment is currently disabled. The deployment item 'testPM\testThanhToan.csv' on test 'testPM.Test_ThanhToan.test_ThanhToan' was not deployed.</Text>
      </RunInfo>
    </RunInfos>
  </ResultSummary>
  <TestDefinitions>
    <UnitTest name="test_ThanhToan" storage="c:\users\dell\desktop\dangnhap\testpm\bin\debug\testpm.dll" id="2169934a-9f13-ee0b-caac-0e95b5225d2b">
      <DeploymentItems>
        <DeploymentItem filename="testPM\testThanhToan.csv" />
      </DeploymentItems>
      <Execution id="7f483a40-d190-44ea-9abf-edd306259384" />
      <TestMethod codeBase="C:/Users/Dell/Desktop/Dangnhap/testPM/bin/Debug/testPM.DLL" adapterTypeName="Microsoft.VisualStudio.TestTools.TestTypes.Unit.UnitTestAdapter, Microsoft.VisualStudio.QualityTools.Tips.UnitTest.Adapter, Version=10.0.0.0, Culture=neutral, PublicKeyToken=b03f5f7f11d50a3a" className="testPM.Test_ThanhToan, testPM, Version=1.0.0.0, Culture=neutral, PublicKeyToken=null" name="test_ThanhToan" />
      <DataSource connectionString="|DataDirectory|\testThanhToan.csv" providerInvariantName="Microsoft.VisualStudio.TestTools.DataSource.CSV" tableName="testThanhToan#csv" />
    </UnitTest>
  </TestDefinitions>
  <TestLists>
    <TestList name="Results Not in a List" id="8c84fa94-04c1-424b-9868-57a2d4851a1d" />
    <TestList name="All Loaded Results" id="19431567-8539-422a-85d7-44ee4e166bda" />
  </TestLists>
  <TestEntries>
    <TestEntry testId="2169934a-9f13-ee0b-caac-0e95b5225d2b" executionId="7f483a40-d190-44ea-9abf-edd306259384" testListId="8c84fa94-04c1-424b-9868-57a2d4851a1d" />
  </TestEntries>
  <Results>
    <UnitTestResult executionId="7f483a40-d190-44ea-9abf-edd306259384" testId="2169934a-9f13-ee0b-caac-0e95b5225d2b" testName="test_ThanhToan" computerName="DESKTOP-LTNHK23" duration="00:00:00.2810943" startTime="2019-11-08T14:08:45.0361947+07:00" endTime="2019-11-08T14:08:45.5500312+07:00" testType="13cdc9d9-ddb5-4fa4-a97d-d965ccfc6d4b" outcome="Failed" testListId="8c84fa94-04c1-424b-9868-57a2d4851a1d" relativeResultsDirectory="7f483a40-d190-44ea-9abf-edd306259384" resultType="DataDrivenTest">
      <Counters error="0" failed="2" timeout="0" aborted="0" inconclusive="0" passedButRunAborted="0" notRunnable="0" notExecuted="0" disconnected="0" warning="0" passed="3" completed="0" inProgress="0" pending="0" />
      <InnerResults>
        <UnitTestResult executionId="917a4911-fed0-4cac-8c24-833e484d9d08" parentExecutionId="7f483a40-d190-44ea-9abf-edd306259384" testId="2169934a-9f13-ee0b-caac-0e95b5225d2b" testName="test_ThanhToan" computerName="DESKTOP-LTNHK23" duration="00:00:00.0872155" startTime="2019-11-08T14:08:45.3990871+07:00" endTime="2019-11-08T14:08:45.4930500+07:00" testType="13cdc9d9-ddb5-4fa4-a97d-d965ccfc6d4b" outcome="Passed" testListId="8c84fa94-04c1-424b-9868-57a2d4851a1d" relativeResultsDirectory="7f483a40-d190-44ea-9abf-edd306259384" dataRowInfo="0" resultType="DataDrivenDataRow" />
        <UnitTestResult executionId="a1cf03e7-0fcf-4cb9-8576-1caa477dad4a" parentExecutionId="7f483a40-d190-44ea-9abf-edd306259384" testId="2169934a-9f13-ee0b-caac-0e95b5225d2b" testName="test_ThanhToan" computerName="DESKTOP-LTNHK23" duration="00:00:00.0006782" startTime="2019-11-08T14:08:45.4930500+07:00" endTime="2019-11-08T14:08:45.4930500+07:00" testType="13cdc9d9-ddb5-4fa4-a97d-d965ccfc6d4b" outcome="Passed" testListId="8c84fa94-04c1-424b-9868-57a2d4851a1d" relativeResultsDirectory="7f483a40-d190-44ea-9abf-edd306259384" dataRowInfo="1" resultType="DataDrivenDataRow" />
        <UnitTestResult executionId="e0044c25-8444-42bb-8e6e-5caf58eff09e" parentExecutionId="7f483a40-d190-44ea-9abf-edd306259384" testId="2169934a-9f13-ee0b-caac-0e95b5225d2b" testName="test_ThanhToan" computerName="DESKTOP-LTNHK23" duration="00:00:00.0000667" startTime="2019-11-08T14:08:45.4930500+07:00" endTime="2019-11-08T14:08:45.4940500+07:00" testType="13cdc9d9-ddb5-4fa4-a97d-d965ccfc6d4b" outcome="Passed" testListId="8c84fa94-04c1-424b-9868-57a2d4851a1d" relativeResultsDirectory="7f483a40-d190-44ea-9abf-edd306259384" dataRowInfo="2" resultType="DataDrivenDataRow" />
        <UnitTestResult executionId="cfd0aafb-fab8-4227-8322-05a0e672feeb" parentExecutionId="7f483a40-d190-44ea-9abf-edd306259384" testId="2169934a-9f13-ee0b-caac-0e95b5225d2b" testName="test_ThanhToan" computerName="DESKTOP-LTNHK23" duration="00:00:00.0218563" startTime="2019-11-08T14:08:45.4940500+07:00" endTime="2019-11-08T14:08:45.5150422+07:00" testType="13cdc9d9-ddb5-4fa4-a97d-d965ccfc6d4b" outcome="Failed" testListId="8c84fa94-04c1-424b-9868-57a2d4851a1d" relativeResultsDirectory="7f483a40-d190-44ea-9abf-edd306259384" dataRowInfo="3" resultType="DataDrivenDataRow">
          <Output>
            <ErrorInfo>
              <Message>Assert.AreEqual failed. Expected:&lt;False&gt;. Actual:&lt;True&gt;. </Message>
              <StackTrace>   at testPM.Test_ThanhToan.test_ThanhToan() in C:\Users\Dell\Desktop\Dangnhap\testPM\Test_ThanhToan.cs:line 32
</StackTrace>
            </ErrorInfo>
          </Output>
        </UnitTestResult>
        <UnitTestResult executionId="c61a68b8-8883-4a10-827f-60126a167eb8" parentExecutionId="7f483a40-d190-44ea-9abf-edd306259384" testId="2169934a-9f13-ee0b-caac-0e95b5225d2b" testName="test_ThanhToan" computerName="DESKTOP-LTNHK23" duration="00:00:00.0073275" startTime="2019-11-08T14:08:45.5150422+07:00" endTime="2019-11-08T14:08:45.5230394+07:00" testType="13cdc9d9-ddb5-4fa4-a97d-d965ccfc6d4b" outcome="Failed" testListId="8c84fa94-04c1-424b-9868-57a2d4851a1d" relativeResultsDirectory="7f483a40-d190-44ea-9abf-edd306259384" dataRowInfo="4" resultType="DataDrivenDataRow">
          <Output>
            <ErrorInfo>
              <Message>Test method testPM.Test_ThanhToan.test_ThanhToan threw exception: 
System.FormatException: Input string was not in a correct format.</Message>
              <StackTrace>    at System.Number.StringToNumber(String str, NumberStyles options, NumberBuffer&amp; number, NumberFormatInfo info, Boolean parseDecimal)
   at System.Number.ParseInt32(String s, NumberStyles style, NumberFormatInfo info)
   at System.Int32.Parse(String s)
   at testPM.Test_ThanhToan.test_ThanhToan() in C:\Users\Dell\Desktop\Dangnhap\testPM\Test_ThanhToan.cs:line 22
</StackTrace>
            </ErrorInfo>
          </Output>
        </UnitTestResult>
      </InnerResults>
    </UnitTestResult>
  </Results>
</TestRun>