<?xml version="1.0" encoding="UTF-8"?>
<TestRun id="5f8d9ff1-4d45-425b-9ea2-ce4f9d737525" name="Dell@DESKTOP-LTNHK23 2019-11-08 14:19:00" runUser="DESKTOP-LTNHK23\Dell" xmlns="http://microsoft.com/schemas/VisualStudio/TeamTest/2010">
  <TestSettings name="Local" id="cea33156-e72c-4d1b-a57b-eb1a5b3c21c1">
    <Description>These are default test settings for a local test run.</Description>
    <Deployment enabled="false" runDeploymentRoot="Dell_DESKTOP-LTNHK23 2019-11-08 14_19_00">
      <DeploymentItem filename="C:\Users\Dell\Desktop\Dangnhap\Dangnhap\bin\Debug\Dangnhap.exe" />
    </Deployment>
    <Execution>
      <TestTypeSpecific />
      <AgentRule name="Execution Agents">
      </AgentRule>
    </Execution>
  </TestSettings>
  <Times creation="2019-11-08T14:19:00.4052483+07:00" queuing="2019-11-08T14:19:00.6151818+07:00" start="2019-11-08T14:19:00.6591666+07:00" finish="2019-11-08T14:19:01.6078627+07:00" />
  <ResultSummary outcome="Failed">
    <Counters total="20" executed="20" passed="15" error="0" failed="5" timeout="0" aborted="0" inconclusive="0" passedButRunAborted="0" notRunnable="0" notExecuted="0" disconnected="0" warning="0" completed="0" inProgress="0" pending="0" />
    <RunInfos>
      <RunInfo computerName="DESKTOP-LTNHK23" outcome="Warning" timestamp="2019-11-08T14:19:00.4422374+07:00">
        <Text>Deployment is currently disabled. The deployment item 'testPM\testThanhToan.csv' on test 'testPM.Test_ThanhToan.test_ThanhToan' was not deployed.</Text>
      </RunInfo>
    </RunInfos>
  </ResultSummary>
  <TestDefinitions>
    <UnitTest name="test_ThanhToan" storage="c:\users\dell\desktop\dangnhap\testpm\bin\debug\testpm.dll" id="2169934a-9f13-ee0b-caac-0e95b5225d2b">
      <DeploymentItems>
        <DeploymentItem filename="testPM\testThanhToan.csv" />
      </DeploymentItems>
      <Execution id="2ea2bdc0-2df6-46f0-96dd-cba082662a7f" />
      <TestMethod codeBase="C:/Users/Dell/Desktop/Dangnhap/testPM/bin/Debug/testPM.DLL" adapterTypeName="Microsoft.VisualStudio.TestTools.TestTypes.Unit.UnitTestAdapter, Microsoft.VisualStudio.QualityTools.Tips.UnitTest.Adapter, Version=10.0.0.0, Culture=neutral, PublicKeyToken=b03f5f7f11d50a3a" className="testPM.Test_ThanhToan, testPM, Version=1.0.0.0, Culture=neutral, PublicKeyToken=null" name="test_ThanhToan" />
      <DataSource connectionString="|DataDirectory|\testThanhToan.csv" providerInvariantName="Microsoft.VisualStudio.TestTools.DataSource.CSV" tableName="testThanhToan#csv" />
    </UnitTest>
    <UnitTest name="TestCNLogin" storage="c:\users\dell\desktop\dangnhap\testpm\bin\debug\testpm.dll" id="e7975907-abd7-c724-e54c-c8600f564d67">
      <DeploymentItems>
        <DeploymentItem filename="testPM\testLogin.csv" />
      </DeploymentItems>
      <Execution id="703b323a-5f36-4cb5-8ed4-09d8a6d0615a" />
      <TestMethod codeBase="C:/Users/Dell/Desktop/Dangnhap/testPM/bin/Debug/testPM.DLL" adapterTypeName="Microsoft.VisualStudio.TestTools.TestTypes.Unit.UnitTestAdapter, Microsoft.VisualStudio.QualityTools.Tips.UnitTest.Adapter, Version=10.0.0.0, Culture=neutral, PublicKeyToken=b03f5f7f11d50a3a" className="testPM.TestLogin, testPM, Version=1.0.0.0, Culture=neutral, PublicKeyToken=null" name="TestCNLogin" />
      <DataSource connectionString="|DataDirectory|\testLogin.csv" providerInvariantName="Microsoft.VisualStudio.TestTools.DataSource.CSV" tableName="testLogin#csv" />
    </UnitTest>
  </TestDefinitions>
  <TestLists>
    <TestList name="Results Not in a List" id="8c84fa94-04c1-424b-9868-57a2d4851a1d" />
    <TestList name="All Loaded Results" id="19431567-8539-422a-85d7-44ee4e166bda" />
  </TestLists>
  <TestEntries>
    <TestEntry testId="2169934a-9f13-ee0b-caac-0e95b5225d2b" executionId="2ea2bdc0-2df6-46f0-96dd-cba082662a7f" testListId="8c84fa94-04c1-424b-9868-57a2d4851a1d" />
    <TestEntry testId="e7975907-abd7-c724-e54c-c8600f564d67" executionId="703b323a-5f36-4cb5-8ed4-09d8a6d0615a" testListId="8c84fa94-04c1-424b-9868-57a2d4851a1d" />
  </TestEntries>
  <Results>
    <UnitTestResult executionId="2ea2bdc0-2df6-46f0-96dd-cba082662a7f" testId="2169934a-9f13-ee0b-caac-0e95b5225d2b" testName="test_ThanhToan" computerName="DESKTOP-LTNHK23" duration="00:00:00.2603280" startTime="2019-11-08T14:19:00.6711652+07:00" endTime="2019-11-08T14:19:01.3379733+07:00" testType="13cdc9d9-ddb5-4fa4-a97d-d965ccfc6d4b" outcome="Failed" testListId="8c84fa94-04c1-424b-9868-57a2d4851a1d" relativeResultsDirectory="2ea2bdc0-2df6-46f0-96dd-cba082662a7f" resultType="DataDrivenTest">
      <Counters error="0" failed="2" timeout="0" aborted="0" inconclusive="0" passedButRunAborted="0" notRunnable="0" notExecuted="0" disconnected="0" warning="0" passed="1" completed="0" inProgress="0" pending="0" />
      <InnerResults>
        <UnitTestResult executionId="afcaad79-f96f-4247-8a27-37804c1fcd1e" parentExecutionId="2ea2bdc0-2df6-46f0-96dd-cba082662a7f" testId="2169934a-9f13-ee0b-caac-0e95b5225d2b" testName="test_ThanhToan" computerName="DESKTOP-LTNHK23" duration="00:00:00.0573090" startTime="2019-11-08T14:19:01.2380049+07:00" endTime="2019-11-08T14:19:01.2999774+07:00" testType="13cdc9d9-ddb5-4fa4-a97d-d965ccfc6d4b" outcome="Passed" testListId="8c84fa94-04c1-424b-9868-57a2d4851a1d" relativeResultsDirectory="2ea2bdc0-2df6-46f0-96dd-cba082662a7f" dataRowInfo="0" resultType="DataDrivenDataRow" />
        <UnitTestResult executionId="0946a3ba-382f-4e12-84bc-ec4317c5a410" parentExecutionId="2ea2bdc0-2df6-46f0-96dd-cba082662a7f" testId="2169934a-9f13-ee0b-caac-0e95b5225d2b" testName="test_ThanhToan" computerName="DESKTOP-LTNHK23" duration="00:00:00.0215300" startTime="2019-11-08T14:19:01.2999774+07:00" endTime="2019-11-08T14:19:01.3209794+07:00" testType="13cdc9d9-ddb5-4fa4-a97d-d965ccfc6d4b" outcome="Failed" testListId="8c84fa94-04c1-424b-9868-57a2d4851a1d" relativeResultsDirectory="2ea2bdc0-2df6-46f0-96dd-cba082662a7f" dataRowInfo="1" resultType="DataDrivenDataRow">
          <Output>
            <ErrorInfo>
              <Message>Test method testPM.Test_ThanhToan.test_ThanhToan threw exception: 
System.FormatException: Input string was not in a correct format.</Message>
              <StackTrace>    at System.Number.StringToNumber(String str, NumberStyles options, NumberBuffer&amp; number, NumberFormatInfo info, Boolean parseDecimal)
   at System.Number.ParseInt32(String s, NumberStyles style, NumberFormatInfo info)
   at System.Int32.Parse(String s)
   at testPM.Test_ThanhToan.test_ThanhToan() in C:\Users\Dell\Desktop\Dangnhap\testPM\Test_ThanhToan.cs:line 22
</StackTrace>
            </ErrorInfo>
          </Output>
        </UnitTestResult>
        <UnitTestResult executionId="f6dbd30e-3f0a-43e0-a280-3aa467f59b9f" parentExecutionId="2ea2bdc0-2df6-46f0-96dd-cba082662a7f" testId="2169934a-9f13-ee0b-caac-0e95b5225d2b" testName="test_ThanhToan" computerName="DESKTOP-LTNHK23" duration="00:00:00.0019791" startTime="2019-11-08T14:19:01.3209794+07:00" endTime="2019-11-08T14:19:01.3229787+07:00" testType="13cdc9d9-ddb5-4fa4-a97d-d965ccfc6d4b" outcome="Failed" testListId="8c84fa94-04c1-424b-9868-57a2d4851a1d" relativeResultsDirectory="2ea2bdc0-2df6-46f0-96dd-cba082662a7f" dataRowInfo="2" resultType="DataDrivenDataRow">
          <Output>
            <ErrorInfo>
              <Message>Test method testPM.Test_ThanhToan.test_ThanhToan threw exception: 
System.FormatException: Input string was not in a correct format.</Message>
              <StackTrace>    at System.Number.StringToNumber(String str, NumberStyles options, NumberBuffer&amp; number, NumberFormatInfo info, Boolean parseDecimal)
   at System.Number.ParseInt32(String s, NumberStyles style, NumberFormatInfo info)
   at System.Int32.Parse(String s)
   at testPM.Test_ThanhToan.test_ThanhToan() in C:\Users\Dell\Desktop\Dangnhap\testPM\Test_ThanhToan.cs:line 22
</StackTrace>
            </ErrorInfo>
          </Output>
        </UnitTestResult>
      </InnerResults>
    </UnitTestResult>
    <UnitTestResult executionId="703b323a-5f36-4cb5-8ed4-09d8a6d0615a" testId="e7975907-abd7-c724-e54c-c8600f564d67" testName="TestCNLogin" computerName="DESKTOP-LTNHK23" duration="00:00:00.1929076" startTime="2019-11-08T14:19:01.3449467+07:00" endTime="2019-11-08T14:19:01.5649027+07:00" testType="13cdc9d9-ddb5-4fa4-a97d-d965ccfc6d4b" outcome="Failed" testListId="8c84fa94-04c1-424b-9868-57a2d4851a1d" relativeResultsDirectory="703b323a-5f36-4cb5-8ed4-09d8a6d0615a" resultType="DataDrivenTest">
      <Counters error="0" failed="1" timeout="0" aborted="0" inconclusive="0" passedButRunAborted="0" notRunnable="0" notExecuted="0" disconnected="0" warning="0" passed="14" completed="0" inProgress="0" pending="0" />
      <InnerResults>
        <UnitTestResult executionId="3f1e5b05-26fe-4dc4-894c-864bbfd661b2" parentExecutionId="703b323a-5f36-4cb5-8ed4-09d8a6d0615a" testId="e7975907-abd7-c724-e54c-c8600f564d67" testName="TestCNLogin" computerName="DESKTOP-LTNHK23" duration="00:00:00.0299697" startTime="2019-11-08T14:19:01.4899025+07:00" endTime="2019-11-08T14:19:01.5198907+07:00" testType="13cdc9d9-ddb5-4fa4-a97d-d965ccfc6d4b" outcome="Passed" testListId="8c84fa94-04c1-424b-9868-57a2d4851a1d" relativeResultsDirectory="703b323a-5f36-4cb5-8ed4-09d8a6d0615a" dataRowInfo="0" resultType="DataDrivenDataRow" />
        <UnitTestResult executionId="ec6cfa7d-b34f-4164-989a-99cd95d75ab5" parentExecutionId="703b323a-5f36-4cb5-8ed4-09d8a6d0615a" testId="e7975907-abd7-c724-e54c-c8600f564d67" testName="TestCNLogin" computerName="DESKTOP-LTNHK23" duration="00:00:00.0017750" startTime="2019-11-08T14:19:01.5198907+07:00" endTime="2019-11-08T14:19:01.5218902+07:00" testType="13cdc9d9-ddb5-4fa4-a97d-d965ccfc6d4b" outcome="Passed" testListId="8c84fa94-04c1-424b-9868-57a2d4851a1d" relativeResultsDirectory="703b323a-5f36-4cb5-8ed4-09d8a6d0615a" dataRowInfo="1" resultType="DataDrivenDataRow" />
        <UnitTestResult executionId="8973c6c3-4d8c-4ad0-885d-151e4a39812e" parentExecutionId="703b323a-5f36-4cb5-8ed4-09d8a6d0615a" testId="e7975907-abd7-c724-e54c-c8600f564d67" testName="TestCNLogin" computerName="DESKTOP-LTNHK23" duration="00:00:00.0021817" startTime="2019-11-08T14:19:01.5218902+07:00" endTime="2019-11-08T14:19:01.5238898+07:00" testType="13cdc9d9-ddb5-4fa4-a97d-d965ccfc6d4b" outcome="Passed" testListId="8c84fa94-04c1-424b-9868-57a2d4851a1d" relativeResultsDirectory="703b323a-5f36-4cb5-8ed4-09d8a6d0615a" dataRowInfo="2" resultType="DataDrivenDataRow" />
        <UnitTestResult executionId="829b3760-6a76-4d3f-8175-400131a1830f" parentExecutionId="703b323a-5f36-4cb5-8ed4-09d8a6d0615a" testId="e7975907-abd7-c724-e54c-c8600f564d67" testName="TestCNLogin" computerName="DESKTOP-LTNHK23" duration="00:00:00.0019716" startTime="2019-11-08T14:19:01.5238898+07:00" endTime="2019-11-08T14:19:01.5258892+07:00" testType="13cdc9d9-ddb5-4fa4-a97d-d965ccfc6d4b" outcome="Passed" testListId="8c84fa94-04c1-424b-9868-57a2d4851a1d" relativeResultsDirectory="703b323a-5f36-4cb5-8ed4-09d8a6d0615a" dataRowInfo="3" resultType="DataDrivenDataRow" />
        <UnitTestResult executionId="e04b319b-bbba-470f-a47d-8e761580a040" parentExecutionId="703b323a-5f36-4cb5-8ed4-09d8a6d0615a" testId="e7975907-abd7-c724-e54c-c8600f564d67" testName="TestCNLogin" computerName="DESKTOP-LTNHK23" duration="00:00:00.0016239" startTime="2019-11-08T14:19:01.5258892+07:00" endTime="2019-11-08T14:19:01.5278885+07:00" testType="13cdc9d9-ddb5-4fa4-a97d-d965ccfc6d4b" outcome="Passed" testListId="8c84fa94-04c1-424b-9868-57a2d4851a1d" relativeResultsDirectory="703b323a-5f36-4cb5-8ed4-09d8a6d0615a" dataRowInfo="4" resultType="DataDrivenDataRow" />
        <UnitTestResult executionId="edc0a775-ad43-4208-8905-20b110c18703" parentExecutionId="703b323a-5f36-4cb5-8ed4-09d8a6d0615a" testId="e7975907-abd7-c724-e54c-c8600f564d67" testName="TestCNLogin" computerName="DESKTOP-LTNHK23" duration="00:00:00.0013045" startTime="2019-11-08T14:19:01.5278885+07:00" endTime="2019-11-08T14:19:01.5288886+07:00" testType="13cdc9d9-ddb5-4fa4-a97d-d965ccfc6d4b" outcome="Passed" testListId="8c84fa94-04c1-424b-9868-57a2d4851a1d" relativeResultsDirectory="703b323a-5f36-4cb5-8ed4-09d8a6d0615a" dataRowInfo="5" resultType="DataDrivenDataRow" />
        <UnitTestResult executionId="9b5a3efc-6f02-4487-bbed-0f5ce03e998b" parentExecutionId="703b323a-5f36-4cb5-8ed4-09d8a6d0615a" testId="e7975907-abd7-c724-e54c-c8600f564d67" testName="TestCNLogin" computerName="DESKTOP-LTNHK23" duration="00:00:00.0017507" startTime="2019-11-08T14:19:01.5288886+07:00" endTime="2019-11-08T14:19:01.5308895+07:00" testType="13cdc9d9-ddb5-4fa4-a97d-d965ccfc6d4b" outcome="Passed" testListId="8c84fa94-04c1-424b-9868-57a2d4851a1d" relativeResultsDirectory="703b323a-5f36-4cb5-8ed4-09d8a6d0615a" dataRowInfo="6" resultType="DataDrivenDataRow" />
        <UnitTestResult executionId="4dd5bc2f-dc51-4e22-a212-97ddeea86e83" parentExecutionId="703b323a-5f36-4cb5-8ed4-09d8a6d0615a" testId="e7975907-abd7-c724-e54c-c8600f564d67" testName="TestCNLogin" computerName="DESKTOP-LTNHK23" duration="00:00:00.0015754" startTime="2019-11-08T14:19:01.5308895+07:00" endTime="2019-11-08T14:19:01.5318907+07:00" testType="13cdc9d9-ddb5-4fa4-a97d-d965ccfc6d4b" outcome="Passed" testListId="8c84fa94-04c1-424b-9868-57a2d4851a1d" relativeResultsDirectory="703b323a-5f36-4cb5-8ed4-09d8a6d0615a" dataRowInfo="7" resultType="DataDrivenDataRow" />
        <UnitTestResult executionId="9ea24197-5e50-4904-9fae-3d5f75c51cff" parentExecutionId="703b323a-5f36-4cb5-8ed4-09d8a6d0615a" testId="e7975907-abd7-c724-e54c-c8600f564d67" testName="TestCNLogin" computerName="DESKTOP-LTNHK23" duration="00:00:00.0009897" startTime="2019-11-08T14:19:01.5318907+07:00" endTime="2019-11-08T14:19:01.5328865+07:00" testType="13cdc9d9-ddb5-4fa4-a97d-d965ccfc6d4b" outcome="Passed" testListId="8c84fa94-04c1-424b-9868-57a2d4851a1d" relativeResultsDirectory="703b323a-5f36-4cb5-8ed4-09d8a6d0615a" dataRowInfo="8" resultType="DataDrivenDataRow" />
        <UnitTestResult executionId="0e3be438-01fd-4471-8df4-69fa75c678f7" parentExecutionId="703b323a-5f36-4cb5-8ed4-09d8a6d0615a" testId="e7975907-abd7-c724-e54c-c8600f564d67" testName="TestCNLogin" computerName="DESKTOP-LTNHK23" duration="00:00:00.0010641" startTime="2019-11-08T14:19:01.5328865+07:00" endTime="2019-11-08T14:19:01.5338888+07:00" testType="13cdc9d9-ddb5-4fa4-a97d-d965ccfc6d4b" outcome="Passed" testListId="8c84fa94-04c1-424b-9868-57a2d4851a1d" relativeResultsDirectory="703b323a-5f36-4cb5-8ed4-09d8a6d0615a" dataRowInfo="9" resultType="DataDrivenDataRow" />
        <UnitTestResult executionId="c36d78de-a92e-4bd0-9bb8-5f99933d349f" parentExecutionId="703b323a-5f36-4cb5-8ed4-09d8a6d0615a" testId="e7975907-abd7-c724-e54c-c8600f564d67" testName="TestCNLogin" computerName="DESKTOP-LTNHK23" duration="00:00:00.0013542" startTime="2019-11-08T14:19:01.5338888+07:00" endTime="2019-11-08T14:19:01.5358858+07:00" testType="13cdc9d9-ddb5-4fa4-a97d-d965ccfc6d4b" outcome="Passed" testListId="8c84fa94-04c1-424b-9868-57a2d4851a1d" relativeResultsDirectory="703b323a-5f36-4cb5-8ed4-09d8a6d0615a" dataRowInfo="10" resultType="DataDrivenDataRow" />
        <UnitTestResult executionId="cfc00bd2-a3f7-4cbe-8cc0-911825c3f4ab" parentExecutionId="703b323a-5f36-4cb5-8ed4-09d8a6d0615a" testId="e7975907-abd7-c724-e54c-c8600f564d67" testName="TestCNLogin" computerName="DESKTOP-LTNHK23" duration="00:00:00.0010289" startTime="2019-11-08T14:19:01.5358858+07:00" endTime="2019-11-08T14:19:01.5368876+07:00" testType="13cdc9d9-ddb5-4fa4-a97d-d965ccfc6d4b" outcome="Passed" testListId="8c84fa94-04c1-424b-9868-57a2d4851a1d" relativeResultsDirectory="703b323a-5f36-4cb5-8ed4-09d8a6d0615a" dataRowInfo="11" resultType="DataDrivenDataRow" />
        <UnitTestResult executionId="56bfcc53-c687-4a76-95af-57bc9979a0cd" parentExecutionId="703b323a-5f36-4cb5-8ed4-09d8a6d0615a" testId="e7975907-abd7-c724-e54c-c8600f564d67" testName="TestCNLogin" computerName="DESKTOP-LTNHK23" duration="00:00:00.0009596" startTime="2019-11-08T14:19:01.5368876+07:00" endTime="2019-11-08T14:19:01.5378848+07:00" testType="13cdc9d9-ddb5-4fa4-a97d-d965ccfc6d4b" outcome="Passed" testListId="8c84fa94-04c1-424b-9868-57a2d4851a1d" relativeResultsDirectory="703b323a-5f36-4cb5-8ed4-09d8a6d0615a" dataRowInfo="12" resultType="DataDrivenDataRow" />
        <UnitTestResult executionId="172589c7-84c1-4b8a-a6c6-c2a37f11c515" parentExecutionId="703b323a-5f36-4cb5-8ed4-09d8a6d0615a" testId="e7975907-abd7-c724-e54c-c8600f564d67" testName="TestCNLogin" computerName="DESKTOP-LTNHK23" duration="00:00:00.0013341" startTime="2019-11-08T14:19:01.5378848+07:00" endTime="2019-11-08T14:19:01.5388909+07:00" testType="13cdc9d9-ddb5-4fa4-a97d-d965ccfc6d4b" outcome="Passed" testListId="8c84fa94-04c1-424b-9868-57a2d4851a1d" relativeResultsDirectory="703b323a-5f36-4cb5-8ed4-09d8a6d0615a" dataRowInfo="13" resultType="DataDrivenDataRow" />
        <UnitTestResult executionId="1f44aad3-f619-4e12-bc4b-47910541c86a" parentExecutionId="703b323a-5f36-4cb5-8ed4-09d8a6d0615a" testId="e7975907-abd7-c724-e54c-c8600f564d67" testName="TestCNLogin" computerName="DESKTOP-LTNHK23" duration="00:00:00.0023591" startTime="2019-11-08T14:19:01.5388909+07:00" endTime="2019-11-08T14:19:01.5419098+07:00" testType="13cdc9d9-ddb5-4fa4-a97d-d965ccfc6d4b" outcome="Failed" testListId="8c84fa94-04c1-424b-9868-57a2d4851a1d" relativeResultsDirectory="703b323a-5f36-4cb5-8ed4-09d8a6d0615a" dataRowInfo="14" resultType="DataDrivenDataRow">
          <Output>
            <ErrorInfo>
              <Message>Test method testPM.TestLogin.TestCNLogin threw exception: 
System.InvalidOperationException: số kí tự quá lớn</Message>
              <StackTrace>    at testPM.TestLogin.TestCNLogin() in C:\Users\Dell\Desktop\Dangnhap\testPM\Test_Login.cs:line 27
</StackTrace>
            </ErrorInfo>
          </Output>
        </UnitTestResult>
      </InnerResults>
    </UnitTestResult>
  </Results>
</TestRun>