<?xml version="1.0" encoding="UTF-8"?>
<TestRun id="bab1389c-81cf-45f2-a404-4b31e5e9ac87" name="Dell@DESKTOP-LTNHK23 2019-11-14 10:06:55" runUser="DESKTOP-LTNHK23\Dell" xmlns="http://microsoft.com/schemas/VisualStudio/TeamTest/2010">
  <TestSettings name="Local" id="cea33156-e72c-4d1b-a57b-eb1a5b3c21c1">
    <Description>These are default test settings for a local test run.</Description>
    <Deployment enabled="false" runDeploymentRoot="Dell_DESKTOP-LTNHK23 2019-11-14 10_06_55">
      <DeploymentItem filename="C:\Users\Dell\Desktop\Dangnhap\Dangnhap\bin\Debug\Dangnhap.exe" />
    </Deployment>
    <Execution>
      <TestTypeSpecific />
      <AgentRule name="Execution Agents">
      </AgentRule>
    </Execution>
  </TestSettings>
  <Times creation="2019-11-14T10:06:55.3355104+07:00" queuing="2019-11-14T10:06:55.3700930+07:00" start="2019-11-14T10:06:55.3751008+07:00" finish="2019-11-14T10:06:56.6758405+07:00" />
  <ResultSummary outcome="Failed">
    <Counters total="35" executed="35" passed="30" error="0" failed="5" timeout="0" aborted="0" inconclusive="0" passedButRunAborted="0" notRunnable="0" notExecuted="0" disconnected="0" warning="0" completed="0" inProgress="0" pending="0" />
    <RunInfos>
      <RunInfo computerName="DESKTOP-LTNHK23" outcome="Warning" timestamp="2019-11-14T10:06:55.3700930+07:00">
        <Text>Deployment is currently disabled. The deployment item 'testPM\testLogin.csv' on test 'testPM.TestLogin.TestCNLogin' was not deployed.</Text>
      </RunInfo>
    </RunInfos>
  </ResultSummary>
  <TestDefinitions>
    <UnitTest name="TestCNLogin" storage="c:\users\dell\desktop\dangnhap\testpm\bin\debug\testpm.dll" id="e7975907-abd7-c724-e54c-c8600f564d67">
      <DeploymentItems>
        <DeploymentItem filename="testPM\testLogin.csv" />
      </DeploymentItems>
      <Execution id="8ecaf0a1-785f-402a-b63f-6bc1cd4194f5" />
      <TestMethod codeBase="C:/Users/Dell/Desktop/Dangnhap/testPM/bin/Debug/testPM.DLL" adapterTypeName="Microsoft.VisualStudio.TestTools.TestTypes.Unit.UnitTestAdapter, Microsoft.VisualStudio.QualityTools.Tips.UnitTest.Adapter, Version=10.0.0.0, Culture=neutral, PublicKeyToken=b03f5f7f11d50a3a" className="testPM.TestLogin, testPM, Version=1.0.0.0, Culture=neutral, PublicKeyToken=null" name="TestCNLogin" />
      <DataSource connectionString="|DataDirectory|\testLogin.csv" providerInvariantName="Microsoft.VisualStudio.TestTools.DataSource.CSV" tableName="testLogin#csv" />
    </UnitTest>
    <UnitTest name="testThemMon" storage="c:\users\dell\desktop\dangnhap\testpm\bin\debug\testpm.dll" id="d126ba14-7fa7-4e78-7434-4a28ba2ec146">
      <DeploymentItems>
        <DeploymentItem filename="testPM\TestThemMon.csv" />
      </DeploymentItems>
      <Execution id="07bed936-b48b-4378-bd3a-3273e2c1f08d" />
      <TestMethod codeBase="C:/Users/Dell/Desktop/Dangnhap/testPM/bin/Debug/testPM.DLL" adapterTypeName="Microsoft.VisualStudio.TestTools.TestTypes.Unit.UnitTestAdapter, Microsoft.VisualStudio.QualityTools.Tips.UnitTest.Adapter, Version=10.0.0.0, Culture=neutral, PublicKeyToken=b03f5f7f11d50a3a" className="testPM.Test_ThemMon, testPM, Version=1.0.0.0, Culture=neutral, PublicKeyToken=null" name="testThemMon" />
      <DataSource connectionString="|DataDirectory|\TestThemMon.csv" providerInvariantName="Microsoft.VisualStudio.TestTools.DataSource.CSV" tableName="TestThemMon#csv" />
    </UnitTest>
    <UnitTest name="testThem" storage="c:\users\dell\desktop\dangnhap\testpm\bin\debug\testpm.dll" id="84b817a3-d9ea-4ee7-4bce-6233ff1a22ec">
      <DeploymentItems>
        <DeploymentItem filename="testPM\testThem.csv" />
      </DeploymentItems>
      <Execution id="857a35d8-9e27-47f0-b340-13479013b2ad" />
      <TestMethod codeBase="C:/Users/Dell/Desktop/Dangnhap/testPM/bin/Debug/testPM.DLL" adapterTypeName="Microsoft.VisualStudio.TestTools.TestTypes.Unit.UnitTestAdapter, Microsoft.VisualStudio.QualityTools.Tips.UnitTest.Adapter, Version=10.0.0.0, Culture=neutral, PublicKeyToken=b03f5f7f11d50a3a" className="testPM.Test_Them, testPM, Version=1.0.0.0, Culture=neutral, PublicKeyToken=null" name="testThem" />
      <DataSource connectionString="|DataDirectory|\testThem.csv" providerInvariantName="Microsoft.VisualStudio.TestTools.DataSource.CSV" tableName="testThem#csv" />
    </UnitTest>
    <UnitTest name="test_ThanhToan" storage="c:\users\dell\desktop\dangnhap\testpm\bin\debug\testpm.dll" id="2169934a-9f13-ee0b-caac-0e95b5225d2b">
      <DeploymentItems>
        <DeploymentItem filename="testPM\testThanhToan.csv" />
      </DeploymentItems>
      <Execution id="3d708ef7-d6b8-4bd3-bfcb-9019d23a4735" />
      <TestMethod codeBase="C:/Users/Dell/Desktop/Dangnhap/testPM/bin/Debug/testPM.DLL" adapterTypeName="Microsoft.VisualStudio.TestTools.TestTypes.Unit.UnitTestAdapter, Microsoft.VisualStudio.QualityTools.Tips.UnitTest.Adapter, Version=10.0.0.0, Culture=neutral, PublicKeyToken=b03f5f7f11d50a3a" className="testPM.Test_ThanhToan, testPM, Version=1.0.0.0, Culture=neutral, PublicKeyToken=null" name="test_ThanhToan" />
      <DataSource connectionString="|DataDirectory|\testThanhToan.csv" providerInvariantName="Microsoft.VisualStudio.TestTools.DataSource.CSV" tableName="testThanhToan#csv" />
    </UnitTest>
    <UnitTest name="Testsua" storage="c:\users\dell\desktop\dangnhap\testpm\bin\debug\testpm.dll" id="582e6a3f-58c7-92d4-9551-1e46aed3632b">
      <DeploymentItems>
        <DeploymentItem filename="testPM\testsua.csv" />
      </DeploymentItems>
      <Execution id="eccbcb4c-3ecf-440a-b0fe-948e24b4d133" />
      <TestMethod codeBase="C:/Users/Dell/Desktop/Dangnhap/testPM/bin/Debug/testPM.DLL" adapterTypeName="Microsoft.VisualStudio.TestTools.TestTypes.Unit.UnitTestAdapter, Microsoft.VisualStudio.QualityTools.Tips.UnitTest.Adapter, Version=10.0.0.0, Culture=neutral, PublicKeyToken=b03f5f7f11d50a3a" className="testPM.Test_Sua, testPM, Version=1.0.0.0, Culture=neutral, PublicKeyToken=null" name="Testsua" />
      <DataSource connectionString="|DataDirectory|\testsua.csv" providerInvariantName="Microsoft.VisualStudio.TestTools.DataSource.CSV" tableName="testsua#csv" />
    </UnitTest>
  </TestDefinitions>
  <TestLists>
    <TestList name="Results Not in a List" id="8c84fa94-04c1-424b-9868-57a2d4851a1d" />
    <TestList name="All Loaded Results" id="19431567-8539-422a-85d7-44ee4e166bda" />
  </TestLists>
  <TestEntries>
    <TestEntry testId="2169934a-9f13-ee0b-caac-0e95b5225d2b" executionId="3d708ef7-d6b8-4bd3-bfcb-9019d23a4735" testListId="8c84fa94-04c1-424b-9868-57a2d4851a1d" />
    <TestEntry testId="582e6a3f-58c7-92d4-9551-1e46aed3632b" executionId="eccbcb4c-3ecf-440a-b0fe-948e24b4d133" testListId="8c84fa94-04c1-424b-9868-57a2d4851a1d" />
    <TestEntry testId="84b817a3-d9ea-4ee7-4bce-6233ff1a22ec" executionId="857a35d8-9e27-47f0-b340-13479013b2ad" testListId="8c84fa94-04c1-424b-9868-57a2d4851a1d" />
    <TestEntry testId="d126ba14-7fa7-4e78-7434-4a28ba2ec146" executionId="07bed936-b48b-4378-bd3a-3273e2c1f08d" testListId="8c84fa94-04c1-424b-9868-57a2d4851a1d" />
    <TestEntry testId="e7975907-abd7-c724-e54c-c8600f564d67" executionId="8ecaf0a1-785f-402a-b63f-6bc1cd4194f5" testListId="8c84fa94-04c1-424b-9868-57a2d4851a1d" />
  </TestEntries>
  <Results>
    <UnitTestResult executionId="3d708ef7-d6b8-4bd3-bfcb-9019d23a4735" testId="2169934a-9f13-ee0b-caac-0e95b5225d2b" testName="test_ThanhToan" computerName="DESKTOP-LTNHK23" duration="00:00:00.2105804" startTime="2019-11-14T10:06:55.3861092+07:00" endTime="2019-11-14T10:06:55.8228233+07:00" testType="13cdc9d9-ddb5-4fa4-a97d-d965ccfc6d4b" outcome="Passed" testListId="8c84fa94-04c1-424b-9868-57a2d4851a1d" relativeResultsDirectory="3d708ef7-d6b8-4bd3-bfcb-9019d23a4735" resultType="DataDrivenTest">
      <Counters error="0" failed="0" timeout="0" aborted="0" inconclusive="0" passedButRunAborted="0" notRunnable="0" notExecuted="0" disconnected="0" warning="0" passed="5" completed="0" inProgress="0" pending="0" />
      <InnerResults>
        <UnitTestResult executionId="d089e7cf-0921-4bfb-9e7d-35a508048efa" parentExecutionId="3d708ef7-d6b8-4bd3-bfcb-9019d23a4735" testId="2169934a-9f13-ee0b-caac-0e95b5225d2b" testName="test_ThanhToan" computerName="DESKTOP-LTNHK23" duration="00:00:00.0665906" startTime="2019-11-14T10:06:55.7278421+07:00" endTime="2019-11-14T10:06:55.7998035+07:00" testType="13cdc9d9-ddb5-4fa4-a97d-d965ccfc6d4b" outcome="Passed" testListId="8c84fa94-04c1-424b-9868-57a2d4851a1d" relativeResultsDirectory="3d708ef7-d6b8-4bd3-bfcb-9019d23a4735" dataRowInfo="0" resultType="DataDrivenDataRow" />
        <UnitTestResult executionId="a3790430-8d88-4b41-9c00-3edbdcee263d" parentExecutionId="3d708ef7-d6b8-4bd3-bfcb-9019d23a4735" testId="2169934a-9f13-ee0b-caac-0e95b5225d2b" testName="test_ThanhToan" computerName="DESKTOP-LTNHK23" duration="00:00:00.0006982" startTime="2019-11-14T10:06:55.7998035+07:00" endTime="2019-11-14T10:06:55.8008026+07:00" testType="13cdc9d9-ddb5-4fa4-a97d-d965ccfc6d4b" outcome="Passed" testListId="8c84fa94-04c1-424b-9868-57a2d4851a1d" relativeResultsDirectory="3d708ef7-d6b8-4bd3-bfcb-9019d23a4735" dataRowInfo="1" resultType="DataDrivenDataRow" />
        <UnitTestResult executionId="db2cdc96-d7ed-44b0-850c-8ce3f157961c" parentExecutionId="3d708ef7-d6b8-4bd3-bfcb-9019d23a4735" testId="2169934a-9f13-ee0b-caac-0e95b5225d2b" testName="test_ThanhToan" computerName="DESKTOP-LTNHK23" duration="00:00:00.0000248" startTime="2019-11-14T10:06:55.8008026+07:00" endTime="2019-11-14T10:06:55.8008026+07:00" testType="13cdc9d9-ddb5-4fa4-a97d-d965ccfc6d4b" outcome="Passed" testListId="8c84fa94-04c1-424b-9868-57a2d4851a1d" relativeResultsDirectory="3d708ef7-d6b8-4bd3-bfcb-9019d23a4735" dataRowInfo="2" resultType="DataDrivenDataRow" />
        <UnitTestResult executionId="eb8039ca-61d6-4e20-83dc-cf148db4afc2" parentExecutionId="3d708ef7-d6b8-4bd3-bfcb-9019d23a4735" testId="2169934a-9f13-ee0b-caac-0e95b5225d2b" testName="test_ThanhToan" computerName="DESKTOP-LTNHK23" duration="00:00:00.0000162" startTime="2019-11-14T10:06:55.8008026+07:00" endTime="2019-11-14T10:06:55.8008026+07:00" testType="13cdc9d9-ddb5-4fa4-a97d-d965ccfc6d4b" outcome="Passed" testListId="8c84fa94-04c1-424b-9868-57a2d4851a1d" relativeResultsDirectory="3d708ef7-d6b8-4bd3-bfcb-9019d23a4735" dataRowInfo="3" resultType="DataDrivenDataRow" />
        <UnitTestResult executionId="9e8db564-b5cd-4f70-b879-f8696b48a588" parentExecutionId="3d708ef7-d6b8-4bd3-bfcb-9019d23a4735" testId="2169934a-9f13-ee0b-caac-0e95b5225d2b" testName="test_ThanhToan" computerName="DESKTOP-LTNHK23" duration="00:00:00.0000122" startTime="2019-11-14T10:06:55.8008026+07:00" endTime="2019-11-14T10:06:55.8008026+07:00" testType="13cdc9d9-ddb5-4fa4-a97d-d965ccfc6d4b" outcome="Passed" testListId="8c84fa94-04c1-424b-9868-57a2d4851a1d" relativeResultsDirectory="3d708ef7-d6b8-4bd3-bfcb-9019d23a4735" dataRowInfo="4" resultType="DataDrivenDataRow" />
      </InnerResults>
    </UnitTestResult>
    <UnitTestResult executionId="eccbcb4c-3ecf-440a-b0fe-948e24b4d133" testId="582e6a3f-58c7-92d4-9551-1e46aed3632b" testName="Testsua" computerName="DESKTOP-LTNHK23" duration="00:00:00.2529662" startTime="2019-11-14T10:06:55.8358171+07:00" endTime="2019-11-14T10:06:56.0978989+07:00" testType="13cdc9d9-ddb5-4fa4-a97d-d965ccfc6d4b" outcome="Failed" testListId="8c84fa94-04c1-424b-9868-57a2d4851a1d" relativeResultsDirectory="eccbcb4c-3ecf-440a-b0fe-948e24b4d133" resultType="DataDrivenTest">
      <Counters error="0" failed="2" timeout="0" aborted="0" inconclusive="0" passedButRunAborted="0" notRunnable="0" notExecuted="0" disconnected="0" warning="0" passed="0" completed="0" inProgress="0" pending="0" />
      <InnerResults>
        <UnitTestResult executionId="1fb6ff5c-7795-40c2-b4a6-87114b539c95" parentExecutionId="eccbcb4c-3ecf-440a-b0fe-948e24b4d133" testId="582e6a3f-58c7-92d4-9551-1e46aed3632b" testName="Testsua" computerName="DESKTOP-LTNHK23" duration="00:00:00.0896461" startTime="2019-11-14T10:06:55.9859374+07:00" endTime="2019-11-14T10:06:56.0749081+07:00" testType="13cdc9d9-ddb5-4fa4-a97d-d965ccfc6d4b" outcome="Failed" testListId="8c84fa94-04c1-424b-9868-57a2d4851a1d" relativeResultsDirectory="eccbcb4c-3ecf-440a-b0fe-948e24b4d133" dataRowInfo="0" resultType="DataDrivenDataRow">
          <Output>
            <ErrorInfo>
              <Message>Assert.AreEqual failed. Expected:&lt;True&gt;. Actual:&lt;False&gt;. </Message>
              <StackTrace>   at testPM.Test_Sua.Testsua() in C:\Users\Dell\Desktop\Dangnhap\testPM\Test_Sua.cs:line 28
</StackTrace>
            </ErrorInfo>
          </Output>
        </UnitTestResult>
        <UnitTestResult executionId="eed0e276-1006-42c0-8ba4-6d500bfeef08" parentExecutionId="eccbcb4c-3ecf-440a-b0fe-948e24b4d133" testId="582e6a3f-58c7-92d4-9551-1e46aed3632b" testName="Testsua" computerName="DESKTOP-LTNHK23" duration="00:00:00.0154451" startTime="2019-11-14T10:06:56.0749081+07:00" endTime="2019-11-14T10:06:56.0909017+07:00" testType="13cdc9d9-ddb5-4fa4-a97d-d965ccfc6d4b" outcome="Failed" testListId="8c84fa94-04c1-424b-9868-57a2d4851a1d" relativeResultsDirectory="eccbcb4c-3ecf-440a-b0fe-948e24b4d133" dataRowInfo="1" resultType="DataDrivenDataRow">
          <Output>
            <ErrorInfo>
              <Message>Assert.AreEqual failed. Expected:&lt;True&gt;. Actual:&lt;False&gt;. </Message>
              <StackTrace>   at testPM.Test_Sua.Testsua() in C:\Users\Dell\Desktop\Dangnhap\testPM\Test_Sua.cs:line 28
</StackTrace>
            </ErrorInfo>
          </Output>
        </UnitTestResult>
      </InnerResults>
    </UnitTestResult>
    <UnitTestResult executionId="857a35d8-9e27-47f0-b340-13479013b2ad" testId="84b817a3-d9ea-4ee7-4bce-6233ff1a22ec" testName="testThem" computerName="DESKTOP-LTNHK23" duration="00:00:00.2128714" startTime="2019-11-14T10:06:56.1088959+07:00" endTime="2019-11-14T10:06:56.3348230+07:00" testType="13cdc9d9-ddb5-4fa4-a97d-d965ccfc6d4b" outcome="Passed" testListId="8c84fa94-04c1-424b-9868-57a2d4851a1d" relativeResultsDirectory="857a35d8-9e27-47f0-b340-13479013b2ad" resultType="DataDrivenTest">
      <Counters error="0" failed="0" timeout="0" aborted="0" inconclusive="0" passedButRunAborted="0" notRunnable="0" notExecuted="0" disconnected="0" warning="0" passed="2" completed="0" inProgress="0" pending="0" />
      <InnerResults>
        <UnitTestResult executionId="b26c1b55-b867-443c-b295-e39f2e3da6cc" parentExecutionId="857a35d8-9e27-47f0-b340-13479013b2ad" testId="84b817a3-d9ea-4ee7-4bce-6233ff1a22ec" testName="testThem" computerName="DESKTOP-LTNHK23" duration="00:00:00.0125578" startTime="2019-11-14T10:06:56.3088311+07:00" endTime="2019-11-14T10:06:56.3208281+07:00" testType="13cdc9d9-ddb5-4fa4-a97d-d965ccfc6d4b" outcome="Passed" testListId="8c84fa94-04c1-424b-9868-57a2d4851a1d" relativeResultsDirectory="857a35d8-9e27-47f0-b340-13479013b2ad" dataRowInfo="0" resultType="DataDrivenDataRow" />
        <UnitTestResult executionId="ea7d2e55-8f3b-405d-b9af-8858c22c46d3" parentExecutionId="857a35d8-9e27-47f0-b340-13479013b2ad" testId="84b817a3-d9ea-4ee7-4bce-6233ff1a22ec" testName="testThem" computerName="DESKTOP-LTNHK23" duration="00:00:00.0093894" startTime="2019-11-14T10:06:56.3208281+07:00" endTime="2019-11-14T10:06:56.3308247+07:00" testType="13cdc9d9-ddb5-4fa4-a97d-d965ccfc6d4b" outcome="Passed" testListId="8c84fa94-04c1-424b-9868-57a2d4851a1d" relativeResultsDirectory="857a35d8-9e27-47f0-b340-13479013b2ad" dataRowInfo="1" resultType="DataDrivenDataRow" />
      </InnerResults>
    </UnitTestResult>
    <UnitTestResult executionId="07bed936-b48b-4378-bd3a-3273e2c1f08d" testId="d126ba14-7fa7-4e78-7434-4a28ba2ec146" testName="testThemMon" computerName="DESKTOP-LTNHK23" duration="00:00:00.1342208" startTime="2019-11-14T10:06:56.3408212+07:00" endTime="2019-11-14T10:06:56.4877747+07:00" testType="13cdc9d9-ddb5-4fa4-a97d-d965ccfc6d4b" outcome="Passed" testListId="8c84fa94-04c1-424b-9868-57a2d4851a1d" relativeResultsDirectory="07bed936-b48b-4378-bd3a-3273e2c1f08d" resultType="DataDrivenTest">
      <Counters error="0" failed="0" timeout="0" aborted="0" inconclusive="0" passedButRunAborted="0" notRunnable="0" notExecuted="0" disconnected="0" warning="0" passed="6" completed="0" inProgress="0" pending="0" />
      <InnerResults>
        <UnitTestResult executionId="014d8b0f-f120-43c8-895f-b35581f42dc7" parentExecutionId="07bed936-b48b-4378-bd3a-3273e2c1f08d" testId="d126ba14-7fa7-4e78-7434-4a28ba2ec146" testName="testThemMon" computerName="DESKTOP-LTNHK23" duration="00:00:00.0015129" startTime="2019-11-14T10:06:56.4707957+07:00" endTime="2019-11-14T10:06:56.4717791+07:00" testType="13cdc9d9-ddb5-4fa4-a97d-d965ccfc6d4b" outcome="Passed" testListId="8c84fa94-04c1-424b-9868-57a2d4851a1d" relativeResultsDirectory="07bed936-b48b-4378-bd3a-3273e2c1f08d" dataRowInfo="0" resultType="DataDrivenDataRow" />
        <UnitTestResult executionId="68c65791-302c-4ff5-80cc-7f29f3cc4997" parentExecutionId="07bed936-b48b-4378-bd3a-3273e2c1f08d" testId="d126ba14-7fa7-4e78-7434-4a28ba2ec146" testName="testThemMon" computerName="DESKTOP-LTNHK23" duration="00:00:00.0054384" startTime="2019-11-14T10:06:56.4717791+07:00" endTime="2019-11-14T10:06:56.4778010+07:00" testType="13cdc9d9-ddb5-4fa4-a97d-d965ccfc6d4b" outcome="Passed" testListId="8c84fa94-04c1-424b-9868-57a2d4851a1d" relativeResultsDirectory="07bed936-b48b-4378-bd3a-3273e2c1f08d" dataRowInfo="1" resultType="DataDrivenDataRow" />
        <UnitTestResult executionId="8cef278d-410e-4d0e-9ee4-3118eeaa6a2a" parentExecutionId="07bed936-b48b-4378-bd3a-3273e2c1f08d" testId="d126ba14-7fa7-4e78-7434-4a28ba2ec146" testName="testThemMon" computerName="DESKTOP-LTNHK23" duration="00:00:00.0000372" startTime="2019-11-14T10:06:56.4778010+07:00" endTime="2019-11-14T10:06:56.4778010+07:00" testType="13cdc9d9-ddb5-4fa4-a97d-d965ccfc6d4b" outcome="Passed" testListId="8c84fa94-04c1-424b-9868-57a2d4851a1d" relativeResultsDirectory="07bed936-b48b-4378-bd3a-3273e2c1f08d" dataRowInfo="2" resultType="DataDrivenDataRow" />
        <UnitTestResult executionId="91cce599-e65a-41f3-9ee1-f1a5a20aec17" parentExecutionId="07bed936-b48b-4378-bd3a-3273e2c1f08d" testId="d126ba14-7fa7-4e78-7434-4a28ba2ec146" testName="testThemMon" computerName="DESKTOP-LTNHK23" duration="00:00:00.0000134" startTime="2019-11-14T10:06:56.4778010+07:00" endTime="2019-11-14T10:06:56.4778010+07:00" testType="13cdc9d9-ddb5-4fa4-a97d-d965ccfc6d4b" outcome="Passed" testListId="8c84fa94-04c1-424b-9868-57a2d4851a1d" relativeResultsDirectory="07bed936-b48b-4378-bd3a-3273e2c1f08d" dataRowInfo="3" resultType="DataDrivenDataRow" />
        <UnitTestResult executionId="d8f75765-220a-4e1d-94dd-91161e37f237" parentExecutionId="07bed936-b48b-4378-bd3a-3273e2c1f08d" testId="d126ba14-7fa7-4e78-7434-4a28ba2ec146" testName="testThemMon" computerName="DESKTOP-LTNHK23" duration="00:00:00.0000136" startTime="2019-11-14T10:06:56.4778010+07:00" endTime="2019-11-14T10:06:56.4778010+07:00" testType="13cdc9d9-ddb5-4fa4-a97d-d965ccfc6d4b" outcome="Passed" testListId="8c84fa94-04c1-424b-9868-57a2d4851a1d" relativeResultsDirectory="07bed936-b48b-4378-bd3a-3273e2c1f08d" dataRowInfo="4" resultType="DataDrivenDataRow" />
        <UnitTestResult executionId="e5110a79-7f87-4693-87ba-9208580bb163" parentExecutionId="07bed936-b48b-4378-bd3a-3273e2c1f08d" testId="d126ba14-7fa7-4e78-7434-4a28ba2ec146" testName="testThemMon" computerName="DESKTOP-LTNHK23" duration="00:00:00.0000137" startTime="2019-11-14T10:06:56.4778010+07:00" endTime="2019-11-14T10:06:56.4778010+07:00" testType="13cdc9d9-ddb5-4fa4-a97d-d965ccfc6d4b" outcome="Passed" testListId="8c84fa94-04c1-424b-9868-57a2d4851a1d" relativeResultsDirectory="07bed936-b48b-4378-bd3a-3273e2c1f08d" dataRowInfo="5" resultType="DataDrivenDataRow" />
      </InnerResults>
    </UnitTestResult>
    <UnitTestResult executionId="8ecaf0a1-785f-402a-b63f-6bc1cd4194f5" testId="e7975907-abd7-c724-e54c-c8600f564d67" testName="TestCNLogin" computerName="DESKTOP-LTNHK23" duration="00:00:00.1390528" startTime="2019-11-14T10:06:56.4947872+07:00" endTime="2019-11-14T10:06:56.6568419+07:00" testType="13cdc9d9-ddb5-4fa4-a97d-d965ccfc6d4b" outcome="Failed" testListId="8c84fa94-04c1-424b-9868-57a2d4851a1d" relativeResultsDirectory="8ecaf0a1-785f-402a-b63f-6bc1cd4194f5" resultType="DataDrivenTest">
      <Counters error="0" failed="1" timeout="0" aborted="0" inconclusive="0" passedButRunAborted="0" notRunnable="0" notExecuted="0" disconnected="0" warning="0" passed="14" completed="0" inProgress="0" pending="0" />
      <InnerResults>
        <UnitTestResult executionId="75e89954-e84f-4079-9851-e8ca32283709" parentExecutionId="8ecaf0a1-785f-402a-b63f-6bc1cd4194f5" testId="e7975907-abd7-c724-e54c-c8600f564d67" testName="TestCNLogin" computerName="DESKTOP-LTNHK23" duration="00:00:00.0054883" startTime="2019-11-14T10:06:56.6132228+07:00" endTime="2019-11-14T10:06:56.6182291+07:00" testType="13cdc9d9-ddb5-4fa4-a97d-d965ccfc6d4b" outcome="Passed" testListId="8c84fa94-04c1-424b-9868-57a2d4851a1d" relativeResultsDirectory="8ecaf0a1-785f-402a-b63f-6bc1cd4194f5" dataRowInfo="0" resultType="DataDrivenDataRow" />
        <UnitTestResult executionId="0dfaa4f7-ad37-4c89-9096-becff35e2f73" parentExecutionId="8ecaf0a1-785f-402a-b63f-6bc1cd4194f5" testId="e7975907-abd7-c724-e54c-c8600f564d67" testName="TestCNLogin" computerName="DESKTOP-LTNHK23" duration="00:00:00.0014194" startTime="2019-11-14T10:06:56.6182291+07:00" endTime="2019-11-14T10:06:56.6202523+07:00" testType="13cdc9d9-ddb5-4fa4-a97d-d965ccfc6d4b" outcome="Passed" testListId="8c84fa94-04c1-424b-9868-57a2d4851a1d" relativeResultsDirectory="8ecaf0a1-785f-402a-b63f-6bc1cd4194f5" dataRowInfo="1" resultType="DataDrivenDataRow" />
        <UnitTestResult executionId="82c5a7f0-a293-4374-987f-cefc27c41e60" parentExecutionId="8ecaf0a1-785f-402a-b63f-6bc1cd4194f5" testId="e7975907-abd7-c724-e54c-c8600f564d67" testName="TestCNLogin" computerName="DESKTOP-LTNHK23" duration="00:00:00.0009487" startTime="2019-11-14T10:06:56.6202523+07:00" endTime="2019-11-14T10:06:56.6212310+07:00" testType="13cdc9d9-ddb5-4fa4-a97d-d965ccfc6d4b" outcome="Passed" testListId="8c84fa94-04c1-424b-9868-57a2d4851a1d" relativeResultsDirectory="8ecaf0a1-785f-402a-b63f-6bc1cd4194f5" dataRowInfo="2" resultType="DataDrivenDataRow" />
        <UnitTestResult executionId="8dabdf31-69d6-451b-ad43-b990d22ce307" parentExecutionId="8ecaf0a1-785f-402a-b63f-6bc1cd4194f5" testId="e7975907-abd7-c724-e54c-c8600f564d67" testName="TestCNLogin" computerName="DESKTOP-LTNHK23" duration="00:00:00.0009428" startTime="2019-11-14T10:06:56.6212310+07:00" endTime="2019-11-14T10:06:56.6222222+07:00" testType="13cdc9d9-ddb5-4fa4-a97d-d965ccfc6d4b" outcome="Passed" testListId="8c84fa94-04c1-424b-9868-57a2d4851a1d" relativeResultsDirectory="8ecaf0a1-785f-402a-b63f-6bc1cd4194f5" dataRowInfo="3" resultType="DataDrivenDataRow" />
        <UnitTestResult executionId="71d4e2d7-d0ba-4b95-a09c-171f49de8842" parentExecutionId="8ecaf0a1-785f-402a-b63f-6bc1cd4194f5" testId="e7975907-abd7-c724-e54c-c8600f564d67" testName="TestCNLogin" computerName="DESKTOP-LTNHK23" duration="00:00:00.0009525" startTime="2019-11-14T10:06:56.6222222+07:00" endTime="2019-11-14T10:06:56.6232221+07:00" testType="13cdc9d9-ddb5-4fa4-a97d-d965ccfc6d4b" outcome="Passed" testListId="8c84fa94-04c1-424b-9868-57a2d4851a1d" relativeResultsDirectory="8ecaf0a1-785f-402a-b63f-6bc1cd4194f5" dataRowInfo="4" resultType="DataDrivenDataRow" />
        <UnitTestResult executionId="8d5476ff-2215-4b5f-8b5e-427ad3b51fe1" parentExecutionId="8ecaf0a1-785f-402a-b63f-6bc1cd4194f5" testId="e7975907-abd7-c724-e54c-c8600f564d67" testName="TestCNLogin" computerName="DESKTOP-LTNHK23" duration="00:00:00.0009353" startTime="2019-11-14T10:06:56.6232221+07:00" endTime="2019-11-14T10:06:56.6232221+07:00" testType="13cdc9d9-ddb5-4fa4-a97d-d965ccfc6d4b" outcome="Passed" testListId="8c84fa94-04c1-424b-9868-57a2d4851a1d" relativeResultsDirectory="8ecaf0a1-785f-402a-b63f-6bc1cd4194f5" dataRowInfo="5" resultType="DataDrivenDataRow" />
        <UnitTestResult executionId="691f6fde-0ffc-421a-a7fa-bd839f90fdd8" parentExecutionId="8ecaf0a1-785f-402a-b63f-6bc1cd4194f5" testId="e7975907-abd7-c724-e54c-c8600f564d67" testName="TestCNLogin" computerName="DESKTOP-LTNHK23" duration="00:00:00.0009979" startTime="2019-11-14T10:06:56.6232221+07:00" endTime="2019-11-14T10:06:56.6251451+07:00" testType="13cdc9d9-ddb5-4fa4-a97d-d965ccfc6d4b" outcome="Passed" testListId="8c84fa94-04c1-424b-9868-57a2d4851a1d" relativeResultsDirectory="8ecaf0a1-785f-402a-b63f-6bc1cd4194f5" dataRowInfo="6" resultType="DataDrivenDataRow" />
        <UnitTestResult executionId="c496a999-0f6f-4cfb-bf39-9a636b947c6f" parentExecutionId="8ecaf0a1-785f-402a-b63f-6bc1cd4194f5" testId="e7975907-abd7-c724-e54c-c8600f564d67" testName="TestCNLogin" computerName="DESKTOP-LTNHK23" duration="00:00:00.0008938" startTime="2019-11-14T10:06:56.6251451+07:00" endTime="2019-11-14T10:06:56.6258908+07:00" testType="13cdc9d9-ddb5-4fa4-a97d-d965ccfc6d4b" outcome="Passed" testListId="8c84fa94-04c1-424b-9868-57a2d4851a1d" relativeResultsDirectory="8ecaf0a1-785f-402a-b63f-6bc1cd4194f5" dataRowInfo="7" resultType="DataDrivenDataRow" />
        <UnitTestResult executionId="f2e1961b-24a6-4ba6-bf2b-d4d97b233fc8" parentExecutionId="8ecaf0a1-785f-402a-b63f-6bc1cd4194f5" testId="e7975907-abd7-c724-e54c-c8600f564d67" testName="TestCNLogin" computerName="DESKTOP-LTNHK23" duration="00:00:00.0020220" startTime="2019-11-14T10:06:56.6258908+07:00" endTime="2019-11-14T10:06:56.6280846+07:00" testType="13cdc9d9-ddb5-4fa4-a97d-d965ccfc6d4b" outcome="Passed" testListId="8c84fa94-04c1-424b-9868-57a2d4851a1d" relativeResultsDirectory="8ecaf0a1-785f-402a-b63f-6bc1cd4194f5" dataRowInfo="8" resultType="DataDrivenDataRow" />
        <UnitTestResult executionId="e546d710-e8e3-4f74-a2e8-a79684df9a89" parentExecutionId="8ecaf0a1-785f-402a-b63f-6bc1cd4194f5" testId="e7975907-abd7-c724-e54c-c8600f564d67" testName="TestCNLogin" computerName="DESKTOP-LTNHK23" duration="00:00:00.0008619" startTime="2019-11-14T10:06:56.6280846+07:00" endTime="2019-11-14T10:06:56.6289694+07:00" testType="13cdc9d9-ddb5-4fa4-a97d-d965ccfc6d4b" outcome="Passed" testListId="8c84fa94-04c1-424b-9868-57a2d4851a1d" relativeResultsDirectory="8ecaf0a1-785f-402a-b63f-6bc1cd4194f5" dataRowInfo="9" resultType="DataDrivenDataRow" />
        <UnitTestResult executionId="f11691e0-6016-44a7-b7ab-f486afbe350e" parentExecutionId="8ecaf0a1-785f-402a-b63f-6bc1cd4194f5" testId="e7975907-abd7-c724-e54c-c8600f564d67" testName="TestCNLogin" computerName="DESKTOP-LTNHK23" duration="00:00:00.0008590" startTime="2019-11-14T10:06:56.6289694+07:00" endTime="2019-11-14T10:06:56.6298477+07:00" testType="13cdc9d9-ddb5-4fa4-a97d-d965ccfc6d4b" outcome="Passed" testListId="8c84fa94-04c1-424b-9868-57a2d4851a1d" relativeResultsDirectory="8ecaf0a1-785f-402a-b63f-6bc1cd4194f5" dataRowInfo="10" resultType="DataDrivenDataRow" />
        <UnitTestResult executionId="2a6d0c31-bf5d-4805-be8b-b328f334f2be" parentExecutionId="8ecaf0a1-785f-402a-b63f-6bc1cd4194f5" testId="e7975907-abd7-c724-e54c-c8600f564d67" testName="TestCNLogin" computerName="DESKTOP-LTNHK23" duration="00:00:00.0009212" startTime="2019-11-14T10:06:56.6298477+07:00" endTime="2019-11-14T10:06:56.6308651+07:00" testType="13cdc9d9-ddb5-4fa4-a97d-d965ccfc6d4b" outcome="Passed" testListId="8c84fa94-04c1-424b-9868-57a2d4851a1d" relativeResultsDirectory="8ecaf0a1-785f-402a-b63f-6bc1cd4194f5" dataRowInfo="11" resultType="DataDrivenDataRow" />
        <UnitTestResult executionId="6219846b-14f2-4f05-a5d3-68be4c0b5b36" parentExecutionId="8ecaf0a1-785f-402a-b63f-6bc1cd4194f5" testId="e7975907-abd7-c724-e54c-c8600f564d67" testName="TestCNLogin" computerName="DESKTOP-LTNHK23" duration="00:00:00.0008436" startTime="2019-11-14T10:06:56.6308651+07:00" endTime="2019-11-14T10:06:56.6308651+07:00" testType="13cdc9d9-ddb5-4fa4-a97d-d965ccfc6d4b" outcome="Passed" testListId="8c84fa94-04c1-424b-9868-57a2d4851a1d" relativeResultsDirectory="8ecaf0a1-785f-402a-b63f-6bc1cd4194f5" dataRowInfo="12" resultType="DataDrivenDataRow" />
        <UnitTestResult executionId="19d5874f-834d-462d-88bb-af1b17bdc97e" parentExecutionId="8ecaf0a1-785f-402a-b63f-6bc1cd4194f5" testId="e7975907-abd7-c724-e54c-c8600f564d67" testName="TestCNLogin" computerName="DESKTOP-LTNHK23" duration="00:00:00.0009238" startTime="2019-11-14T10:06:56.6308651+07:00" endTime="2019-11-14T10:06:56.6318492+07:00" testType="13cdc9d9-ddb5-4fa4-a97d-d965ccfc6d4b" outcome="Passed" testListId="8c84fa94-04c1-424b-9868-57a2d4851a1d" relativeResultsDirectory="8ecaf0a1-785f-402a-b63f-6bc1cd4194f5" dataRowInfo="13" resultType="DataDrivenDataRow" />
        <UnitTestResult executionId="8a5b4839-baaf-4b6f-88ca-75fce2b76917" parentExecutionId="8ecaf0a1-785f-402a-b63f-6bc1cd4194f5" testId="e7975907-abd7-c724-e54c-c8600f564d67" testName="TestCNLogin" computerName="DESKTOP-LTNHK23" duration="00:00:00.0041609" startTime="2019-11-14T10:06:56.6318492+07:00" endTime="2019-11-14T10:06:56.6358642+07:00" testType="13cdc9d9-ddb5-4fa4-a97d-d965ccfc6d4b" outcome="Failed" testListId="8c84fa94-04c1-424b-9868-57a2d4851a1d" relativeResultsDirectory="8ecaf0a1-785f-402a-b63f-6bc1cd4194f5" dataRowInfo="14" resultType="DataDrivenDataRow">
          <Output>
            <ErrorInfo>
              <Message>Test method testPM.TestLogin.TestCNLogin threw exception: 
System.InvalidOperationException: số kí tự quá lớn</Message>
              <StackTrace>    at testPM.TestLogin.TestCNLogin() in C:\Users\Dell\Desktop\Dangnhap\testPM\Test_Login.cs:line 27
</StackTrace>
            </ErrorInfo>
          </Output>
        </UnitTestResult>
      </InnerResults>
    </UnitTestResult>
  </Results>
</TestRun>