<?xml version="1.0" encoding="UTF-8"?>
<TestRun id="9720ffac-335a-48a0-ab40-996a9399e041" name="Dell@DESKTOP-LTNHK23 2019-11-15 00:27:05" runUser="DESKTOP-LTNHK23\Dell" xmlns="http://microsoft.com/schemas/VisualStudio/TeamTest/2010">
  <TestSettings name="Local" id="cea33156-e72c-4d1b-a57b-eb1a5b3c21c1">
    <Description>These are default test settings for a local test run.</Description>
    <Deployment enabled="false" runDeploymentRoot="Dell_DESKTOP-LTNHK23 2019-11-15 00_27_05">
      <DeploymentItem filename="C:\Users\Dell\Desktop\Dangnhap\Dangnhap\bin\Debug\Dangnhap.exe" />
    </Deployment>
    <Execution>
      <TestTypeSpecific />
      <AgentRule name="Execution Agents">
      </AgentRule>
    </Execution>
  </TestSettings>
  <Times creation="2019-11-15T00:27:05.0246673+07:00" queuing="2019-11-15T00:27:05.0356427+07:00" start="2019-11-15T00:27:05.0396415+07:00" finish="2019-11-15T00:27:05.3755356+07:00" />
  <ResultSummary outcome="Failed">
    <Counters total="1" executed="1" error="0" failed="1" timeout="0" aborted="0" inconclusive="0" passedButRunAborted="0" notRunnable="0" notExecuted="0" disconnected="0" warning="0" passed="0" completed="0" inProgress="0" pending="0" />
  </ResultSummary>
  <TestDefinitions>
    <UnitTest name="testsql" storage="c:\users\dell\desktop\dangnhap\testpm\bin\debug\testpm.dll" id="666b100b-0389-6f14-603f-27dd25f0b641">
      <Execution id="55646011-d462-414f-a1d4-0905ee1add84" />
      <TestMethod codeBase="C:/Users/Dell/Desktop/Dangnhap/testPM/bin/Debug/testPM.DLL" adapterTypeName="Microsoft.VisualStudio.TestTools.TestTypes.Unit.UnitTestAdapter, Microsoft.VisualStudio.QualityTools.Tips.UnitTest.Adapter, Version=10.0.0.0, Culture=neutral, PublicKeyToken=b03f5f7f11d50a3a" className="testPM.Test_SQL, testPM, Version=1.0.0.0, Culture=neutral, PublicKeyToken=null" name="testsql" />
    </UnitTest>
  </TestDefinitions>
  <TestLists>
    <TestList name="Results Not in a List" id="8c84fa94-04c1-424b-9868-57a2d4851a1d" />
    <TestList name="All Loaded Results" id="19431567-8539-422a-85d7-44ee4e166bda" />
  </TestLists>
  <TestEntries>
    <TestEntry testId="666b100b-0389-6f14-603f-27dd25f0b641" executionId="55646011-d462-414f-a1d4-0905ee1add84" testListId="8c84fa94-04c1-424b-9868-57a2d4851a1d" />
  </TestEntries>
  <Results>
    <UnitTestResult executionId="55646011-d462-414f-a1d4-0905ee1add84" testId="666b100b-0389-6f14-603f-27dd25f0b641" testName="testsql" computerName="DESKTOP-LTNHK23" duration="00:00:00.0722477" startTime="2019-11-15T00:27:05.0466397+07:00" endTime="2019-11-15T00:27:05.3565404+07:00" testType="13cdc9d9-ddb5-4fa4-a97d-d965ccfc6d4b" outcome="Failed" testListId="8c84fa94-04c1-424b-9868-57a2d4851a1d" relativeResultsDirectory="55646011-d462-414f-a1d4-0905ee1add84">
      <Output>
        <ErrorInfo>
          <Message>Assert.AreEqual failed. Expected:&lt;0&gt;. Actual:&lt;1&gt;. </Message>
          <StackTrace>   at testPM.Test_SQL.testsql() in C:\Users\Dell\Desktop\Dangnhap\testPM\Test_SQL.cs:line 23
</StackTrace>
        </ErrorInfo>
      </Output>
    </UnitTestResult>
  </Results>
</TestRun>