<?xml version="1.0" encoding="UTF-8"?>
<TestRun id="bb05e755-74c3-4744-b05e-be5a2700154b" name="Dell@DESKTOP-LTNHK23 2019-11-18 20:24:21" runUser="DESKTOP-LTNHK23\Dell" xmlns="http://microsoft.com/schemas/VisualStudio/TeamTest/2010">
  <TestSettings name="Local" id="cea33156-e72c-4d1b-a57b-eb1a5b3c21c1">
    <Description>These are default test settings for a local test run.</Description>
    <Deployment enabled="false" runDeploymentRoot="Dell_DESKTOP-LTNHK23 2019-11-18 20_24_21">
      <DeploymentItem filename="C:\Users\Dell\Desktop\Dangnhap\Dangnhap\bin\Debug\Dangnhap.exe" />
    </Deployment>
    <Execution>
      <TestTypeSpecific />
      <AgentRule name="Execution Agents">
      </AgentRule>
    </Execution>
  </TestSettings>
  <Times creation="2019-11-18T20:24:21.0068681+07:00" queuing="2019-11-18T20:24:21.0239097+07:00" start="2019-11-18T20:24:21.0279080+07:00" finish="2019-11-18T20:24:21.3066638+07:00" />
  <ResultSummary outcome="Completed">
    <Counters total="1" executed="1" passed="1" error="0" failed="0" timeout="0" aborted="0" inconclusive="0" passedButRunAborted="0" notRunnable="0" notExecuted="0" disconnected="0" warning="0" completed="0" inProgress="0" pending="0" />
  </ResultSummary>
  <TestDefinitions>
    <UnitTest name="testsql" storage="c:\users\dell\desktop\dangnhap\testpm\bin\debug\testpm.dll" id="666b100b-0389-6f14-603f-27dd25f0b641">
      <Execution id="267d5c36-4540-4f9c-880a-510cf3f281a3" />
      <TestMethod codeBase="C:/Users/Dell/Desktop/Dangnhap/testPM/bin/Debug/testPM.DLL" adapterTypeName="Microsoft.VisualStudio.TestTools.TestTypes.Unit.UnitTestAdapter, Microsoft.VisualStudio.QualityTools.Tips.UnitTest.Adapter, Version=10.0.0.0, Culture=neutral, PublicKeyToken=b03f5f7f11d50a3a" className="testPM.Test_SQL, testPM, Version=1.0.0.0, Culture=neutral, PublicKeyToken=null" name="testsql" />
    </UnitTest>
  </TestDefinitions>
  <TestLists>
    <TestList name="Results Not in a List" id="8c84fa94-04c1-424b-9868-57a2d4851a1d" />
    <TestList name="All Loaded Results" id="19431567-8539-422a-85d7-44ee4e166bda" />
  </TestLists>
  <TestEntries>
    <TestEntry testId="666b100b-0389-6f14-603f-27dd25f0b641" executionId="267d5c36-4540-4f9c-880a-510cf3f281a3" testListId="8c84fa94-04c1-424b-9868-57a2d4851a1d" />
  </TestEntries>
  <Results>
    <UnitTestResult executionId="267d5c36-4540-4f9c-880a-510cf3f281a3" testId="666b100b-0389-6f14-603f-27dd25f0b641" testName="testsql" computerName="DESKTOP-LTNHK23" duration="00:00:00.0443315" startTime="2019-11-18T20:24:21.0349169+07:00" endTime="2019-11-18T20:24:21.2906692+07:00" testType="13cdc9d9-ddb5-4fa4-a97d-d965ccfc6d4b" outcome="Passed" testListId="8c84fa94-04c1-424b-9868-57a2d4851a1d" relativeResultsDirectory="267d5c36-4540-4f9c-880a-510cf3f281a3">
    </UnitTestResult>
  </Results>
</TestRun>