<?xml version="1.0" encoding="UTF-8"?>
<TestRun id="91536f9e-1436-4b04-a5ad-535aef706b70" name="Dell@DESKTOP-LTNHK23 2019-11-12 17:40:33" runUser="DESKTOP-LTNHK23\Dell" xmlns="http://microsoft.com/schemas/VisualStudio/TeamTest/2010">
  <TestSettings name="Local" id="cea33156-e72c-4d1b-a57b-eb1a5b3c21c1">
    <Description>These are default test settings for a local test run.</Description>
    <Deployment enabled="false" runDeploymentRoot="Dell_DESKTOP-LTNHK23 2019-11-12 17_40_33">
      <DeploymentItem filename="C:\Users\Dell\Desktop\Dangnhap\Dangnhap\bin\Debug\Dangnhap.exe" />
    </Deployment>
    <Execution>
      <TestTypeSpecific />
      <AgentRule name="Execution Agents">
      </AgentRule>
    </Execution>
  </TestSettings>
  <Times creation="2019-11-12T17:40:33.1539473+07:00" queuing="2019-11-12T17:40:33.1739493+07:00" start="2019-11-12T17:40:33.1789204+07:00" finish="2019-11-12T17:40:34.2276532+07:00" />
  <ResultSummary outcome="Failed">
    <Counters total="32" executed="32" passed="28" error="0" failed="4" timeout="0" aborted="0" inconclusive="0" passedButRunAborted="0" notRunnable="0" notExecuted="0" disconnected="0" warning="0" completed="0" inProgress="0" pending="0" />
    <RunInfos>
      <RunInfo computerName="DESKTOP-LTNHK23" outcome="Warning" timestamp="2019-11-12T17:40:33.1739493+07:00">
        <Text>Deployment is currently disabled. The deployment item 'testPM\testLogin.csv' on test 'testPM.TestLogin.TestCNLogin' was not deployed.</Text>
      </RunInfo>
    </RunInfos>
  </ResultSummary>
  <TestDefinitions>
    <UnitTest name="TestCNLogin" storage="c:\users\dell\desktop\dangnhap\testpm\bin\debug\testpm.dll" id="e7975907-abd7-c724-e54c-c8600f564d67">
      <DeploymentItems>
        <DeploymentItem filename="testPM\testLogin.csv" />
      </DeploymentItems>
      <Execution id="e9979e97-82d6-4522-8e34-9c5190fa9b14" />
      <TestMethod codeBase="C:/Users/Dell/Desktop/Dangnhap/testPM/bin/Debug/testPM.DLL" adapterTypeName="Microsoft.VisualStudio.TestTools.TestTypes.Unit.UnitTestAdapter, Microsoft.VisualStudio.QualityTools.Tips.UnitTest.Adapter, Version=10.0.0.0, Culture=neutral, PublicKeyToken=b03f5f7f11d50a3a" className="testPM.TestLogin, testPM, Version=1.0.0.0, Culture=neutral, PublicKeyToken=null" name="TestCNLogin" />
      <DataSource connectionString="|DataDirectory|\testLogin.csv" providerInvariantName="Microsoft.VisualStudio.TestTools.DataSource.CSV" tableName="testLogin#csv" />
    </UnitTest>
    <UnitTest name="testThemMon" storage="c:\users\dell\desktop\dangnhap\testpm\bin\debug\testpm.dll" id="d126ba14-7fa7-4e78-7434-4a28ba2ec146">
      <DeploymentItems>
        <DeploymentItem filename="testPM\TestThemMon.csv" />
      </DeploymentItems>
      <Execution id="a137ada8-fa39-4b83-9f8c-63cd5253440e" />
      <TestMethod codeBase="C:/Users/Dell/Desktop/Dangnhap/testPM/bin/Debug/testPM.DLL" adapterTypeName="Microsoft.VisualStudio.TestTools.TestTypes.Unit.UnitTestAdapter, Microsoft.VisualStudio.QualityTools.Tips.UnitTest.Adapter, Version=10.0.0.0, Culture=neutral, PublicKeyToken=b03f5f7f11d50a3a" className="testPM.Test_ThemMon, testPM, Version=1.0.0.0, Culture=neutral, PublicKeyToken=null" name="testThemMon" />
      <DataSource connectionString="|DataDirectory|\TestThemMon.csv" providerInvariantName="Microsoft.VisualStudio.TestTools.DataSource.CSV" tableName="TestThemMon#csv" />
    </UnitTest>
    <UnitTest name="test_ThanhToan" storage="c:\users\dell\desktop\dangnhap\testpm\bin\debug\testpm.dll" id="2169934a-9f13-ee0b-caac-0e95b5225d2b">
      <DeploymentItems>
        <DeploymentItem filename="testPM\testThanhToan.csv" />
      </DeploymentItems>
      <Execution id="2564aced-1917-4066-8ff1-9e7898453977" />
      <TestMethod codeBase="C:/Users/Dell/Desktop/Dangnhap/testPM/bin/Debug/testPM.DLL" adapterTypeName="Microsoft.VisualStudio.TestTools.TestTypes.Unit.UnitTestAdapter, Microsoft.VisualStudio.QualityTools.Tips.UnitTest.Adapter, Version=10.0.0.0, Culture=neutral, PublicKeyToken=b03f5f7f11d50a3a" className="testPM.Test_ThanhToan, testPM, Version=1.0.0.0, Culture=neutral, PublicKeyToken=null" name="test_ThanhToan" />
      <DataSource connectionString="|DataDirectory|\testThanhToan.csv" providerInvariantName="Microsoft.VisualStudio.TestTools.DataSource.CSV" tableName="testThanhToan#csv" />
    </UnitTest>
    <UnitTest name="testThem" storage="c:\users\dell\desktop\dangnhap\testpm\bin\debug\testpm.dll" id="84b817a3-d9ea-4ee7-4bce-6233ff1a22ec">
      <DeploymentItems>
        <DeploymentItem filename="testPM\testThem.csv" />
      </DeploymentItems>
      <Execution id="69f8f174-76cd-40ab-b099-6a4f7c94da58" />
      <TestMethod codeBase="C:/Users/Dell/Desktop/Dangnhap/testPM/bin/Debug/testPM.DLL" adapterTypeName="Microsoft.VisualStudio.TestTools.TestTypes.Unit.UnitTestAdapter, Microsoft.VisualStudio.QualityTools.Tips.UnitTest.Adapter, Version=10.0.0.0, Culture=neutral, PublicKeyToken=b03f5f7f11d50a3a" className="testPM.Test_Them, testPM, Version=1.0.0.0, Culture=neutral, PublicKeyToken=null" name="testThem" />
      <DataSource connectionString="|DataDirectory|\testThem.csv" providerInvariantName="Microsoft.VisualStudio.TestTools.DataSource.CSV" tableName="testThem#csv" />
    </UnitTest>
  </TestDefinitions>
  <TestLists>
    <TestList name="Results Not in a List" id="8c84fa94-04c1-424b-9868-57a2d4851a1d" />
    <TestList name="All Loaded Results" id="19431567-8539-422a-85d7-44ee4e166bda" />
  </TestLists>
  <TestEntries>
    <TestEntry testId="2169934a-9f13-ee0b-caac-0e95b5225d2b" executionId="2564aced-1917-4066-8ff1-9e7898453977" testListId="8c84fa94-04c1-424b-9868-57a2d4851a1d" />
    <TestEntry testId="84b817a3-d9ea-4ee7-4bce-6233ff1a22ec" executionId="69f8f174-76cd-40ab-b099-6a4f7c94da58" testListId="8c84fa94-04c1-424b-9868-57a2d4851a1d" />
    <TestEntry testId="d126ba14-7fa7-4e78-7434-4a28ba2ec146" executionId="a137ada8-fa39-4b83-9f8c-63cd5253440e" testListId="8c84fa94-04c1-424b-9868-57a2d4851a1d" />
    <TestEntry testId="e7975907-abd7-c724-e54c-c8600f564d67" executionId="e9979e97-82d6-4522-8e34-9c5190fa9b14" testListId="8c84fa94-04c1-424b-9868-57a2d4851a1d" />
  </TestEntries>
  <Results>
    <UnitTestResult executionId="2564aced-1917-4066-8ff1-9e7898453977" testId="2169934a-9f13-ee0b-caac-0e95b5225d2b" testName="test_ThanhToan" computerName="DESKTOP-LTNHK23" duration="00:00:00.1752868" startTime="2019-11-12T17:40:33.1849437+07:00" endTime="2019-11-12T17:40:33.5755994+07:00" testType="13cdc9d9-ddb5-4fa4-a97d-d965ccfc6d4b" outcome="Passed" testListId="8c84fa94-04c1-424b-9868-57a2d4851a1d" relativeResultsDirectory="2564aced-1917-4066-8ff1-9e7898453977" resultType="DataDrivenTest">
      <Counters error="0" failed="0" timeout="0" aborted="0" inconclusive="0" passedButRunAborted="0" notRunnable="0" notExecuted="0" disconnected="0" warning="0" passed="5" completed="0" inProgress="0" pending="0" />
      <InnerResults>
        <UnitTestResult executionId="31f513a3-0287-46a9-88ca-b3609e476f7d" parentExecutionId="2564aced-1917-4066-8ff1-9e7898453977" testId="2169934a-9f13-ee0b-caac-0e95b5225d2b" testName="test_ThanhToan" computerName="DESKTOP-LTNHK23" duration="00:00:00.0599928" startTime="2019-11-12T17:40:33.4914003+07:00" endTime="2019-11-12T17:40:33.5566064+07:00" testType="13cdc9d9-ddb5-4fa4-a97d-d965ccfc6d4b" outcome="Passed" testListId="8c84fa94-04c1-424b-9868-57a2d4851a1d" relativeResultsDirectory="2564aced-1917-4066-8ff1-9e7898453977" dataRowInfo="0" resultType="DataDrivenDataRow" />
        <UnitTestResult executionId="26a1cbe0-4d42-4500-8f1a-2d3486241e89" parentExecutionId="2564aced-1917-4066-8ff1-9e7898453977" testId="2169934a-9f13-ee0b-caac-0e95b5225d2b" testName="test_ThanhToan" computerName="DESKTOP-LTNHK23" duration="00:00:00.0005668" startTime="2019-11-12T17:40:33.5566064+07:00" endTime="2019-11-12T17:40:33.5566064+07:00" testType="13cdc9d9-ddb5-4fa4-a97d-d965ccfc6d4b" outcome="Passed" testListId="8c84fa94-04c1-424b-9868-57a2d4851a1d" relativeResultsDirectory="2564aced-1917-4066-8ff1-9e7898453977" dataRowInfo="1" resultType="DataDrivenDataRow" />
        <UnitTestResult executionId="be1d97aa-6df5-41d3-bbdd-2f110eced1ff" parentExecutionId="2564aced-1917-4066-8ff1-9e7898453977" testId="2169934a-9f13-ee0b-caac-0e95b5225d2b" testName="test_ThanhToan" computerName="DESKTOP-LTNHK23" duration="00:00:00.0000333" startTime="2019-11-12T17:40:33.5566064+07:00" endTime="2019-11-12T17:40:33.5566064+07:00" testType="13cdc9d9-ddb5-4fa4-a97d-d965ccfc6d4b" outcome="Passed" testListId="8c84fa94-04c1-424b-9868-57a2d4851a1d" relativeResultsDirectory="2564aced-1917-4066-8ff1-9e7898453977" dataRowInfo="2" resultType="DataDrivenDataRow" />
        <UnitTestResult executionId="a3efd5ab-689e-4f9e-99c9-58cd6103bc1d" parentExecutionId="2564aced-1917-4066-8ff1-9e7898453977" testId="2169934a-9f13-ee0b-caac-0e95b5225d2b" testName="test_ThanhToan" computerName="DESKTOP-LTNHK23" duration="00:00:00.0000132" startTime="2019-11-12T17:40:33.5566064+07:00" endTime="2019-11-12T17:40:33.5566064+07:00" testType="13cdc9d9-ddb5-4fa4-a97d-d965ccfc6d4b" outcome="Passed" testListId="8c84fa94-04c1-424b-9868-57a2d4851a1d" relativeResultsDirectory="2564aced-1917-4066-8ff1-9e7898453977" dataRowInfo="3" resultType="DataDrivenDataRow" />
        <UnitTestResult executionId="b36229e5-b1bd-43a2-b6a4-67d42e56d6b8" parentExecutionId="2564aced-1917-4066-8ff1-9e7898453977" testId="2169934a-9f13-ee0b-caac-0e95b5225d2b" testName="test_ThanhToan" computerName="DESKTOP-LTNHK23" duration="00:00:00.0000120" startTime="2019-11-12T17:40:33.5566064+07:00" endTime="2019-11-12T17:40:33.5566064+07:00" testType="13cdc9d9-ddb5-4fa4-a97d-d965ccfc6d4b" outcome="Passed" testListId="8c84fa94-04c1-424b-9868-57a2d4851a1d" relativeResultsDirectory="2564aced-1917-4066-8ff1-9e7898453977" dataRowInfo="4" resultType="DataDrivenDataRow" />
      </InnerResults>
    </UnitTestResult>
    <UnitTestResult executionId="69f8f174-76cd-40ab-b099-6a4f7c94da58" testId="84b817a3-d9ea-4ee7-4bce-6233ff1a22ec" testName="testThem" computerName="DESKTOP-LTNHK23" duration="00:00:00.2216822" startTime="2019-11-12T17:40:33.5825853+07:00" endTime="2019-11-12T17:40:33.8145079+07:00" testType="13cdc9d9-ddb5-4fa4-a97d-d965ccfc6d4b" outcome="Failed" testListId="8c84fa94-04c1-424b-9868-57a2d4851a1d" relativeResultsDirectory="69f8f174-76cd-40ab-b099-6a4f7c94da58" resultType="DataDrivenTest">
      <Counters error="0" failed="1" timeout="0" aborted="0" inconclusive="0" passedButRunAborted="0" notRunnable="0" notExecuted="0" disconnected="0" warning="0" passed="1" completed="0" inProgress="0" pending="0" />
      <InnerResults>
        <UnitTestResult executionId="e5104962-bd6c-413f-9b04-ba40bcf0a298" parentExecutionId="69f8f174-76cd-40ab-b099-6a4f7c94da58" testId="84b817a3-d9ea-4ee7-4bce-6233ff1a22ec" testName="testThem" computerName="DESKTOP-LTNHK23" duration="00:00:00.0817947" startTime="2019-11-12T17:40:33.7035446+07:00" endTime="2019-11-12T17:40:33.7855174+07:00" testType="13cdc9d9-ddb5-4fa4-a97d-d965ccfc6d4b" outcome="Passed" testListId="8c84fa94-04c1-424b-9868-57a2d4851a1d" relativeResultsDirectory="69f8f174-76cd-40ab-b099-6a4f7c94da58" dataRowInfo="0" resultType="DataDrivenDataRow" />
        <UnitTestResult executionId="6b6749ed-8945-45b2-9ac7-afff0a000091" parentExecutionId="69f8f174-76cd-40ab-b099-6a4f7c94da58" testId="84b817a3-d9ea-4ee7-4bce-6233ff1a22ec" testName="testThem" computerName="DESKTOP-LTNHK23" duration="00:00:00.0210725" startTime="2019-11-12T17:40:33.7855174+07:00" endTime="2019-11-12T17:40:33.8065107+07:00" testType="13cdc9d9-ddb5-4fa4-a97d-d965ccfc6d4b" outcome="Failed" testListId="8c84fa94-04c1-424b-9868-57a2d4851a1d" relativeResultsDirectory="69f8f174-76cd-40ab-b099-6a4f7c94da58" dataRowInfo="1" resultType="DataDrivenDataRow">
          <Output>
            <ErrorInfo>
              <Message>Test method testPM.Test_Them.testThem threw exception: 
System.FormatException: String was not recognized as a valid Boolean.</Message>
              <StackTrace>    at System.Boolean.Parse(String value)
   at testPM.Test_Them.testThem() in C:\Users\Dell\Desktop\Dangnhap\testPM\Test_Them.cs:line 23
</StackTrace>
            </ErrorInfo>
          </Output>
        </UnitTestResult>
      </InnerResults>
    </UnitTestResult>
    <UnitTestResult executionId="a137ada8-fa39-4b83-9f8c-63cd5253440e" testId="d126ba14-7fa7-4e78-7434-4a28ba2ec146" testName="testThemMon" computerName="DESKTOP-LTNHK23" duration="00:00:00.1919304" startTime="2019-11-12T17:40:33.8225055+07:00" endTime="2019-11-12T17:40:34.0287177+07:00" testType="13cdc9d9-ddb5-4fa4-a97d-d965ccfc6d4b" outcome="Passed" testListId="8c84fa94-04c1-424b-9868-57a2d4851a1d" relativeResultsDirectory="a137ada8-fa39-4b83-9f8c-63cd5253440e" resultType="DataDrivenTest">
      <Counters error="0" failed="0" timeout="0" aborted="0" inconclusive="0" passedButRunAborted="0" notRunnable="0" notExecuted="0" disconnected="0" warning="0" passed="6" completed="0" inProgress="0" pending="0" />
      <InnerResults>
        <UnitTestResult executionId="d21ad7e2-7e6e-4047-8cd4-b047fc696df5" parentExecutionId="a137ada8-fa39-4b83-9f8c-63cd5253440e" testId="d126ba14-7fa7-4e78-7434-4a28ba2ec146" testName="testThemMon" computerName="DESKTOP-LTNHK23" duration="00:00:00.0014455" startTime="2019-11-12T17:40:34.0097245+07:00" endTime="2019-11-12T17:40:34.0107249+07:00" testType="13cdc9d9-ddb5-4fa4-a97d-d965ccfc6d4b" outcome="Passed" testListId="8c84fa94-04c1-424b-9868-57a2d4851a1d" relativeResultsDirectory="a137ada8-fa39-4b83-9f8c-63cd5253440e" dataRowInfo="0" resultType="DataDrivenDataRow" />
        <UnitTestResult executionId="b2ca18d1-d29b-48ac-a3bd-392bd7a00c1e" parentExecutionId="a137ada8-fa39-4b83-9f8c-63cd5253440e" testId="d126ba14-7fa7-4e78-7434-4a28ba2ec146" testName="testThemMon" computerName="DESKTOP-LTNHK23" duration="00:00:00.0061783" startTime="2019-11-12T17:40:34.0107249+07:00" endTime="2019-11-12T17:40:34.0167235+07:00" testType="13cdc9d9-ddb5-4fa4-a97d-d965ccfc6d4b" outcome="Passed" testListId="8c84fa94-04c1-424b-9868-57a2d4851a1d" relativeResultsDirectory="a137ada8-fa39-4b83-9f8c-63cd5253440e" dataRowInfo="1" resultType="DataDrivenDataRow" />
        <UnitTestResult executionId="234e3af8-0378-4494-b29f-8ab7f814d025" parentExecutionId="a137ada8-fa39-4b83-9f8c-63cd5253440e" testId="d126ba14-7fa7-4e78-7434-4a28ba2ec146" testName="testThemMon" computerName="DESKTOP-LTNHK23" duration="00:00:00.0000395" startTime="2019-11-12T17:40:34.0167235+07:00" endTime="2019-11-12T17:40:34.0167235+07:00" testType="13cdc9d9-ddb5-4fa4-a97d-d965ccfc6d4b" outcome="Passed" testListId="8c84fa94-04c1-424b-9868-57a2d4851a1d" relativeResultsDirectory="a137ada8-fa39-4b83-9f8c-63cd5253440e" dataRowInfo="2" resultType="DataDrivenDataRow" />
        <UnitTestResult executionId="5e589d0d-87ea-4a5f-95b4-ca3988578926" parentExecutionId="a137ada8-fa39-4b83-9f8c-63cd5253440e" testId="d126ba14-7fa7-4e78-7434-4a28ba2ec146" testName="testThemMon" computerName="DESKTOP-LTNHK23" duration="00:00:00.0000129" startTime="2019-11-12T17:40:34.0167235+07:00" endTime="2019-11-12T17:40:34.0167235+07:00" testType="13cdc9d9-ddb5-4fa4-a97d-d965ccfc6d4b" outcome="Passed" testListId="8c84fa94-04c1-424b-9868-57a2d4851a1d" relativeResultsDirectory="a137ada8-fa39-4b83-9f8c-63cd5253440e" dataRowInfo="3" resultType="DataDrivenDataRow" />
        <UnitTestResult executionId="3c323c61-eb4d-42c8-8fe6-ad141878ec4f" parentExecutionId="a137ada8-fa39-4b83-9f8c-63cd5253440e" testId="d126ba14-7fa7-4e78-7434-4a28ba2ec146" testName="testThemMon" computerName="DESKTOP-LTNHK23" duration="00:00:00.0000125" startTime="2019-11-12T17:40:34.0167235+07:00" endTime="2019-11-12T17:40:34.0167235+07:00" testType="13cdc9d9-ddb5-4fa4-a97d-d965ccfc6d4b" outcome="Passed" testListId="8c84fa94-04c1-424b-9868-57a2d4851a1d" relativeResultsDirectory="a137ada8-fa39-4b83-9f8c-63cd5253440e" dataRowInfo="4" resultType="DataDrivenDataRow" />
        <UnitTestResult executionId="14324ad6-bb4b-4212-a28a-e1f732f05125" parentExecutionId="a137ada8-fa39-4b83-9f8c-63cd5253440e" testId="d126ba14-7fa7-4e78-7434-4a28ba2ec146" testName="testThemMon" computerName="DESKTOP-LTNHK23" duration="00:00:00.0000124" startTime="2019-11-12T17:40:34.0167235+07:00" endTime="2019-11-12T17:40:34.0167235+07:00" testType="13cdc9d9-ddb5-4fa4-a97d-d965ccfc6d4b" outcome="Passed" testListId="8c84fa94-04c1-424b-9868-57a2d4851a1d" relativeResultsDirectory="a137ada8-fa39-4b83-9f8c-63cd5253440e" dataRowInfo="5" resultType="DataDrivenDataRow" />
      </InnerResults>
    </UnitTestResult>
    <UnitTestResult executionId="e9979e97-82d6-4522-8e34-9c5190fa9b14" testId="e7975907-abd7-c724-e54c-c8600f564d67" testName="TestCNLogin" computerName="DESKTOP-LTNHK23" duration="00:00:00.1471728" startTime="2019-11-12T17:40:34.0347179+07:00" endTime="2019-11-12T17:40:34.2066843+07:00" testType="13cdc9d9-ddb5-4fa4-a97d-d965ccfc6d4b" outcome="Failed" testListId="8c84fa94-04c1-424b-9868-57a2d4851a1d" relativeResultsDirectory="e9979e97-82d6-4522-8e34-9c5190fa9b14" resultType="DataDrivenTest">
      <Counters error="0" failed="1" timeout="0" aborted="0" inconclusive="0" passedButRunAborted="0" notRunnable="0" notExecuted="0" disconnected="0" warning="0" passed="14" completed="0" inProgress="0" pending="0" />
      <InnerResults>
        <UnitTestResult executionId="ba67555c-4612-46bd-aefe-aff48c572e46" parentExecutionId="e9979e97-82d6-4522-8e34-9c5190fa9b14" testId="e7975907-abd7-c724-e54c-c8600f564d67" testName="TestCNLogin" computerName="DESKTOP-LTNHK23" duration="00:00:00.0054291" startTime="2019-11-12T17:40:34.1606910+07:00" endTime="2019-11-12T17:40:34.1656754+07:00" testType="13cdc9d9-ddb5-4fa4-a97d-d965ccfc6d4b" outcome="Passed" testListId="8c84fa94-04c1-424b-9868-57a2d4851a1d" relativeResultsDirectory="e9979e97-82d6-4522-8e34-9c5190fa9b14" dataRowInfo="0" resultType="DataDrivenDataRow" />
        <UnitTestResult executionId="8f44a75c-8129-4775-92a2-41052f4bcacd" parentExecutionId="e9979e97-82d6-4522-8e34-9c5190fa9b14" testId="e7975907-abd7-c724-e54c-c8600f564d67" testName="TestCNLogin" computerName="DESKTOP-LTNHK23" duration="00:00:00.0011218" startTime="2019-11-12T17:40:34.1656754+07:00" endTime="2019-11-12T17:40:34.1666747+07:00" testType="13cdc9d9-ddb5-4fa4-a97d-d965ccfc6d4b" outcome="Passed" testListId="8c84fa94-04c1-424b-9868-57a2d4851a1d" relativeResultsDirectory="e9979e97-82d6-4522-8e34-9c5190fa9b14" dataRowInfo="1" resultType="DataDrivenDataRow" />
        <UnitTestResult executionId="99f76187-14f5-4aec-9b41-2b038a81538d" parentExecutionId="e9979e97-82d6-4522-8e34-9c5190fa9b14" testId="e7975907-abd7-c724-e54c-c8600f564d67" testName="TestCNLogin" computerName="DESKTOP-LTNHK23" duration="00:00:00.0009476" startTime="2019-11-12T17:40:34.1666747+07:00" endTime="2019-11-12T17:40:34.1676746+07:00" testType="13cdc9d9-ddb5-4fa4-a97d-d965ccfc6d4b" outcome="Passed" testListId="8c84fa94-04c1-424b-9868-57a2d4851a1d" relativeResultsDirectory="e9979e97-82d6-4522-8e34-9c5190fa9b14" dataRowInfo="2" resultType="DataDrivenDataRow" />
        <UnitTestResult executionId="687e6869-aa63-4188-acd2-8883adc576cc" parentExecutionId="e9979e97-82d6-4522-8e34-9c5190fa9b14" testId="e7975907-abd7-c724-e54c-c8600f564d67" testName="TestCNLogin" computerName="DESKTOP-LTNHK23" duration="00:00:00.0028694" startTime="2019-11-12T17:40:34.1676746+07:00" endTime="2019-11-12T17:40:34.1706732+07:00" testType="13cdc9d9-ddb5-4fa4-a97d-d965ccfc6d4b" outcome="Passed" testListId="8c84fa94-04c1-424b-9868-57a2d4851a1d" relativeResultsDirectory="e9979e97-82d6-4522-8e34-9c5190fa9b14" dataRowInfo="3" resultType="DataDrivenDataRow" />
        <UnitTestResult executionId="bba8c779-0e62-4b33-a1e6-eff519a5d3ea" parentExecutionId="e9979e97-82d6-4522-8e34-9c5190fa9b14" testId="e7975907-abd7-c724-e54c-c8600f564d67" testName="TestCNLogin" computerName="DESKTOP-LTNHK23" duration="00:00:00.0016748" startTime="2019-11-12T17:40:34.1706732+07:00" endTime="2019-11-12T17:40:34.1726784+07:00" testType="13cdc9d9-ddb5-4fa4-a97d-d965ccfc6d4b" outcome="Passed" testListId="8c84fa94-04c1-424b-9868-57a2d4851a1d" relativeResultsDirectory="e9979e97-82d6-4522-8e34-9c5190fa9b14" dataRowInfo="4" resultType="DataDrivenDataRow" />
        <UnitTestResult executionId="6efc5193-26ba-4aea-bfc0-b1f8a59b6bb3" parentExecutionId="e9979e97-82d6-4522-8e34-9c5190fa9b14" testId="e7975907-abd7-c724-e54c-c8600f564d67" testName="TestCNLogin" computerName="DESKTOP-LTNHK23" duration="00:00:00.0020477" startTime="2019-11-12T17:40:34.1726784+07:00" endTime="2019-11-12T17:40:34.1746827+07:00" testType="13cdc9d9-ddb5-4fa4-a97d-d965ccfc6d4b" outcome="Passed" testListId="8c84fa94-04c1-424b-9868-57a2d4851a1d" relativeResultsDirectory="e9979e97-82d6-4522-8e34-9c5190fa9b14" dataRowInfo="5" resultType="DataDrivenDataRow" />
        <UnitTestResult executionId="6a74edda-0c39-4718-ad09-9915cbaf2b68" parentExecutionId="e9979e97-82d6-4522-8e34-9c5190fa9b14" testId="e7975907-abd7-c724-e54c-c8600f564d67" testName="TestCNLogin" computerName="DESKTOP-LTNHK23" duration="00:00:00.0010729" startTime="2019-11-12T17:40:34.1746827+07:00" endTime="2019-11-12T17:40:34.1756724+07:00" testType="13cdc9d9-ddb5-4fa4-a97d-d965ccfc6d4b" outcome="Passed" testListId="8c84fa94-04c1-424b-9868-57a2d4851a1d" relativeResultsDirectory="e9979e97-82d6-4522-8e34-9c5190fa9b14" dataRowInfo="6" resultType="DataDrivenDataRow" />
        <UnitTestResult executionId="7b45be96-de13-4928-85f7-64072f6dd1e3" parentExecutionId="e9979e97-82d6-4522-8e34-9c5190fa9b14" testId="e7975907-abd7-c724-e54c-c8600f564d67" testName="TestCNLogin" computerName="DESKTOP-LTNHK23" duration="00:00:00.0010468" startTime="2019-11-12T17:40:34.1756724+07:00" endTime="2019-11-12T17:40:34.1766686+07:00" testType="13cdc9d9-ddb5-4fa4-a97d-d965ccfc6d4b" outcome="Passed" testListId="8c84fa94-04c1-424b-9868-57a2d4851a1d" relativeResultsDirectory="e9979e97-82d6-4522-8e34-9c5190fa9b14" dataRowInfo="7" resultType="DataDrivenDataRow" />
        <UnitTestResult executionId="4c5effc9-96fb-4ccc-9f0d-434187d8c71f" parentExecutionId="e9979e97-82d6-4522-8e34-9c5190fa9b14" testId="e7975907-abd7-c724-e54c-c8600f564d67" testName="TestCNLogin" computerName="DESKTOP-LTNHK23" duration="00:00:00.0008623" startTime="2019-11-12T17:40:34.1766686+07:00" endTime="2019-11-12T17:40:34.1776934+07:00" testType="13cdc9d9-ddb5-4fa4-a97d-d965ccfc6d4b" outcome="Passed" testListId="8c84fa94-04c1-424b-9868-57a2d4851a1d" relativeResultsDirectory="e9979e97-82d6-4522-8e34-9c5190fa9b14" dataRowInfo="8" resultType="DataDrivenDataRow" />
        <UnitTestResult executionId="6e2b5078-ed03-47c6-8b61-6a7af5a9cd09" parentExecutionId="e9979e97-82d6-4522-8e34-9c5190fa9b14" testId="e7975907-abd7-c724-e54c-c8600f564d67" testName="TestCNLogin" computerName="DESKTOP-LTNHK23" duration="00:00:00.0008938" startTime="2019-11-12T17:40:34.1776934+07:00" endTime="2019-11-12T17:40:34.1786930+07:00" testType="13cdc9d9-ddb5-4fa4-a97d-d965ccfc6d4b" outcome="Passed" testListId="8c84fa94-04c1-424b-9868-57a2d4851a1d" relativeResultsDirectory="e9979e97-82d6-4522-8e34-9c5190fa9b14" dataRowInfo="9" resultType="DataDrivenDataRow" />
        <UnitTestResult executionId="f5f50976-6156-4cca-a0df-382ed21bfd68" parentExecutionId="e9979e97-82d6-4522-8e34-9c5190fa9b14" testId="e7975907-abd7-c724-e54c-c8600f564d67" testName="TestCNLogin" computerName="DESKTOP-LTNHK23" duration="00:00:00.0008101" startTime="2019-11-12T17:40:34.1786930+07:00" endTime="2019-11-12T17:40:34.1796703+07:00" testType="13cdc9d9-ddb5-4fa4-a97d-d965ccfc6d4b" outcome="Passed" testListId="8c84fa94-04c1-424b-9868-57a2d4851a1d" relativeResultsDirectory="e9979e97-82d6-4522-8e34-9c5190fa9b14" dataRowInfo="10" resultType="DataDrivenDataRow" />
        <UnitTestResult executionId="761ff07f-8a9f-468a-8062-8ab721c82652" parentExecutionId="e9979e97-82d6-4522-8e34-9c5190fa9b14" testId="e7975907-abd7-c724-e54c-c8600f564d67" testName="TestCNLogin" computerName="DESKTOP-LTNHK23" duration="00:00:00.0009198" startTime="2019-11-12T17:40:34.1796703+07:00" endTime="2019-11-12T17:40:34.1806922+07:00" testType="13cdc9d9-ddb5-4fa4-a97d-d965ccfc6d4b" outcome="Passed" testListId="8c84fa94-04c1-424b-9868-57a2d4851a1d" relativeResultsDirectory="e9979e97-82d6-4522-8e34-9c5190fa9b14" dataRowInfo="11" resultType="DataDrivenDataRow" />
        <UnitTestResult executionId="3c0a3c75-1df0-4ed3-b5ff-619170982dd8" parentExecutionId="e9979e97-82d6-4522-8e34-9c5190fa9b14" testId="e7975907-abd7-c724-e54c-c8600f564d67" testName="TestCNLogin" computerName="DESKTOP-LTNHK23" duration="00:00:00.0009774" startTime="2019-11-12T17:40:34.1806922+07:00" endTime="2019-11-12T17:40:34.1816919+07:00" testType="13cdc9d9-ddb5-4fa4-a97d-d965ccfc6d4b" outcome="Passed" testListId="8c84fa94-04c1-424b-9868-57a2d4851a1d" relativeResultsDirectory="e9979e97-82d6-4522-8e34-9c5190fa9b14" dataRowInfo="12" resultType="DataDrivenDataRow" />
        <UnitTestResult executionId="94c5a75d-d63f-401c-830d-bf1546b3df08" parentExecutionId="e9979e97-82d6-4522-8e34-9c5190fa9b14" testId="e7975907-abd7-c724-e54c-c8600f564d67" testName="TestCNLogin" computerName="DESKTOP-LTNHK23" duration="00:00:00.0010077" startTime="2019-11-12T17:40:34.1816919+07:00" endTime="2019-11-12T17:40:34.1826823+07:00" testType="13cdc9d9-ddb5-4fa4-a97d-d965ccfc6d4b" outcome="Passed" testListId="8c84fa94-04c1-424b-9868-57a2d4851a1d" relativeResultsDirectory="e9979e97-82d6-4522-8e34-9c5190fa9b14" dataRowInfo="13" resultType="DataDrivenDataRow" />
        <UnitTestResult executionId="b2a0eed8-86a7-4eae-841d-5ed2ba04cd3f" parentExecutionId="e9979e97-82d6-4522-8e34-9c5190fa9b14" testId="e7975907-abd7-c724-e54c-c8600f564d67" testName="TestCNLogin" computerName="DESKTOP-LTNHK23" duration="00:00:00.0020774" startTime="2019-11-12T17:40:34.1826823+07:00" endTime="2019-11-12T17:40:34.1846831+07:00" testType="13cdc9d9-ddb5-4fa4-a97d-d965ccfc6d4b" outcome="Failed" testListId="8c84fa94-04c1-424b-9868-57a2d4851a1d" relativeResultsDirectory="e9979e97-82d6-4522-8e34-9c5190fa9b14" dataRowInfo="14" resultType="DataDrivenDataRow">
          <Output>
            <ErrorInfo>
              <Message>Test method testPM.TestLogin.TestCNLogin threw exception: 
System.InvalidOperationException: số kí tự quá lớn</Message>
              <StackTrace>    at testPM.TestLogin.TestCNLogin() in C:\Users\Dell\Desktop\Dangnhap\testPM\Test_Login.cs:line 27
</StackTrace>
            </ErrorInfo>
          </Output>
        </UnitTestResult>
      </InnerResults>
    </UnitTestResult>
  </Results>
</TestRun>