<?xml version="1.0" encoding="UTF-8"?>
<TestRun id="91eedddb-0273-461b-af02-a9bfe02dbe0a" name="Dell@DESKTOP-LTNHK23 2019-11-15 00:22:02" runUser="DESKTOP-LTNHK23\Dell" xmlns="http://microsoft.com/schemas/VisualStudio/TeamTest/2010">
  <TestSettings name="Local" id="cea33156-e72c-4d1b-a57b-eb1a5b3c21c1">
    <Description>These are default test settings for a local test run.</Description>
    <Deployment enabled="false" runDeploymentRoot="Dell_DESKTOP-LTNHK23 2019-11-15 00_22_02">
      <DeploymentItem filename="C:\Users\Dell\Desktop\Dangnhap\Dangnhap\bin\Debug\Dangnhap.exe" />
    </Deployment>
    <Execution>
      <TestTypeSpecific />
      <AgentRule name="Execution Agents">
      </AgentRule>
    </Execution>
  </TestSettings>
  <Times creation="2019-11-15T00:22:02.9419290+07:00" queuing="2019-11-15T00:22:02.9529106+07:00" start="2019-11-15T00:22:02.9589071+07:00" finish="2019-11-15T00:22:03.3207915+07:00" />
  <ResultSummary outcome="Completed">
    <Counters total="1" executed="1" passed="1" error="0" failed="0" timeout="0" aborted="0" inconclusive="0" passedButRunAborted="0" notRunnable="0" notExecuted="0" disconnected="0" warning="0" completed="0" inProgress="0" pending="0" />
  </ResultSummary>
  <TestDefinitions>
    <UnitTest name="testsql" storage="c:\users\dell\desktop\dangnhap\testpm\bin\debug\testpm.dll" id="666b100b-0389-6f14-603f-27dd25f0b641">
      <Execution id="40da18ef-4f8d-4e11-9e9c-1e43ea60fa18" />
      <TestMethod codeBase="C:/Users/Dell/Desktop/Dangnhap/testPM/bin/Debug/testPM.DLL" adapterTypeName="Microsoft.VisualStudio.TestTools.TestTypes.Unit.UnitTestAdapter, Microsoft.VisualStudio.QualityTools.Tips.UnitTest.Adapter, Version=10.0.0.0, Culture=neutral, PublicKeyToken=b03f5f7f11d50a3a" className="testPM.Test_SQL, testPM, Version=1.0.0.0, Culture=neutral, PublicKeyToken=null" name="testsql" />
    </UnitTest>
  </TestDefinitions>
  <TestLists>
    <TestList name="Results Not in a List" id="8c84fa94-04c1-424b-9868-57a2d4851a1d" />
    <TestList name="All Loaded Results" id="19431567-8539-422a-85d7-44ee4e166bda" />
  </TestLists>
  <TestEntries>
    <TestEntry testId="666b100b-0389-6f14-603f-27dd25f0b641" executionId="40da18ef-4f8d-4e11-9e9c-1e43ea60fa18" testListId="8c84fa94-04c1-424b-9868-57a2d4851a1d" />
  </TestEntries>
  <Results>
    <UnitTestResult executionId="40da18ef-4f8d-4e11-9e9c-1e43ea60fa18" testId="666b100b-0389-6f14-603f-27dd25f0b641" testName="testsql" computerName="DESKTOP-LTNHK23" duration="00:00:00.1091124" startTime="2019-11-15T00:22:02.9659072+07:00" endTime="2019-11-15T00:22:03.3008206+07:00" testType="13cdc9d9-ddb5-4fa4-a97d-d965ccfc6d4b" outcome="Passed" testListId="8c84fa94-04c1-424b-9868-57a2d4851a1d" relativeResultsDirectory="40da18ef-4f8d-4e11-9e9c-1e43ea60fa18">
    </UnitTestResult>
  </Results>
</TestRun>