<?xml version="1.0" encoding="UTF-8"?>
<TestRun id="0020cded-01a2-4ecb-bbbf-d4758905ff30" name="Dell@DESKTOP-LTNHK23 2019-11-14 10:11:06" runUser="DESKTOP-LTNHK23\Dell" xmlns="http://microsoft.com/schemas/VisualStudio/TeamTest/2010">
  <TestSettings name="Local" id="cea33156-e72c-4d1b-a57b-eb1a5b3c21c1">
    <Description>These are default test settings for a local test run.</Description>
    <Deployment enabled="false" runDeploymentRoot="Dell_DESKTOP-LTNHK23 2019-11-14 10_11_06">
      <DeploymentItem filename="C:\Users\Dell\Desktop\Dangnhap\Dangnhap\bin\Debug\Dangnhap.exe" />
    </Deployment>
    <Execution>
      <TestTypeSpecific />
      <AgentRule name="Execution Agents">
      </AgentRule>
    </Execution>
  </TestSettings>
  <Times creation="2019-11-14T10:11:06.8766953+07:00" queuing="2019-11-14T10:11:06.9106532+07:00" start="2019-11-14T10:11:06.9156515+07:00" finish="2019-11-14T10:11:07.5314196+07:00" />
  <ResultSummary outcome="Failed">
    <Counters total="16" executed="16" passed="14" error="0" failed="2" timeout="0" aborted="0" inconclusive="0" passedButRunAborted="0" notRunnable="0" notExecuted="0" disconnected="0" warning="0" completed="0" inProgress="0" pending="0" />
    <RunInfos>
      <RunInfo computerName="DESKTOP-LTNHK23" outcome="Warning" timestamp="2019-11-14T10:11:06.9106532+07:00">
        <Text>Deployment is currently disabled. The deployment item 'testPM\testLogin.csv' on test 'testPM.TestLogin.TestCNLogin' was not deployed.</Text>
      </RunInfo>
    </RunInfos>
  </ResultSummary>
  <TestDefinitions>
    <UnitTest name="TestCNLogin" storage="c:\users\dell\desktop\dangnhap\testpm\bin\debug\testpm.dll" id="e7975907-abd7-c724-e54c-c8600f564d67">
      <DeploymentItems>
        <DeploymentItem filename="testPM\testLogin.csv" />
      </DeploymentItems>
      <Execution id="0a16ccbc-ced7-4719-819d-152ef65f9bc6" />
      <TestMethod codeBase="C:/Users/Dell/Desktop/Dangnhap/testPM/bin/Debug/testPM.DLL" adapterTypeName="Microsoft.VisualStudio.TestTools.TestTypes.Unit.UnitTestAdapter, Microsoft.VisualStudio.QualityTools.Tips.UnitTest.Adapter, Version=10.0.0.0, Culture=neutral, PublicKeyToken=b03f5f7f11d50a3a" className="testPM.TestLogin, testPM, Version=1.0.0.0, Culture=neutral, PublicKeyToken=null" name="TestCNLogin" />
      <DataSource connectionString="|DataDirectory|\testLogin.csv" providerInvariantName="Microsoft.VisualStudio.TestTools.DataSource.CSV" tableName="testLogin#csv" />
    </UnitTest>
  </TestDefinitions>
  <TestLists>
    <TestList name="Results Not in a List" id="8c84fa94-04c1-424b-9868-57a2d4851a1d" />
    <TestList name="All Loaded Results" id="19431567-8539-422a-85d7-44ee4e166bda" />
  </TestLists>
  <TestEntries>
    <TestEntry testId="e7975907-abd7-c724-e54c-c8600f564d67" executionId="0a16ccbc-ced7-4719-819d-152ef65f9bc6" testListId="8c84fa94-04c1-424b-9868-57a2d4851a1d" />
  </TestEntries>
  <Results>
    <UnitTestResult executionId="0a16ccbc-ced7-4719-819d-152ef65f9bc6" testId="e7975907-abd7-c724-e54c-c8600f564d67" testName="TestCNLogin" computerName="DESKTOP-LTNHK23" duration="00:00:00.3044137" startTime="2019-11-14T10:11:06.9226497+07:00" endTime="2019-11-14T10:11:07.4974303+07:00" testType="13cdc9d9-ddb5-4fa4-a97d-d965ccfc6d4b" outcome="Failed" testListId="8c84fa94-04c1-424b-9868-57a2d4851a1d" relativeResultsDirectory="0a16ccbc-ced7-4719-819d-152ef65f9bc6" resultType="DataDrivenTest">
      <Counters error="0" failed="1" timeout="0" aborted="0" inconclusive="0" passedButRunAborted="0" notRunnable="0" notExecuted="0" disconnected="0" warning="0" passed="14" completed="0" inProgress="0" pending="0" />
      <InnerResults>
        <UnitTestResult executionId="56213385-5f1b-4af0-8c8a-dd787304d6f5" parentExecutionId="0a16ccbc-ced7-4719-819d-152ef65f9bc6" testId="e7975907-abd7-c724-e54c-c8600f564d67" testName="TestCNLogin" computerName="DESKTOP-LTNHK23" duration="00:00:00.1101168" startTime="2019-11-14T10:11:07.2655398+07:00" endTime="2019-11-14T10:11:07.3805320+07:00" testType="13cdc9d9-ddb5-4fa4-a97d-d965ccfc6d4b" outcome="Passed" testListId="8c84fa94-04c1-424b-9868-57a2d4851a1d" relativeResultsDirectory="0a16ccbc-ced7-4719-819d-152ef65f9bc6" dataRowInfo="0" resultType="DataDrivenDataRow" />
        <UnitTestResult executionId="9bb69464-b3cf-44b9-9210-8cdaf79f502f" parentExecutionId="0a16ccbc-ced7-4719-819d-152ef65f9bc6" testId="e7975907-abd7-c724-e54c-c8600f564d67" testName="TestCNLogin" computerName="DESKTOP-LTNHK23" duration="00:00:00.0012475" startTime="2019-11-14T10:11:07.3805320+07:00" endTime="2019-11-14T10:11:07.3815058+07:00" testType="13cdc9d9-ddb5-4fa4-a97d-d965ccfc6d4b" outcome="Passed" testListId="8c84fa94-04c1-424b-9868-57a2d4851a1d" relativeResultsDirectory="0a16ccbc-ced7-4719-819d-152ef65f9bc6" dataRowInfo="1" resultType="DataDrivenDataRow" />
        <UnitTestResult executionId="ec18ea5f-4921-4fc0-94c9-1eb4ac35aaac" parentExecutionId="0a16ccbc-ced7-4719-819d-152ef65f9bc6" testId="e7975907-abd7-c724-e54c-c8600f564d67" testName="TestCNLogin" computerName="DESKTOP-LTNHK23" duration="00:00:00.0011699" startTime="2019-11-14T10:11:07.3815058+07:00" endTime="2019-11-14T10:11:07.3825049+07:00" testType="13cdc9d9-ddb5-4fa4-a97d-d965ccfc6d4b" outcome="Passed" testListId="8c84fa94-04c1-424b-9868-57a2d4851a1d" relativeResultsDirectory="0a16ccbc-ced7-4719-819d-152ef65f9bc6" dataRowInfo="2" resultType="DataDrivenDataRow" />
        <UnitTestResult executionId="c8e4f313-8ec8-4734-8fdb-47aa8c4b4c6c" parentExecutionId="0a16ccbc-ced7-4719-819d-152ef65f9bc6" testId="e7975907-abd7-c724-e54c-c8600f564d67" testName="TestCNLogin" computerName="DESKTOP-LTNHK23" duration="00:00:00.0009192" startTime="2019-11-14T10:11:07.3825049+07:00" endTime="2019-11-14T10:11:07.3835047+07:00" testType="13cdc9d9-ddb5-4fa4-a97d-d965ccfc6d4b" outcome="Passed" testListId="8c84fa94-04c1-424b-9868-57a2d4851a1d" relativeResultsDirectory="0a16ccbc-ced7-4719-819d-152ef65f9bc6" dataRowInfo="3" resultType="DataDrivenDataRow" />
        <UnitTestResult executionId="78b9d403-8a43-4cdc-b963-deea4e1f5ad2" parentExecutionId="0a16ccbc-ced7-4719-819d-152ef65f9bc6" testId="e7975907-abd7-c724-e54c-c8600f564d67" testName="TestCNLogin" computerName="DESKTOP-LTNHK23" duration="00:00:00.0010328" startTime="2019-11-14T10:11:07.3835047+07:00" endTime="2019-11-14T10:11:07.3845042+07:00" testType="13cdc9d9-ddb5-4fa4-a97d-d965ccfc6d4b" outcome="Passed" testListId="8c84fa94-04c1-424b-9868-57a2d4851a1d" relativeResultsDirectory="0a16ccbc-ced7-4719-819d-152ef65f9bc6" dataRowInfo="4" resultType="DataDrivenDataRow" />
        <UnitTestResult executionId="408c513b-1e0e-43d7-bcc2-51a8e6cc0835" parentExecutionId="0a16ccbc-ced7-4719-819d-152ef65f9bc6" testId="e7975907-abd7-c724-e54c-c8600f564d67" testName="TestCNLogin" computerName="DESKTOP-LTNHK23" duration="00:00:00.0008760" startTime="2019-11-14T10:11:07.3845042+07:00" endTime="2019-11-14T10:11:07.3855038+07:00" testType="13cdc9d9-ddb5-4fa4-a97d-d965ccfc6d4b" outcome="Passed" testListId="8c84fa94-04c1-424b-9868-57a2d4851a1d" relativeResultsDirectory="0a16ccbc-ced7-4719-819d-152ef65f9bc6" dataRowInfo="5" resultType="DataDrivenDataRow" />
        <UnitTestResult executionId="d762625c-160e-41a8-b121-e33bdeecdaeb" parentExecutionId="0a16ccbc-ced7-4719-819d-152ef65f9bc6" testId="e7975907-abd7-c724-e54c-c8600f564d67" testName="TestCNLogin" computerName="DESKTOP-LTNHK23" duration="00:00:00.0008642" startTime="2019-11-14T10:11:07.3855038+07:00" endTime="2019-11-14T10:11:07.3865035+07:00" testType="13cdc9d9-ddb5-4fa4-a97d-d965ccfc6d4b" outcome="Passed" testListId="8c84fa94-04c1-424b-9868-57a2d4851a1d" relativeResultsDirectory="0a16ccbc-ced7-4719-819d-152ef65f9bc6" dataRowInfo="6" resultType="DataDrivenDataRow" />
        <UnitTestResult executionId="a2ae15d5-e1b8-4dac-8aaf-c22d92bd1e05" parentExecutionId="0a16ccbc-ced7-4719-819d-152ef65f9bc6" testId="e7975907-abd7-c724-e54c-c8600f564d67" testName="TestCNLogin" computerName="DESKTOP-LTNHK23" duration="00:00:00.0009404" startTime="2019-11-14T10:11:07.3865035+07:00" endTime="2019-11-14T10:11:07.3875147+07:00" testType="13cdc9d9-ddb5-4fa4-a97d-d965ccfc6d4b" outcome="Passed" testListId="8c84fa94-04c1-424b-9868-57a2d4851a1d" relativeResultsDirectory="0a16ccbc-ced7-4719-819d-152ef65f9bc6" dataRowInfo="7" resultType="DataDrivenDataRow" />
        <UnitTestResult executionId="08b2eab3-62ca-48be-b2cc-45c856da9c21" parentExecutionId="0a16ccbc-ced7-4719-819d-152ef65f9bc6" testId="e7975907-abd7-c724-e54c-c8600f564d67" testName="TestCNLogin" computerName="DESKTOP-LTNHK23" duration="00:00:00.0010863" startTime="2019-11-14T10:11:07.3875147+07:00" endTime="2019-11-14T10:11:07.3883254+07:00" testType="13cdc9d9-ddb5-4fa4-a97d-d965ccfc6d4b" outcome="Passed" testListId="8c84fa94-04c1-424b-9868-57a2d4851a1d" relativeResultsDirectory="0a16ccbc-ced7-4719-819d-152ef65f9bc6" dataRowInfo="8" resultType="DataDrivenDataRow" />
        <UnitTestResult executionId="a9c976ce-20c2-490c-9a45-1c23de2e673e" parentExecutionId="0a16ccbc-ced7-4719-819d-152ef65f9bc6" testId="e7975907-abd7-c724-e54c-c8600f564d67" testName="TestCNLogin" computerName="DESKTOP-LTNHK23" duration="00:00:00.0043347" startTime="2019-11-14T10:11:07.3883254+07:00" endTime="2019-11-14T10:11:07.3923291+07:00" testType="13cdc9d9-ddb5-4fa4-a97d-d965ccfc6d4b" outcome="Passed" testListId="8c84fa94-04c1-424b-9868-57a2d4851a1d" relativeResultsDirectory="0a16ccbc-ced7-4719-819d-152ef65f9bc6" dataRowInfo="9" resultType="DataDrivenDataRow" />
        <UnitTestResult executionId="bfb6fa91-8d17-4ccd-b992-e2a254176f31" parentExecutionId="0a16ccbc-ced7-4719-819d-152ef65f9bc6" testId="e7975907-abd7-c724-e54c-c8600f564d67" testName="TestCNLogin" computerName="DESKTOP-LTNHK23" duration="00:00:00.0031248" startTime="2019-11-14T10:11:07.3923291+07:00" endTime="2019-11-14T10:11:07.3959551+07:00" testType="13cdc9d9-ddb5-4fa4-a97d-d965ccfc6d4b" outcome="Passed" testListId="8c84fa94-04c1-424b-9868-57a2d4851a1d" relativeResultsDirectory="0a16ccbc-ced7-4719-819d-152ef65f9bc6" dataRowInfo="10" resultType="DataDrivenDataRow" />
        <UnitTestResult executionId="0e6f69bb-d0e4-46da-b137-170da20ccf50" parentExecutionId="0a16ccbc-ced7-4719-819d-152ef65f9bc6" testId="e7975907-abd7-c724-e54c-c8600f564d67" testName="TestCNLogin" computerName="DESKTOP-LTNHK23" duration="00:00:00.0030644" startTime="2019-11-14T10:11:07.3959551+07:00" endTime="2019-11-14T10:11:07.3989506+07:00" testType="13cdc9d9-ddb5-4fa4-a97d-d965ccfc6d4b" outcome="Passed" testListId="8c84fa94-04c1-424b-9868-57a2d4851a1d" relativeResultsDirectory="0a16ccbc-ced7-4719-819d-152ef65f9bc6" dataRowInfo="11" resultType="DataDrivenDataRow" />
        <UnitTestResult executionId="0a772a0d-3b48-4b0e-8ec2-ed91b0a14b4e" parentExecutionId="0a16ccbc-ced7-4719-819d-152ef65f9bc6" testId="e7975907-abd7-c724-e54c-c8600f564d67" testName="TestCNLogin" computerName="DESKTOP-LTNHK23" duration="00:00:00.0024691" startTime="2019-11-14T10:11:07.3989506+07:00" endTime="2019-11-14T10:11:07.4019527+07:00" testType="13cdc9d9-ddb5-4fa4-a97d-d965ccfc6d4b" outcome="Passed" testListId="8c84fa94-04c1-424b-9868-57a2d4851a1d" relativeResultsDirectory="0a16ccbc-ced7-4719-819d-152ef65f9bc6" dataRowInfo="12" resultType="DataDrivenDataRow" />
        <UnitTestResult executionId="70e54e5b-82f5-4c31-b6fd-43c453642cad" parentExecutionId="0a16ccbc-ced7-4719-819d-152ef65f9bc6" testId="e7975907-abd7-c724-e54c-c8600f564d67" testName="TestCNLogin" computerName="DESKTOP-LTNHK23" duration="00:00:00.0027754" startTime="2019-11-14T10:11:07.4019527+07:00" endTime="2019-11-14T10:11:07.4039491+07:00" testType="13cdc9d9-ddb5-4fa4-a97d-d965ccfc6d4b" outcome="Passed" testListId="8c84fa94-04c1-424b-9868-57a2d4851a1d" relativeResultsDirectory="0a16ccbc-ced7-4719-819d-152ef65f9bc6" dataRowInfo="13" resultType="DataDrivenDataRow" />
        <UnitTestResult executionId="9ce78796-4ac5-4558-989d-4ce9ada94142" parentExecutionId="0a16ccbc-ced7-4719-819d-152ef65f9bc6" testId="e7975907-abd7-c724-e54c-c8600f564d67" testName="TestCNLogin" computerName="DESKTOP-LTNHK23" duration="00:00:00.0267331" startTime="2019-11-14T10:11:07.4039491+07:00" endTime="2019-11-14T10:11:07.4309406+07:00" testType="13cdc9d9-ddb5-4fa4-a97d-d965ccfc6d4b" outcome="Failed" testListId="8c84fa94-04c1-424b-9868-57a2d4851a1d" relativeResultsDirectory="0a16ccbc-ced7-4719-819d-152ef65f9bc6" dataRowInfo="14" resultType="DataDrivenDataRow">
          <Output>
            <ErrorInfo>
              <Message>Test method testPM.TestLogin.TestCNLogin threw exception: 
System.InvalidOperationException: số kí tự quá lớn</Message>
              <StackTrace>    at testPM.TestLogin.TestCNLogin() in C:\Users\Dell\Desktop\Dangnhap\testPM\Test_Login.cs:line 27
</StackTrace>
            </ErrorInfo>
          </Output>
        </UnitTestResult>
      </InnerResults>
    </UnitTestResult>
  </Results>
</TestRun>