<?xml version="1.0" encoding="UTF-8"?>
<TestRun id="8388beb9-9fcd-4ee3-8a7a-80c06df8117f" name="Dell@DESKTOP-LTNHK23 2019-11-12 17:42:36" runUser="DESKTOP-LTNHK23\Dell" xmlns="http://microsoft.com/schemas/VisualStudio/TeamTest/2010">
  <TestSettings name="Local" id="cea33156-e72c-4d1b-a57b-eb1a5b3c21c1">
    <Description>These are default test settings for a local test run.</Description>
    <Deployment enabled="false" runDeploymentRoot="Dell_DESKTOP-LTNHK23 2019-11-12 17_42_36">
      <DeploymentItem filename="C:\Users\Dell\Desktop\Dangnhap\Dangnhap\bin\Debug\Dangnhap.exe" />
    </Deployment>
    <Execution>
      <TestTypeSpecific />
      <AgentRule name="Execution Agents">
      </AgentRule>
    </Execution>
  </TestSettings>
  <Times creation="2019-11-12T17:42:36.9613869+07:00" queuing="2019-11-12T17:42:36.9743705+07:00" start="2019-11-12T17:42:36.9793699+07:00" finish="2019-11-12T17:42:39.3583494+07:00" />
  <ResultSummary outcome="Failed">
    <Counters total="32" executed="32" passed="28" error="0" failed="4" timeout="0" aborted="0" inconclusive="0" passedButRunAborted="0" notRunnable="0" notExecuted="0" disconnected="0" warning="0" completed="0" inProgress="0" pending="0" />
    <RunInfos>
      <RunInfo computerName="DESKTOP-LTNHK23" outcome="Warning" timestamp="2019-11-12T17:42:36.9743705+07:00">
        <Text>Deployment is currently disabled. The deployment item 'testPM\testLogin.csv' on test 'testPM.TestLogin.TestCNLogin' was not deployed.</Text>
      </RunInfo>
    </RunInfos>
  </ResultSummary>
  <TestDefinitions>
    <UnitTest name="TestCNLogin" storage="c:\users\dell\desktop\dangnhap\testpm\bin\debug\testpm.dll" id="e7975907-abd7-c724-e54c-c8600f564d67">
      <DeploymentItems>
        <DeploymentItem filename="testPM\testLogin.csv" />
      </DeploymentItems>
      <Execution id="3ed08813-baa5-4570-9e84-a49f07a06790" />
      <TestMethod codeBase="C:/Users/Dell/Desktop/Dangnhap/testPM/bin/Debug/testPM.DLL" adapterTypeName="Microsoft.VisualStudio.TestTools.TestTypes.Unit.UnitTestAdapter, Microsoft.VisualStudio.QualityTools.Tips.UnitTest.Adapter, Version=10.0.0.0, Culture=neutral, PublicKeyToken=b03f5f7f11d50a3a" className="testPM.TestLogin, testPM, Version=1.0.0.0, Culture=neutral, PublicKeyToken=null" name="TestCNLogin" />
      <DataSource connectionString="|DataDirectory|\testLogin.csv" providerInvariantName="Microsoft.VisualStudio.TestTools.DataSource.CSV" tableName="testLogin#csv" />
    </UnitTest>
    <UnitTest name="testThemMon" storage="c:\users\dell\desktop\dangnhap\testpm\bin\debug\testpm.dll" id="d126ba14-7fa7-4e78-7434-4a28ba2ec146">
      <DeploymentItems>
        <DeploymentItem filename="testPM\TestThemMon.csv" />
      </DeploymentItems>
      <Execution id="f54430c9-fe31-4783-8898-984e1d7d9613" />
      <TestMethod codeBase="C:/Users/Dell/Desktop/Dangnhap/testPM/bin/Debug/testPM.DLL" adapterTypeName="Microsoft.VisualStudio.TestTools.TestTypes.Unit.UnitTestAdapter, Microsoft.VisualStudio.QualityTools.Tips.UnitTest.Adapter, Version=10.0.0.0, Culture=neutral, PublicKeyToken=b03f5f7f11d50a3a" className="testPM.Test_ThemMon, testPM, Version=1.0.0.0, Culture=neutral, PublicKeyToken=null" name="testThemMon" />
      <DataSource connectionString="|DataDirectory|\TestThemMon.csv" providerInvariantName="Microsoft.VisualStudio.TestTools.DataSource.CSV" tableName="TestThemMon#csv" />
    </UnitTest>
    <UnitTest name="test_ThanhToan" storage="c:\users\dell\desktop\dangnhap\testpm\bin\debug\testpm.dll" id="2169934a-9f13-ee0b-caac-0e95b5225d2b">
      <DeploymentItems>
        <DeploymentItem filename="testPM\testThanhToan.csv" />
      </DeploymentItems>
      <Execution id="00cc8098-e450-4b1a-bf7a-2e4fb9922901" />
      <TestMethod codeBase="C:/Users/Dell/Desktop/Dangnhap/testPM/bin/Debug/testPM.DLL" adapterTypeName="Microsoft.VisualStudio.TestTools.TestTypes.Unit.UnitTestAdapter, Microsoft.VisualStudio.QualityTools.Tips.UnitTest.Adapter, Version=10.0.0.0, Culture=neutral, PublicKeyToken=b03f5f7f11d50a3a" className="testPM.Test_ThanhToan, testPM, Version=1.0.0.0, Culture=neutral, PublicKeyToken=null" name="test_ThanhToan" />
      <DataSource connectionString="|DataDirectory|\testThanhToan.csv" providerInvariantName="Microsoft.VisualStudio.TestTools.DataSource.CSV" tableName="testThanhToan#csv" />
    </UnitTest>
    <UnitTest name="testThem" storage="c:\users\dell\desktop\dangnhap\testpm\bin\debug\testpm.dll" id="84b817a3-d9ea-4ee7-4bce-6233ff1a22ec">
      <DeploymentItems>
        <DeploymentItem filename="testPM\testThem.csv" />
      </DeploymentItems>
      <Execution id="c36c4d0d-e43a-410b-9bcb-7a1db4c49c13" />
      <TestMethod codeBase="C:/Users/Dell/Desktop/Dangnhap/testPM/bin/Debug/testPM.DLL" adapterTypeName="Microsoft.VisualStudio.TestTools.TestTypes.Unit.UnitTestAdapter, Microsoft.VisualStudio.QualityTools.Tips.UnitTest.Adapter, Version=10.0.0.0, Culture=neutral, PublicKeyToken=b03f5f7f11d50a3a" className="testPM.Test_Them, testPM, Version=1.0.0.0, Culture=neutral, PublicKeyToken=null" name="testThem" />
      <DataSource connectionString="|DataDirectory|\testThem.csv" providerInvariantName="Microsoft.VisualStudio.TestTools.DataSource.CSV" tableName="testThem#csv" />
    </UnitTest>
  </TestDefinitions>
  <TestLists>
    <TestList name="Results Not in a List" id="8c84fa94-04c1-424b-9868-57a2d4851a1d" />
    <TestList name="All Loaded Results" id="19431567-8539-422a-85d7-44ee4e166bda" />
  </TestLists>
  <TestEntries>
    <TestEntry testId="2169934a-9f13-ee0b-caac-0e95b5225d2b" executionId="00cc8098-e450-4b1a-bf7a-2e4fb9922901" testListId="8c84fa94-04c1-424b-9868-57a2d4851a1d" />
    <TestEntry testId="84b817a3-d9ea-4ee7-4bce-6233ff1a22ec" executionId="c36c4d0d-e43a-410b-9bcb-7a1db4c49c13" testListId="8c84fa94-04c1-424b-9868-57a2d4851a1d" />
    <TestEntry testId="d126ba14-7fa7-4e78-7434-4a28ba2ec146" executionId="f54430c9-fe31-4783-8898-984e1d7d9613" testListId="8c84fa94-04c1-424b-9868-57a2d4851a1d" />
    <TestEntry testId="e7975907-abd7-c724-e54c-c8600f564d67" executionId="3ed08813-baa5-4570-9e84-a49f07a06790" testListId="8c84fa94-04c1-424b-9868-57a2d4851a1d" />
  </TestEntries>
  <Results>
    <UnitTestResult executionId="00cc8098-e450-4b1a-bf7a-2e4fb9922901" testId="2169934a-9f13-ee0b-caac-0e95b5225d2b" testName="test_ThanhToan" computerName="DESKTOP-LTNHK23" duration="00:00:00.1964751" startTime="2019-11-12T17:42:36.9863670+07:00" endTime="2019-11-12T17:42:37.4006104+07:00" testType="13cdc9d9-ddb5-4fa4-a97d-d965ccfc6d4b" outcome="Passed" testListId="8c84fa94-04c1-424b-9868-57a2d4851a1d" relativeResultsDirectory="00cc8098-e450-4b1a-bf7a-2e4fb9922901" resultType="DataDrivenTest">
      <Counters error="0" failed="0" timeout="0" aborted="0" inconclusive="0" passedButRunAborted="0" notRunnable="0" notExecuted="0" disconnected="0" warning="0" passed="5" completed="0" inProgress="0" pending="0" />
      <InnerResults>
        <UnitTestResult executionId="932d8f74-8062-439f-bbd5-18f8e9f8c627" parentExecutionId="00cc8098-e450-4b1a-bf7a-2e4fb9922901" testId="2169934a-9f13-ee0b-caac-0e95b5225d2b" testName="test_ThanhToan" computerName="DESKTOP-LTNHK23" duration="00:00:00.0658391" startTime="2019-11-12T17:42:37.3093120+07:00" endTime="2019-11-12T17:42:37.3806027+07:00" testType="13cdc9d9-ddb5-4fa4-a97d-d965ccfc6d4b" outcome="Passed" testListId="8c84fa94-04c1-424b-9868-57a2d4851a1d" relativeResultsDirectory="00cc8098-e450-4b1a-bf7a-2e4fb9922901" dataRowInfo="0" resultType="DataDrivenDataRow" />
        <UnitTestResult executionId="501d4108-5d9d-4ed5-81bc-220bae8fa302" parentExecutionId="00cc8098-e450-4b1a-bf7a-2e4fb9922901" testId="2169934a-9f13-ee0b-caac-0e95b5225d2b" testName="test_ThanhToan" computerName="DESKTOP-LTNHK23" duration="00:00:00.0006494" startTime="2019-11-12T17:42:37.3806027+07:00" endTime="2019-11-12T17:42:37.3816014+07:00" testType="13cdc9d9-ddb5-4fa4-a97d-d965ccfc6d4b" outcome="Passed" testListId="8c84fa94-04c1-424b-9868-57a2d4851a1d" relativeResultsDirectory="00cc8098-e450-4b1a-bf7a-2e4fb9922901" dataRowInfo="1" resultType="DataDrivenDataRow" />
        <UnitTestResult executionId="608ba852-ffce-4edb-bf39-01cc925a3145" parentExecutionId="00cc8098-e450-4b1a-bf7a-2e4fb9922901" testId="2169934a-9f13-ee0b-caac-0e95b5225d2b" testName="test_ThanhToan" computerName="DESKTOP-LTNHK23" duration="00:00:00.0000791" startTime="2019-11-12T17:42:37.3816014+07:00" endTime="2019-11-12T17:42:37.3816014+07:00" testType="13cdc9d9-ddb5-4fa4-a97d-d965ccfc6d4b" outcome="Passed" testListId="8c84fa94-04c1-424b-9868-57a2d4851a1d" relativeResultsDirectory="00cc8098-e450-4b1a-bf7a-2e4fb9922901" dataRowInfo="2" resultType="DataDrivenDataRow" />
        <UnitTestResult executionId="a01621d3-4cb5-4c2f-a308-59c6d14982b7" parentExecutionId="00cc8098-e450-4b1a-bf7a-2e4fb9922901" testId="2169934a-9f13-ee0b-caac-0e95b5225d2b" testName="test_ThanhToan" computerName="DESKTOP-LTNHK23" duration="00:00:00.0000260" startTime="2019-11-12T17:42:37.3816014+07:00" endTime="2019-11-12T17:42:37.3816014+07:00" testType="13cdc9d9-ddb5-4fa4-a97d-d965ccfc6d4b" outcome="Passed" testListId="8c84fa94-04c1-424b-9868-57a2d4851a1d" relativeResultsDirectory="00cc8098-e450-4b1a-bf7a-2e4fb9922901" dataRowInfo="3" resultType="DataDrivenDataRow" />
        <UnitTestResult executionId="749a36ee-97ab-44b2-a112-5c66b83f142e" parentExecutionId="00cc8098-e450-4b1a-bf7a-2e4fb9922901" testId="2169934a-9f13-ee0b-caac-0e95b5225d2b" testName="test_ThanhToan" computerName="DESKTOP-LTNHK23" duration="00:00:00.0000319" startTime="2019-11-12T17:42:37.3816014+07:00" endTime="2019-11-12T17:42:37.3816014+07:00" testType="13cdc9d9-ddb5-4fa4-a97d-d965ccfc6d4b" outcome="Passed" testListId="8c84fa94-04c1-424b-9868-57a2d4851a1d" relativeResultsDirectory="00cc8098-e450-4b1a-bf7a-2e4fb9922901" dataRowInfo="4" resultType="DataDrivenDataRow" />
      </InnerResults>
    </UnitTestResult>
    <UnitTestResult executionId="c36c4d0d-e43a-410b-9bcb-7a1db4c49c13" testId="84b817a3-d9ea-4ee7-4bce-6233ff1a22ec" testName="testThem" computerName="DESKTOP-LTNHK23" duration="00:00:00.1521987" startTime="2019-11-12T17:42:37.4066085+07:00" endTime="2019-11-12T17:42:37.5647167+07:00" testType="13cdc9d9-ddb5-4fa4-a97d-d965ccfc6d4b" outcome="Failed" testListId="8c84fa94-04c1-424b-9868-57a2d4851a1d" relativeResultsDirectory="c36c4d0d-e43a-410b-9bcb-7a1db4c49c13" resultType="DataDrivenTest">
      <Counters error="0" failed="1" timeout="0" aborted="0" inconclusive="0" passedButRunAborted="0" notRunnable="0" notExecuted="0" disconnected="0" warning="0" passed="1" completed="0" inProgress="0" pending="0" />
      <InnerResults>
        <UnitTestResult executionId="efeea3ab-3084-4358-ace8-79cc5e0c118b" parentExecutionId="c36c4d0d-e43a-410b-9bcb-7a1db4c49c13" testId="84b817a3-d9ea-4ee7-4bce-6233ff1a22ec" testName="testThem" computerName="DESKTOP-LTNHK23" duration="00:00:00.0402830" startTime="2019-11-12T17:42:37.5110147+07:00" endTime="2019-11-12T17:42:37.5507363+07:00" testType="13cdc9d9-ddb5-4fa4-a97d-d965ccfc6d4b" outcome="Passed" testListId="8c84fa94-04c1-424b-9868-57a2d4851a1d" relativeResultsDirectory="c36c4d0d-e43a-410b-9bcb-7a1db4c49c13" dataRowInfo="0" resultType="DataDrivenDataRow" />
        <UnitTestResult executionId="ee199a63-4afd-413a-a1eb-cdc70580f03c" parentExecutionId="c36c4d0d-e43a-410b-9bcb-7a1db4c49c13" testId="84b817a3-d9ea-4ee7-4bce-6233ff1a22ec" testName="testThem" computerName="DESKTOP-LTNHK23" duration="00:00:00.0103265" startTime="2019-11-12T17:42:37.5507363+07:00" endTime="2019-11-12T17:42:37.5617179+07:00" testType="13cdc9d9-ddb5-4fa4-a97d-d965ccfc6d4b" outcome="Failed" testListId="8c84fa94-04c1-424b-9868-57a2d4851a1d" relativeResultsDirectory="c36c4d0d-e43a-410b-9bcb-7a1db4c49c13" dataRowInfo="1" resultType="DataDrivenDataRow">
          <Output>
            <ErrorInfo>
              <Message>Test method testPM.Test_Them.testThem threw exception: 
System.FormatException: String was not recognized as a valid Boolean.</Message>
              <StackTrace>    at System.Boolean.Parse(String value)
   at testPM.Test_Them.testThem() in C:\Users\Dell\Desktop\Dangnhap\testPM\Test_Them.cs:line 23
</StackTrace>
            </ErrorInfo>
          </Output>
        </UnitTestResult>
      </InnerResults>
    </UnitTestResult>
    <UnitTestResult executionId="f54430c9-fe31-4783-8898-984e1d7d9613" testId="d126ba14-7fa7-4e78-7434-4a28ba2ec146" testName="testThemMon" computerName="DESKTOP-LTNHK23" duration="00:00:00.1105119" startTime="2019-11-12T17:42:37.5707405+07:00" endTime="2019-11-12T17:42:37.6936060+07:00" testType="13cdc9d9-ddb5-4fa4-a97d-d965ccfc6d4b" outcome="Passed" testListId="8c84fa94-04c1-424b-9868-57a2d4851a1d" relativeResultsDirectory="f54430c9-fe31-4783-8898-984e1d7d9613" resultType="DataDrivenTest">
      <Counters error="0" failed="0" timeout="0" aborted="0" inconclusive="0" passedButRunAborted="0" notRunnable="0" notExecuted="0" disconnected="0" warning="0" passed="6" completed="0" inProgress="0" pending="0" />
      <InnerResults>
        <UnitTestResult executionId="2f79769e-36f1-41e4-bd63-30459f9d5cf0" parentExecutionId="f54430c9-fe31-4783-8898-984e1d7d9613" testId="d126ba14-7fa7-4e78-7434-4a28ba2ec146" testName="testThemMon" computerName="DESKTOP-LTNHK23" duration="00:00:00.0012681" startTime="2019-11-12T17:42:37.6780373+07:00" endTime="2019-11-12T17:42:37.6790376+07:00" testType="13cdc9d9-ddb5-4fa4-a97d-d965ccfc6d4b" outcome="Passed" testListId="8c84fa94-04c1-424b-9868-57a2d4851a1d" relativeResultsDirectory="f54430c9-fe31-4783-8898-984e1d7d9613" dataRowInfo="0" resultType="DataDrivenDataRow" />
        <UnitTestResult executionId="1e747965-7768-4aaf-82ec-2deb5a26df74" parentExecutionId="f54430c9-fe31-4783-8898-984e1d7d9613" testId="d126ba14-7fa7-4e78-7434-4a28ba2ec146" testName="testThemMon" computerName="DESKTOP-LTNHK23" duration="00:00:00.0051408" startTime="2019-11-12T17:42:37.6790376+07:00" endTime="2019-11-12T17:42:37.6845898+07:00" testType="13cdc9d9-ddb5-4fa4-a97d-d965ccfc6d4b" outcome="Passed" testListId="8c84fa94-04c1-424b-9868-57a2d4851a1d" relativeResultsDirectory="f54430c9-fe31-4783-8898-984e1d7d9613" dataRowInfo="1" resultType="DataDrivenDataRow" />
        <UnitTestResult executionId="92527d7f-169a-4d7b-b9b4-1763185da9a7" parentExecutionId="f54430c9-fe31-4783-8898-984e1d7d9613" testId="d126ba14-7fa7-4e78-7434-4a28ba2ec146" testName="testThemMon" computerName="DESKTOP-LTNHK23" duration="00:00:00.0000555" startTime="2019-11-12T17:42:37.6845898+07:00" endTime="2019-11-12T17:42:37.6845898+07:00" testType="13cdc9d9-ddb5-4fa4-a97d-d965ccfc6d4b" outcome="Passed" testListId="8c84fa94-04c1-424b-9868-57a2d4851a1d" relativeResultsDirectory="f54430c9-fe31-4783-8898-984e1d7d9613" dataRowInfo="2" resultType="DataDrivenDataRow" />
        <UnitTestResult executionId="1d1dc95f-8c99-4d93-8468-85433e23853e" parentExecutionId="f54430c9-fe31-4783-8898-984e1d7d9613" testId="d126ba14-7fa7-4e78-7434-4a28ba2ec146" testName="testThemMon" computerName="DESKTOP-LTNHK23" duration="00:00:00.0000135" startTime="2019-11-12T17:42:37.6845898+07:00" endTime="2019-11-12T17:42:37.6845898+07:00" testType="13cdc9d9-ddb5-4fa4-a97d-d965ccfc6d4b" outcome="Passed" testListId="8c84fa94-04c1-424b-9868-57a2d4851a1d" relativeResultsDirectory="f54430c9-fe31-4783-8898-984e1d7d9613" dataRowInfo="3" resultType="DataDrivenDataRow" />
        <UnitTestResult executionId="9723602d-6e5e-4a98-9bed-56ab5d2469c4" parentExecutionId="f54430c9-fe31-4783-8898-984e1d7d9613" testId="d126ba14-7fa7-4e78-7434-4a28ba2ec146" testName="testThemMon" computerName="DESKTOP-LTNHK23" duration="00:00:00.0000123" startTime="2019-11-12T17:42:37.6845898+07:00" endTime="2019-11-12T17:42:37.6845898+07:00" testType="13cdc9d9-ddb5-4fa4-a97d-d965ccfc6d4b" outcome="Passed" testListId="8c84fa94-04c1-424b-9868-57a2d4851a1d" relativeResultsDirectory="f54430c9-fe31-4783-8898-984e1d7d9613" dataRowInfo="4" resultType="DataDrivenDataRow" />
        <UnitTestResult executionId="8ce78500-787c-4078-b15a-45a38f376b08" parentExecutionId="f54430c9-fe31-4783-8898-984e1d7d9613" testId="d126ba14-7fa7-4e78-7434-4a28ba2ec146" testName="testThemMon" computerName="DESKTOP-LTNHK23" duration="00:00:00.0000124" startTime="2019-11-12T17:42:37.6845898+07:00" endTime="2019-11-12T17:42:37.6845898+07:00" testType="13cdc9d9-ddb5-4fa4-a97d-d965ccfc6d4b" outcome="Passed" testListId="8c84fa94-04c1-424b-9868-57a2d4851a1d" relativeResultsDirectory="f54430c9-fe31-4783-8898-984e1d7d9613" dataRowInfo="5" resultType="DataDrivenDataRow" />
      </InnerResults>
    </UnitTestResult>
    <UnitTestResult executionId="3ed08813-baa5-4570-9e84-a49f07a06790" testId="e7975907-abd7-c724-e54c-c8600f564d67" testName="TestCNLogin" computerName="DESKTOP-LTNHK23" duration="00:00:00.1145937" startTime="2019-11-12T17:42:37.6995893+07:00" endTime="2019-11-12T17:42:37.8340313+07:00" testType="13cdc9d9-ddb5-4fa4-a97d-d965ccfc6d4b" outcome="Failed" testListId="8c84fa94-04c1-424b-9868-57a2d4851a1d" relativeResultsDirectory="3ed08813-baa5-4570-9e84-a49f07a06790" resultType="DataDrivenTest">
      <Counters error="0" failed="1" timeout="0" aborted="0" inconclusive="0" passedButRunAborted="0" notRunnable="0" notExecuted="0" disconnected="0" warning="0" passed="14" completed="0" inProgress="0" pending="0" />
      <InnerResults>
        <UnitTestResult executionId="71f8408b-195b-44ee-8cb2-ce76c7671309" parentExecutionId="3ed08813-baa5-4570-9e84-a49f07a06790" testId="e7975907-abd7-c724-e54c-c8600f564d67" testName="TestCNLogin" computerName="DESKTOP-LTNHK23" duration="00:00:00.0044123" startTime="2019-11-12T17:42:37.7971550+07:00" endTime="2019-11-12T17:42:37.8011757+07:00" testType="13cdc9d9-ddb5-4fa4-a97d-d965ccfc6d4b" outcome="Passed" testListId="8c84fa94-04c1-424b-9868-57a2d4851a1d" relativeResultsDirectory="3ed08813-baa5-4570-9e84-a49f07a06790" dataRowInfo="0" resultType="DataDrivenDataRow" />
        <UnitTestResult executionId="221e3f58-08e4-4762-901c-0f09590c9643" parentExecutionId="3ed08813-baa5-4570-9e84-a49f07a06790" testId="e7975907-abd7-c724-e54c-c8600f564d67" testName="TestCNLogin" computerName="DESKTOP-LTNHK23" duration="00:00:00.0007725" startTime="2019-11-12T17:42:37.8011757+07:00" endTime="2019-11-12T17:42:37.8021555+07:00" testType="13cdc9d9-ddb5-4fa4-a97d-d965ccfc6d4b" outcome="Passed" testListId="8c84fa94-04c1-424b-9868-57a2d4851a1d" relativeResultsDirectory="3ed08813-baa5-4570-9e84-a49f07a06790" dataRowInfo="1" resultType="DataDrivenDataRow" />
        <UnitTestResult executionId="00a3991d-feca-4405-af5a-c63123889652" parentExecutionId="3ed08813-baa5-4570-9e84-a49f07a06790" testId="e7975907-abd7-c724-e54c-c8600f564d67" testName="TestCNLogin" computerName="DESKTOP-LTNHK23" duration="00:00:00.0007675" startTime="2019-11-12T17:42:37.8021555+07:00" endTime="2019-11-12T17:42:37.8031691+07:00" testType="13cdc9d9-ddb5-4fa4-a97d-d965ccfc6d4b" outcome="Passed" testListId="8c84fa94-04c1-424b-9868-57a2d4851a1d" relativeResultsDirectory="3ed08813-baa5-4570-9e84-a49f07a06790" dataRowInfo="2" resultType="DataDrivenDataRow" />
        <UnitTestResult executionId="89097c4a-f214-47aa-b24d-21f05a5726d0" parentExecutionId="3ed08813-baa5-4570-9e84-a49f07a06790" testId="e7975907-abd7-c724-e54c-c8600f564d67" testName="TestCNLogin" computerName="DESKTOP-LTNHK23" duration="00:00:00.0007357" startTime="2019-11-12T17:42:37.8031691+07:00" endTime="2019-11-12T17:42:37.8031691+07:00" testType="13cdc9d9-ddb5-4fa4-a97d-d965ccfc6d4b" outcome="Passed" testListId="8c84fa94-04c1-424b-9868-57a2d4851a1d" relativeResultsDirectory="3ed08813-baa5-4570-9e84-a49f07a06790" dataRowInfo="3" resultType="DataDrivenDataRow" />
        <UnitTestResult executionId="541ace19-e409-489b-a09a-b607c9bc6fb8" parentExecutionId="3ed08813-baa5-4570-9e84-a49f07a06790" testId="e7975907-abd7-c724-e54c-c8600f564d67" testName="TestCNLogin" computerName="DESKTOP-LTNHK23" duration="00:00:00.0007658" startTime="2019-11-12T17:42:37.8031691+07:00" endTime="2019-11-12T17:42:37.8041550+07:00" testType="13cdc9d9-ddb5-4fa4-a97d-d965ccfc6d4b" outcome="Passed" testListId="8c84fa94-04c1-424b-9868-57a2d4851a1d" relativeResultsDirectory="3ed08813-baa5-4570-9e84-a49f07a06790" dataRowInfo="4" resultType="DataDrivenDataRow" />
        <UnitTestResult executionId="9988eb83-7dd2-4e60-b90d-80fa14e9b2ea" parentExecutionId="3ed08813-baa5-4570-9e84-a49f07a06790" testId="e7975907-abd7-c724-e54c-c8600f564d67" testName="TestCNLogin" computerName="DESKTOP-LTNHK23" duration="00:00:00.0008627" startTime="2019-11-12T17:42:37.8041550+07:00" endTime="2019-11-12T17:42:37.8056894+07:00" testType="13cdc9d9-ddb5-4fa4-a97d-d965ccfc6d4b" outcome="Passed" testListId="8c84fa94-04c1-424b-9868-57a2d4851a1d" relativeResultsDirectory="3ed08813-baa5-4570-9e84-a49f07a06790" dataRowInfo="5" resultType="DataDrivenDataRow" />
        <UnitTestResult executionId="219848db-8548-4d46-bcd5-621d88c5463c" parentExecutionId="3ed08813-baa5-4570-9e84-a49f07a06790" testId="e7975907-abd7-c724-e54c-c8600f564d67" testName="TestCNLogin" computerName="DESKTOP-LTNHK23" duration="00:00:00.0009631" startTime="2019-11-12T17:42:37.8056894+07:00" endTime="2019-11-12T17:42:37.8066913+07:00" testType="13cdc9d9-ddb5-4fa4-a97d-d965ccfc6d4b" outcome="Passed" testListId="8c84fa94-04c1-424b-9868-57a2d4851a1d" relativeResultsDirectory="3ed08813-baa5-4570-9e84-a49f07a06790" dataRowInfo="6" resultType="DataDrivenDataRow" />
        <UnitTestResult executionId="b0e5bb51-6885-4798-99f8-4fba8cc48c3b" parentExecutionId="3ed08813-baa5-4570-9e84-a49f07a06790" testId="e7975907-abd7-c724-e54c-c8600f564d67" testName="TestCNLogin" computerName="DESKTOP-LTNHK23" duration="00:00:00.0009076" startTime="2019-11-12T17:42:37.8066913+07:00" endTime="2019-11-12T17:42:37.8076911+07:00" testType="13cdc9d9-ddb5-4fa4-a97d-d965ccfc6d4b" outcome="Passed" testListId="8c84fa94-04c1-424b-9868-57a2d4851a1d" relativeResultsDirectory="3ed08813-baa5-4570-9e84-a49f07a06790" dataRowInfo="7" resultType="DataDrivenDataRow" />
        <UnitTestResult executionId="0563e891-3af5-453c-aec3-a491bcfd0622" parentExecutionId="3ed08813-baa5-4570-9e84-a49f07a06790" testId="e7975907-abd7-c724-e54c-c8600f564d67" testName="TestCNLogin" computerName="DESKTOP-LTNHK23" duration="00:00:00.0008459" startTime="2019-11-12T17:42:37.8076911+07:00" endTime="2019-11-12T17:42:37.8076911+07:00" testType="13cdc9d9-ddb5-4fa4-a97d-d965ccfc6d4b" outcome="Passed" testListId="8c84fa94-04c1-424b-9868-57a2d4851a1d" relativeResultsDirectory="3ed08813-baa5-4570-9e84-a49f07a06790" dataRowInfo="8" resultType="DataDrivenDataRow" />
        <UnitTestResult executionId="72cbeebb-c769-4d1e-9144-6f99a7d40075" parentExecutionId="3ed08813-baa5-4570-9e84-a49f07a06790" testId="e7975907-abd7-c724-e54c-c8600f564d67" testName="TestCNLogin" computerName="DESKTOP-LTNHK23" duration="00:00:00.0008095" startTime="2019-11-12T17:42:37.8076911+07:00" endTime="2019-11-12T17:42:37.8086904+07:00" testType="13cdc9d9-ddb5-4fa4-a97d-d965ccfc6d4b" outcome="Passed" testListId="8c84fa94-04c1-424b-9868-57a2d4851a1d" relativeResultsDirectory="3ed08813-baa5-4570-9e84-a49f07a06790" dataRowInfo="9" resultType="DataDrivenDataRow" />
        <UnitTestResult executionId="898915b1-242d-4f20-ad3c-385ffe3f13fc" parentExecutionId="3ed08813-baa5-4570-9e84-a49f07a06790" testId="e7975907-abd7-c724-e54c-c8600f564d67" testName="TestCNLogin" computerName="DESKTOP-LTNHK23" duration="00:00:00.0017883" startTime="2019-11-12T17:42:37.8086904+07:00" endTime="2019-11-12T17:42:37.8107445+07:00" testType="13cdc9d9-ddb5-4fa4-a97d-d965ccfc6d4b" outcome="Passed" testListId="8c84fa94-04c1-424b-9868-57a2d4851a1d" relativeResultsDirectory="3ed08813-baa5-4570-9e84-a49f07a06790" dataRowInfo="10" resultType="DataDrivenDataRow" />
        <UnitTestResult executionId="07f6bd39-11e6-45ab-88eb-3f264e0aa4c9" parentExecutionId="3ed08813-baa5-4570-9e84-a49f07a06790" testId="e7975907-abd7-c724-e54c-c8600f564d67" testName="TestCNLogin" computerName="DESKTOP-LTNHK23" duration="00:00:00.0009898" startTime="2019-11-12T17:42:37.8107445+07:00" endTime="2019-11-12T17:42:37.8117624+07:00" testType="13cdc9d9-ddb5-4fa4-a97d-d965ccfc6d4b" outcome="Passed" testListId="8c84fa94-04c1-424b-9868-57a2d4851a1d" relativeResultsDirectory="3ed08813-baa5-4570-9e84-a49f07a06790" dataRowInfo="11" resultType="DataDrivenDataRow" />
        <UnitTestResult executionId="2dcad534-2c8d-48e3-aa10-8c238f336270" parentExecutionId="3ed08813-baa5-4570-9e84-a49f07a06790" testId="e7975907-abd7-c724-e54c-c8600f564d67" testName="TestCNLogin" computerName="DESKTOP-LTNHK23" duration="00:00:00.0009094" startTime="2019-11-12T17:42:37.8117624+07:00" endTime="2019-11-12T17:42:37.8130662+07:00" testType="13cdc9d9-ddb5-4fa4-a97d-d965ccfc6d4b" outcome="Passed" testListId="8c84fa94-04c1-424b-9868-57a2d4851a1d" relativeResultsDirectory="3ed08813-baa5-4570-9e84-a49f07a06790" dataRowInfo="12" resultType="DataDrivenDataRow" />
        <UnitTestResult executionId="77922e18-a82a-4faa-8af4-2e456f761859" parentExecutionId="3ed08813-baa5-4570-9e84-a49f07a06790" testId="e7975907-abd7-c724-e54c-c8600f564d67" testName="TestCNLogin" computerName="DESKTOP-LTNHK23" duration="00:00:00.0009755" startTime="2019-11-12T17:42:37.8130662+07:00" endTime="2019-11-12T17:42:37.8140355+07:00" testType="13cdc9d9-ddb5-4fa4-a97d-d965ccfc6d4b" outcome="Passed" testListId="8c84fa94-04c1-424b-9868-57a2d4851a1d" relativeResultsDirectory="3ed08813-baa5-4570-9e84-a49f07a06790" dataRowInfo="13" resultType="DataDrivenDataRow" />
        <UnitTestResult executionId="58b65079-0a58-4d2f-8aec-eb5a1c6ee464" parentExecutionId="3ed08813-baa5-4570-9e84-a49f07a06790" testId="e7975907-abd7-c724-e54c-c8600f564d67" testName="TestCNLogin" computerName="DESKTOP-LTNHK23" duration="00:00:00.0019835" startTime="2019-11-12T17:42:37.8140355+07:00" endTime="2019-11-12T17:42:37.8160373+07:00" testType="13cdc9d9-ddb5-4fa4-a97d-d965ccfc6d4b" outcome="Failed" testListId="8c84fa94-04c1-424b-9868-57a2d4851a1d" relativeResultsDirectory="3ed08813-baa5-4570-9e84-a49f07a06790" dataRowInfo="14" resultType="DataDrivenDataRow">
          <Output>
            <ErrorInfo>
              <Message>Test method testPM.TestLogin.TestCNLogin threw exception: 
System.InvalidOperationException: số kí tự quá lớn</Message>
              <StackTrace>    at testPM.TestLogin.TestCNLogin() in C:\Users\Dell\Desktop\Dangnhap\testPM\Test_Login.cs:line 27
</StackTrace>
            </ErrorInfo>
          </Output>
        </UnitTestResult>
      </InnerResults>
    </UnitTestResult>
  </Results>
</TestRun>