<?xml version="1.0" encoding="UTF-8"?>
<TestRun id="939c0d17-44d5-4321-8664-737239d9c073" name="Dell@DESKTOP-LTNHK23 2019-11-14 09:54:43" runUser="DESKTOP-LTNHK23\Dell" xmlns="http://microsoft.com/schemas/VisualStudio/TeamTest/2010">
  <TestSettings name="Local" id="cea33156-e72c-4d1b-a57b-eb1a5b3c21c1">
    <Description>These are default test settings for a local test run.</Description>
    <Deployment enabled="false" runDeploymentRoot="Dell_DESKTOP-LTNHK23 2019-11-14 09_54_43">
      <DeploymentItem filename="C:\Users\Dell\Desktop\Dangnhap\Dangnhap\bin\Debug\Dangnhap.exe" />
    </Deployment>
    <Execution>
      <TestTypeSpecific />
      <AgentRule name="Execution Agents">
      </AgentRule>
    </Execution>
  </TestSettings>
  <Times creation="2019-11-14T09:54:43.3177104+07:00" queuing="2019-11-14T09:54:43.3403301+07:00" start="2019-11-14T09:54:43.3463273+07:00" finish="2019-11-14T09:54:44.4681730+07:00" />
  <ResultSummary outcome="Failed">
    <Counters total="34" executed="34" passed="30" error="0" failed="4" timeout="0" aborted="0" inconclusive="0" passedButRunAborted="0" notRunnable="0" notExecuted="0" disconnected="0" warning="0" completed="0" inProgress="0" pending="0" />
    <RunInfos>
      <RunInfo computerName="DESKTOP-LTNHK23" outcome="Warning" timestamp="2019-11-14T09:54:43.3403301+07:00">
        <Text>Deployment is currently disabled. The deployment item 'testPM\testLogin.csv' on test 'testPM.TestLogin.TestCNLogin' was not deployed.</Text>
      </RunInfo>
    </RunInfos>
  </ResultSummary>
  <TestDefinitions>
    <UnitTest name="TestCNLogin" storage="c:\users\dell\desktop\dangnhap\testpm\bin\debug\testpm.dll" id="e7975907-abd7-c724-e54c-c8600f564d67">
      <DeploymentItems>
        <DeploymentItem filename="testPM\testLogin.csv" />
      </DeploymentItems>
      <Execution id="5a983516-c72a-4cd2-a93b-cb8604d75907" />
      <TestMethod codeBase="C:/Users/Dell/Desktop/Dangnhap/testPM/bin/Debug/testPM.DLL" adapterTypeName="Microsoft.VisualStudio.TestTools.TestTypes.Unit.UnitTestAdapter, Microsoft.VisualStudio.QualityTools.Tips.UnitTest.Adapter, Version=10.0.0.0, Culture=neutral, PublicKeyToken=b03f5f7f11d50a3a" className="testPM.TestLogin, testPM, Version=1.0.0.0, Culture=neutral, PublicKeyToken=null" name="TestCNLogin" />
      <DataSource connectionString="|DataDirectory|\testLogin.csv" providerInvariantName="Microsoft.VisualStudio.TestTools.DataSource.CSV" tableName="testLogin#csv" />
    </UnitTest>
    <UnitTest name="testThemMon" storage="c:\users\dell\desktop\dangnhap\testpm\bin\debug\testpm.dll" id="d126ba14-7fa7-4e78-7434-4a28ba2ec146">
      <DeploymentItems>
        <DeploymentItem filename="testPM\TestThemMon.csv" />
      </DeploymentItems>
      <Execution id="b2f81a02-468d-4994-b46f-419c71276043" />
      <TestMethod codeBase="C:/Users/Dell/Desktop/Dangnhap/testPM/bin/Debug/testPM.DLL" adapterTypeName="Microsoft.VisualStudio.TestTools.TestTypes.Unit.UnitTestAdapter, Microsoft.VisualStudio.QualityTools.Tips.UnitTest.Adapter, Version=10.0.0.0, Culture=neutral, PublicKeyToken=b03f5f7f11d50a3a" className="testPM.Test_ThemMon, testPM, Version=1.0.0.0, Culture=neutral, PublicKeyToken=null" name="testThemMon" />
      <DataSource connectionString="|DataDirectory|\TestThemMon.csv" providerInvariantName="Microsoft.VisualStudio.TestTools.DataSource.CSV" tableName="TestThemMon#csv" />
    </UnitTest>
    <UnitTest name="testThem" storage="c:\users\dell\desktop\dangnhap\testpm\bin\debug\testpm.dll" id="84b817a3-d9ea-4ee7-4bce-6233ff1a22ec">
      <DeploymentItems>
        <DeploymentItem filename="testPM\testThem.csv" />
      </DeploymentItems>
      <Execution id="82159252-69a3-4d93-bb17-504b971e9dd3" />
      <TestMethod codeBase="C:/Users/Dell/Desktop/Dangnhap/testPM/bin/Debug/testPM.DLL" adapterTypeName="Microsoft.VisualStudio.TestTools.TestTypes.Unit.UnitTestAdapter, Microsoft.VisualStudio.QualityTools.Tips.UnitTest.Adapter, Version=10.0.0.0, Culture=neutral, PublicKeyToken=b03f5f7f11d50a3a" className="testPM.Test_Them, testPM, Version=1.0.0.0, Culture=neutral, PublicKeyToken=null" name="testThem" />
      <DataSource connectionString="|DataDirectory|\testThem.csv" providerInvariantName="Microsoft.VisualStudio.TestTools.DataSource.CSV" tableName="testThem#csv" />
    </UnitTest>
    <UnitTest name="test_ThanhToan" storage="c:\users\dell\desktop\dangnhap\testpm\bin\debug\testpm.dll" id="2169934a-9f13-ee0b-caac-0e95b5225d2b">
      <DeploymentItems>
        <DeploymentItem filename="testPM\testThanhToan.csv" />
      </DeploymentItems>
      <Execution id="0c516c4f-c774-4baf-bf21-e565c80686a9" />
      <TestMethod codeBase="C:/Users/Dell/Desktop/Dangnhap/testPM/bin/Debug/testPM.DLL" adapterTypeName="Microsoft.VisualStudio.TestTools.TestTypes.Unit.UnitTestAdapter, Microsoft.VisualStudio.QualityTools.Tips.UnitTest.Adapter, Version=10.0.0.0, Culture=neutral, PublicKeyToken=b03f5f7f11d50a3a" className="testPM.Test_ThanhToan, testPM, Version=1.0.0.0, Culture=neutral, PublicKeyToken=null" name="test_ThanhToan" />
      <DataSource connectionString="|DataDirectory|\testThanhToan.csv" providerInvariantName="Microsoft.VisualStudio.TestTools.DataSource.CSV" tableName="testThanhToan#csv" />
    </UnitTest>
    <UnitTest name="Testsua" storage="c:\users\dell\desktop\dangnhap\testpm\bin\debug\testpm.dll" id="582e6a3f-58c7-92d4-9551-1e46aed3632b">
      <DeploymentItems>
        <DeploymentItem filename="testPM\testsua.csv" />
      </DeploymentItems>
      <Execution id="6b0aaad4-26cd-4ba0-843d-d41f99add8db" />
      <TestMethod codeBase="C:/Users/Dell/Desktop/Dangnhap/testPM/bin/Debug/testPM.DLL" adapterTypeName="Microsoft.VisualStudio.TestTools.TestTypes.Unit.UnitTestAdapter, Microsoft.VisualStudio.QualityTools.Tips.UnitTest.Adapter, Version=10.0.0.0, Culture=neutral, PublicKeyToken=b03f5f7f11d50a3a" className="testPM.Test_Sua, testPM, Version=1.0.0.0, Culture=neutral, PublicKeyToken=null" name="Testsua" />
      <DataSource connectionString="|DataDirectory|\testsua.csv" providerInvariantName="Microsoft.VisualStudio.TestTools.DataSource.CSV" tableName="testsua#csv" />
    </UnitTest>
  </TestDefinitions>
  <TestLists>
    <TestList name="Results Not in a List" id="8c84fa94-04c1-424b-9868-57a2d4851a1d" />
    <TestList name="All Loaded Results" id="19431567-8539-422a-85d7-44ee4e166bda" />
  </TestLists>
  <TestEntries>
    <TestEntry testId="2169934a-9f13-ee0b-caac-0e95b5225d2b" executionId="0c516c4f-c774-4baf-bf21-e565c80686a9" testListId="8c84fa94-04c1-424b-9868-57a2d4851a1d" />
    <TestEntry testId="582e6a3f-58c7-92d4-9551-1e46aed3632b" executionId="6b0aaad4-26cd-4ba0-843d-d41f99add8db" testListId="8c84fa94-04c1-424b-9868-57a2d4851a1d" />
    <TestEntry testId="84b817a3-d9ea-4ee7-4bce-6233ff1a22ec" executionId="82159252-69a3-4d93-bb17-504b971e9dd3" testListId="8c84fa94-04c1-424b-9868-57a2d4851a1d" />
    <TestEntry testId="d126ba14-7fa7-4e78-7434-4a28ba2ec146" executionId="b2f81a02-468d-4994-b46f-419c71276043" testListId="8c84fa94-04c1-424b-9868-57a2d4851a1d" />
    <TestEntry testId="e7975907-abd7-c724-e54c-c8600f564d67" executionId="5a983516-c72a-4cd2-a93b-cb8604d75907" testListId="8c84fa94-04c1-424b-9868-57a2d4851a1d" />
  </TestEntries>
  <Results>
    <UnitTestResult executionId="0c516c4f-c774-4baf-bf21-e565c80686a9" testId="2169934a-9f13-ee0b-caac-0e95b5225d2b" testName="test_ThanhToan" computerName="DESKTOP-LTNHK23" duration="00:00:00.2097244" startTime="2019-11-14T09:54:43.3533250+07:00" endTime="2019-11-14T09:54:43.7805390+07:00" testType="13cdc9d9-ddb5-4fa4-a97d-d965ccfc6d4b" outcome="Passed" testListId="8c84fa94-04c1-424b-9868-57a2d4851a1d" relativeResultsDirectory="0c516c4f-c774-4baf-bf21-e565c80686a9" resultType="DataDrivenTest">
      <Counters error="0" failed="0" timeout="0" aborted="0" inconclusive="0" passedButRunAborted="0" notRunnable="0" notExecuted="0" disconnected="0" warning="0" passed="5" completed="0" inProgress="0" pending="0" />
      <InnerResults>
        <UnitTestResult executionId="fd94d17e-eb70-425f-8d5b-c35a4773222c" parentExecutionId="0c516c4f-c774-4baf-bf21-e565c80686a9" testId="2169934a-9f13-ee0b-caac-0e95b5225d2b" testName="test_ThanhToan" computerName="DESKTOP-LTNHK23" duration="00:00:00.0814482" startTime="2019-11-14T09:54:43.6795734+07:00" endTime="2019-11-14T09:54:43.7645494+07:00" testType="13cdc9d9-ddb5-4fa4-a97d-d965ccfc6d4b" outcome="Passed" testListId="8c84fa94-04c1-424b-9868-57a2d4851a1d" relativeResultsDirectory="0c516c4f-c774-4baf-bf21-e565c80686a9" dataRowInfo="0" resultType="DataDrivenDataRow" />
        <UnitTestResult executionId="b730172f-44c1-4ef4-956d-0b2904d94f57" parentExecutionId="0c516c4f-c774-4baf-bf21-e565c80686a9" testId="2169934a-9f13-ee0b-caac-0e95b5225d2b" testName="test_ThanhToan" computerName="DESKTOP-LTNHK23" duration="00:00:00.0006056" startTime="2019-11-14T09:54:43.7645494+07:00" endTime="2019-11-14T09:54:43.7655295+07:00" testType="13cdc9d9-ddb5-4fa4-a97d-d965ccfc6d4b" outcome="Passed" testListId="8c84fa94-04c1-424b-9868-57a2d4851a1d" relativeResultsDirectory="0c516c4f-c774-4baf-bf21-e565c80686a9" dataRowInfo="1" resultType="DataDrivenDataRow" />
        <UnitTestResult executionId="ae3559fd-a741-458b-a124-c7ab4d8013dc" parentExecutionId="0c516c4f-c774-4baf-bf21-e565c80686a9" testId="2169934a-9f13-ee0b-caac-0e95b5225d2b" testName="test_ThanhToan" computerName="DESKTOP-LTNHK23" duration="00:00:00.0000234" startTime="2019-11-14T09:54:43.7655295+07:00" endTime="2019-11-14T09:54:43.7655295+07:00" testType="13cdc9d9-ddb5-4fa4-a97d-d965ccfc6d4b" outcome="Passed" testListId="8c84fa94-04c1-424b-9868-57a2d4851a1d" relativeResultsDirectory="0c516c4f-c774-4baf-bf21-e565c80686a9" dataRowInfo="2" resultType="DataDrivenDataRow" />
        <UnitTestResult executionId="0f368bbe-0a2d-49ca-90cf-7c8214250c56" parentExecutionId="0c516c4f-c774-4baf-bf21-e565c80686a9" testId="2169934a-9f13-ee0b-caac-0e95b5225d2b" testName="test_ThanhToan" computerName="DESKTOP-LTNHK23" duration="00:00:00.0000090" startTime="2019-11-14T09:54:43.7655295+07:00" endTime="2019-11-14T09:54:43.7655295+07:00" testType="13cdc9d9-ddb5-4fa4-a97d-d965ccfc6d4b" outcome="Passed" testListId="8c84fa94-04c1-424b-9868-57a2d4851a1d" relativeResultsDirectory="0c516c4f-c774-4baf-bf21-e565c80686a9" dataRowInfo="3" resultType="DataDrivenDataRow" />
        <UnitTestResult executionId="b7ed2b69-6bb9-48e9-989c-9655eef1be12" parentExecutionId="0c516c4f-c774-4baf-bf21-e565c80686a9" testId="2169934a-9f13-ee0b-caac-0e95b5225d2b" testName="test_ThanhToan" computerName="DESKTOP-LTNHK23" duration="00:00:00.0000107" startTime="2019-11-14T09:54:43.7655295+07:00" endTime="2019-11-14T09:54:43.7655295+07:00" testType="13cdc9d9-ddb5-4fa4-a97d-d965ccfc6d4b" outcome="Passed" testListId="8c84fa94-04c1-424b-9868-57a2d4851a1d" relativeResultsDirectory="0c516c4f-c774-4baf-bf21-e565c80686a9" dataRowInfo="4" resultType="DataDrivenDataRow" />
      </InnerResults>
    </UnitTestResult>
    <UnitTestResult executionId="6b0aaad4-26cd-4ba0-843d-d41f99add8db" testId="582e6a3f-58c7-92d4-9551-1e46aed3632b" testName="Testsua" computerName="DESKTOP-LTNHK23" duration="00:00:00.1566542" startTime="2019-11-14T09:54:43.7865221+07:00" endTime="2019-11-14T09:54:43.9484898+07:00" testType="13cdc9d9-ddb5-4fa4-a97d-d965ccfc6d4b" outcome="Failed" testListId="8c84fa94-04c1-424b-9868-57a2d4851a1d" relativeResultsDirectory="6b0aaad4-26cd-4ba0-843d-d41f99add8db" resultType="DataDrivenTest">
      <Counters error="0" failed="1" timeout="0" aborted="0" inconclusive="0" passedButRunAborted="0" notRunnable="0" notExecuted="0" disconnected="0" warning="0" passed="0" completed="0" inProgress="0" pending="0" />
      <InnerResults>
        <UnitTestResult executionId="3178bd31-2870-4fce-94c6-3fb6c721c259" parentExecutionId="6b0aaad4-26cd-4ba0-843d-d41f99add8db" testId="582e6a3f-58c7-92d4-9551-1e46aed3632b" testName="Testsua" computerName="DESKTOP-LTNHK23" duration="00:00:00.0505039" startTime="2019-11-14T09:54:43.8949871+07:00" endTime="2019-11-14T09:54:43.9454989+07:00" testType="13cdc9d9-ddb5-4fa4-a97d-d965ccfc6d4b" outcome="Failed" testListId="8c84fa94-04c1-424b-9868-57a2d4851a1d" relativeResultsDirectory="6b0aaad4-26cd-4ba0-843d-d41f99add8db" dataRowInfo="0" resultType="DataDrivenDataRow">
          <Output>
            <ErrorInfo>
              <Message>Assert.AreEqual failed. Expected:&lt;True&gt;. Actual:&lt;False&gt;. </Message>
              <StackTrace>   at testPM.Test_Sua.Testsua() in C:\Users\Dell\Desktop\Dangnhap\testPM\Test_Sua.cs:line 28
</StackTrace>
            </ErrorInfo>
          </Output>
        </UnitTestResult>
      </InnerResults>
    </UnitTestResult>
    <UnitTestResult executionId="82159252-69a3-4d93-bb17-504b971e9dd3" testId="84b817a3-d9ea-4ee7-4bce-6233ff1a22ec" testName="testThem" computerName="DESKTOP-LTNHK23" duration="00:00:00.1432050" startTime="2019-11-14T09:54:43.9544840+07:00" endTime="2019-11-14T09:54:44.1043532+07:00" testType="13cdc9d9-ddb5-4fa4-a97d-d965ccfc6d4b" outcome="Passed" testListId="8c84fa94-04c1-424b-9868-57a2d4851a1d" relativeResultsDirectory="82159252-69a3-4d93-bb17-504b971e9dd3" resultType="DataDrivenTest">
      <Counters error="0" failed="0" timeout="0" aborted="0" inconclusive="0" passedButRunAborted="0" notRunnable="0" notExecuted="0" disconnected="0" warning="0" passed="2" completed="0" inProgress="0" pending="0" />
      <InnerResults>
        <UnitTestResult executionId="8cd4b09f-8003-4994-a4b1-5c5949fb0831" parentExecutionId="82159252-69a3-4d93-bb17-504b971e9dd3" testId="84b817a3-d9ea-4ee7-4bce-6233ff1a22ec" testName="testThem" computerName="DESKTOP-LTNHK23" duration="00:00:00.0136721" startTime="2019-11-14T09:54:44.0771989+07:00" endTime="2019-11-14T09:54:44.0903568+07:00" testType="13cdc9d9-ddb5-4fa4-a97d-d965ccfc6d4b" outcome="Passed" testListId="8c84fa94-04c1-424b-9868-57a2d4851a1d" relativeResultsDirectory="82159252-69a3-4d93-bb17-504b971e9dd3" dataRowInfo="0" resultType="DataDrivenDataRow" />
        <UnitTestResult executionId="b87c035e-14b4-42dd-9aad-8b10983aebf5" parentExecutionId="82159252-69a3-4d93-bb17-504b971e9dd3" testId="84b817a3-d9ea-4ee7-4bce-6233ff1a22ec" testName="testThem" computerName="DESKTOP-LTNHK23" duration="00:00:00.0089958" startTime="2019-11-14T09:54:44.0903568+07:00" endTime="2019-11-14T09:54:44.0993634+07:00" testType="13cdc9d9-ddb5-4fa4-a97d-d965ccfc6d4b" outcome="Passed" testListId="8c84fa94-04c1-424b-9868-57a2d4851a1d" relativeResultsDirectory="82159252-69a3-4d93-bb17-504b971e9dd3" dataRowInfo="1" resultType="DataDrivenDataRow" />
      </InnerResults>
    </UnitTestResult>
    <UnitTestResult executionId="b2f81a02-468d-4994-b46f-419c71276043" testId="d126ba14-7fa7-4e78-7434-4a28ba2ec146" testName="testThemMon" computerName="DESKTOP-LTNHK23" duration="00:00:00.1147256" startTime="2019-11-14T09:54:44.1113525+07:00" endTime="2019-11-14T09:54:44.2382452+07:00" testType="13cdc9d9-ddb5-4fa4-a97d-d965ccfc6d4b" outcome="Passed" testListId="8c84fa94-04c1-424b-9868-57a2d4851a1d" relativeResultsDirectory="b2f81a02-468d-4994-b46f-419c71276043" resultType="DataDrivenTest">
      <Counters error="0" failed="0" timeout="0" aborted="0" inconclusive="0" passedButRunAborted="0" notRunnable="0" notExecuted="0" disconnected="0" warning="0" passed="6" completed="0" inProgress="0" pending="0" />
      <InnerResults>
        <UnitTestResult executionId="22ae1989-0b7c-4872-87fb-77c2ec535290" parentExecutionId="b2f81a02-468d-4994-b46f-419c71276043" testId="d126ba14-7fa7-4e78-7434-4a28ba2ec146" testName="testThemMon" computerName="DESKTOP-LTNHK23" duration="00:00:00.0018414" startTime="2019-11-14T09:54:44.2202677+07:00" endTime="2019-11-14T09:54:44.2222508+07:00" testType="13cdc9d9-ddb5-4fa4-a97d-d965ccfc6d4b" outcome="Passed" testListId="8c84fa94-04c1-424b-9868-57a2d4851a1d" relativeResultsDirectory="b2f81a02-468d-4994-b46f-419c71276043" dataRowInfo="0" resultType="DataDrivenDataRow" />
        <UnitTestResult executionId="44108a3e-dd4a-4844-b1c3-88748e419744" parentExecutionId="b2f81a02-468d-4994-b46f-419c71276043" testId="d126ba14-7fa7-4e78-7434-4a28ba2ec146" testName="testThemMon" computerName="DESKTOP-LTNHK23" duration="00:00:00.0059321" startTime="2019-11-14T09:54:44.2222508+07:00" endTime="2019-11-14T09:54:44.2282565+07:00" testType="13cdc9d9-ddb5-4fa4-a97d-d965ccfc6d4b" outcome="Passed" testListId="8c84fa94-04c1-424b-9868-57a2d4851a1d" relativeResultsDirectory="b2f81a02-468d-4994-b46f-419c71276043" dataRowInfo="1" resultType="DataDrivenDataRow" />
        <UnitTestResult executionId="d2998268-4e6e-4f08-bff3-fdc4582a3e60" parentExecutionId="b2f81a02-468d-4994-b46f-419c71276043" testId="d126ba14-7fa7-4e78-7434-4a28ba2ec146" testName="testThemMon" computerName="DESKTOP-LTNHK23" duration="00:00:00.0000519" startTime="2019-11-14T09:54:44.2282565+07:00" endTime="2019-11-14T09:54:44.2282565+07:00" testType="13cdc9d9-ddb5-4fa4-a97d-d965ccfc6d4b" outcome="Passed" testListId="8c84fa94-04c1-424b-9868-57a2d4851a1d" relativeResultsDirectory="b2f81a02-468d-4994-b46f-419c71276043" dataRowInfo="2" resultType="DataDrivenDataRow" />
        <UnitTestResult executionId="ec7be874-aa64-475a-92f2-30356583e832" parentExecutionId="b2f81a02-468d-4994-b46f-419c71276043" testId="d126ba14-7fa7-4e78-7434-4a28ba2ec146" testName="testThemMon" computerName="DESKTOP-LTNHK23" duration="00:00:00.0000141" startTime="2019-11-14T09:54:44.2282565+07:00" endTime="2019-11-14T09:54:44.2282565+07:00" testType="13cdc9d9-ddb5-4fa4-a97d-d965ccfc6d4b" outcome="Passed" testListId="8c84fa94-04c1-424b-9868-57a2d4851a1d" relativeResultsDirectory="b2f81a02-468d-4994-b46f-419c71276043" dataRowInfo="3" resultType="DataDrivenDataRow" />
        <UnitTestResult executionId="4c7e5a27-a887-41b1-9f00-ba319636257d" parentExecutionId="b2f81a02-468d-4994-b46f-419c71276043" testId="d126ba14-7fa7-4e78-7434-4a28ba2ec146" testName="testThemMon" computerName="DESKTOP-LTNHK23" duration="00:00:00.0000183" startTime="2019-11-14T09:54:44.2282565+07:00" endTime="2019-11-14T09:54:44.2282565+07:00" testType="13cdc9d9-ddb5-4fa4-a97d-d965ccfc6d4b" outcome="Passed" testListId="8c84fa94-04c1-424b-9868-57a2d4851a1d" relativeResultsDirectory="b2f81a02-468d-4994-b46f-419c71276043" dataRowInfo="4" resultType="DataDrivenDataRow" />
        <UnitTestResult executionId="1f0c9ad7-a6d7-4ff3-aaa9-2b427716f19a" parentExecutionId="b2f81a02-468d-4994-b46f-419c71276043" testId="d126ba14-7fa7-4e78-7434-4a28ba2ec146" testName="testThemMon" computerName="DESKTOP-LTNHK23" duration="00:00:00.0000130" startTime="2019-11-14T09:54:44.2282565+07:00" endTime="2019-11-14T09:54:44.2282565+07:00" testType="13cdc9d9-ddb5-4fa4-a97d-d965ccfc6d4b" outcome="Passed" testListId="8c84fa94-04c1-424b-9868-57a2d4851a1d" relativeResultsDirectory="b2f81a02-468d-4994-b46f-419c71276043" dataRowInfo="5" resultType="DataDrivenDataRow" />
      </InnerResults>
    </UnitTestResult>
    <UnitTestResult executionId="5a983516-c72a-4cd2-a93b-cb8604d75907" testId="e7975907-abd7-c724-e54c-c8600f564d67" testName="TestCNLogin" computerName="DESKTOP-LTNHK23" duration="00:00:00.1447382" startTime="2019-11-14T09:54:44.2442434+07:00" endTime="2019-11-14T09:54:44.4231869+07:00" testType="13cdc9d9-ddb5-4fa4-a97d-d965ccfc6d4b" outcome="Failed" testListId="8c84fa94-04c1-424b-9868-57a2d4851a1d" relativeResultsDirectory="5a983516-c72a-4cd2-a93b-cb8604d75907" resultType="DataDrivenTest">
      <Counters error="0" failed="1" timeout="0" aborted="0" inconclusive="0" passedButRunAborted="0" notRunnable="0" notExecuted="0" disconnected="0" warning="0" passed="14" completed="0" inProgress="0" pending="0" />
      <InnerResults>
        <UnitTestResult executionId="0998d2b3-8375-4062-9bdb-f3dd39e93ece" parentExecutionId="5a983516-c72a-4cd2-a93b-cb8604d75907" testId="e7975907-abd7-c724-e54c-c8600f564d67" testName="TestCNLogin" computerName="DESKTOP-LTNHK23" duration="00:00:00.0066828" startTime="2019-11-14T09:54:44.3652226+07:00" endTime="2019-11-14T09:54:44.3712191+07:00" testType="13cdc9d9-ddb5-4fa4-a97d-d965ccfc6d4b" outcome="Passed" testListId="8c84fa94-04c1-424b-9868-57a2d4851a1d" relativeResultsDirectory="5a983516-c72a-4cd2-a93b-cb8604d75907" dataRowInfo="0" resultType="DataDrivenDataRow" />
        <UnitTestResult executionId="df742f74-d75c-48ff-a38d-626088e7fcaa" parentExecutionId="5a983516-c72a-4cd2-a93b-cb8604d75907" testId="e7975907-abd7-c724-e54c-c8600f564d67" testName="TestCNLogin" computerName="DESKTOP-LTNHK23" duration="00:00:00.0012516" startTime="2019-11-14T09:54:44.3712191+07:00" endTime="2019-11-14T09:54:44.3732026+07:00" testType="13cdc9d9-ddb5-4fa4-a97d-d965ccfc6d4b" outcome="Passed" testListId="8c84fa94-04c1-424b-9868-57a2d4851a1d" relativeResultsDirectory="5a983516-c72a-4cd2-a93b-cb8604d75907" dataRowInfo="1" resultType="DataDrivenDataRow" />
        <UnitTestResult executionId="2770561e-a4f2-4c8d-bd23-1862026a6c62" parentExecutionId="5a983516-c72a-4cd2-a93b-cb8604d75907" testId="e7975907-abd7-c724-e54c-c8600f564d67" testName="TestCNLogin" computerName="DESKTOP-LTNHK23" duration="00:00:00.0010204" startTime="2019-11-14T09:54:44.3732026+07:00" endTime="2019-11-14T09:54:44.3742252+07:00" testType="13cdc9d9-ddb5-4fa4-a97d-d965ccfc6d4b" outcome="Passed" testListId="8c84fa94-04c1-424b-9868-57a2d4851a1d" relativeResultsDirectory="5a983516-c72a-4cd2-a93b-cb8604d75907" dataRowInfo="2" resultType="DataDrivenDataRow" />
        <UnitTestResult executionId="f0153aa1-4753-4598-baa3-0566175e4ad1" parentExecutionId="5a983516-c72a-4cd2-a93b-cb8604d75907" testId="e7975907-abd7-c724-e54c-c8600f564d67" testName="TestCNLogin" computerName="DESKTOP-LTNHK23" duration="00:00:00.0011070" startTime="2019-11-14T09:54:44.3742252+07:00" endTime="2019-11-14T09:54:44.3752034+07:00" testType="13cdc9d9-ddb5-4fa4-a97d-d965ccfc6d4b" outcome="Passed" testListId="8c84fa94-04c1-424b-9868-57a2d4851a1d" relativeResultsDirectory="5a983516-c72a-4cd2-a93b-cb8604d75907" dataRowInfo="3" resultType="DataDrivenDataRow" />
        <UnitTestResult executionId="61aa54d7-b798-4713-b7a9-c16e779e1316" parentExecutionId="5a983516-c72a-4cd2-a93b-cb8604d75907" testId="e7975907-abd7-c724-e54c-c8600f564d67" testName="TestCNLogin" computerName="DESKTOP-LTNHK23" duration="00:00:00.0021785" startTime="2019-11-14T09:54:44.3752034+07:00" endTime="2019-11-14T09:54:44.3772168+07:00" testType="13cdc9d9-ddb5-4fa4-a97d-d965ccfc6d4b" outcome="Passed" testListId="8c84fa94-04c1-424b-9868-57a2d4851a1d" relativeResultsDirectory="5a983516-c72a-4cd2-a93b-cb8604d75907" dataRowInfo="4" resultType="DataDrivenDataRow" />
        <UnitTestResult executionId="d6799c1a-964a-46e5-8b30-9d8e24b12b73" parentExecutionId="5a983516-c72a-4cd2-a93b-cb8604d75907" testId="e7975907-abd7-c724-e54c-c8600f564d67" testName="TestCNLogin" computerName="DESKTOP-LTNHK23" duration="00:00:00.0010076" startTime="2019-11-14T09:54:44.3772168+07:00" endTime="2019-11-14T09:54:44.3782006+07:00" testType="13cdc9d9-ddb5-4fa4-a97d-d965ccfc6d4b" outcome="Passed" testListId="8c84fa94-04c1-424b-9868-57a2d4851a1d" relativeResultsDirectory="5a983516-c72a-4cd2-a93b-cb8604d75907" dataRowInfo="5" resultType="DataDrivenDataRow" />
        <UnitTestResult executionId="f0d5fb51-9be4-4074-afca-3e97c3fbeb88" parentExecutionId="5a983516-c72a-4cd2-a93b-cb8604d75907" testId="e7975907-abd7-c724-e54c-c8600f564d67" testName="TestCNLogin" computerName="DESKTOP-LTNHK23" duration="00:00:00.0009995" startTime="2019-11-14T09:54:44.3782006+07:00" endTime="2019-11-14T09:54:44.3792241+07:00" testType="13cdc9d9-ddb5-4fa4-a97d-d965ccfc6d4b" outcome="Passed" testListId="8c84fa94-04c1-424b-9868-57a2d4851a1d" relativeResultsDirectory="5a983516-c72a-4cd2-a93b-cb8604d75907" dataRowInfo="6" resultType="DataDrivenDataRow" />
        <UnitTestResult executionId="58734918-78a9-441d-9d0c-0e8db6a9ff2b" parentExecutionId="5a983516-c72a-4cd2-a93b-cb8604d75907" testId="e7975907-abd7-c724-e54c-c8600f564d67" testName="TestCNLogin" computerName="DESKTOP-LTNHK23" duration="00:00:00.0009008" startTime="2019-11-14T09:54:44.3792241+07:00" endTime="2019-11-14T09:54:44.3802005+07:00" testType="13cdc9d9-ddb5-4fa4-a97d-d965ccfc6d4b" outcome="Passed" testListId="8c84fa94-04c1-424b-9868-57a2d4851a1d" relativeResultsDirectory="5a983516-c72a-4cd2-a93b-cb8604d75907" dataRowInfo="7" resultType="DataDrivenDataRow" />
        <UnitTestResult executionId="19003456-9847-4967-a6cc-4161bb2953c8" parentExecutionId="5a983516-c72a-4cd2-a93b-cb8604d75907" testId="e7975907-abd7-c724-e54c-c8600f564d67" testName="TestCNLogin" computerName="DESKTOP-LTNHK23" duration="00:00:00.0009645" startTime="2019-11-14T09:54:44.3802005+07:00" endTime="2019-11-14T09:54:44.3812231+07:00" testType="13cdc9d9-ddb5-4fa4-a97d-d965ccfc6d4b" outcome="Passed" testListId="8c84fa94-04c1-424b-9868-57a2d4851a1d" relativeResultsDirectory="5a983516-c72a-4cd2-a93b-cb8604d75907" dataRowInfo="8" resultType="DataDrivenDataRow" />
        <UnitTestResult executionId="05fc0e70-55da-40c2-a22e-5e861b6d65f3" parentExecutionId="5a983516-c72a-4cd2-a93b-cb8604d75907" testId="e7975907-abd7-c724-e54c-c8600f564d67" testName="TestCNLogin" computerName="DESKTOP-LTNHK23" duration="00:00:00.0008844" startTime="2019-11-14T09:54:44.3812231+07:00" endTime="2019-11-14T09:54:44.3821993+07:00" testType="13cdc9d9-ddb5-4fa4-a97d-d965ccfc6d4b" outcome="Passed" testListId="8c84fa94-04c1-424b-9868-57a2d4851a1d" relativeResultsDirectory="5a983516-c72a-4cd2-a93b-cb8604d75907" dataRowInfo="9" resultType="DataDrivenDataRow" />
        <UnitTestResult executionId="676c329e-5123-44b2-a683-64c08689bcc1" parentExecutionId="5a983516-c72a-4cd2-a93b-cb8604d75907" testId="e7975907-abd7-c724-e54c-c8600f564d67" testName="TestCNLogin" computerName="DESKTOP-LTNHK23" duration="00:00:00.0017482" startTime="2019-11-14T09:54:44.3821993+07:00" endTime="2019-11-14T09:54:44.3841991+07:00" testType="13cdc9d9-ddb5-4fa4-a97d-d965ccfc6d4b" outcome="Passed" testListId="8c84fa94-04c1-424b-9868-57a2d4851a1d" relativeResultsDirectory="5a983516-c72a-4cd2-a93b-cb8604d75907" dataRowInfo="10" resultType="DataDrivenDataRow" />
        <UnitTestResult executionId="7c31f2c2-f06d-4434-b78c-c2193b256b8b" parentExecutionId="5a983516-c72a-4cd2-a93b-cb8604d75907" testId="e7975907-abd7-c724-e54c-c8600f564d67" testName="TestCNLogin" computerName="DESKTOP-LTNHK23" duration="00:00:00.0010896" startTime="2019-11-14T09:54:44.3841991+07:00" endTime="2019-11-14T09:54:44.3851985+07:00" testType="13cdc9d9-ddb5-4fa4-a97d-d965ccfc6d4b" outcome="Passed" testListId="8c84fa94-04c1-424b-9868-57a2d4851a1d" relativeResultsDirectory="5a983516-c72a-4cd2-a93b-cb8604d75907" dataRowInfo="11" resultType="DataDrivenDataRow" />
        <UnitTestResult executionId="45392f11-8f29-45fb-9282-4c5a5e9c9493" parentExecutionId="5a983516-c72a-4cd2-a93b-cb8604d75907" testId="e7975907-abd7-c724-e54c-c8600f564d67" testName="TestCNLogin" computerName="DESKTOP-LTNHK23" duration="00:00:00.0010949" startTime="2019-11-14T09:54:44.3851985+07:00" endTime="2019-11-14T09:54:44.3862211+07:00" testType="13cdc9d9-ddb5-4fa4-a97d-d965ccfc6d4b" outcome="Passed" testListId="8c84fa94-04c1-424b-9868-57a2d4851a1d" relativeResultsDirectory="5a983516-c72a-4cd2-a93b-cb8604d75907" dataRowInfo="12" resultType="DataDrivenDataRow" />
        <UnitTestResult executionId="3d487eda-15f5-4adc-9a74-06a0780e11e9" parentExecutionId="5a983516-c72a-4cd2-a93b-cb8604d75907" testId="e7975907-abd7-c724-e54c-c8600f564d67" testName="TestCNLogin" computerName="DESKTOP-LTNHK23" duration="00:00:00.0011257" startTime="2019-11-14T09:54:44.3862211+07:00" endTime="2019-11-14T09:54:44.3871978+07:00" testType="13cdc9d9-ddb5-4fa4-a97d-d965ccfc6d4b" outcome="Passed" testListId="8c84fa94-04c1-424b-9868-57a2d4851a1d" relativeResultsDirectory="5a983516-c72a-4cd2-a93b-cb8604d75907" dataRowInfo="13" resultType="DataDrivenDataRow" />
        <UnitTestResult executionId="de13d68e-94e8-4e9b-8f80-988f6bd917af" parentExecutionId="5a983516-c72a-4cd2-a93b-cb8604d75907" testId="e7975907-abd7-c724-e54c-c8600f564d67" testName="TestCNLogin" computerName="DESKTOP-LTNHK23" duration="00:00:00.0046598" startTime="2019-11-14T09:54:44.3871978+07:00" endTime="2019-11-14T09:54:44.3922190+07:00" testType="13cdc9d9-ddb5-4fa4-a97d-d965ccfc6d4b" outcome="Failed" testListId="8c84fa94-04c1-424b-9868-57a2d4851a1d" relativeResultsDirectory="5a983516-c72a-4cd2-a93b-cb8604d75907" dataRowInfo="14" resultType="DataDrivenDataRow">
          <Output>
            <ErrorInfo>
              <Message>Test method testPM.TestLogin.TestCNLogin threw exception: 
System.InvalidOperationException: số kí tự quá lớn</Message>
              <StackTrace>    at testPM.TestLogin.TestCNLogin() in C:\Users\Dell\Desktop\Dangnhap\testPM\Test_Login.cs:line 27
</StackTrace>
            </ErrorInfo>
          </Output>
        </UnitTestResult>
      </InnerResults>
    </UnitTestResult>
  </Results>
</TestRun>