<?xml version="1.0" encoding="UTF-8"?>
<TestRun id="362cb836-0117-47bb-b429-c9c5776a5c8c" name="Dell@DESKTOP-LTNHK23 2019-11-08 14:15:06" runUser="DESKTOP-LTNHK23\Dell" xmlns="http://microsoft.com/schemas/VisualStudio/TeamTest/2010">
  <TestSettings name="Local" id="cea33156-e72c-4d1b-a57b-eb1a5b3c21c1">
    <Description>These are default test settings for a local test run.</Description>
    <Deployment enabled="false" runDeploymentRoot="Dell_DESKTOP-LTNHK23 2019-11-08 14_15_06">
      <DeploymentItem filename="C:\Users\Dell\Desktop\Dangnhap\Dangnhap\bin\Debug\Dangnhap.exe" />
    </Deployment>
    <Execution>
      <TestTypeSpecific />
      <AgentRule name="Execution Agents">
      </AgentRule>
    </Execution>
  </TestSettings>
  <Times creation="2019-11-08T14:15:06.4642976+07:00" queuing="2019-11-08T14:15:06.4772932+07:00" start="2019-11-08T14:15:06.4822921+07:00" finish="2019-11-08T14:15:07.1000954+07:00" />
  <ResultSummary outcome="Failed">
    <Counters total="7" executed="7" passed="5" error="0" failed="2" timeout="0" aborted="0" inconclusive="0" passedButRunAborted="0" notRunnable="0" notExecuted="0" disconnected="0" warning="0" completed="0" inProgress="0" pending="0" />
    <RunInfos>
      <RunInfo computerName="DESKTOP-LTNHK23" outcome="Warning" timestamp="2019-11-08T14:15:06.4772932+07:00">
        <Text>Deployment is currently disabled. The deployment item 'testPM\testThanhToan.csv' on test 'testPM.Test_ThanhToan.test_ThanhToan' was not deployed.</Text>
      </RunInfo>
    </RunInfos>
  </ResultSummary>
  <TestDefinitions>
    <UnitTest name="test_ThanhToan" storage="c:\users\dell\desktop\dangnhap\testpm\bin\debug\testpm.dll" id="2169934a-9f13-ee0b-caac-0e95b5225d2b">
      <DeploymentItems>
        <DeploymentItem filename="testPM\testThanhToan.csv" />
      </DeploymentItems>
      <Execution id="e44f7ead-7ebb-4744-97ba-4a64f8eaa86d" />
      <TestMethod codeBase="C:/Users/Dell/Desktop/Dangnhap/testPM/bin/Debug/testPM.DLL" adapterTypeName="Microsoft.VisualStudio.TestTools.TestTypes.Unit.UnitTestAdapter, Microsoft.VisualStudio.QualityTools.Tips.UnitTest.Adapter, Version=10.0.0.0, Culture=neutral, PublicKeyToken=b03f5f7f11d50a3a" className="testPM.Test_ThanhToan, testPM, Version=1.0.0.0, Culture=neutral, PublicKeyToken=null" name="test_ThanhToan" />
      <DataSource connectionString="|DataDirectory|\testThanhToan.csv" providerInvariantName="Microsoft.VisualStudio.TestTools.DataSource.CSV" tableName="testThanhToan#csv" />
    </UnitTest>
  </TestDefinitions>
  <TestLists>
    <TestList name="Results Not in a List" id="8c84fa94-04c1-424b-9868-57a2d4851a1d" />
    <TestList name="All Loaded Results" id="19431567-8539-422a-85d7-44ee4e166bda" />
  </TestLists>
  <TestEntries>
    <TestEntry testId="2169934a-9f13-ee0b-caac-0e95b5225d2b" executionId="e44f7ead-7ebb-4744-97ba-4a64f8eaa86d" testListId="8c84fa94-04c1-424b-9868-57a2d4851a1d" />
  </TestEntries>
  <Results>
    <UnitTestResult executionId="e44f7ead-7ebb-4744-97ba-4a64f8eaa86d" testId="2169934a-9f13-ee0b-caac-0e95b5225d2b" testName="test_ThanhToan" computerName="DESKTOP-LTNHK23" duration="00:00:00.3063082" startTime="2019-11-08T14:15:06.4943041+07:00" endTime="2019-11-08T14:15:07.0701051+07:00" testType="13cdc9d9-ddb5-4fa4-a97d-d965ccfc6d4b" outcome="Failed" testListId="8c84fa94-04c1-424b-9868-57a2d4851a1d" relativeResultsDirectory="e44f7ead-7ebb-4744-97ba-4a64f8eaa86d" resultType="DataDrivenTest">
      <Counters error="0" failed="1" timeout="0" aborted="0" inconclusive="0" passedButRunAborted="0" notRunnable="0" notExecuted="0" disconnected="0" warning="0" passed="5" completed="0" inProgress="0" pending="0" />
      <InnerResults>
        <UnitTestResult executionId="bedafdc1-8989-4a9a-96ca-4a3dcb81f5d3" parentExecutionId="e44f7ead-7ebb-4744-97ba-4a64f8eaa86d" testId="2169934a-9f13-ee0b-caac-0e95b5225d2b" testName="test_ThanhToan" computerName="DESKTOP-LTNHK23" duration="00:00:00.1333538" startTime="2019-11-08T14:15:06.8791695+07:00" endTime="2019-11-08T14:15:07.0181206+07:00" testType="13cdc9d9-ddb5-4fa4-a97d-d965ccfc6d4b" outcome="Passed" testListId="8c84fa94-04c1-424b-9868-57a2d4851a1d" relativeResultsDirectory="e44f7ead-7ebb-4744-97ba-4a64f8eaa86d" dataRowInfo="0" resultType="DataDrivenDataRow" />
        <UnitTestResult executionId="f2f689c4-c188-42ea-bb41-6d04463375f1" parentExecutionId="e44f7ead-7ebb-4744-97ba-4a64f8eaa86d" testId="2169934a-9f13-ee0b-caac-0e95b5225d2b" testName="test_ThanhToan" computerName="DESKTOP-LTNHK23" duration="00:00:00.0006061" startTime="2019-11-08T14:15:07.0181206+07:00" endTime="2019-11-08T14:15:07.0191210+07:00" testType="13cdc9d9-ddb5-4fa4-a97d-d965ccfc6d4b" outcome="Passed" testListId="8c84fa94-04c1-424b-9868-57a2d4851a1d" relativeResultsDirectory="e44f7ead-7ebb-4744-97ba-4a64f8eaa86d" dataRowInfo="1" resultType="DataDrivenDataRow" />
        <UnitTestResult executionId="3c6ddeea-600e-4f8b-a709-923337e1b678" parentExecutionId="e44f7ead-7ebb-4744-97ba-4a64f8eaa86d" testId="2169934a-9f13-ee0b-caac-0e95b5225d2b" testName="test_ThanhToan" computerName="DESKTOP-LTNHK23" duration="00:00:00.0000445" startTime="2019-11-08T14:15:07.0191210+07:00" endTime="2019-11-08T14:15:07.0191210+07:00" testType="13cdc9d9-ddb5-4fa4-a97d-d965ccfc6d4b" outcome="Passed" testListId="8c84fa94-04c1-424b-9868-57a2d4851a1d" relativeResultsDirectory="e44f7ead-7ebb-4744-97ba-4a64f8eaa86d" dataRowInfo="2" resultType="DataDrivenDataRow" />
        <UnitTestResult executionId="1532e702-c1e8-4477-931b-e270c6e4d51d" parentExecutionId="e44f7ead-7ebb-4744-97ba-4a64f8eaa86d" testId="2169934a-9f13-ee0b-caac-0e95b5225d2b" testName="test_ThanhToan" computerName="DESKTOP-LTNHK23" duration="00:00:00.0000303" startTime="2019-11-08T14:15:07.0191210+07:00" endTime="2019-11-08T14:15:07.0191210+07:00" testType="13cdc9d9-ddb5-4fa4-a97d-d965ccfc6d4b" outcome="Passed" testListId="8c84fa94-04c1-424b-9868-57a2d4851a1d" relativeResultsDirectory="e44f7ead-7ebb-4744-97ba-4a64f8eaa86d" dataRowInfo="3" resultType="DataDrivenDataRow" />
        <UnitTestResult executionId="1e717f39-e19d-434f-8060-9c319f48a019" parentExecutionId="e44f7ead-7ebb-4744-97ba-4a64f8eaa86d" testId="2169934a-9f13-ee0b-caac-0e95b5225d2b" testName="test_ThanhToan" computerName="DESKTOP-LTNHK23" duration="00:00:00.0000323" startTime="2019-11-08T14:15:07.0191210+07:00" endTime="2019-11-08T14:15:07.0191210+07:00" testType="13cdc9d9-ddb5-4fa4-a97d-d965ccfc6d4b" outcome="Passed" testListId="8c84fa94-04c1-424b-9868-57a2d4851a1d" relativeResultsDirectory="e44f7ead-7ebb-4744-97ba-4a64f8eaa86d" dataRowInfo="4" resultType="DataDrivenDataRow" />
        <UnitTestResult executionId="5930ba98-198c-45cf-beee-0a90923c3506" parentExecutionId="e44f7ead-7ebb-4744-97ba-4a64f8eaa86d" testId="2169934a-9f13-ee0b-caac-0e95b5225d2b" testName="test_ThanhToan" computerName="DESKTOP-LTNHK23" duration="00:00:00.0231991" startTime="2019-11-08T14:15:07.0191210+07:00" endTime="2019-11-08T14:15:07.0421137+07:00" testType="13cdc9d9-ddb5-4fa4-a97d-d965ccfc6d4b" outcome="Failed" testListId="8c84fa94-04c1-424b-9868-57a2d4851a1d" relativeResultsDirectory="e44f7ead-7ebb-4744-97ba-4a64f8eaa86d" dataRowInfo="5" resultType="DataDrivenDataRow">
          <Output>
            <ErrorInfo>
              <Message>Test method testPM.Test_ThanhToan.test_ThanhToan threw exception: 
System.FormatException: Input string was not in a correct format.</Message>
              <StackTrace>    at System.Number.StringToNumber(String str, NumberStyles options, NumberBuffer&amp; number, NumberFormatInfo info, Boolean parseDecimal)
   at System.Number.ParseInt32(String s, NumberStyles style, NumberFormatInfo info)
   at System.Int32.Parse(String s)
   at testPM.Test_ThanhToan.test_ThanhToan() in C:\Users\Dell\Desktop\Dangnhap\testPM\Test_ThanhToan.cs:line 22
</StackTrace>
            </ErrorInfo>
          </Output>
        </UnitTestResult>
      </InnerResults>
    </UnitTestResult>
  </Results>
</TestRun>