<?xml version="1.0" encoding="UTF-8"?>
<TestRun id="21976b72-67fd-4da1-a8e3-9d81f242cfee" name="Dell@DESKTOP-LTNHK23 2019-11-07 15:18:01" runUser="DESKTOP-LTNHK23\Dell" xmlns="http://microsoft.com/schemas/VisualStudio/TeamTest/2010">
  <TestSettings name="Local" id="cea33156-e72c-4d1b-a57b-eb1a5b3c21c1">
    <Description>These are default test settings for a local test run.</Description>
    <Deployment enabled="false" runDeploymentRoot="Dell_DESKTOP-LTNHK23 2019-11-07 15_18_01">
      <DeploymentItem filename="C:\Users\Dell\Desktop\Dangnhap\Dangnhap\bin\Debug\Dangnhap.exe" />
    </Deployment>
    <Execution>
      <TestTypeSpecific />
      <AgentRule name="Execution Agents">
      </AgentRule>
    </Execution>
  </TestSettings>
  <Times creation="2019-11-07T15:18:01.2763067+07:00" queuing="2019-11-07T15:18:01.2932849+07:00" start="2019-11-07T15:18:01.2982838+07:00" finish="2019-11-07T15:18:01.6361759+07:00" />
  <ResultSummary outcome="Failed">
    <Counters total="6" executed="6" passed="4" error="0" failed="2" timeout="0" aborted="0" inconclusive="0" passedButRunAborted="0" notRunnable="0" notExecuted="0" disconnected="0" warning="0" completed="0" inProgress="0" pending="0" />
  </ResultSummary>
  <TestDefinitions>
    <UnitTest name="TestGiamGia3" storage="c:\users\dell\desktop\dangnhap\testpm\bin\debug\testpm.dll" id="76ba9da8-47f4-b565-53a9-c2025802aa85">
      <Execution id="ba5edda9-b9d8-4684-84be-619c36f51317" />
      <TestMethod codeBase="C:/Users/Dell/Desktop/Dangnhap/testPM/bin/Debug/testPM.DLL" adapterTypeName="Microsoft.VisualStudio.TestTools.TestTypes.Unit.UnitTestAdapter, Microsoft.VisualStudio.QualityTools.Tips.UnitTest.Adapter, Version=10.0.0.0, Culture=neutral, PublicKeyToken=b03f5f7f11d50a3a" className="testPM.UnitTest2, testPM, Version=1.0.0.0, Culture=neutral, PublicKeyToken=null" name="TestGiamGia3" />
    </UnitTest>
    <UnitTest name="TestGiamGia2" storage="c:\users\dell\desktop\dangnhap\testpm\bin\debug\testpm.dll" id="586e9f42-4eac-dee6-db51-6b6d2efda256">
      <Execution id="61896e98-9bc0-490a-b943-724417281a80" />
      <TestMethod codeBase="C:/Users/Dell/Desktop/Dangnhap/testPM/bin/Debug/testPM.DLL" adapterTypeName="Microsoft.VisualStudio.TestTools.TestTypes.Unit.UnitTestAdapter, Microsoft.VisualStudio.QualityTools.Tips.UnitTest.Adapter, Version=10.0.0.0, Culture=neutral, PublicKeyToken=b03f5f7f11d50a3a" className="testPM.UnitTest2, testPM, Version=1.0.0.0, Culture=neutral, PublicKeyToken=null" name="TestGiamGia2" />
    </UnitTest>
    <UnitTest name="TestGiamGia1" storage="c:\users\dell\desktop\dangnhap\testpm\bin\debug\testpm.dll" id="dc9f9781-8a77-aaa7-8d50-1dc07017c59c">
      <Execution id="20a36832-c631-4771-9034-f351620101cc" />
      <TestMethod codeBase="C:/Users/Dell/Desktop/Dangnhap/testPM/bin/Debug/testPM.DLL" adapterTypeName="Microsoft.VisualStudio.TestTools.TestTypes.Unit.UnitTestAdapter, Microsoft.VisualStudio.QualityTools.Tips.UnitTest.Adapter, Version=10.0.0.0, Culture=neutral, PublicKeyToken=b03f5f7f11d50a3a" className="testPM.UnitTest2, testPM, Version=1.0.0.0, Culture=neutral, PublicKeyToken=null" name="TestGiamGia1" />
    </UnitTest>
    <UnitTest name="TestGiamGia5" storage="c:\users\dell\desktop\dangnhap\testpm\bin\debug\testpm.dll" id="c6acdd36-c24a-7829-fd4c-686d2467704b">
      <Execution id="3264e905-f1b7-4ca1-88b6-dc2b3b630ed5" />
      <TestMethod codeBase="C:/Users/Dell/Desktop/Dangnhap/testPM/bin/Debug/testPM.DLL" adapterTypeName="Microsoft.VisualStudio.TestTools.TestTypes.Unit.UnitTestAdapter, Microsoft.VisualStudio.QualityTools.Tips.UnitTest.Adapter, Version=10.0.0.0, Culture=neutral, PublicKeyToken=b03f5f7f11d50a3a" className="testPM.UnitTest2, testPM, Version=1.0.0.0, Culture=neutral, PublicKeyToken=null" name="TestGiamGia5" />
    </UnitTest>
    <UnitTest name="TestGiamGia" storage="c:\users\dell\desktop\dangnhap\testpm\bin\debug\testpm.dll" id="530031c3-dc2a-ad5b-6bb3-a08b64398143">
      <Execution id="ed44162c-f8fb-40db-bdce-f5c29a1a12b6" />
      <TestMethod codeBase="C:/Users/Dell/Desktop/Dangnhap/testPM/bin/Debug/testPM.DLL" adapterTypeName="Microsoft.VisualStudio.TestTools.TestTypes.Unit.UnitTestAdapter, Microsoft.VisualStudio.QualityTools.Tips.UnitTest.Adapter, Version=10.0.0.0, Culture=neutral, PublicKeyToken=b03f5f7f11d50a3a" className="testPM.UnitTest2, testPM, Version=1.0.0.0, Culture=neutral, PublicKeyToken=null" name="TestGiamGia" />
    </UnitTest>
    <UnitTest name="TestGiamGia4" storage="c:\users\dell\desktop\dangnhap\testpm\bin\debug\testpm.dll" id="d9fe0ce6-6b5f-90a0-c30f-15409227ea61">
      <Execution id="66214660-a4f5-445d-8571-e86018dc7e6b" />
      <TestMethod codeBase="C:/Users/Dell/Desktop/Dangnhap/testPM/bin/Debug/testPM.DLL" adapterTypeName="Microsoft.VisualStudio.TestTools.TestTypes.Unit.UnitTestAdapter, Microsoft.VisualStudio.QualityTools.Tips.UnitTest.Adapter, Version=10.0.0.0, Culture=neutral, PublicKeyToken=b03f5f7f11d50a3a" className="testPM.UnitTest2, testPM, Version=1.0.0.0, Culture=neutral, PublicKeyToken=null" name="TestGiamGia4" />
    </UnitTest>
  </TestDefinitions>
  <TestLists>
    <TestList name="Results Not in a List" id="8c84fa94-04c1-424b-9868-57a2d4851a1d" />
    <TestList name="All Loaded Results" id="19431567-8539-422a-85d7-44ee4e166bda" />
  </TestLists>
  <TestEntries>
    <TestEntry testId="530031c3-dc2a-ad5b-6bb3-a08b64398143" executionId="ed44162c-f8fb-40db-bdce-f5c29a1a12b6" testListId="8c84fa94-04c1-424b-9868-57a2d4851a1d" />
    <TestEntry testId="586e9f42-4eac-dee6-db51-6b6d2efda256" executionId="61896e98-9bc0-490a-b943-724417281a80" testListId="8c84fa94-04c1-424b-9868-57a2d4851a1d" />
    <TestEntry testId="76ba9da8-47f4-b565-53a9-c2025802aa85" executionId="ba5edda9-b9d8-4684-84be-619c36f51317" testListId="8c84fa94-04c1-424b-9868-57a2d4851a1d" />
    <TestEntry testId="c6acdd36-c24a-7829-fd4c-686d2467704b" executionId="3264e905-f1b7-4ca1-88b6-dc2b3b630ed5" testListId="8c84fa94-04c1-424b-9868-57a2d4851a1d" />
    <TestEntry testId="d9fe0ce6-6b5f-90a0-c30f-15409227ea61" executionId="66214660-a4f5-445d-8571-e86018dc7e6b" testListId="8c84fa94-04c1-424b-9868-57a2d4851a1d" />
    <TestEntry testId="dc9f9781-8a77-aaa7-8d50-1dc07017c59c" executionId="20a36832-c631-4771-9034-f351620101cc" testListId="8c84fa94-04c1-424b-9868-57a2d4851a1d" />
  </TestEntries>
  <Results>
    <UnitTestResult executionId="ed44162c-f8fb-40db-bdce-f5c29a1a12b6" testId="530031c3-dc2a-ad5b-6bb3-a08b64398143" testName="TestGiamGia" computerName="DESKTOP-LTNHK23" duration="00:00:00.0300037" startTime="2019-11-07T15:18:01.3052810+07:00" endTime="2019-11-07T15:18:01.5512052+07:00" testType="13cdc9d9-ddb5-4fa4-a97d-d965ccfc6d4b" outcome="Failed" testListId="8c84fa94-04c1-424b-9868-57a2d4851a1d" relativeResultsDirectory="ed44162c-f8fb-40db-bdce-f5c29a1a12b6">
      <Output>
        <ErrorInfo>
          <Message>Test method testPM.UnitTest2.TestGiamGia threw exception: 
System.InvalidOperationException: sai định dạng</Message>
          <StackTrace>    at testPM.UnitTest2.TestGiamGia() in C:\Users\Dell\Desktop\Dangnhap\testPM\UnitTest2.cs:line 24
</StackTrace>
        </ErrorInfo>
      </Output>
    </UnitTestResult>
    <UnitTestResult executionId="61896e98-9bc0-490a-b943-724417281a80" testId="586e9f42-4eac-dee6-db51-6b6d2efda256" testName="TestGiamGia2" computerName="DESKTOP-LTNHK23" duration="00:00:00.0020124" startTime="2019-11-07T15:18:01.5582006+07:00" endTime="2019-11-07T15:18:01.5661990+07:00" testType="13cdc9d9-ddb5-4fa4-a97d-d965ccfc6d4b" outcome="Passed" testListId="8c84fa94-04c1-424b-9868-57a2d4851a1d" relativeResultsDirectory="61896e98-9bc0-490a-b943-724417281a80">
    </UnitTestResult>
    <UnitTestResult executionId="ba5edda9-b9d8-4684-84be-619c36f51317" testId="76ba9da8-47f4-b565-53a9-c2025802aa85" testName="TestGiamGia3" computerName="DESKTOP-LTNHK23" duration="00:00:00.0010898" startTime="2019-11-07T15:18:01.5721973+07:00" endTime="2019-11-07T15:18:01.5781970+07:00" testType="13cdc9d9-ddb5-4fa4-a97d-d965ccfc6d4b" outcome="Passed" testListId="8c84fa94-04c1-424b-9868-57a2d4851a1d" relativeResultsDirectory="ba5edda9-b9d8-4684-84be-619c36f51317">
    </UnitTestResult>
    <UnitTestResult executionId="3264e905-f1b7-4ca1-88b6-dc2b3b630ed5" testId="c6acdd36-c24a-7829-fd4c-686d2467704b" testName="TestGiamGia5" computerName="DESKTOP-LTNHK23" duration="00:00:00.0008525" startTime="2019-11-07T15:18:01.5871961+07:00" endTime="2019-11-07T15:18:01.5921904+07:00" testType="13cdc9d9-ddb5-4fa4-a97d-d965ccfc6d4b" outcome="Passed" testListId="8c84fa94-04c1-424b-9868-57a2d4851a1d" relativeResultsDirectory="3264e905-f1b7-4ca1-88b6-dc2b3b630ed5">
    </UnitTestResult>
    <UnitTestResult executionId="66214660-a4f5-445d-8571-e86018dc7e6b" testId="d9fe0ce6-6b5f-90a0-c30f-15409227ea61" testName="TestGiamGia4" computerName="DESKTOP-LTNHK23" duration="00:00:00.0010490" startTime="2019-11-07T15:18:01.5981984+07:00" endTime="2019-11-07T15:18:01.6031868+07:00" testType="13cdc9d9-ddb5-4fa4-a97d-d965ccfc6d4b" outcome="Passed" testListId="8c84fa94-04c1-424b-9868-57a2d4851a1d" relativeResultsDirectory="66214660-a4f5-445d-8571-e86018dc7e6b">
    </UnitTestResult>
    <UnitTestResult executionId="20a36832-c631-4771-9034-f351620101cc" testId="dc9f9781-8a77-aaa7-8d50-1dc07017c59c" testName="TestGiamGia1" computerName="DESKTOP-LTNHK23" duration="00:00:00.0022860" startTime="2019-11-07T15:18:01.6091956+07:00" endTime="2019-11-07T15:18:01.6171821+07:00" testType="13cdc9d9-ddb5-4fa4-a97d-d965ccfc6d4b" outcome="Failed" testListId="8c84fa94-04c1-424b-9868-57a2d4851a1d" relativeResultsDirectory="20a36832-c631-4771-9034-f351620101cc">
      <Output>
        <ErrorInfo>
          <Message>Test method testPM.UnitTest2.TestGiamGia1 threw exception: 
System.InvalidOperationException: sai định dạng</Message>
          <StackTrace>    at testPM.UnitTest2.TestGiamGia1() in C:\Users\Dell\Desktop\Dangnhap\testPM\UnitTest2.cs:line 40
</StackTrace>
        </ErrorInfo>
      </Output>
    </UnitTestResult>
  </Results>
</TestRun>