<?xml version="1.0" encoding="UTF-8"?>
<TestRun id="d8110857-ba86-4553-bc92-cdfcdc433167" name="Dell@DESKTOP-LTNHK23 2019-11-14 23:53:10" runUser="DESKTOP-LTNHK23\Dell" xmlns="http://microsoft.com/schemas/VisualStudio/TeamTest/2010">
  <TestSettings name="Local" id="cea33156-e72c-4d1b-a57b-eb1a5b3c21c1">
    <Description>These are default test settings for a local test run.</Description>
    <Deployment enabled="false" runDeploymentRoot="Dell_DESKTOP-LTNHK23 2019-11-14 23_53_10">
      <DeploymentItem filename="C:\Users\Dell\Desktop\Dangnhap\Dangnhap\bin\Debug\Dangnhap.exe" />
    </Deployment>
    <Execution>
      <TestTypeSpecific />
      <AgentRule name="Execution Agents">
      </AgentRule>
    </Execution>
  </TestSettings>
  <Times creation="2019-11-14T23:53:10.0019077+07:00" queuing="2019-11-14T23:53:10.0338977+07:00" start="2019-11-14T23:53:10.0398963+07:00" finish="2019-11-14T23:53:10.6946896+07:00" />
  <ResultSummary outcome="Warning">
    <Counters total="2" executed="2" passed="2" error="0" failed="0" timeout="0" aborted="0" inconclusive="0" passedButRunAborted="0" notRunnable="0" notExecuted="0" disconnected="0" warning="0" completed="0" inProgress="0" pending="0" />
    <RunInfos>
      <RunInfo computerName="DESKTOP-LTNHK23" outcome="Warning" timestamp="2019-11-14T23:53:10.0338977+07:00">
        <Text>Deployment is currently disabled. The deployment item 'testPM\testchuyenban.csv' on test 'testPM.Test_Chuyenban.testchuyenban' was not deployed.</Text>
      </RunInfo>
    </RunInfos>
  </ResultSummary>
  <TestDefinitions>
    <UnitTest name="testchuyenban" storage="c:\users\dell\desktop\dangnhap\testpm\bin\debug\testpm.dll" id="cdc9cf75-63ba-fe53-246e-69fbea83d298">
      <DeploymentItems>
        <DeploymentItem filename="testPM\testchuyenban.csv" />
      </DeploymentItems>
      <Execution id="b39ae487-1c91-49d6-88ed-c2a19dc708e3" />
      <TestMethod codeBase="C:/Users/Dell/Desktop/Dangnhap/testPM/bin/Debug/testPM.DLL" adapterTypeName="Microsoft.VisualStudio.TestTools.TestTypes.Unit.UnitTestAdapter, Microsoft.VisualStudio.QualityTools.Tips.UnitTest.Adapter, Version=10.0.0.0, Culture=neutral, PublicKeyToken=b03f5f7f11d50a3a" className="testPM.Test_Chuyenban, testPM, Version=1.0.0.0, Culture=neutral, PublicKeyToken=null" name="testchuyenban" />
      <DataSource connectionString="|DataDirectory|\testchuyenban.csv" providerInvariantName="Microsoft.VisualStudio.TestTools.DataSource.CSV" tableName="testchuyenban#csv" />
    </UnitTest>
  </TestDefinitions>
  <TestLists>
    <TestList name="Results Not in a List" id="8c84fa94-04c1-424b-9868-57a2d4851a1d" />
    <TestList name="All Loaded Results" id="19431567-8539-422a-85d7-44ee4e166bda" />
  </TestLists>
  <TestEntries>
    <TestEntry testId="cdc9cf75-63ba-fe53-246e-69fbea83d298" executionId="b39ae487-1c91-49d6-88ed-c2a19dc708e3" testListId="8c84fa94-04c1-424b-9868-57a2d4851a1d" />
  </TestEntries>
  <Results>
    <UnitTestResult executionId="b39ae487-1c91-49d6-88ed-c2a19dc708e3" testId="cdc9cf75-63ba-fe53-246e-69fbea83d298" testName="testchuyenban" computerName="DESKTOP-LTNHK23" duration="00:00:00.3507917" startTime="2019-11-14T23:53:10.0478950+07:00" endTime="2019-11-14T23:53:10.6716945+07:00" testType="13cdc9d9-ddb5-4fa4-a97d-d965ccfc6d4b" outcome="Passed" testListId="8c84fa94-04c1-424b-9868-57a2d4851a1d" relativeResultsDirectory="b39ae487-1c91-49d6-88ed-c2a19dc708e3" resultType="DataDrivenTest">
      <Counters error="0" failed="0" timeout="0" aborted="0" inconclusive="0" passedButRunAborted="0" notRunnable="0" notExecuted="0" disconnected="0" warning="0" passed="1" completed="0" inProgress="0" pending="0" />
      <InnerResults>
        <UnitTestResult executionId="69aea346-e1a2-40b0-a30c-a7a68227df8f" parentExecutionId="b39ae487-1c91-49d6-88ed-c2a19dc708e3" testId="cdc9cf75-63ba-fe53-246e-69fbea83d298" testName="testchuyenban" computerName="DESKTOP-LTNHK23" duration="00:00:00.1937757" startTime="2019-11-14T23:53:10.4507683+07:00" endTime="2019-11-14T23:53:10.6527010+07:00" testType="13cdc9d9-ddb5-4fa4-a97d-d965ccfc6d4b" outcome="Passed" testListId="8c84fa94-04c1-424b-9868-57a2d4851a1d" relativeResultsDirectory="b39ae487-1c91-49d6-88ed-c2a19dc708e3" dataRowInfo="0" resultType="DataDrivenDataRow" />
      </InnerResults>
    </UnitTestResult>
  </Results>
</TestRun>