<?xml version="1.0" encoding="UTF-8"?>
<TestRun id="88fff8c3-8636-402f-9cde-d4c73736871c" name="Dell@DESKTOP-LTNHK23 2019-11-08 13:57:20" runUser="DESKTOP-LTNHK23\Dell" xmlns="http://microsoft.com/schemas/VisualStudio/TeamTest/2010">
  <TestSettings name="Local" id="cea33156-e72c-4d1b-a57b-eb1a5b3c21c1">
    <Description>These are default test settings for a local test run.</Description>
    <Deployment enabled="false" runDeploymentRoot="Dell_DESKTOP-LTNHK23 2019-11-08 13_57_20">
      <DeploymentItem filename="C:\Users\Dell\Desktop\Dangnhap\Dangnhap\bin\Debug\Dangnhap.exe" />
    </Deployment>
    <Execution>
      <TestTypeSpecific />
      <AgentRule name="Execution Agents">
      </AgentRule>
    </Execution>
  </TestSettings>
  <Times creation="2019-11-08T13:57:20.6741900+07:00" queuing="2019-11-08T13:57:20.6951837+07:00" start="2019-11-08T13:57:20.6991837+07:00" finish="2019-11-08T13:58:32.6254236+07:00" />
  <ResultSummary outcome="Aborted">
    <Counters total="6" executed="6" passed="4" error="0" failed="0" timeout="0" aborted="2" inconclusive="0" passedButRunAborted="0" notRunnable="0" notExecuted="0" disconnected="0" warning="0" completed="0" inProgress="0" pending="0" />
    <RunInfos>
      <RunInfo computerName="DESKTOP-LTNHK23" outcome="Warning" timestamp="2019-11-08T13:57:20.6951837+07:00">
        <Text>Deployment is currently disabled. The deployment item 'testPM\testThanhToan.csv' on test 'testPM.Test_ThanhToan.test_ThanhToan' was not deployed.</Text>
      </RunInfo>
    </RunInfos>
  </ResultSummary>
  <TestDefinitions>
    <UnitTest name="test_ThanhToan" storage="c:\users\dell\desktop\dangnhap\testpm\bin\debug\testpm.dll" id="2169934a-9f13-ee0b-caac-0e95b5225d2b">
      <DeploymentItems>
        <DeploymentItem filename="testPM\testThanhToan.csv" />
      </DeploymentItems>
      <Execution id="cd3e0bdd-a97c-4013-8885-a2f91d9cee90" />
      <TestMethod codeBase="C:/Users/Dell/Desktop/Dangnhap/testPM/bin/Debug/testPM.DLL" adapterTypeName="Microsoft.VisualStudio.TestTools.TestTypes.Unit.UnitTestAdapter, Microsoft.VisualStudio.QualityTools.Tips.UnitTest.Adapter, Version=10.0.0.0, Culture=neutral, PublicKeyToken=b03f5f7f11d50a3a" className="testPM.Test_ThanhToan, testPM, Version=1.0.0.0, Culture=neutral, PublicKeyToken=null" name="test_ThanhToan" />
      <DataSource connectionString="|DataDirectory|\testThanhToan.csv" providerInvariantName="Microsoft.VisualStudio.TestTools.DataSource.CSV" tableName="testThanhToan#csv" />
    </UnitTest>
  </TestDefinitions>
  <TestLists>
    <TestList name="Results Not in a List" id="8c84fa94-04c1-424b-9868-57a2d4851a1d" />
    <TestList name="All Loaded Results" id="19431567-8539-422a-85d7-44ee4e166bda" />
  </TestLists>
  <TestEntries>
    <TestEntry testId="2169934a-9f13-ee0b-caac-0e95b5225d2b" executionId="cd3e0bdd-a97c-4013-8885-a2f91d9cee90" testListId="8c84fa94-04c1-424b-9868-57a2d4851a1d" />
  </TestEntries>
  <Results>
    <UnitTestResult executionId="cd3e0bdd-a97c-4013-8885-a2f91d9cee90" testId="2169934a-9f13-ee0b-caac-0e95b5225d2b" testName="test_ThanhToan" computerName="DESKTOP-LTNHK23" duration="00:00:55.3135835" startTime="2019-11-08T13:57:20.7061800+07:00" endTime="2019-11-08T13:58:16.0197635+07:00" testType="13cdc9d9-ddb5-4fa4-a97d-d965ccfc6d4b" outcome="Aborted" testListId="8c84fa94-04c1-424b-9868-57a2d4851a1d" relativeResultsDirectory="cd3e0bdd-a97c-4013-8885-a2f91d9cee90" resultType="DataDrivenTest">
      <Output>
        <ErrorInfo>
          <Message>User aborted test run.</Message>
        </ErrorInfo>
      </Output>
      <Counters error="0" failed="0" timeout="0" aborted="1" inconclusive="0" passedButRunAborted="0" notRunnable="0" notExecuted="0" disconnected="0" warning="0" passed="4" completed="0" inProgress="0" pending="0" />
      <InnerResults>
        <UnitTestResult executionId="855894b1-c04b-4b42-b42c-12df091aef36" parentExecutionId="cd3e0bdd-a97c-4013-8885-a2f91d9cee90" testId="2169934a-9f13-ee0b-caac-0e95b5225d2b" testName="test_ThanhToan" computerName="DESKTOP-LTNHK23" duration="00:00:00.0259540" startTime="2019-11-08T13:57:21.0530695+07:00" endTime="2019-11-08T13:57:21.0840596+07:00" testType="13cdc9d9-ddb5-4fa4-a97d-d965ccfc6d4b" outcome="Passed" testListId="8c84fa94-04c1-424b-9868-57a2d4851a1d" relativeResultsDirectory="cd3e0bdd-a97c-4013-8885-a2f91d9cee90" dataRowInfo="0" resultType="DataDrivenDataRow" />
        <UnitTestResult executionId="abf380ef-11ce-4ff7-8449-a53ff9939402" parentExecutionId="cd3e0bdd-a97c-4013-8885-a2f91d9cee90" testId="2169934a-9f13-ee0b-caac-0e95b5225d2b" testName="test_ThanhToan" computerName="DESKTOP-LTNHK23" duration="00:00:00.0006432" startTime="2019-11-08T13:57:21.0840596+07:00" endTime="2019-11-08T13:57:21.0850695+07:00" testType="13cdc9d9-ddb5-4fa4-a97d-d965ccfc6d4b" outcome="Passed" testListId="8c84fa94-04c1-424b-9868-57a2d4851a1d" relativeResultsDirectory="cd3e0bdd-a97c-4013-8885-a2f91d9cee90" dataRowInfo="1" resultType="DataDrivenDataRow" />
        <UnitTestResult executionId="b0da1898-e1e0-46a2-b107-872b949c1c93" parentExecutionId="cd3e0bdd-a97c-4013-8885-a2f91d9cee90" testId="2169934a-9f13-ee0b-caac-0e95b5225d2b" testName="test_ThanhToan" computerName="DESKTOP-LTNHK23" duration="00:00:00.0000272" startTime="2019-11-08T13:57:21.0850695+07:00" endTime="2019-11-08T13:57:21.0850695+07:00" testType="13cdc9d9-ddb5-4fa4-a97d-d965ccfc6d4b" outcome="Passed" testListId="8c84fa94-04c1-424b-9868-57a2d4851a1d" relativeResultsDirectory="cd3e0bdd-a97c-4013-8885-a2f91d9cee90" dataRowInfo="2" resultType="DataDrivenDataRow" />
        <UnitTestResult executionId="c5a83e79-6488-4077-9dd9-9f2747a2d001" parentExecutionId="cd3e0bdd-a97c-4013-8885-a2f91d9cee90" testId="2169934a-9f13-ee0b-caac-0e95b5225d2b" testName="test_ThanhToan" computerName="DESKTOP-LTNHK23" duration="00:00:00.0003796" startTime="2019-11-08T13:57:21.0850695+07:00" endTime="2019-11-08T13:57:21.0850695+07:00" testType="13cdc9d9-ddb5-4fa4-a97d-d965ccfc6d4b" outcome="Passed" testListId="8c84fa94-04c1-424b-9868-57a2d4851a1d" relativeResultsDirectory="cd3e0bdd-a97c-4013-8885-a2f91d9cee90" dataRowInfo="3" resultType="DataDrivenDataRow" />
        <UnitTestResult executionId="9b314e8a-1a9b-4852-9f01-84538f8eec95" parentExecutionId="cd3e0bdd-a97c-4013-8885-a2f91d9cee90" testId="2169934a-9f13-ee0b-caac-0e95b5225d2b" testName="test_ThanhToan" computerName="DESKTOP-LTNHK23" duration="00:00:54.9101071" startTime="2019-11-08T13:57:21.0850695+07:00" endTime="2019-11-08T13:58:15.9947722+07:00" testType="13cdc9d9-ddb5-4fa4-a97d-d965ccfc6d4b" outcome="Aborted" testListId="8c84fa94-04c1-424b-9868-57a2d4851a1d" relativeResultsDirectory="cd3e0bdd-a97c-4013-8885-a2f91d9cee90" dataRowInfo="4" resultType="DataDrivenDataRow">
          <Output>
            <ErrorInfo>
              <Message>The test was aborted due to user request or timeout.</Message>
            </ErrorInfo>
          </Output>
        </UnitTestResult>
      </InnerResults>
    </UnitTestResult>
  </Results>
</TestRun>