<?xml version="1.0" encoding="UTF-8"?>
<TestRun id="1c2805ee-6884-40ea-8476-b213d8c14183" name="Dell@DESKTOP-LTNHK23 2019-11-07 15:39:15" runUser="DESKTOP-LTNHK23\Dell" xmlns="http://microsoft.com/schemas/VisualStudio/TeamTest/2010">
  <TestSettings name="Local" id="cea33156-e72c-4d1b-a57b-eb1a5b3c21c1">
    <Description>These are default test settings for a local test run.</Description>
    <Deployment enabled="false" runDeploymentRoot="Dell_DESKTOP-LTNHK23 2019-11-07 15_39_15">
      <DeploymentItem filename="C:\Users\Dell\Desktop\Dangnhap\Dangnhap\bin\Debug\Dangnhap.exe" />
    </Deployment>
    <Execution>
      <TestTypeSpecific />
      <AgentRule name="Execution Agents">
      </AgentRule>
    </Execution>
  </TestSettings>
  <Times creation="2019-11-07T15:39:15.9915607+07:00" queuing="2019-11-07T15:39:16.0155525+07:00" start="2019-11-07T15:39:16.0195517+07:00" finish="2019-11-07T15:39:16.2924644+07:00" />
  <ResultSummary outcome="Failed">
    <Counters total="1" executed="1" error="0" failed="1" timeout="0" aborted="0" inconclusive="0" passedButRunAborted="0" notRunnable="0" notExecuted="0" disconnected="0" warning="0" passed="0" completed="0" inProgress="0" pending="0" />
  </ResultSummary>
  <TestDefinitions>
    <UnitTest name="test_ThanhToan" storage="c:\users\dell\desktop\dangnhap\testpm\bin\debug\testpm.dll" id="2169934a-9f13-ee0b-caac-0e95b5225d2b">
      <Execution id="394a1e51-3b82-44f1-a268-f16d6980957f" />
      <TestMethod codeBase="C:/Users/Dell/Desktop/Dangnhap/testPM/bin/Debug/testPM.DLL" adapterTypeName="Microsoft.VisualStudio.TestTools.TestTypes.Unit.UnitTestAdapter, Microsoft.VisualStudio.QualityTools.Tips.UnitTest.Adapter, Version=10.0.0.0, Culture=neutral, PublicKeyToken=b03f5f7f11d50a3a" className="testPM.Test_ThanhToan, testPM, Version=1.0.0.0, Culture=neutral, PublicKeyToken=null" name="test_ThanhToan" />
    </UnitTest>
  </TestDefinitions>
  <TestLists>
    <TestList name="Results Not in a List" id="8c84fa94-04c1-424b-9868-57a2d4851a1d" />
    <TestList name="All Loaded Results" id="19431567-8539-422a-85d7-44ee4e166bda" />
  </TestLists>
  <TestEntries>
    <TestEntry testId="2169934a-9f13-ee0b-caac-0e95b5225d2b" executionId="394a1e51-3b82-44f1-a268-f16d6980957f" testListId="8c84fa94-04c1-424b-9868-57a2d4851a1d" />
  </TestEntries>
  <Results>
    <UnitTestResult executionId="394a1e51-3b82-44f1-a268-f16d6980957f" testId="2169934a-9f13-ee0b-caac-0e95b5225d2b" testName="test_ThanhToan" computerName="DESKTOP-LTNHK23" duration="00:00:00.0300565" startTime="2019-11-07T15:39:16.0265508+07:00" endTime="2019-11-07T15:39:16.2744697+07:00" testType="13cdc9d9-ddb5-4fa4-a97d-d965ccfc6d4b" outcome="Failed" testListId="8c84fa94-04c1-424b-9868-57a2d4851a1d" relativeResultsDirectory="394a1e51-3b82-44f1-a268-f16d6980957f">
      <Output>
        <ErrorInfo>
          <Message>Assert.AreEqual failed. Expected:&lt;True&gt;. Actual:&lt;False&gt;. </Message>
          <StackTrace>   at testPM.Test_ThanhToan.test_ThanhToan() in C:\Users\Dell\Desktop\Dangnhap\testPM\Test_ThanhToan.cs:line 25
</StackTrace>
        </ErrorInfo>
      </Output>
    </UnitTestResult>
  </Results>
</TestRun>