<?xml version="1.0" encoding="UTF-8"?>
<TestRun id="5cc48cbe-05f8-4ee1-9437-501869bf65ac" name="Dell@DESKTOP-LTNHK23 2019-11-08 14:05:54" runUser="DESKTOP-LTNHK23\Dell" xmlns="http://microsoft.com/schemas/VisualStudio/TeamTest/2010">
  <TestSettings name="Local" id="cea33156-e72c-4d1b-a57b-eb1a5b3c21c1">
    <Description>These are default test settings for a local test run.</Description>
    <Deployment enabled="false" runDeploymentRoot="Dell_DESKTOP-LTNHK23 2019-11-08 14_05_54">
      <DeploymentItem filename="C:\Users\Dell\Desktop\Dangnhap\Dangnhap\bin\Debug\Dangnhap.exe" />
    </Deployment>
    <Execution>
      <TestTypeSpecific />
      <AgentRule name="Execution Agents">
      </AgentRule>
    </Execution>
  </TestSettings>
  <Times creation="2019-11-08T14:05:54.3113851+07:00" queuing="2019-11-08T14:05:54.3502490+07:00" start="2019-11-08T14:05:54.3542491+07:00" finish="2019-11-08T14:05:54.7684562+07:00" />
  <ResultSummary outcome="Failed">
    <Counters total="6" executed="6" passed="4" error="0" failed="2" timeout="0" aborted="0" inconclusive="0" passedButRunAborted="0" notRunnable="0" notExecuted="0" disconnected="0" warning="0" completed="0" inProgress="0" pending="0" />
    <RunInfos>
      <RunInfo computerName="DESKTOP-LTNHK23" outcome="Warning" timestamp="2019-11-08T14:05:54.3492574+07:00">
        <Text>Deployment is currently disabled. The deployment item 'testPM\testThanhToan.csv' on test 'testPM.Test_ThanhToan.test_ThanhToan' was not deployed.</Text>
      </RunInfo>
    </RunInfos>
  </ResultSummary>
  <TestDefinitions>
    <UnitTest name="test_ThanhToan" storage="c:\users\dell\desktop\dangnhap\testpm\bin\debug\testpm.dll" id="2169934a-9f13-ee0b-caac-0e95b5225d2b">
      <DeploymentItems>
        <DeploymentItem filename="testPM\testThanhToan.csv" />
      </DeploymentItems>
      <Execution id="08ba13a0-acaf-462c-902d-30055ec44271" />
      <TestMethod codeBase="C:/Users/Dell/Desktop/Dangnhap/testPM/bin/Debug/testPM.DLL" adapterTypeName="Microsoft.VisualStudio.TestTools.TestTypes.Unit.UnitTestAdapter, Microsoft.VisualStudio.QualityTools.Tips.UnitTest.Adapter, Version=10.0.0.0, Culture=neutral, PublicKeyToken=b03f5f7f11d50a3a" className="testPM.Test_ThanhToan, testPM, Version=1.0.0.0, Culture=neutral, PublicKeyToken=null" name="test_ThanhToan" />
      <DataSource connectionString="|DataDirectory|\testThanhToan.csv" providerInvariantName="Microsoft.VisualStudio.TestTools.DataSource.CSV" tableName="testThanhToan#csv" />
    </UnitTest>
  </TestDefinitions>
  <TestLists>
    <TestList name="Results Not in a List" id="8c84fa94-04c1-424b-9868-57a2d4851a1d" />
    <TestList name="All Loaded Results" id="19431567-8539-422a-85d7-44ee4e166bda" />
  </TestLists>
  <TestEntries>
    <TestEntry testId="2169934a-9f13-ee0b-caac-0e95b5225d2b" executionId="08ba13a0-acaf-462c-902d-30055ec44271" testListId="8c84fa94-04c1-424b-9868-57a2d4851a1d" />
  </TestEntries>
  <Results>
    <UnitTestResult executionId="08ba13a0-acaf-462c-902d-30055ec44271" testId="2169934a-9f13-ee0b-caac-0e95b5225d2b" testName="test_ThanhToan" computerName="DESKTOP-LTNHK23" duration="00:00:00.1667964" startTime="2019-11-08T14:05:54.3602492+07:00" endTime="2019-11-08T14:05:54.7484675+07:00" testType="13cdc9d9-ddb5-4fa4-a97d-d965ccfc6d4b" outcome="Failed" testListId="8c84fa94-04c1-424b-9868-57a2d4851a1d" relativeResultsDirectory="08ba13a0-acaf-462c-902d-30055ec44271" resultType="DataDrivenTest">
      <Counters error="0" failed="1" timeout="0" aborted="0" inconclusive="0" passedButRunAborted="0" notRunnable="0" notExecuted="0" disconnected="0" warning="0" passed="4" completed="0" inProgress="0" pending="0" />
      <InnerResults>
        <UnitTestResult executionId="f8f1fa9e-9b40-441c-af50-3c08dfc4be2b" parentExecutionId="08ba13a0-acaf-462c-902d-30055ec44271" testId="2169934a-9f13-ee0b-caac-0e95b5225d2b" testName="test_ThanhToan" computerName="DESKTOP-LTNHK23" duration="00:00:00.0302404" startTime="2019-11-08T14:05:54.6844877+07:00" endTime="2019-11-08T14:05:54.7184767+07:00" testType="13cdc9d9-ddb5-4fa4-a97d-d965ccfc6d4b" outcome="Passed" testListId="8c84fa94-04c1-424b-9868-57a2d4851a1d" relativeResultsDirectory="08ba13a0-acaf-462c-902d-30055ec44271" dataRowInfo="0" resultType="DataDrivenDataRow" />
        <UnitTestResult executionId="0748cc18-514e-4f1e-8916-3dfe02cdafab" parentExecutionId="08ba13a0-acaf-462c-902d-30055ec44271" testId="2169934a-9f13-ee0b-caac-0e95b5225d2b" testName="test_ThanhToan" computerName="DESKTOP-LTNHK23" duration="00:00:00.0003111" startTime="2019-11-08T14:05:54.7184767+07:00" endTime="2019-11-08T14:05:54.7194645+07:00" testType="13cdc9d9-ddb5-4fa4-a97d-d965ccfc6d4b" outcome="Passed" testListId="8c84fa94-04c1-424b-9868-57a2d4851a1d" relativeResultsDirectory="08ba13a0-acaf-462c-902d-30055ec44271" dataRowInfo="1" resultType="DataDrivenDataRow" />
        <UnitTestResult executionId="58815358-a73b-42b4-bdf7-57655862c872" parentExecutionId="08ba13a0-acaf-462c-902d-30055ec44271" testId="2169934a-9f13-ee0b-caac-0e95b5225d2b" testName="test_ThanhToan" computerName="DESKTOP-LTNHK23" duration="00:00:00.0000243" startTime="2019-11-08T14:05:54.7194645+07:00" endTime="2019-11-08T14:05:54.7194645+07:00" testType="13cdc9d9-ddb5-4fa4-a97d-d965ccfc6d4b" outcome="Passed" testListId="8c84fa94-04c1-424b-9868-57a2d4851a1d" relativeResultsDirectory="08ba13a0-acaf-462c-902d-30055ec44271" dataRowInfo="2" resultType="DataDrivenDataRow" />
        <UnitTestResult executionId="b3a9f5bd-d45f-462c-a5b5-8690604a9c94" parentExecutionId="08ba13a0-acaf-462c-902d-30055ec44271" testId="2169934a-9f13-ee0b-caac-0e95b5225d2b" testName="test_ThanhToan" computerName="DESKTOP-LTNHK23" duration="00:00:00.0002215" startTime="2019-11-08T14:05:54.7194645+07:00" endTime="2019-11-08T14:05:54.7194645+07:00" testType="13cdc9d9-ddb5-4fa4-a97d-d965ccfc6d4b" outcome="Passed" testListId="8c84fa94-04c1-424b-9868-57a2d4851a1d" relativeResultsDirectory="08ba13a0-acaf-462c-902d-30055ec44271" dataRowInfo="3" resultType="DataDrivenDataRow" />
        <UnitTestResult executionId="1678bccc-2d69-4f29-b4b3-8fe1bfe46cd2" parentExecutionId="08ba13a0-acaf-462c-902d-30055ec44271" testId="2169934a-9f13-ee0b-caac-0e95b5225d2b" testName="test_ThanhToan" computerName="DESKTOP-LTNHK23" duration="00:00:00.0162131" startTime="2019-11-08T14:05:54.7194645+07:00" endTime="2019-11-08T14:05:54.7354674+07:00" testType="13cdc9d9-ddb5-4fa4-a97d-d965ccfc6d4b" outcome="Failed" testListId="8c84fa94-04c1-424b-9868-57a2d4851a1d" relativeResultsDirectory="08ba13a0-acaf-462c-902d-30055ec44271" dataRowInfo="4" resultType="DataDrivenDataRow">
          <Output>
            <ErrorInfo>
              <Message>Test method testPM.Test_ThanhToan.test_ThanhToan threw exception: 
System.FormatException: Input string was not in a correct format.</Message>
              <StackTrace>    at System.Number.StringToNumber(String str, NumberStyles options, NumberBuffer&amp; number, NumberFormatInfo info, Boolean parseDecimal)
   at System.Number.ParseInt32(String s, NumberStyles style, NumberFormatInfo info)
   at System.Int32.Parse(String s)
   at testPM.Test_ThanhToan.test_ThanhToan() in C:\Users\Dell\Desktop\Dangnhap\testPM\Test_ThanhToan.cs:line 22
</StackTrace>
            </ErrorInfo>
          </Output>
        </UnitTestResult>
      </InnerResults>
    </UnitTestResult>
  </Results>
</TestRun>