<?xml version="1.0" encoding="UTF-8"?>
<TestRun id="1cc04d1c-fd8a-4475-9376-8700fa228e0d" name="Dell@DESKTOP-LTNHK23 2019-11-14 14:07:14" runUser="DESKTOP-LTNHK23\Dell" xmlns="http://microsoft.com/schemas/VisualStudio/TeamTest/2010">
  <TestSettings name="Local" id="cea33156-e72c-4d1b-a57b-eb1a5b3c21c1">
    <Description>These are default test settings for a local test run.</Description>
    <Deployment enabled="false" runDeploymentRoot="Dell_DESKTOP-LTNHK23 2019-11-14 14_07_14">
      <DeploymentItem filename="C:\Users\Dell\Desktop\Dangnhap\Dangnhap\bin\Debug\Dangnhap.exe" />
    </Deployment>
    <Execution>
      <TestTypeSpecific />
      <AgentRule name="Execution Agents">
      </AgentRule>
    </Execution>
  </TestSettings>
  <Times creation="2019-11-14T14:07:14.1680677+07:00" queuing="2019-11-14T14:07:14.1981455+07:00" start="2019-11-14T14:07:14.2141598+07:00" finish="2019-11-14T14:07:17.1840196+07:00" />
  <ResultSummary outcome="Failed">
    <Counters total="37" executed="37" passed="32" error="0" failed="5" timeout="0" aborted="0" inconclusive="0" passedButRunAborted="0" notRunnable="0" notExecuted="0" disconnected="0" warning="0" completed="0" inProgress="0" pending="0" />
    <RunInfos>
      <RunInfo computerName="DESKTOP-LTNHK23" outcome="Warning" timestamp="2019-11-14T14:07:14.1981455+07:00">
        <Text>Deployment is currently disabled. The deployment item 'testPM\testLogin.csv' on test 'testPM.TestLogin.TestCNLogin' was not deployed.</Text>
      </RunInfo>
    </RunInfos>
  </ResultSummary>
  <TestDefinitions>
    <UnitTest name="TestCNLogin" storage="c:\users\dell\desktop\dangnhap\testpm\bin\debug\testpm.dll" id="e7975907-abd7-c724-e54c-c8600f564d67">
      <DeploymentItems>
        <DeploymentItem filename="testPM\testLogin.csv" />
      </DeploymentItems>
      <Execution id="624516bf-313f-4f53-9fbb-d94777988130" />
      <TestMethod codeBase="C:/Users/Dell/Desktop/Dangnhap/testPM/bin/Debug/testPM.DLL" adapterTypeName="Microsoft.VisualStudio.TestTools.TestTypes.Unit.UnitTestAdapter, Microsoft.VisualStudio.QualityTools.Tips.UnitTest.Adapter, Version=10.0.0.0, Culture=neutral, PublicKeyToken=b03f5f7f11d50a3a" className="testPM.TestLogin, testPM, Version=1.0.0.0, Culture=neutral, PublicKeyToken=null" name="TestCNLogin" />
      <DataSource connectionString="|DataDirectory|\testLogin.csv" providerInvariantName="Microsoft.VisualStudio.TestTools.DataSource.CSV" tableName="testLogin#csv" />
    </UnitTest>
    <UnitTest name="testThem" storage="c:\users\dell\desktop\dangnhap\testpm\bin\debug\testpm.dll" id="84b817a3-d9ea-4ee7-4bce-6233ff1a22ec">
      <DeploymentItems>
        <DeploymentItem filename="testPM\testThem.csv" />
      </DeploymentItems>
      <Execution id="c764e611-5562-48f7-8b42-c52f4e220bf5" />
      <TestMethod codeBase="C:/Users/Dell/Desktop/Dangnhap/testPM/bin/Debug/testPM.DLL" adapterTypeName="Microsoft.VisualStudio.TestTools.TestTypes.Unit.UnitTestAdapter, Microsoft.VisualStudio.QualityTools.Tips.UnitTest.Adapter, Version=10.0.0.0, Culture=neutral, PublicKeyToken=b03f5f7f11d50a3a" className="testPM.Test_Them, testPM, Version=1.0.0.0, Culture=neutral, PublicKeyToken=null" name="testThem" />
      <DataSource connectionString="|DataDirectory|\testThem.csv" providerInvariantName="Microsoft.VisualStudio.TestTools.DataSource.CSV" tableName="testThem#csv" />
    </UnitTest>
    <UnitTest name="test_ThanhToan" storage="c:\users\dell\desktop\dangnhap\testpm\bin\debug\testpm.dll" id="2169934a-9f13-ee0b-caac-0e95b5225d2b">
      <DeploymentItems>
        <DeploymentItem filename="testPM\testThanhToan.csv" />
      </DeploymentItems>
      <Execution id="ae5bdedd-db64-4c8d-a393-24a2f5965762" />
      <TestMethod codeBase="C:/Users/Dell/Desktop/Dangnhap/testPM/bin/Debug/testPM.DLL" adapterTypeName="Microsoft.VisualStudio.TestTools.TestTypes.Unit.UnitTestAdapter, Microsoft.VisualStudio.QualityTools.Tips.UnitTest.Adapter, Version=10.0.0.0, Culture=neutral, PublicKeyToken=b03f5f7f11d50a3a" className="testPM.Test_ThanhToan, testPM, Version=1.0.0.0, Culture=neutral, PublicKeyToken=null" name="test_ThanhToan" />
      <DataSource connectionString="|DataDirectory|\testThanhToan.csv" providerInvariantName="Microsoft.VisualStudio.TestTools.DataSource.CSV" tableName="testThanhToan#csv" />
    </UnitTest>
    <UnitTest name="Testsua" storage="c:\users\dell\desktop\dangnhap\testpm\bin\debug\testpm.dll" id="582e6a3f-58c7-92d4-9551-1e46aed3632b">
      <DeploymentItems>
        <DeploymentItem filename="testPM\testsua.csv" />
      </DeploymentItems>
      <Execution id="932404d9-34a5-4d0b-a334-f52685a14d26" />
      <TestMethod codeBase="C:/Users/Dell/Desktop/Dangnhap/testPM/bin/Debug/testPM.DLL" adapterTypeName="Microsoft.VisualStudio.TestTools.TestTypes.Unit.UnitTestAdapter, Microsoft.VisualStudio.QualityTools.Tips.UnitTest.Adapter, Version=10.0.0.0, Culture=neutral, PublicKeyToken=b03f5f7f11d50a3a" className="testPM.Test_Sua, testPM, Version=1.0.0.0, Culture=neutral, PublicKeyToken=null" name="Testsua" />
      <DataSource connectionString="|DataDirectory|\testsua.csv" providerInvariantName="Microsoft.VisualStudio.TestTools.DataSource.CSV" tableName="testsua#csv" />
    </UnitTest>
    <UnitTest name="testThemMon" storage="c:\users\dell\desktop\dangnhap\testpm\bin\debug\testpm.dll" id="d126ba14-7fa7-4e78-7434-4a28ba2ec146">
      <DeploymentItems>
        <DeploymentItem filename="testPM\TestThemMon.csv" />
      </DeploymentItems>
      <Execution id="5aab5752-37f4-429c-a298-916b53eb1e6f" />
      <TestMethod codeBase="C:/Users/Dell/Desktop/Dangnhap/testPM/bin/Debug/testPM.DLL" adapterTypeName="Microsoft.VisualStudio.TestTools.TestTypes.Unit.UnitTestAdapter, Microsoft.VisualStudio.QualityTools.Tips.UnitTest.Adapter, Version=10.0.0.0, Culture=neutral, PublicKeyToken=b03f5f7f11d50a3a" className="testPM.Test_ThemMon, testPM, Version=1.0.0.0, Culture=neutral, PublicKeyToken=null" name="testThemMon" />
      <DataSource connectionString="|DataDirectory|\TestThemMon.csv" providerInvariantName="Microsoft.VisualStudio.TestTools.DataSource.CSV" tableName="TestThemMon#csv" />
    </UnitTest>
    <UnitTest name="Testxoa" storage="c:\users\dell\desktop\dangnhap\testpm\bin\debug\testpm.dll" id="764f383b-c699-f502-7ad3-0926bd1b950d">
      <DeploymentItems>
        <DeploymentItem filename="testPM\testXoa.csv" />
      </DeploymentItems>
      <Execution id="cdf71708-7f7f-42f3-9be7-d79a8869d947" />
      <TestMethod codeBase="C:/Users/Dell/Desktop/Dangnhap/testPM/bin/Debug/testPM.DLL" adapterTypeName="Microsoft.VisualStudio.TestTools.TestTypes.Unit.UnitTestAdapter, Microsoft.VisualStudio.QualityTools.Tips.UnitTest.Adapter, Version=10.0.0.0, Culture=neutral, PublicKeyToken=b03f5f7f11d50a3a" className="testPM.Test_Xoa, testPM, Version=1.0.0.0, Culture=neutral, PublicKeyToken=null" name="Testxoa" />
      <DataSource connectionString="|DataDirectory|\testXoa.csv" providerInvariantName="Microsoft.VisualStudio.TestTools.DataSource.CSV" tableName="testXoa#csv" />
    </UnitTest>
  </TestDefinitions>
  <TestLists>
    <TestList name="Results Not in a List" id="8c84fa94-04c1-424b-9868-57a2d4851a1d" />
    <TestList name="All Loaded Results" id="19431567-8539-422a-85d7-44ee4e166bda" />
  </TestLists>
  <TestEntries>
    <TestEntry testId="2169934a-9f13-ee0b-caac-0e95b5225d2b" executionId="ae5bdedd-db64-4c8d-a393-24a2f5965762" testListId="8c84fa94-04c1-424b-9868-57a2d4851a1d" />
    <TestEntry testId="582e6a3f-58c7-92d4-9551-1e46aed3632b" executionId="932404d9-34a5-4d0b-a334-f52685a14d26" testListId="8c84fa94-04c1-424b-9868-57a2d4851a1d" />
    <TestEntry testId="764f383b-c699-f502-7ad3-0926bd1b950d" executionId="cdf71708-7f7f-42f3-9be7-d79a8869d947" testListId="8c84fa94-04c1-424b-9868-57a2d4851a1d" />
    <TestEntry testId="84b817a3-d9ea-4ee7-4bce-6233ff1a22ec" executionId="c764e611-5562-48f7-8b42-c52f4e220bf5" testListId="8c84fa94-04c1-424b-9868-57a2d4851a1d" />
    <TestEntry testId="d126ba14-7fa7-4e78-7434-4a28ba2ec146" executionId="5aab5752-37f4-429c-a298-916b53eb1e6f" testListId="8c84fa94-04c1-424b-9868-57a2d4851a1d" />
    <TestEntry testId="e7975907-abd7-c724-e54c-c8600f564d67" executionId="624516bf-313f-4f53-9fbb-d94777988130" testListId="8c84fa94-04c1-424b-9868-57a2d4851a1d" />
  </TestEntries>
  <Results>
    <UnitTestResult executionId="ae5bdedd-db64-4c8d-a393-24a2f5965762" testId="2169934a-9f13-ee0b-caac-0e95b5225d2b" testName="test_ThanhToan" computerName="DESKTOP-LTNHK23" duration="00:00:00.3155039" startTime="2019-11-14T14:07:14.2211354+07:00" endTime="2019-11-14T14:07:14.7809572+07:00" testType="13cdc9d9-ddb5-4fa4-a97d-d965ccfc6d4b" outcome="Passed" testListId="8c84fa94-04c1-424b-9868-57a2d4851a1d" relativeResultsDirectory="ae5bdedd-db64-4c8d-a393-24a2f5965762" resultType="DataDrivenTest">
      <Counters error="0" failed="0" timeout="0" aborted="0" inconclusive="0" passedButRunAborted="0" notRunnable="0" notExecuted="0" disconnected="0" warning="0" passed="5" completed="0" inProgress="0" pending="0" />
      <InnerResults>
        <UnitTestResult executionId="e880188b-c31f-4780-8ea7-897076311362" parentExecutionId="ae5bdedd-db64-4c8d-a393-24a2f5965762" testId="2169934a-9f13-ee0b-caac-0e95b5225d2b" testName="test_ThanhToan" computerName="DESKTOP-LTNHK23" duration="00:00:00.1513909" startTime="2019-11-14T14:07:14.6010153+07:00" endTime="2019-11-14T14:07:14.7589647+07:00" testType="13cdc9d9-ddb5-4fa4-a97d-d965ccfc6d4b" outcome="Passed" testListId="8c84fa94-04c1-424b-9868-57a2d4851a1d" relativeResultsDirectory="ae5bdedd-db64-4c8d-a393-24a2f5965762" dataRowInfo="0" resultType="DataDrivenDataRow" />
        <UnitTestResult executionId="607ba851-8005-4c9b-b883-0773427acd6b" parentExecutionId="ae5bdedd-db64-4c8d-a393-24a2f5965762" testId="2169934a-9f13-ee0b-caac-0e95b5225d2b" testName="test_ThanhToan" computerName="DESKTOP-LTNHK23" duration="00:00:00.0007129" startTime="2019-11-14T14:07:14.7589647+07:00" endTime="2019-11-14T14:07:14.7599650+07:00" testType="13cdc9d9-ddb5-4fa4-a97d-d965ccfc6d4b" outcome="Passed" testListId="8c84fa94-04c1-424b-9868-57a2d4851a1d" relativeResultsDirectory="ae5bdedd-db64-4c8d-a393-24a2f5965762" dataRowInfo="1" resultType="DataDrivenDataRow" />
        <UnitTestResult executionId="07237041-d087-4067-8363-103cea9fb2b0" parentExecutionId="ae5bdedd-db64-4c8d-a393-24a2f5965762" testId="2169934a-9f13-ee0b-caac-0e95b5225d2b" testName="test_ThanhToan" computerName="DESKTOP-LTNHK23" duration="00:00:00.0000295" startTime="2019-11-14T14:07:14.7599650+07:00" endTime="2019-11-14T14:07:14.7599650+07:00" testType="13cdc9d9-ddb5-4fa4-a97d-d965ccfc6d4b" outcome="Passed" testListId="8c84fa94-04c1-424b-9868-57a2d4851a1d" relativeResultsDirectory="ae5bdedd-db64-4c8d-a393-24a2f5965762" dataRowInfo="2" resultType="DataDrivenDataRow" />
        <UnitTestResult executionId="7a78682e-afd4-4ac3-a9f6-733273ffe643" parentExecutionId="ae5bdedd-db64-4c8d-a393-24a2f5965762" testId="2169934a-9f13-ee0b-caac-0e95b5225d2b" testName="test_ThanhToan" computerName="DESKTOP-LTNHK23" duration="00:00:00.0000174" startTime="2019-11-14T14:07:14.7599650+07:00" endTime="2019-11-14T14:07:14.7599650+07:00" testType="13cdc9d9-ddb5-4fa4-a97d-d965ccfc6d4b" outcome="Passed" testListId="8c84fa94-04c1-424b-9868-57a2d4851a1d" relativeResultsDirectory="ae5bdedd-db64-4c8d-a393-24a2f5965762" dataRowInfo="3" resultType="DataDrivenDataRow" />
        <UnitTestResult executionId="0740cb01-e42c-4036-9780-798d29a69440" parentExecutionId="ae5bdedd-db64-4c8d-a393-24a2f5965762" testId="2169934a-9f13-ee0b-caac-0e95b5225d2b" testName="test_ThanhToan" computerName="DESKTOP-LTNHK23" duration="00:00:00.0000128" startTime="2019-11-14T14:07:14.7599650+07:00" endTime="2019-11-14T14:07:14.7599650+07:00" testType="13cdc9d9-ddb5-4fa4-a97d-d965ccfc6d4b" outcome="Passed" testListId="8c84fa94-04c1-424b-9868-57a2d4851a1d" relativeResultsDirectory="ae5bdedd-db64-4c8d-a393-24a2f5965762" dataRowInfo="4" resultType="DataDrivenDataRow" />
      </InnerResults>
    </UnitTestResult>
    <UnitTestResult executionId="932404d9-34a5-4d0b-a334-f52685a14d26" testId="582e6a3f-58c7-92d4-9551-1e46aed3632b" testName="Testsua" computerName="DESKTOP-LTNHK23" duration="00:00:00.1835361" startTime="2019-11-14T14:07:14.7889547+07:00" endTime="2019-11-14T14:07:14.9783686+07:00" testType="13cdc9d9-ddb5-4fa4-a97d-d965ccfc6d4b" outcome="Failed" testListId="8c84fa94-04c1-424b-9868-57a2d4851a1d" relativeResultsDirectory="932404d9-34a5-4d0b-a334-f52685a14d26" resultType="DataDrivenTest">
      <Counters error="0" failed="2" timeout="0" aborted="0" inconclusive="0" passedButRunAborted="0" notRunnable="0" notExecuted="0" disconnected="0" warning="0" passed="0" completed="0" inProgress="0" pending="0" />
      <InnerResults>
        <UnitTestResult executionId="384f98da-e905-4614-b3c5-9d6b22a1546c" parentExecutionId="932404d9-34a5-4d0b-a334-f52685a14d26" testId="582e6a3f-58c7-92d4-9551-1e46aed3632b" testName="Testsua" computerName="DESKTOP-LTNHK23" duration="00:00:00.0520784" startTime="2019-11-14T14:07:14.9131045+07:00" endTime="2019-11-14T14:07:14.9643737+07:00" testType="13cdc9d9-ddb5-4fa4-a97d-d965ccfc6d4b" outcome="Failed" testListId="8c84fa94-04c1-424b-9868-57a2d4851a1d" relativeResultsDirectory="932404d9-34a5-4d0b-a334-f52685a14d26" dataRowInfo="0" resultType="DataDrivenDataRow">
          <Output>
            <ErrorInfo>
              <Message>Assert.AreEqual failed. Expected:&lt;True&gt;. Actual:&lt;False&gt;. </Message>
              <StackTrace>   at testPM.Test_Sua.Testsua() in C:\Users\Dell\Desktop\Dangnhap\testPM\Test_Sua.cs:line 28
</StackTrace>
            </ErrorInfo>
          </Output>
        </UnitTestResult>
        <UnitTestResult executionId="ebf50f43-8e6d-4d1f-8dac-83c350739cd3" parentExecutionId="932404d9-34a5-4d0b-a334-f52685a14d26" testId="582e6a3f-58c7-92d4-9551-1e46aed3632b" testName="Testsua" computerName="DESKTOP-LTNHK23" duration="00:00:00.0097360" startTime="2019-11-14T14:07:14.9653732+07:00" endTime="2019-11-14T14:07:14.9743711+07:00" testType="13cdc9d9-ddb5-4fa4-a97d-d965ccfc6d4b" outcome="Failed" testListId="8c84fa94-04c1-424b-9868-57a2d4851a1d" relativeResultsDirectory="932404d9-34a5-4d0b-a334-f52685a14d26" dataRowInfo="1" resultType="DataDrivenDataRow">
          <Output>
            <ErrorInfo>
              <Message>Assert.AreEqual failed. Expected:&lt;True&gt;. Actual:&lt;False&gt;. </Message>
              <StackTrace>   at testPM.Test_Sua.Testsua() in C:\Users\Dell\Desktop\Dangnhap\testPM\Test_Sua.cs:line 28
</StackTrace>
            </ErrorInfo>
          </Output>
        </UnitTestResult>
      </InnerResults>
    </UnitTestResult>
    <UnitTestResult executionId="cdf71708-7f7f-42f3-9be7-d79a8869d947" testId="764f383b-c699-f502-7ad3-0926bd1b950d" testName="Testxoa" computerName="DESKTOP-LTNHK23" duration="00:00:00.1494913" startTime="2019-11-14T14:07:14.9853694+07:00" endTime="2019-11-14T14:07:15.1400002+07:00" testType="13cdc9d9-ddb5-4fa4-a97d-d965ccfc6d4b" outcome="Passed" testListId="8c84fa94-04c1-424b-9868-57a2d4851a1d" relativeResultsDirectory="cdf71708-7f7f-42f3-9be7-d79a8869d947" resultType="DataDrivenTest">
      <Counters error="0" failed="0" timeout="0" aborted="0" inconclusive="0" passedButRunAborted="0" notRunnable="0" notExecuted="0" disconnected="0" warning="0" passed="1" completed="0" inProgress="0" pending="0" />
      <InnerResults>
        <UnitTestResult executionId="36d6655e-903b-4a29-9e1c-3606b61b608a" parentExecutionId="cdf71708-7f7f-42f3-9be7-d79a8869d947" testId="764f383b-c699-f502-7ad3-0926bd1b950d" testName="Testxoa" computerName="DESKTOP-LTNHK23" duration="00:00:00.0205823" startTime="2019-11-14T14:07:15.1162730+07:00" endTime="2019-11-14T14:07:15.1369986+07:00" testType="13cdc9d9-ddb5-4fa4-a97d-d965ccfc6d4b" outcome="Passed" testListId="8c84fa94-04c1-424b-9868-57a2d4851a1d" relativeResultsDirectory="cdf71708-7f7f-42f3-9be7-d79a8869d947" dataRowInfo="0" resultType="DataDrivenDataRow" />
      </InnerResults>
    </UnitTestResult>
    <UnitTestResult executionId="c764e611-5562-48f7-8b42-c52f4e220bf5" testId="84b817a3-d9ea-4ee7-4bce-6233ff1a22ec" testName="testThem" computerName="DESKTOP-LTNHK23" duration="00:00:00.1550722" startTime="2019-11-14T14:07:15.1469978+07:00" endTime="2019-11-14T14:07:15.3096192+07:00" testType="13cdc9d9-ddb5-4fa4-a97d-d965ccfc6d4b" outcome="Passed" testListId="8c84fa94-04c1-424b-9868-57a2d4851a1d" relativeResultsDirectory="c764e611-5562-48f7-8b42-c52f4e220bf5" resultType="DataDrivenTest">
      <Counters error="0" failed="0" timeout="0" aborted="0" inconclusive="0" passedButRunAborted="0" notRunnable="0" notExecuted="0" disconnected="0" warning="0" passed="2" completed="0" inProgress="0" pending="0" />
      <InnerResults>
        <UnitTestResult executionId="275fdb3d-42e0-41f1-8e17-95ae89a2a332" parentExecutionId="c764e611-5562-48f7-8b42-c52f4e220bf5" testId="84b817a3-d9ea-4ee7-4bce-6233ff1a22ec" testName="testThem" computerName="DESKTOP-LTNHK23" duration="00:00:00.0147712" startTime="2019-11-14T14:07:15.2793672+07:00" endTime="2019-11-14T14:07:15.2937713+07:00" testType="13cdc9d9-ddb5-4fa4-a97d-d965ccfc6d4b" outcome="Passed" testListId="8c84fa94-04c1-424b-9868-57a2d4851a1d" relativeResultsDirectory="c764e611-5562-48f7-8b42-c52f4e220bf5" dataRowInfo="0" resultType="DataDrivenDataRow" />
        <UnitTestResult executionId="c6ece009-117e-414a-9fef-05651615d77d" parentExecutionId="c764e611-5562-48f7-8b42-c52f4e220bf5" testId="84b817a3-d9ea-4ee7-4bce-6233ff1a22ec" testName="testThem" computerName="DESKTOP-LTNHK23" duration="00:00:00.0100827" startTime="2019-11-14T14:07:15.2937713+07:00" endTime="2019-11-14T14:07:15.3036232+07:00" testType="13cdc9d9-ddb5-4fa4-a97d-d965ccfc6d4b" outcome="Passed" testListId="8c84fa94-04c1-424b-9868-57a2d4851a1d" relativeResultsDirectory="c764e611-5562-48f7-8b42-c52f4e220bf5" dataRowInfo="1" resultType="DataDrivenDataRow" />
      </InnerResults>
    </UnitTestResult>
    <UnitTestResult executionId="5aab5752-37f4-429c-a298-916b53eb1e6f" testId="d126ba14-7fa7-4e78-7434-4a28ba2ec146" testName="testThemMon" computerName="DESKTOP-LTNHK23" duration="00:00:00.1384062" startTime="2019-11-14T14:07:15.3166192+07:00" endTime="2019-11-14T14:07:15.4670183+07:00" testType="13cdc9d9-ddb5-4fa4-a97d-d965ccfc6d4b" outcome="Passed" testListId="8c84fa94-04c1-424b-9868-57a2d4851a1d" relativeResultsDirectory="5aab5752-37f4-429c-a298-916b53eb1e6f" resultType="DataDrivenTest">
      <Counters error="0" failed="0" timeout="0" aborted="0" inconclusive="0" passedButRunAborted="0" notRunnable="0" notExecuted="0" disconnected="0" warning="0" passed="6" completed="0" inProgress="0" pending="0" />
      <InnerResults>
        <UnitTestResult executionId="5584e705-71c7-4a49-ba1c-f43138a56730" parentExecutionId="5aab5752-37f4-429c-a298-916b53eb1e6f" testId="d126ba14-7fa7-4e78-7434-4a28ba2ec146" testName="testThemMon" computerName="DESKTOP-LTNHK23" duration="00:00:00.0012618" startTime="2019-11-14T14:07:15.4491938+07:00" endTime="2019-11-14T14:07:15.4501962+07:00" testType="13cdc9d9-ddb5-4fa4-a97d-d965ccfc6d4b" outcome="Passed" testListId="8c84fa94-04c1-424b-9868-57a2d4851a1d" relativeResultsDirectory="5aab5752-37f4-429c-a298-916b53eb1e6f" dataRowInfo="0" resultType="DataDrivenDataRow" />
        <UnitTestResult executionId="73501369-212c-45d8-be10-620a9eb644c6" parentExecutionId="5aab5752-37f4-429c-a298-916b53eb1e6f" testId="d126ba14-7fa7-4e78-7434-4a28ba2ec146" testName="testThemMon" computerName="DESKTOP-LTNHK23" duration="00:00:00.0064961" startTime="2019-11-14T14:07:15.4501962+07:00" endTime="2019-11-14T14:07:15.4570236+07:00" testType="13cdc9d9-ddb5-4fa4-a97d-d965ccfc6d4b" outcome="Passed" testListId="8c84fa94-04c1-424b-9868-57a2d4851a1d" relativeResultsDirectory="5aab5752-37f4-429c-a298-916b53eb1e6f" dataRowInfo="1" resultType="DataDrivenDataRow" />
        <UnitTestResult executionId="7146b0b1-95be-4005-bd0d-8e613e34d53a" parentExecutionId="5aab5752-37f4-429c-a298-916b53eb1e6f" testId="d126ba14-7fa7-4e78-7434-4a28ba2ec146" testName="testThemMon" computerName="DESKTOP-LTNHK23" duration="00:00:00.0000365" startTime="2019-11-14T14:07:15.4570236+07:00" endTime="2019-11-14T14:07:15.4570236+07:00" testType="13cdc9d9-ddb5-4fa4-a97d-d965ccfc6d4b" outcome="Passed" testListId="8c84fa94-04c1-424b-9868-57a2d4851a1d" relativeResultsDirectory="5aab5752-37f4-429c-a298-916b53eb1e6f" dataRowInfo="2" resultType="DataDrivenDataRow" />
        <UnitTestResult executionId="8b3b2b31-3f9f-430c-9394-3bcd06232c82" parentExecutionId="5aab5752-37f4-429c-a298-916b53eb1e6f" testId="d126ba14-7fa7-4e78-7434-4a28ba2ec146" testName="testThemMon" computerName="DESKTOP-LTNHK23" duration="00:00:00.0000118" startTime="2019-11-14T14:07:15.4570236+07:00" endTime="2019-11-14T14:07:15.4570236+07:00" testType="13cdc9d9-ddb5-4fa4-a97d-d965ccfc6d4b" outcome="Passed" testListId="8c84fa94-04c1-424b-9868-57a2d4851a1d" relativeResultsDirectory="5aab5752-37f4-429c-a298-916b53eb1e6f" dataRowInfo="3" resultType="DataDrivenDataRow" />
        <UnitTestResult executionId="69851091-5328-4553-bdab-c2f1f2dfc669" parentExecutionId="5aab5752-37f4-429c-a298-916b53eb1e6f" testId="d126ba14-7fa7-4e78-7434-4a28ba2ec146" testName="testThemMon" computerName="DESKTOP-LTNHK23" duration="00:00:00.0000113" startTime="2019-11-14T14:07:15.4570236+07:00" endTime="2019-11-14T14:07:15.4570236+07:00" testType="13cdc9d9-ddb5-4fa4-a97d-d965ccfc6d4b" outcome="Passed" testListId="8c84fa94-04c1-424b-9868-57a2d4851a1d" relativeResultsDirectory="5aab5752-37f4-429c-a298-916b53eb1e6f" dataRowInfo="4" resultType="DataDrivenDataRow" />
        <UnitTestResult executionId="865fc4cb-d1dd-4da4-bfe9-df47f99401f6" parentExecutionId="5aab5752-37f4-429c-a298-916b53eb1e6f" testId="d126ba14-7fa7-4e78-7434-4a28ba2ec146" testName="testThemMon" computerName="DESKTOP-LTNHK23" duration="00:00:00.0000112" startTime="2019-11-14T14:07:15.4570236+07:00" endTime="2019-11-14T14:07:15.4570236+07:00" testType="13cdc9d9-ddb5-4fa4-a97d-d965ccfc6d4b" outcome="Passed" testListId="8c84fa94-04c1-424b-9868-57a2d4851a1d" relativeResultsDirectory="5aab5752-37f4-429c-a298-916b53eb1e6f" dataRowInfo="5" resultType="DataDrivenDataRow" />
      </InnerResults>
    </UnitTestResult>
    <UnitTestResult executionId="624516bf-313f-4f53-9fbb-d94777988130" testId="e7975907-abd7-c724-e54c-c8600f564d67" testName="TestCNLogin" computerName="DESKTOP-LTNHK23" duration="00:00:00.1536648" startTime="2019-11-14T14:07:15.4740173+07:00" endTime="2019-11-14T14:07:15.6536389+07:00" testType="13cdc9d9-ddb5-4fa4-a97d-d965ccfc6d4b" outcome="Failed" testListId="8c84fa94-04c1-424b-9868-57a2d4851a1d" relativeResultsDirectory="624516bf-313f-4f53-9fbb-d94777988130" resultType="DataDrivenTest">
      <Counters error="0" failed="1" timeout="0" aborted="0" inconclusive="0" passedButRunAborted="0" notRunnable="0" notExecuted="0" disconnected="0" warning="0" passed="14" completed="0" inProgress="0" pending="0" />
      <InnerResults>
        <UnitTestResult executionId="14c12836-ee46-4e1c-a7d3-f5b266e7f6d9" parentExecutionId="624516bf-313f-4f53-9fbb-d94777988130" testId="e7975907-abd7-c724-e54c-c8600f564d67" testName="TestCNLogin" computerName="DESKTOP-LTNHK23" duration="00:00:00.0070666" startTime="2019-11-14T14:07:15.6005448+07:00" endTime="2019-11-14T14:07:15.6075424+07:00" testType="13cdc9d9-ddb5-4fa4-a97d-d965ccfc6d4b" outcome="Passed" testListId="8c84fa94-04c1-424b-9868-57a2d4851a1d" relativeResultsDirectory="624516bf-313f-4f53-9fbb-d94777988130" dataRowInfo="0" resultType="DataDrivenDataRow" />
        <UnitTestResult executionId="f3fce49b-8a7d-4af3-88e6-b391981bbee3" parentExecutionId="624516bf-313f-4f53-9fbb-d94777988130" testId="e7975907-abd7-c724-e54c-c8600f564d67" testName="TestCNLogin" computerName="DESKTOP-LTNHK23" duration="00:00:00.0041502" startTime="2019-11-14T14:07:15.6075424+07:00" endTime="2019-11-14T14:07:15.6115249+07:00" testType="13cdc9d9-ddb5-4fa4-a97d-d965ccfc6d4b" outcome="Passed" testListId="8c84fa94-04c1-424b-9868-57a2d4851a1d" relativeResultsDirectory="624516bf-313f-4f53-9fbb-d94777988130" dataRowInfo="1" resultType="DataDrivenDataRow" />
        <UnitTestResult executionId="fcfc7b80-00be-427b-94c3-7797b0f6b6de" parentExecutionId="624516bf-313f-4f53-9fbb-d94777988130" testId="e7975907-abd7-c724-e54c-c8600f564d67" testName="TestCNLogin" computerName="DESKTOP-LTNHK23" duration="00:00:00.0011061" startTime="2019-11-14T14:07:15.6115249+07:00" endTime="2019-11-14T14:07:15.6125249+07:00" testType="13cdc9d9-ddb5-4fa4-a97d-d965ccfc6d4b" outcome="Passed" testListId="8c84fa94-04c1-424b-9868-57a2d4851a1d" relativeResultsDirectory="624516bf-313f-4f53-9fbb-d94777988130" dataRowInfo="2" resultType="DataDrivenDataRow" />
        <UnitTestResult executionId="e4f24ca2-8680-4857-a616-e1b45cd7ad7f" parentExecutionId="624516bf-313f-4f53-9fbb-d94777988130" testId="e7975907-abd7-c724-e54c-c8600f564d67" testName="TestCNLogin" computerName="DESKTOP-LTNHK23" duration="00:00:00.0009108" startTime="2019-11-14T14:07:15.6125249+07:00" endTime="2019-11-14T14:07:15.6135244+07:00" testType="13cdc9d9-ddb5-4fa4-a97d-d965ccfc6d4b" outcome="Passed" testListId="8c84fa94-04c1-424b-9868-57a2d4851a1d" relativeResultsDirectory="624516bf-313f-4f53-9fbb-d94777988130" dataRowInfo="3" resultType="DataDrivenDataRow" />
        <UnitTestResult executionId="ca8f11cf-fd24-4205-aaf6-c622bc8bcc11" parentExecutionId="624516bf-313f-4f53-9fbb-d94777988130" testId="e7975907-abd7-c724-e54c-c8600f564d67" testName="TestCNLogin" computerName="DESKTOP-LTNHK23" duration="00:00:00.0009051" startTime="2019-11-14T14:07:15.6135244+07:00" endTime="2019-11-14T14:07:15.6145240+07:00" testType="13cdc9d9-ddb5-4fa4-a97d-d965ccfc6d4b" outcome="Passed" testListId="8c84fa94-04c1-424b-9868-57a2d4851a1d" relativeResultsDirectory="624516bf-313f-4f53-9fbb-d94777988130" dataRowInfo="4" resultType="DataDrivenDataRow" />
        <UnitTestResult executionId="25558b7f-5bc3-4f1e-8fd8-fef77d1913c2" parentExecutionId="624516bf-313f-4f53-9fbb-d94777988130" testId="e7975907-abd7-c724-e54c-c8600f564d67" testName="TestCNLogin" computerName="DESKTOP-LTNHK23" duration="00:00:00.0008825" startTime="2019-11-14T14:07:15.6145240+07:00" endTime="2019-11-14T14:07:15.6155390+07:00" testType="13cdc9d9-ddb5-4fa4-a97d-d965ccfc6d4b" outcome="Passed" testListId="8c84fa94-04c1-424b-9868-57a2d4851a1d" relativeResultsDirectory="624516bf-313f-4f53-9fbb-d94777988130" dataRowInfo="5" resultType="DataDrivenDataRow" />
        <UnitTestResult executionId="ede833a3-c886-456a-a689-ee3eb7867fd5" parentExecutionId="624516bf-313f-4f53-9fbb-d94777988130" testId="e7975907-abd7-c724-e54c-c8600f564d67" testName="TestCNLogin" computerName="DESKTOP-LTNHK23" duration="00:00:00.0022669" startTime="2019-11-14T14:07:15.6155390+07:00" endTime="2019-11-14T14:07:15.6175354+07:00" testType="13cdc9d9-ddb5-4fa4-a97d-d965ccfc6d4b" outcome="Passed" testListId="8c84fa94-04c1-424b-9868-57a2d4851a1d" relativeResultsDirectory="624516bf-313f-4f53-9fbb-d94777988130" dataRowInfo="6" resultType="DataDrivenDataRow" />
        <UnitTestResult executionId="6db27e43-6f46-4809-8e3d-c46332f62c29" parentExecutionId="624516bf-313f-4f53-9fbb-d94777988130" testId="e7975907-abd7-c724-e54c-c8600f564d67" testName="TestCNLogin" computerName="DESKTOP-LTNHK23" duration="00:00:00.0008885" startTime="2019-11-14T14:07:15.6175354+07:00" endTime="2019-11-14T14:07:15.6185336+07:00" testType="13cdc9d9-ddb5-4fa4-a97d-d965ccfc6d4b" outcome="Passed" testListId="8c84fa94-04c1-424b-9868-57a2d4851a1d" relativeResultsDirectory="624516bf-313f-4f53-9fbb-d94777988130" dataRowInfo="7" resultType="DataDrivenDataRow" />
        <UnitTestResult executionId="76187774-8578-4658-bbc8-ee51cf2bc7bb" parentExecutionId="624516bf-313f-4f53-9fbb-d94777988130" testId="e7975907-abd7-c724-e54c-c8600f564d67" testName="TestCNLogin" computerName="DESKTOP-LTNHK23" duration="00:00:00.0010036" startTime="2019-11-14T14:07:15.6185336+07:00" endTime="2019-11-14T14:07:15.6195382+07:00" testType="13cdc9d9-ddb5-4fa4-a97d-d965ccfc6d4b" outcome="Passed" testListId="8c84fa94-04c1-424b-9868-57a2d4851a1d" relativeResultsDirectory="624516bf-313f-4f53-9fbb-d94777988130" dataRowInfo="8" resultType="DataDrivenDataRow" />
        <UnitTestResult executionId="106a5f0c-4583-46c3-962f-e7d00774f436" parentExecutionId="624516bf-313f-4f53-9fbb-d94777988130" testId="e7975907-abd7-c724-e54c-c8600f564d67" testName="TestCNLogin" computerName="DESKTOP-LTNHK23" duration="00:00:00.0008639" startTime="2019-11-14T14:07:15.6195382+07:00" endTime="2019-11-14T14:07:15.6205372+07:00" testType="13cdc9d9-ddb5-4fa4-a97d-d965ccfc6d4b" outcome="Passed" testListId="8c84fa94-04c1-424b-9868-57a2d4851a1d" relativeResultsDirectory="624516bf-313f-4f53-9fbb-d94777988130" dataRowInfo="9" resultType="DataDrivenDataRow" />
        <UnitTestResult executionId="5107af2f-ac81-4d8c-a45c-909732bee20a" parentExecutionId="624516bf-313f-4f53-9fbb-d94777988130" testId="e7975907-abd7-c724-e54c-c8600f564d67" testName="TestCNLogin" computerName="DESKTOP-LTNHK23" duration="00:00:00.0008940" startTime="2019-11-14T14:07:15.6205372+07:00" endTime="2019-11-14T14:07:15.6215377+07:00" testType="13cdc9d9-ddb5-4fa4-a97d-d965ccfc6d4b" outcome="Passed" testListId="8c84fa94-04c1-424b-9868-57a2d4851a1d" relativeResultsDirectory="624516bf-313f-4f53-9fbb-d94777988130" dataRowInfo="10" resultType="DataDrivenDataRow" />
        <UnitTestResult executionId="0de69b24-b48d-44e5-9e67-30bc5d5635f0" parentExecutionId="624516bf-313f-4f53-9fbb-d94777988130" testId="e7975907-abd7-c724-e54c-c8600f564d67" testName="TestCNLogin" computerName="DESKTOP-LTNHK23" duration="00:00:00.0009180" startTime="2019-11-14T14:07:15.6215377+07:00" endTime="2019-11-14T14:07:15.6225371+07:00" testType="13cdc9d9-ddb5-4fa4-a97d-d965ccfc6d4b" outcome="Passed" testListId="8c84fa94-04c1-424b-9868-57a2d4851a1d" relativeResultsDirectory="624516bf-313f-4f53-9fbb-d94777988130" dataRowInfo="11" resultType="DataDrivenDataRow" />
        <UnitTestResult executionId="1832e6d5-2c6c-44e2-8599-5f20df157304" parentExecutionId="624516bf-313f-4f53-9fbb-d94777988130" testId="e7975907-abd7-c724-e54c-c8600f564d67" testName="TestCNLogin" computerName="DESKTOP-LTNHK23" duration="00:00:00.0009148" startTime="2019-11-14T14:07:15.6225371+07:00" endTime="2019-11-14T14:07:15.6235200+07:00" testType="13cdc9d9-ddb5-4fa4-a97d-d965ccfc6d4b" outcome="Passed" testListId="8c84fa94-04c1-424b-9868-57a2d4851a1d" relativeResultsDirectory="624516bf-313f-4f53-9fbb-d94777988130" dataRowInfo="12" resultType="DataDrivenDataRow" />
        <UnitTestResult executionId="868f96d3-6a13-4688-8057-40fe174cf35f" parentExecutionId="624516bf-313f-4f53-9fbb-d94777988130" testId="e7975907-abd7-c724-e54c-c8600f564d67" testName="TestCNLogin" computerName="DESKTOP-LTNHK23" duration="00:00:00.0028370" startTime="2019-11-14T14:07:15.6235200+07:00" endTime="2019-11-14T14:07:15.6266475+07:00" testType="13cdc9d9-ddb5-4fa4-a97d-d965ccfc6d4b" outcome="Passed" testListId="8c84fa94-04c1-424b-9868-57a2d4851a1d" relativeResultsDirectory="624516bf-313f-4f53-9fbb-d94777988130" dataRowInfo="13" resultType="DataDrivenDataRow" />
        <UnitTestResult executionId="5371ab12-ba42-42e0-8cf6-74666ec665af" parentExecutionId="624516bf-313f-4f53-9fbb-d94777988130" testId="e7975907-abd7-c724-e54c-c8600f564d67" testName="TestCNLogin" computerName="DESKTOP-LTNHK23" duration="00:00:00.0039150" startTime="2019-11-14T14:07:15.6266475+07:00" endTime="2019-11-14T14:07:15.6296466+07:00" testType="13cdc9d9-ddb5-4fa4-a97d-d965ccfc6d4b" outcome="Failed" testListId="8c84fa94-04c1-424b-9868-57a2d4851a1d" relativeResultsDirectory="624516bf-313f-4f53-9fbb-d94777988130" dataRowInfo="14" resultType="DataDrivenDataRow">
          <Output>
            <ErrorInfo>
              <Message>Test method testPM.TestLogin.TestCNLogin threw exception: 
System.InvalidOperationException: số kí tự quá lớn</Message>
              <StackTrace>    at testPM.TestLogin.TestCNLogin() in C:\Users\Dell\Desktop\Dangnhap\testPM\Test_Login.cs:line 27
</StackTrace>
            </ErrorInfo>
          </Output>
        </UnitTestResult>
      </InnerResults>
    </UnitTestResult>
  </Results>
</TestRun>