<?xml version="1.0" encoding="UTF-8"?>
<TestRun id="1b1afa44-ec0f-479b-9412-af38eb2f2bd9" name="Dell@DESKTOP-LTNHK23 2019-11-14 10:11:26" runUser="DESKTOP-LTNHK23\Dell" xmlns="http://microsoft.com/schemas/VisualStudio/TeamTest/2010">
  <TestSettings name="Local" id="cea33156-e72c-4d1b-a57b-eb1a5b3c21c1">
    <Description>These are default test settings for a local test run.</Description>
    <Deployment enabled="false" runDeploymentRoot="Dell_DESKTOP-LTNHK23 2019-11-14 10_11_26">
      <DeploymentItem filename="C:\Users\Dell\Desktop\Dangnhap\Dangnhap\bin\Debug\Dangnhap.exe" />
    </Deployment>
    <Execution>
      <TestTypeSpecific />
      <AgentRule name="Execution Agents">
      </AgentRule>
    </Execution>
  </TestSettings>
  <Times creation="2019-11-14T10:11:26.7175523+07:00" queuing="2019-11-14T10:11:26.7375401+07:00" start="2019-11-14T10:11:26.7415392+07:00" finish="2019-11-14T10:11:27.2716507+07:00" />
  <ResultSummary outcome="Failed">
    <Counters total="3" executed="3" error="0" failed="3" timeout="0" aborted="0" inconclusive="0" passedButRunAborted="0" notRunnable="0" notExecuted="0" disconnected="0" warning="0" passed="0" completed="0" inProgress="0" pending="0" />
    <RunInfos>
      <RunInfo computerName="DESKTOP-LTNHK23" outcome="Warning" timestamp="2019-11-14T10:11:26.7375401+07:00">
        <Text>Deployment is currently disabled. The deployment item 'testPM\testsua.csv' on test 'testPM.Test_Sua.Testsua' was not deployed.</Text>
      </RunInfo>
    </RunInfos>
  </ResultSummary>
  <TestDefinitions>
    <UnitTest name="Testsua" storage="c:\users\dell\desktop\dangnhap\testpm\bin\debug\testpm.dll" id="582e6a3f-58c7-92d4-9551-1e46aed3632b">
      <DeploymentItems>
        <DeploymentItem filename="testPM\testsua.csv" />
      </DeploymentItems>
      <Execution id="b7a48697-dc22-4620-b418-153364ddbf91" />
      <TestMethod codeBase="C:/Users/Dell/Desktop/Dangnhap/testPM/bin/Debug/testPM.DLL" adapterTypeName="Microsoft.VisualStudio.TestTools.TestTypes.Unit.UnitTestAdapter, Microsoft.VisualStudio.QualityTools.Tips.UnitTest.Adapter, Version=10.0.0.0, Culture=neutral, PublicKeyToken=b03f5f7f11d50a3a" className="testPM.Test_Sua, testPM, Version=1.0.0.0, Culture=neutral, PublicKeyToken=null" name="Testsua" />
      <DataSource connectionString="|DataDirectory|\testsua.csv" providerInvariantName="Microsoft.VisualStudio.TestTools.DataSource.CSV" tableName="testsua#csv" />
    </UnitTest>
  </TestDefinitions>
  <TestLists>
    <TestList name="Results Not in a List" id="8c84fa94-04c1-424b-9868-57a2d4851a1d" />
    <TestList name="All Loaded Results" id="19431567-8539-422a-85d7-44ee4e166bda" />
  </TestLists>
  <TestEntries>
    <TestEntry testId="582e6a3f-58c7-92d4-9551-1e46aed3632b" executionId="b7a48697-dc22-4620-b418-153364ddbf91" testListId="8c84fa94-04c1-424b-9868-57a2d4851a1d" />
  </TestEntries>
  <Results>
    <UnitTestResult executionId="b7a48697-dc22-4620-b418-153364ddbf91" testId="582e6a3f-58c7-92d4-9551-1e46aed3632b" testName="Testsua" computerName="DESKTOP-LTNHK23" duration="00:00:00.2558190" startTime="2019-11-14T10:11:26.7485355+07:00" endTime="2019-11-14T10:11:27.2316656+07:00" testType="13cdc9d9-ddb5-4fa4-a97d-d965ccfc6d4b" outcome="Failed" testListId="8c84fa94-04c1-424b-9868-57a2d4851a1d" relativeResultsDirectory="b7a48697-dc22-4620-b418-153364ddbf91" resultType="DataDrivenTest">
      <Counters error="0" failed="2" timeout="0" aborted="0" inconclusive="0" passedButRunAborted="0" notRunnable="0" notExecuted="0" disconnected="0" warning="0" passed="0" completed="0" inProgress="0" pending="0" />
      <InnerResults>
        <UnitTestResult executionId="d7a9ca6b-234d-4249-b48d-67d27102d4ed" parentExecutionId="b7a48697-dc22-4620-b418-153364ddbf91" testId="582e6a3f-58c7-92d4-9551-1e46aed3632b" testName="Testsua" computerName="DESKTOP-LTNHK23" duration="00:00:00.1045285" startTime="2019-11-14T10:11:27.1007466+07:00" endTime="2019-11-14T10:11:27.2096721+07:00" testType="13cdc9d9-ddb5-4fa4-a97d-d965ccfc6d4b" outcome="Failed" testListId="8c84fa94-04c1-424b-9868-57a2d4851a1d" relativeResultsDirectory="b7a48697-dc22-4620-b418-153364ddbf91" dataRowInfo="0" resultType="DataDrivenDataRow">
          <Output>
            <ErrorInfo>
              <Message>Assert.AreEqual failed. Expected:&lt;True&gt;. Actual:&lt;False&gt;. </Message>
              <StackTrace>   at testPM.Test_Sua.Testsua() in C:\Users\Dell\Desktop\Dangnhap\testPM\Test_Sua.cs:line 28
</StackTrace>
            </ErrorInfo>
          </Output>
        </UnitTestResult>
        <UnitTestResult executionId="8148fd4a-228e-4303-a0a3-3c52042692d0" parentExecutionId="b7a48697-dc22-4620-b418-153364ddbf91" testId="582e6a3f-58c7-92d4-9551-1e46aed3632b" testName="Testsua" computerName="DESKTOP-LTNHK23" duration="00:00:00.0118886" startTime="2019-11-14T10:11:27.2096721+07:00" endTime="2019-11-14T10:11:27.2216691+07:00" testType="13cdc9d9-ddb5-4fa4-a97d-d965ccfc6d4b" outcome="Failed" testListId="8c84fa94-04c1-424b-9868-57a2d4851a1d" relativeResultsDirectory="b7a48697-dc22-4620-b418-153364ddbf91" dataRowInfo="1" resultType="DataDrivenDataRow">
          <Output>
            <ErrorInfo>
              <Message>Assert.AreEqual failed. Expected:&lt;True&gt;. Actual:&lt;False&gt;. </Message>
              <StackTrace>   at testPM.Test_Sua.Testsua() in C:\Users\Dell\Desktop\Dangnhap\testPM\Test_Sua.cs:line 28
</StackTrace>
            </ErrorInfo>
          </Output>
        </UnitTestResult>
      </InnerResults>
    </UnitTestResult>
  </Results>
</TestRun>