<?xml version="1.0" encoding="UTF-8"?>
<TestRun id="b4c5605d-8f1d-4b44-ba7f-01e1bb280419" name="Dell@DESKTOP-LTNHK23 2019-11-07 15:53:19" runUser="DESKTOP-LTNHK23\Dell" xmlns="http://microsoft.com/schemas/VisualStudio/TeamTest/2010">
  <TestSettings name="Local" id="cea33156-e72c-4d1b-a57b-eb1a5b3c21c1">
    <Description>These are default test settings for a local test run.</Description>
    <Deployment enabled="false" runDeploymentRoot="Dell_DESKTOP-LTNHK23 2019-11-07 15_53_19">
      <DeploymentItem filename="C:\Users\Dell\Desktop\Dangnhap\Dangnhap\bin\Debug\Dangnhap.exe" />
    </Deployment>
    <Execution>
      <TestTypeSpecific />
      <AgentRule name="Execution Agents">
      </AgentRule>
    </Execution>
  </TestSettings>
  <Times creation="2019-11-07T15:53:19.2063952+07:00" queuing="2019-11-07T15:53:19.2293881+07:00" start="2019-11-07T15:53:19.2333766+07:00" finish="2019-11-07T15:53:19.6069318+07:00" />
  <ResultSummary outcome="Warning">
    <Counters total="3" executed="3" passed="3" error="0" failed="0" timeout="0" aborted="0" inconclusive="0" passedButRunAborted="0" notRunnable="0" notExecuted="0" disconnected="0" warning="0" completed="0" inProgress="0" pending="0" />
    <RunInfos>
      <RunInfo computerName="DESKTOP-LTNHK23" outcome="Warning" timestamp="2019-11-07T15:53:19.2283731+07:00">
        <Text>Deployment is currently disabled. The deployment item 'testPM\testThanhToan.csv' on test 'testPM.Test_ThanhToan.test_ThanhToan' was not deployed.</Text>
      </RunInfo>
    </RunInfos>
  </ResultSummary>
  <TestDefinitions>
    <UnitTest name="test_ThanhToan" storage="c:\users\dell\desktop\dangnhap\testpm\bin\debug\testpm.dll" id="2169934a-9f13-ee0b-caac-0e95b5225d2b">
      <DeploymentItems>
        <DeploymentItem filename="testPM\testThanhToan.csv" />
      </DeploymentItems>
      <Execution id="d5d892a5-d0e5-4067-a435-f42e4fc6e26b" />
      <TestMethod codeBase="C:/Users/Dell/Desktop/Dangnhap/testPM/bin/Debug/testPM.DLL" adapterTypeName="Microsoft.VisualStudio.TestTools.TestTypes.Unit.UnitTestAdapter, Microsoft.VisualStudio.QualityTools.Tips.UnitTest.Adapter, Version=10.0.0.0, Culture=neutral, PublicKeyToken=b03f5f7f11d50a3a" className="testPM.Test_ThanhToan, testPM, Version=1.0.0.0, Culture=neutral, PublicKeyToken=null" name="test_ThanhToan" />
      <DataSource connectionString="|DataDirectory|\testThanhToan.csv" providerInvariantName="Microsoft.VisualStudio.TestTools.DataSource.CSV" tableName="testThanhToan#csv" />
    </UnitTest>
  </TestDefinitions>
  <TestLists>
    <TestList name="Results Not in a List" id="8c84fa94-04c1-424b-9868-57a2d4851a1d" />
    <TestList name="All Loaded Results" id="19431567-8539-422a-85d7-44ee4e166bda" />
  </TestLists>
  <TestEntries>
    <TestEntry testId="2169934a-9f13-ee0b-caac-0e95b5225d2b" executionId="d5d892a5-d0e5-4067-a435-f42e4fc6e26b" testListId="8c84fa94-04c1-424b-9868-57a2d4851a1d" />
  </TestEntries>
  <Results>
    <UnitTestResult executionId="d5d892a5-d0e5-4067-a435-f42e4fc6e26b" testId="2169934a-9f13-ee0b-caac-0e95b5225d2b" testName="test_ThanhToan" computerName="DESKTOP-LTNHK23" duration="00:00:00.1302909" startTime="2019-11-07T15:53:19.2413720+07:00" endTime="2019-11-07T15:53:19.5869418+07:00" testType="13cdc9d9-ddb5-4fa4-a97d-d965ccfc6d4b" outcome="Passed" testListId="8c84fa94-04c1-424b-9868-57a2d4851a1d" relativeResultsDirectory="d5d892a5-d0e5-4067-a435-f42e4fc6e26b" resultType="DataDrivenTest">
      <Counters error="0" failed="0" timeout="0" aborted="0" inconclusive="0" passedButRunAborted="0" notRunnable="0" notExecuted="0" disconnected="0" warning="0" passed="2" completed="0" inProgress="0" pending="0" />
      <InnerResults>
        <UnitTestResult executionId="1225f020-87d2-44a9-b848-f55e6110dbde" parentExecutionId="d5d892a5-d0e5-4067-a435-f42e4fc6e26b" testId="2169934a-9f13-ee0b-caac-0e95b5225d2b" testName="test_ThanhToan" computerName="DESKTOP-LTNHK23" duration="00:00:00.0154378" startTime="2019-11-07T15:53:19.5549264+07:00" endTime="2019-11-07T15:53:19.5749384+07:00" testType="13cdc9d9-ddb5-4fa4-a97d-d965ccfc6d4b" outcome="Passed" testListId="8c84fa94-04c1-424b-9868-57a2d4851a1d" relativeResultsDirectory="d5d892a5-d0e5-4067-a435-f42e4fc6e26b" dataRowInfo="0" resultType="DataDrivenDataRow" />
        <UnitTestResult executionId="3ca1d41e-1747-4579-9c5f-ce8b88fbd36b" parentExecutionId="d5d892a5-d0e5-4067-a435-f42e4fc6e26b" testId="2169934a-9f13-ee0b-caac-0e95b5225d2b" testName="test_ThanhToan" computerName="DESKTOP-LTNHK23" duration="00:00:00.0000350" startTime="2019-11-07T15:53:19.5749384+07:00" endTime="2019-11-07T15:53:19.5749384+07:00" testType="13cdc9d9-ddb5-4fa4-a97d-d965ccfc6d4b" outcome="Passed" testListId="8c84fa94-04c1-424b-9868-57a2d4851a1d" relativeResultsDirectory="d5d892a5-d0e5-4067-a435-f42e4fc6e26b" dataRowInfo="1" resultType="DataDrivenDataRow" />
      </InnerResults>
    </UnitTestResult>
  </Results>
</TestRun>