<?xml version="1.0" encoding="UTF-8"?>
<TestRun id="6f0bf161-4c81-4b2c-9d6b-d1053d69b1bc" name="Dell@DESKTOP-LTNHK23 2019-11-12 17:43:01" runUser="DESKTOP-LTNHK23\Dell" xmlns="http://microsoft.com/schemas/VisualStudio/TeamTest/2010">
  <TestSettings name="Local" id="cea33156-e72c-4d1b-a57b-eb1a5b3c21c1">
    <Description>These are default test settings for a local test run.</Description>
    <Deployment enabled="false" runDeploymentRoot="Dell_DESKTOP-LTNHK23 2019-11-12 17_43_01">
      <DeploymentItem filename="C:\Users\Dell\Desktop\Dangnhap\Dangnhap\bin\Debug\Dangnhap.exe" />
    </Deployment>
    <Execution>
      <TestTypeSpecific />
      <AgentRule name="Execution Agents">
      </AgentRule>
    </Execution>
  </TestSettings>
  <Times creation="2019-11-12T17:43:01.7176284+07:00" queuing="2019-11-12T17:43:01.7286261+07:00" start="2019-11-12T17:43:01.7336299+07:00" finish="2019-11-12T17:43:02.3564241+07:00" />
  <ResultSummary outcome="Failed">
    <Counters total="3" executed="3" passed="1" error="0" failed="2" timeout="0" aborted="0" inconclusive="0" passedButRunAborted="0" notRunnable="0" notExecuted="0" disconnected="0" warning="0" completed="0" inProgress="0" pending="0" />
    <RunInfos>
      <RunInfo computerName="DESKTOP-LTNHK23" outcome="Warning" timestamp="2019-11-12T17:43:01.7286261+07:00">
        <Text>Deployment is currently disabled. The deployment item 'testPM\testThem.csv' on test 'testPM.Test_Them.testThem' was not deployed.</Text>
      </RunInfo>
    </RunInfos>
  </ResultSummary>
  <TestDefinitions>
    <UnitTest name="testThem" storage="c:\users\dell\desktop\dangnhap\testpm\bin\debug\testpm.dll" id="84b817a3-d9ea-4ee7-4bce-6233ff1a22ec">
      <DeploymentItems>
        <DeploymentItem filename="testPM\testThem.csv" />
      </DeploymentItems>
      <Execution id="3060b77f-0bf1-4d4f-a791-ae5592dff1c0" />
      <TestMethod codeBase="C:/Users/Dell/Desktop/Dangnhap/testPM/bin/Debug/testPM.DLL" adapterTypeName="Microsoft.VisualStudio.TestTools.TestTypes.Unit.UnitTestAdapter, Microsoft.VisualStudio.QualityTools.Tips.UnitTest.Adapter, Version=10.0.0.0, Culture=neutral, PublicKeyToken=b03f5f7f11d50a3a" className="testPM.Test_Them, testPM, Version=1.0.0.0, Culture=neutral, PublicKeyToken=null" name="testThem" />
      <DataSource connectionString="|DataDirectory|\testThem.csv" providerInvariantName="Microsoft.VisualStudio.TestTools.DataSource.CSV" tableName="testThem#csv" />
    </UnitTest>
  </TestDefinitions>
  <TestLists>
    <TestList name="Results Not in a List" id="8c84fa94-04c1-424b-9868-57a2d4851a1d" />
    <TestList name="All Loaded Results" id="19431567-8539-422a-85d7-44ee4e166bda" />
  </TestLists>
  <TestEntries>
    <TestEntry testId="84b817a3-d9ea-4ee7-4bce-6233ff1a22ec" executionId="3060b77f-0bf1-4d4f-a791-ae5592dff1c0" testListId="8c84fa94-04c1-424b-9868-57a2d4851a1d" />
  </TestEntries>
  <Results>
    <UnitTestResult executionId="3060b77f-0bf1-4d4f-a791-ae5592dff1c0" testId="84b817a3-d9ea-4ee7-4bce-6233ff1a22ec" testName="testThem" computerName="DESKTOP-LTNHK23" duration="00:00:00.3397971" startTime="2019-11-12T17:43:01.7426194+07:00" endTime="2019-11-12T17:43:02.3334313+07:00" testType="13cdc9d9-ddb5-4fa4-a97d-d965ccfc6d4b" outcome="Failed" testListId="8c84fa94-04c1-424b-9868-57a2d4851a1d" relativeResultsDirectory="3060b77f-0bf1-4d4f-a791-ae5592dff1c0" resultType="DataDrivenTest">
      <Counters error="0" failed="1" timeout="0" aborted="0" inconclusive="0" passedButRunAborted="0" notRunnable="0" notExecuted="0" disconnected="0" warning="0" passed="1" completed="0" inProgress="0" pending="0" />
      <InnerResults>
        <UnitTestResult executionId="46943768-511b-4def-a809-8cc65651b98b" parentExecutionId="3060b77f-0bf1-4d4f-a791-ae5592dff1c0" testId="84b817a3-d9ea-4ee7-4bce-6233ff1a22ec" testName="testThem" computerName="DESKTOP-LTNHK23" duration="00:00:00.1385212" startTime="2019-11-12T17:43:02.1474903+07:00" endTime="2019-11-12T17:43:02.2924477+07:00" testType="13cdc9d9-ddb5-4fa4-a97d-d965ccfc6d4b" outcome="Passed" testListId="8c84fa94-04c1-424b-9868-57a2d4851a1d" relativeResultsDirectory="3060b77f-0bf1-4d4f-a791-ae5592dff1c0" dataRowInfo="0" resultType="DataDrivenDataRow" />
        <UnitTestResult executionId="ade217d4-767c-4251-bfd2-f6537797d42d" parentExecutionId="3060b77f-0bf1-4d4f-a791-ae5592dff1c0" testId="84b817a3-d9ea-4ee7-4bce-6233ff1a22ec" testName="testThem" computerName="DESKTOP-LTNHK23" duration="00:00:00.0264587" startTime="2019-11-12T17:43:02.2924477+07:00" endTime="2019-11-12T17:43:02.3184356+07:00" testType="13cdc9d9-ddb5-4fa4-a97d-d965ccfc6d4b" outcome="Failed" testListId="8c84fa94-04c1-424b-9868-57a2d4851a1d" relativeResultsDirectory="3060b77f-0bf1-4d4f-a791-ae5592dff1c0" dataRowInfo="1" resultType="DataDrivenDataRow">
          <Output>
            <ErrorInfo>
              <Message>Test method testPM.Test_Them.testThem threw exception: 
System.FormatException: String was not recognized as a valid Boolean.</Message>
              <StackTrace>    at System.Boolean.Parse(String value)
   at testPM.Test_Them.testThem() in C:\Users\Dell\Desktop\Dangnhap\testPM\Test_Them.cs:line 23
</StackTrace>
            </ErrorInfo>
          </Output>
        </UnitTestResult>
      </InnerResults>
    </UnitTestResult>
  </Results>
</TestRun>