<?xml version="1.0" encoding="UTF-8"?>
<TestRun id="27cd37df-ae72-4335-8cae-2b7ea1e766d7" name="Dell@DESKTOP-LTNHK23 2019-11-18 20:25:03" runUser="DESKTOP-LTNHK23\Dell" xmlns="http://microsoft.com/schemas/VisualStudio/TeamTest/2010">
  <TestSettings name="Local" id="cea33156-e72c-4d1b-a57b-eb1a5b3c21c1">
    <Description>These are default test settings for a local test run.</Description>
    <Deployment enabled="false" runDeploymentRoot="Dell_DESKTOP-LTNHK23 2019-11-18 20_25_03">
      <DeploymentItem filename="C:\Users\Dell\Desktop\Dangnhap\Dangnhap\bin\Debug\Dangnhap.exe" />
    </Deployment>
    <Execution>
      <TestTypeSpecific />
      <AgentRule name="Execution Agents">
      </AgentRule>
    </Execution>
  </TestSettings>
  <Times creation="2019-11-18T20:25:03.7737039+07:00" queuing="2019-11-18T20:25:03.7916819+07:00" start="2019-11-18T20:25:03.7976903+07:00" finish="2019-11-18T20:25:05.3689895+07:00" />
  <ResultSummary outcome="Failed">
    <Counters total="51" executed="51" passed="35" error="0" failed="16" timeout="0" aborted="0" inconclusive="0" passedButRunAborted="0" notRunnable="0" notExecuted="0" disconnected="0" warning="0" completed="0" inProgress="0" pending="0" />
  </ResultSummary>
  <TestDefinitions>
    <UnitTest name="testsqlfalse" storage="c:\users\dell\desktop\dangnhap\testpm\bin\debug\testpm.dll" id="4e4a81b9-f4aa-2eb2-2505-66ee72ce6d6d">
      <Execution id="0e377de6-a09b-491d-985e-dcb23a862c02" />
      <TestMethod codeBase="C:/Users/Dell/Desktop/Dangnhap/testPM/bin/Debug/testPM.DLL" adapterTypeName="Microsoft.VisualStudio.TestTools.TestTypes.Unit.UnitTestAdapter, Microsoft.VisualStudio.QualityTools.Tips.UnitTest.Adapter, Version=10.0.0.0, Culture=neutral, PublicKeyToken=b03f5f7f11d50a3a" className="testPM.Test_SQL, testPM, Version=1.0.0.0, Culture=neutral, PublicKeyToken=null" name="testsqlfalse" />
    </UnitTest>
    <UnitTest name="testThem" storage="c:\users\dell\desktop\dangnhap\testpm\bin\debug\testpm.dll" id="84b817a3-d9ea-4ee7-4bce-6233ff1a22ec">
      <DeploymentItems>
        <DeploymentItem filename="testPM\testThem.csv" />
      </DeploymentItems>
      <Execution id="d4667c7a-91b4-4f6c-89fc-8f837b638ea8" />
      <TestMethod codeBase="C:/Users/Dell/Desktop/Dangnhap/testPM/bin/Debug/testPM.DLL" adapterTypeName="Microsoft.VisualStudio.TestTools.TestTypes.Unit.UnitTestAdapter, Microsoft.VisualStudio.QualityTools.Tips.UnitTest.Adapter, Version=10.0.0.0, Culture=neutral, PublicKeyToken=b03f5f7f11d50a3a" className="testPM.Test_Them, testPM, Version=1.0.0.0, Culture=neutral, PublicKeyToken=null" name="testThem" />
      <DataSource connectionString="|DataDirectory|\testThem.csv" providerInvariantName="Microsoft.VisualStudio.TestTools.DataSource.CSV" tableName="testThem#csv" />
    </UnitTest>
    <UnitTest name="test_ThanhToan" storage="c:\users\dell\desktop\dangnhap\testpm\bin\debug\testpm.dll" id="2169934a-9f13-ee0b-caac-0e95b5225d2b">
      <DeploymentItems>
        <DeploymentItem filename="testPM\testThanhToan.csv" />
      </DeploymentItems>
      <Execution id="e5aea836-3a74-4d93-9af6-eb78d616de27" />
      <TestMethod codeBase="C:/Users/Dell/Desktop/Dangnhap/testPM/bin/Debug/testPM.DLL" adapterTypeName="Microsoft.VisualStudio.TestTools.TestTypes.Unit.UnitTestAdapter, Microsoft.VisualStudio.QualityTools.Tips.UnitTest.Adapter, Version=10.0.0.0, Culture=neutral, PublicKeyToken=b03f5f7f11d50a3a" className="testPM.Test_ThanhToan, testPM, Version=1.0.0.0, Culture=neutral, PublicKeyToken=null" name="test_ThanhToan" />
      <DataSource connectionString="|DataDirectory|\testThanhToan.csv" providerInvariantName="Microsoft.VisualStudio.TestTools.DataSource.CSV" tableName="testThanhToan#csv" />
    </UnitTest>
    <UnitTest name="TestCNLogin" storage="c:\users\dell\desktop\dangnhap\testpm\bin\debug\testpm.dll" id="e7975907-abd7-c724-e54c-c8600f564d67">
      <DeploymentItems>
        <DeploymentItem filename="testPM\testLogin.csv" />
      </DeploymentItems>
      <Execution id="9f0f56f1-96fc-4771-9d3c-9f86e61d56c3" />
      <TestMethod codeBase="C:/Users/Dell/Desktop/Dangnhap/testPM/bin/Debug/testPM.DLL" adapterTypeName="Microsoft.VisualStudio.TestTools.TestTypes.Unit.UnitTestAdapter, Microsoft.VisualStudio.QualityTools.Tips.UnitTest.Adapter, Version=10.0.0.0, Culture=neutral, PublicKeyToken=b03f5f7f11d50a3a" className="testPM.TestLogin, testPM, Version=1.0.0.0, Culture=neutral, PublicKeyToken=null" name="TestCNLogin" />
      <DataSource connectionString="|DataDirectory|\testLogin.csv" providerInvariantName="Microsoft.VisualStudio.TestTools.DataSource.CSV" tableName="testLogin#csv" />
    </UnitTest>
    <UnitTest name="testchuyenban" storage="c:\users\dell\desktop\dangnhap\testpm\bin\debug\testpm.dll" id="cdc9cf75-63ba-fe53-246e-69fbea83d298">
      <DeploymentItems>
        <DeploymentItem filename="testPM\testchuyenban.csv" />
      </DeploymentItems>
      <Execution id="a80bb61f-ab94-4e2d-819f-720a07298b4f" />
      <TestMethod codeBase="C:/Users/Dell/Desktop/Dangnhap/testPM/bin/Debug/testPM.DLL" adapterTypeName="Microsoft.VisualStudio.TestTools.TestTypes.Unit.UnitTestAdapter, Microsoft.VisualStudio.QualityTools.Tips.UnitTest.Adapter, Version=10.0.0.0, Culture=neutral, PublicKeyToken=b03f5f7f11d50a3a" className="testPM.Test_Chuyenban, testPM, Version=1.0.0.0, Culture=neutral, PublicKeyToken=null" name="testchuyenban" />
      <DataSource connectionString="|DataDirectory|\testchuyenban.csv" providerInvariantName="Microsoft.VisualStudio.TestTools.DataSource.CSV" tableName="testchuyenban#csv" />
    </UnitTest>
    <UnitTest name="Testsua" storage="c:\users\dell\desktop\dangnhap\testpm\bin\debug\testpm.dll" id="582e6a3f-58c7-92d4-9551-1e46aed3632b">
      <DeploymentItems>
        <DeploymentItem filename="testPM\testsua.csv" />
      </DeploymentItems>
      <Execution id="59ed2d59-5732-4063-b7a5-c6d9c44d2022" />
      <TestMethod codeBase="C:/Users/Dell/Desktop/Dangnhap/testPM/bin/Debug/testPM.DLL" adapterTypeName="Microsoft.VisualStudio.TestTools.TestTypes.Unit.UnitTestAdapter, Microsoft.VisualStudio.QualityTools.Tips.UnitTest.Adapter, Version=10.0.0.0, Culture=neutral, PublicKeyToken=b03f5f7f11d50a3a" className="testPM.Test_Sua, testPM, Version=1.0.0.0, Culture=neutral, PublicKeyToken=null" name="Testsua" />
      <DataSource connectionString="|DataDirectory|\testsua.csv" providerInvariantName="Microsoft.VisualStudio.TestTools.DataSource.CSV" tableName="testsua#csv" />
    </UnitTest>
    <UnitTest name="testThemMon" storage="c:\users\dell\desktop\dangnhap\testpm\bin\debug\testpm.dll" id="d126ba14-7fa7-4e78-7434-4a28ba2ec146">
      <DeploymentItems>
        <DeploymentItem filename="testPM\TestThemMon.csv" />
      </DeploymentItems>
      <Execution id="ded37604-a925-4115-a507-57eeb2e31514" />
      <TestMethod codeBase="C:/Users/Dell/Desktop/Dangnhap/testPM/bin/Debug/testPM.DLL" adapterTypeName="Microsoft.VisualStudio.TestTools.TestTypes.Unit.UnitTestAdapter, Microsoft.VisualStudio.QualityTools.Tips.UnitTest.Adapter, Version=10.0.0.0, Culture=neutral, PublicKeyToken=b03f5f7f11d50a3a" className="testPM.Test_ThemMon, testPM, Version=1.0.0.0, Culture=neutral, PublicKeyToken=null" name="testThemMon" />
      <DataSource connectionString="|DataDirectory|\TestThemMon.csv" providerInvariantName="Microsoft.VisualStudio.TestTools.DataSource.CSV" tableName="TestThemMon#csv" />
    </UnitTest>
    <UnitTest name="testsql" storage="c:\users\dell\desktop\dangnhap\testpm\bin\debug\testpm.dll" id="666b100b-0389-6f14-603f-27dd25f0b641">
      <Execution id="83a1ccd8-11e3-4176-9fc3-76f5a309e69d" />
      <TestMethod codeBase="C:/Users/Dell/Desktop/Dangnhap/testPM/bin/Debug/testPM.DLL" adapterTypeName="Microsoft.VisualStudio.TestTools.TestTypes.Unit.UnitTestAdapter, Microsoft.VisualStudio.QualityTools.Tips.UnitTest.Adapter, Version=10.0.0.0, Culture=neutral, PublicKeyToken=b03f5f7f11d50a3a" className="testPM.Test_SQL, testPM, Version=1.0.0.0, Culture=neutral, PublicKeyToken=null" name="testsql" />
    </UnitTest>
    <UnitTest name="Testxoa" storage="c:\users\dell\desktop\dangnhap\testpm\bin\debug\testpm.dll" id="764f383b-c699-f502-7ad3-0926bd1b950d">
      <DeploymentItems>
        <DeploymentItem filename="testPM\testXoa.csv" />
      </DeploymentItems>
      <Execution id="b1a91126-39ba-4033-b563-f44716abf689" />
      <TestMethod codeBase="C:/Users/Dell/Desktop/Dangnhap/testPM/bin/Debug/testPM.DLL" adapterTypeName="Microsoft.VisualStudio.TestTools.TestTypes.Unit.UnitTestAdapter, Microsoft.VisualStudio.QualityTools.Tips.UnitTest.Adapter, Version=10.0.0.0, Culture=neutral, PublicKeyToken=b03f5f7f11d50a3a" className="testPM.Test_Xoa, testPM, Version=1.0.0.0, Culture=neutral, PublicKeyToken=null" name="Testxoa" />
      <DataSource connectionString="|DataDirectory|\testXoa.csv" providerInvariantName="Microsoft.VisualStudio.TestTools.DataSource.CSV" tableName="testXoa#csv" />
    </UnitTest>
    <UnitTest name="testsqlthrow" storage="c:\users\dell\desktop\dangnhap\testpm\bin\debug\testpm.dll" id="3894354b-7814-f303-25d3-233ce030e021">
      <Execution id="a8daf7ff-7d64-4681-879b-54b62dd35731" />
      <TestMethod codeBase="C:/Users/Dell/Desktop/Dangnhap/testPM/bin/Debug/testPM.DLL" adapterTypeName="Microsoft.VisualStudio.TestTools.TestTypes.Unit.UnitTestAdapter, Microsoft.VisualStudio.QualityTools.Tips.UnitTest.Adapter, Version=10.0.0.0, Culture=neutral, PublicKeyToken=b03f5f7f11d50a3a" className="testPM.Test_SQL, testPM, Version=1.0.0.0, Culture=neutral, PublicKeyToken=null" name="testsqlthrow" />
    </UnitTest>
  </TestDefinitions>
  <TestLists>
    <TestList name="Results Not in a List" id="8c84fa94-04c1-424b-9868-57a2d4851a1d" />
    <TestList name="All Loaded Results" id="19431567-8539-422a-85d7-44ee4e166bda" />
  </TestLists>
  <TestEntries>
    <TestEntry testId="2169934a-9f13-ee0b-caac-0e95b5225d2b" executionId="e5aea836-3a74-4d93-9af6-eb78d616de27" testListId="8c84fa94-04c1-424b-9868-57a2d4851a1d" />
    <TestEntry testId="3894354b-7814-f303-25d3-233ce030e021" executionId="a8daf7ff-7d64-4681-879b-54b62dd35731" testListId="8c84fa94-04c1-424b-9868-57a2d4851a1d" />
    <TestEntry testId="4e4a81b9-f4aa-2eb2-2505-66ee72ce6d6d" executionId="0e377de6-a09b-491d-985e-dcb23a862c02" testListId="8c84fa94-04c1-424b-9868-57a2d4851a1d" />
    <TestEntry testId="582e6a3f-58c7-92d4-9551-1e46aed3632b" executionId="59ed2d59-5732-4063-b7a5-c6d9c44d2022" testListId="8c84fa94-04c1-424b-9868-57a2d4851a1d" />
    <TestEntry testId="666b100b-0389-6f14-603f-27dd25f0b641" executionId="83a1ccd8-11e3-4176-9fc3-76f5a309e69d" testListId="8c84fa94-04c1-424b-9868-57a2d4851a1d" />
    <TestEntry testId="764f383b-c699-f502-7ad3-0926bd1b950d" executionId="b1a91126-39ba-4033-b563-f44716abf689" testListId="8c84fa94-04c1-424b-9868-57a2d4851a1d" />
    <TestEntry testId="84b817a3-d9ea-4ee7-4bce-6233ff1a22ec" executionId="d4667c7a-91b4-4f6c-89fc-8f837b638ea8" testListId="8c84fa94-04c1-424b-9868-57a2d4851a1d" />
    <TestEntry testId="cdc9cf75-63ba-fe53-246e-69fbea83d298" executionId="a80bb61f-ab94-4e2d-819f-720a07298b4f" testListId="8c84fa94-04c1-424b-9868-57a2d4851a1d" />
    <TestEntry testId="d126ba14-7fa7-4e78-7434-4a28ba2ec146" executionId="ded37604-a925-4115-a507-57eeb2e31514" testListId="8c84fa94-04c1-424b-9868-57a2d4851a1d" />
    <TestEntry testId="e7975907-abd7-c724-e54c-c8600f564d67" executionId="9f0f56f1-96fc-4771-9d3c-9f86e61d56c3" testListId="8c84fa94-04c1-424b-9868-57a2d4851a1d" />
  </TestEntries>
  <Results>
    <UnitTestResult executionId="e5aea836-3a74-4d93-9af6-eb78d616de27" testId="2169934a-9f13-ee0b-caac-0e95b5225d2b" testName="test_ThanhToan" computerName="DESKTOP-LTNHK23" duration="00:00:00.1951107" startTime="2019-11-18T20:25:03.8046778+07:00" endTime="2019-11-18T20:25:04.2293693+07:00" testType="13cdc9d9-ddb5-4fa4-a97d-d965ccfc6d4b" outcome="Passed" testListId="8c84fa94-04c1-424b-9868-57a2d4851a1d" relativeResultsDirectory="e5aea836-3a74-4d93-9af6-eb78d616de27" resultType="DataDrivenTest">
      <Counters error="0" failed="0" timeout="0" aborted="0" inconclusive="0" passedButRunAborted="0" notRunnable="0" notExecuted="0" disconnected="0" warning="0" passed="5" completed="0" inProgress="0" pending="0" />
      <InnerResults>
        <UnitTestResult executionId="a84c5fb6-be7d-4967-bb42-363255213b0a" parentExecutionId="e5aea836-3a74-4d93-9af6-eb78d616de27" testId="2169934a-9f13-ee0b-caac-0e95b5225d2b" testName="test_ThanhToan" computerName="DESKTOP-LTNHK23" duration="00:00:00.0589705" startTime="2019-11-18T20:25:04.1480134+07:00" endTime="2019-11-18T20:25:04.2113760+07:00" testType="13cdc9d9-ddb5-4fa4-a97d-d965ccfc6d4b" outcome="Passed" testListId="8c84fa94-04c1-424b-9868-57a2d4851a1d" relativeResultsDirectory="e5aea836-3a74-4d93-9af6-eb78d616de27" dataRowInfo="0" resultType="DataDrivenDataRow" />
        <UnitTestResult executionId="7c5349f1-f730-406b-a030-8e130dae4c45" parentExecutionId="e5aea836-3a74-4d93-9af6-eb78d616de27" testId="2169934a-9f13-ee0b-caac-0e95b5225d2b" testName="test_ThanhToan" computerName="DESKTOP-LTNHK23" duration="00:00:00.0005228" startTime="2019-11-18T20:25:04.2113760+07:00" endTime="2019-11-18T20:25:04.2123721+07:00" testType="13cdc9d9-ddb5-4fa4-a97d-d965ccfc6d4b" outcome="Passed" testListId="8c84fa94-04c1-424b-9868-57a2d4851a1d" relativeResultsDirectory="e5aea836-3a74-4d93-9af6-eb78d616de27" dataRowInfo="1" resultType="DataDrivenDataRow" />
        <UnitTestResult executionId="d8ea035f-9ad6-40a5-9fdd-9fa03d61d2d2" parentExecutionId="e5aea836-3a74-4d93-9af6-eb78d616de27" testId="2169934a-9f13-ee0b-caac-0e95b5225d2b" testName="test_ThanhToan" computerName="DESKTOP-LTNHK23" duration="00:00:00.0000203" startTime="2019-11-18T20:25:04.2123721+07:00" endTime="2019-11-18T20:25:04.2123721+07:00" testType="13cdc9d9-ddb5-4fa4-a97d-d965ccfc6d4b" outcome="Passed" testListId="8c84fa94-04c1-424b-9868-57a2d4851a1d" relativeResultsDirectory="e5aea836-3a74-4d93-9af6-eb78d616de27" dataRowInfo="2" resultType="DataDrivenDataRow" />
        <UnitTestResult executionId="08f7488d-4d19-4e39-9a90-4bda68733394" parentExecutionId="e5aea836-3a74-4d93-9af6-eb78d616de27" testId="2169934a-9f13-ee0b-caac-0e95b5225d2b" testName="test_ThanhToan" computerName="DESKTOP-LTNHK23" duration="00:00:00.0000142" startTime="2019-11-18T20:25:04.2123721+07:00" endTime="2019-11-18T20:25:04.2123721+07:00" testType="13cdc9d9-ddb5-4fa4-a97d-d965ccfc6d4b" outcome="Passed" testListId="8c84fa94-04c1-424b-9868-57a2d4851a1d" relativeResultsDirectory="e5aea836-3a74-4d93-9af6-eb78d616de27" dataRowInfo="3" resultType="DataDrivenDataRow" />
        <UnitTestResult executionId="b0a0078c-bf37-4cf5-9320-74654334b83a" parentExecutionId="e5aea836-3a74-4d93-9af6-eb78d616de27" testId="2169934a-9f13-ee0b-caac-0e95b5225d2b" testName="test_ThanhToan" computerName="DESKTOP-LTNHK23" duration="00:00:00.0000107" startTime="2019-11-18T20:25:04.2123721+07:00" endTime="2019-11-18T20:25:04.2123721+07:00" testType="13cdc9d9-ddb5-4fa4-a97d-d965ccfc6d4b" outcome="Passed" testListId="8c84fa94-04c1-424b-9868-57a2d4851a1d" relativeResultsDirectory="e5aea836-3a74-4d93-9af6-eb78d616de27" dataRowInfo="4" resultType="DataDrivenDataRow" />
      </InnerResults>
    </UnitTestResult>
    <UnitTestResult executionId="a8daf7ff-7d64-4681-879b-54b62dd35731" testId="3894354b-7814-f303-25d3-233ce030e021" testName="testsqlthrow" computerName="DESKTOP-LTNHK23" duration="00:00:00.0151658" startTime="2019-11-18T20:25:04.2353706+07:00" endTime="2019-11-18T20:25:04.2543614+07:00" testType="13cdc9d9-ddb5-4fa4-a97d-d965ccfc6d4b" outcome="Failed" testListId="8c84fa94-04c1-424b-9868-57a2d4851a1d" relativeResultsDirectory="a8daf7ff-7d64-4681-879b-54b62dd35731">
      <Output>
        <ErrorInfo>
          <Message>Test method testPM.Test_SQL.testsqlthrow threw exception: 
System.Data.SqlClient.SqlException: Could not find stored procedure 'usp'.</Message>
          <StackTrace>    at System.Data.SqlClient.SqlConnection.OnError(SqlException exception, Boolean breakConnection, Action`1 wrapCloseInAction)
   at System.Data.SqlClient.SqlInternalConnection.OnError(SqlException exception, Boolean breakConnection, Action`1 wrapCloseInAction)
   at System.Data.SqlClient.TdsParser.ThrowExceptionAndWarning(TdsParserStateObject stateObj, Boolean callerHasConnectionLock, Boolean asyncClose)
   at System.Data.SqlClient.TdsParser.TryRun(RunBehavior runBehavior, SqlCommand cmdHandler, SqlDataReader dataStream, BulkCopySimpleResultSet bulkCopyHandler, TdsParserStateObject stateObj, Boolean&amp; dataReady)
   at System.Data.SqlClient.SqlDataReader.TryConsumeMetaData()
   at System.Data.SqlClient.SqlDataReader.get_MetaData()
   at System.Data.SqlClient.SqlCommand.FinishExecuteReader(SqlDataReader ds, RunBehavior runBehavior, String resetOptionsString, Boolean isInternal, Boolean forDescribeParameterEncryption, Boolean shouldCacheForAlwaysEncrypted)
   at System.Data.SqlClient.SqlCommand.RunExecuteReaderTds(CommandBehavior cmdBehavior, RunBehavior runBehavior, Boolean returnStream, Boolean async, Int32 timeout, Task&amp; task, Boolean asyncWrite, Boolean inRetry, SqlDataReader ds, Boolean describeParameterEncryptionRequest)
   at System.Data.SqlClient.SqlCommand.RunExecuteReader(CommandBehavior cmdBehavior, RunBehavior runBehavior, Boolean returnStream, String method, TaskCompletionSource`1 completion, Int32 timeout, Task&amp; task, Boolean&amp; usedCache, Boolean asyncWrite, Boolean inRetry)
   at System.Data.SqlClient.SqlCommand.RunExecuteReader(CommandBehavior cmdBehavior, RunBehavior runBehavior, Boolean returnStream, String method)
   at System.Data.SqlClient.SqlCommand.ExecuteReader(CommandBehavior behavior, String method)
   at System.Data.SqlClient.SqlCommand.ExecuteDbDataReader(CommandBehavior behavior)
   at System.Data.Common.DbCommand.System.Data.IDbCommand.ExecuteReader(CommandBehavior behavior)
   at System.Data.Common.DbDataAdapter.FillInternal(DataSet dataset, DataTable[] datatables, Int32 startRecord, Int32 maxRecords, String srcTable, IDbCommand command, CommandBehavior behavior)
   at System.Data.Common.DbDataAdapter.Fill(DataTable[] dataTables, Int32 startRecord, Int32 maxRecords, IDbCommand command, CommandBehavior behavior)
   at System.Data.Common.DbDataAdapter.Fill(DataTable dataTable)
   at Dangnhap.DAO.dataProvider.ExecuteQuery(String query, Object[] parameter) in C:\Users\Dell\Desktop\Dangnhap\Dangnhap\DAO\dataProvider.cs:line 46
   at testPM.Test_SQL.testsqlthrow() in C:\Users\Dell\Desktop\Dangnhap\testPM\Test_SQL.cs:line 42
</StackTrace>
        </ErrorInfo>
      </Output>
    </UnitTestResult>
    <UnitTestResult executionId="0e377de6-a09b-491d-985e-dcb23a862c02" testId="4e4a81b9-f4aa-2eb2-2505-66ee72ce6d6d" testName="testsqlfalse" computerName="DESKTOP-LTNHK23" duration="00:00:00.0031963" startTime="2019-11-18T20:25:04.2643462+07:00" endTime="2019-11-18T20:25:04.2713563+07:00" testType="13cdc9d9-ddb5-4fa4-a97d-d965ccfc6d4b" outcome="Passed" testListId="8c84fa94-04c1-424b-9868-57a2d4851a1d" relativeResultsDirectory="0e377de6-a09b-491d-985e-dcb23a862c02">
    </UnitTestResult>
    <UnitTestResult executionId="59ed2d59-5732-4063-b7a5-c6d9c44d2022" testId="582e6a3f-58c7-92d4-9551-1e46aed3632b" testName="Testsua" computerName="DESKTOP-LTNHK23" duration="00:00:00.1894513" startTime="2019-11-18T20:25:04.2773377+07:00" endTime="2019-11-18T20:25:04.4796205+07:00" testType="13cdc9d9-ddb5-4fa4-a97d-d965ccfc6d4b" outcome="Failed" testListId="8c84fa94-04c1-424b-9868-57a2d4851a1d" relativeResultsDirectory="59ed2d59-5732-4063-b7a5-c6d9c44d2022" resultType="DataDrivenTest">
      <Counters error="0" failed="6" timeout="0" aborted="0" inconclusive="0" passedButRunAborted="0" notRunnable="0" notExecuted="0" disconnected="0" warning="0" passed="0" completed="0" inProgress="0" pending="0" />
      <InnerResults>
        <UnitTestResult executionId="f92a84b0-980b-4013-9d72-a8eb38e91664" parentExecutionId="59ed2d59-5732-4063-b7a5-c6d9c44d2022" testId="582e6a3f-58c7-92d4-9551-1e46aed3632b" testName="Testsua" computerName="DESKTOP-LTNHK23" duration="00:00:00.0496370" startTime="2019-11-18T20:25:04.3923567+07:00" endTime="2019-11-18T20:25:04.4416275+07:00" testType="13cdc9d9-ddb5-4fa4-a97d-d965ccfc6d4b" outcome="Failed" testListId="8c84fa94-04c1-424b-9868-57a2d4851a1d" relativeResultsDirectory="59ed2d59-5732-4063-b7a5-c6d9c44d2022" dataRowInfo="0" resultType="DataDrivenDataRow">
          <Output>
            <ErrorInfo>
              <Message>Assert.AreEqual failed. Expected:&lt;True&gt;. Actual:&lt;False&gt;. </Message>
              <StackTrace>   at testPM.Test_Sua.Testsua() in C:\Users\Dell\Desktop\Dangnhap\testPM\Test_Sua.cs:line 28
</StackTrace>
            </ErrorInfo>
          </Output>
        </UnitTestResult>
        <UnitTestResult executionId="e81ef20b-732c-4f6b-8f98-d152032a38cd" parentExecutionId="59ed2d59-5732-4063-b7a5-c6d9c44d2022" testId="582e6a3f-58c7-92d4-9551-1e46aed3632b" testName="Testsua" computerName="DESKTOP-LTNHK23" duration="00:00:00.0107992" startTime="2019-11-18T20:25:04.4416275+07:00" endTime="2019-11-18T20:25:04.4526273+07:00" testType="13cdc9d9-ddb5-4fa4-a97d-d965ccfc6d4b" outcome="Failed" testListId="8c84fa94-04c1-424b-9868-57a2d4851a1d" relativeResultsDirectory="59ed2d59-5732-4063-b7a5-c6d9c44d2022" dataRowInfo="1" resultType="DataDrivenDataRow">
          <Output>
            <ErrorInfo>
              <Message>Assert.AreEqual failed. Expected:&lt;True&gt;. Actual:&lt;False&gt;. </Message>
              <StackTrace>   at testPM.Test_Sua.Testsua() in C:\Users\Dell\Desktop\Dangnhap\testPM\Test_Sua.cs:line 28
</StackTrace>
            </ErrorInfo>
          </Output>
        </UnitTestResult>
        <UnitTestResult executionId="5a0448e1-df7e-49e7-8ddd-22cd8a664b32" parentExecutionId="59ed2d59-5732-4063-b7a5-c6d9c44d2022" testId="582e6a3f-58c7-92d4-9551-1e46aed3632b" testName="Testsua" computerName="DESKTOP-LTNHK23" duration="00:00:00.0112081" startTime="2019-11-18T20:25:04.4526273+07:00" endTime="2019-11-18T20:25:04.4636243+07:00" testType="13cdc9d9-ddb5-4fa4-a97d-d965ccfc6d4b" outcome="Failed" testListId="8c84fa94-04c1-424b-9868-57a2d4851a1d" relativeResultsDirectory="59ed2d59-5732-4063-b7a5-c6d9c44d2022" dataRowInfo="2" resultType="DataDrivenDataRow">
          <Output>
            <ErrorInfo>
              <Message>Assert.AreEqual failed. Expected:&lt;True&gt;. Actual:&lt;False&gt;. </Message>
              <StackTrace>   at testPM.Test_Sua.Testsua() in C:\Users\Dell\Desktop\Dangnhap\testPM\Test_Sua.cs:line 28
</StackTrace>
            </ErrorInfo>
          </Output>
        </UnitTestResult>
        <UnitTestResult executionId="67fa8add-3f44-4790-aefd-6a9e1d9df502" parentExecutionId="59ed2d59-5732-4063-b7a5-c6d9c44d2022" testId="582e6a3f-58c7-92d4-9551-1e46aed3632b" testName="Testsua" computerName="DESKTOP-LTNHK23" duration="00:00:00.0021901" startTime="2019-11-18T20:25:04.4636243+07:00" endTime="2019-11-18T20:25:04.4656245+07:00" testType="13cdc9d9-ddb5-4fa4-a97d-d965ccfc6d4b" outcome="Failed" testListId="8c84fa94-04c1-424b-9868-57a2d4851a1d" relativeResultsDirectory="59ed2d59-5732-4063-b7a5-c6d9c44d2022" dataRowInfo="3" resultType="DataDrivenDataRow">
          <Output>
            <ErrorInfo>
              <Message>Test method testPM.Test_Sua.Testsua threw exception: 
System.FormatException: Input string was not in a correct format.</Message>
              <StackTrace>    at System.Number.StringToNumber(String str, NumberStyles options, NumberBuffer&amp; number, NumberFormatInfo info, Boolean parseDecimal)
   at System.Number.ParseInt32(String s, NumberStyles style, NumberFormatInfo info)
   at System.Int32.Parse(String s)
   at testPM.Test_Sua.Testsua() in C:\Users\Dell\Desktop\Dangnhap\testPM\Test_Sua.cs:line 22
</StackTrace>
            </ErrorInfo>
          </Output>
        </UnitTestResult>
        <UnitTestResult executionId="98e56334-3692-4547-9262-751e0be373e6" parentExecutionId="59ed2d59-5732-4063-b7a5-c6d9c44d2022" testId="582e6a3f-58c7-92d4-9551-1e46aed3632b" testName="Testsua" computerName="DESKTOP-LTNHK23" duration="00:00:00.0015987" startTime="2019-11-18T20:25:04.4656245+07:00" endTime="2019-11-18T20:25:04.4676236+07:00" testType="13cdc9d9-ddb5-4fa4-a97d-d965ccfc6d4b" outcome="Failed" testListId="8c84fa94-04c1-424b-9868-57a2d4851a1d" relativeResultsDirectory="59ed2d59-5732-4063-b7a5-c6d9c44d2022" dataRowInfo="4" resultType="DataDrivenDataRow">
          <Output>
            <ErrorInfo>
              <Message>Test method testPM.Test_Sua.Testsua threw exception: 
System.FormatException: Input string was not in a correct format.</Message>
              <StackTrace>    at System.Number.ParseSingle(String value, NumberStyles options, NumberFormatInfo numfmt)
   at System.Single.Parse(String s)
   at testPM.Test_Sua.Testsua() in C:\Users\Dell\Desktop\Dangnhap\testPM\Test_Sua.cs:line 23
</StackTrace>
            </ErrorInfo>
          </Output>
        </UnitTestResult>
        <UnitTestResult executionId="ed367ca4-8854-4666-8853-1274dd390e5b" parentExecutionId="59ed2d59-5732-4063-b7a5-c6d9c44d2022" testId="582e6a3f-58c7-92d4-9551-1e46aed3632b" testName="Testsua" computerName="DESKTOP-LTNHK23" duration="00:00:00.0013192" startTime="2019-11-18T20:25:04.4676236+07:00" endTime="2019-11-18T20:25:04.4686229+07:00" testType="13cdc9d9-ddb5-4fa4-a97d-d965ccfc6d4b" outcome="Failed" testListId="8c84fa94-04c1-424b-9868-57a2d4851a1d" relativeResultsDirectory="59ed2d59-5732-4063-b7a5-c6d9c44d2022" dataRowInfo="5" resultType="DataDrivenDataRow">
          <Output>
            <ErrorInfo>
              <Message>Test method testPM.Test_Sua.Testsua threw exception: 
System.FormatException: Input string was not in a correct format.</Message>
              <StackTrace>    at System.Number.StringToNumber(String str, NumberStyles options, NumberBuffer&amp; number, NumberFormatInfo info, Boolean parseDecimal)
   at System.Number.ParseInt32(String s, NumberStyles style, NumberFormatInfo info)
   at System.Int32.Parse(String s)
   at testPM.Test_Sua.Testsua() in C:\Users\Dell\Desktop\Dangnhap\testPM\Test_Sua.cs:line 24
</StackTrace>
            </ErrorInfo>
          </Output>
        </UnitTestResult>
      </InnerResults>
    </UnitTestResult>
    <UnitTestResult executionId="83a1ccd8-11e3-4176-9fc3-76f5a309e69d" testId="666b100b-0389-6f14-603f-27dd25f0b641" testName="testsql" computerName="DESKTOP-LTNHK23" duration="00:00:00.0017128" startTime="2019-11-18T20:25:04.4876331+07:00" endTime="2019-11-18T20:25:04.4936143+07:00" testType="13cdc9d9-ddb5-4fa4-a97d-d965ccfc6d4b" outcome="Passed" testListId="8c84fa94-04c1-424b-9868-57a2d4851a1d" relativeResultsDirectory="83a1ccd8-11e3-4176-9fc3-76f5a309e69d">
    </UnitTestResult>
    <UnitTestResult executionId="b1a91126-39ba-4033-b563-f44716abf689" testId="764f383b-c699-f502-7ad3-0926bd1b950d" testName="Testxoa" computerName="DESKTOP-LTNHK23" duration="00:00:00.1579329" startTime="2019-11-18T20:25:04.5016148+07:00" endTime="2019-11-18T20:25:04.6676919+07:00" testType="13cdc9d9-ddb5-4fa4-a97d-d965ccfc6d4b" outcome="Failed" testListId="8c84fa94-04c1-424b-9868-57a2d4851a1d" relativeResultsDirectory="b1a91126-39ba-4033-b563-f44716abf689" resultType="DataDrivenTest">
      <Counters error="0" failed="2" timeout="0" aborted="0" inconclusive="0" passedButRunAborted="0" notRunnable="0" notExecuted="0" disconnected="0" warning="0" passed="1" completed="0" inProgress="0" pending="0" />
      <InnerResults>
        <UnitTestResult executionId="2b63012c-d175-418b-bca9-5320597a1de0" parentExecutionId="b1a91126-39ba-4033-b563-f44716abf689" testId="764f383b-c699-f502-7ad3-0926bd1b950d" testName="Testxoa" computerName="DESKTOP-LTNHK23" duration="00:00:00.0176085" startTime="2019-11-18T20:25:04.6352242+07:00" endTime="2019-11-18T20:25:04.6526956+07:00" testType="13cdc9d9-ddb5-4fa4-a97d-d965ccfc6d4b" outcome="Failed" testListId="8c84fa94-04c1-424b-9868-57a2d4851a1d" relativeResultsDirectory="b1a91126-39ba-4033-b563-f44716abf689" dataRowInfo="0" resultType="DataDrivenDataRow">
          <Output>
            <ErrorInfo>
              <Message>Assert.AreEqual failed. Expected:&lt;True&gt;. Actual:&lt;False&gt;. </Message>
              <StackTrace>   at testPM.Test_Xoa.Testxoa() in C:\Users\Dell\Desktop\Dangnhap\testPM\Test_Xoa.cs:line 24
</StackTrace>
            </ErrorInfo>
          </Output>
        </UnitTestResult>
        <UnitTestResult executionId="29b99a41-a15d-472d-b9c6-75455cb591ec" parentExecutionId="b1a91126-39ba-4033-b563-f44716abf689" testId="764f383b-c699-f502-7ad3-0926bd1b950d" testName="Testxoa" computerName="DESKTOP-LTNHK23" duration="00:00:00.0076938" startTime="2019-11-18T20:25:04.6526956+07:00" endTime="2019-11-18T20:25:04.6606775+07:00" testType="13cdc9d9-ddb5-4fa4-a97d-d965ccfc6d4b" outcome="Passed" testListId="8c84fa94-04c1-424b-9868-57a2d4851a1d" relativeResultsDirectory="b1a91126-39ba-4033-b563-f44716abf689" dataRowInfo="1" resultType="DataDrivenDataRow" />
        <UnitTestResult executionId="5d36bdfa-0e6e-44b3-ac98-5afd28a541bf" parentExecutionId="b1a91126-39ba-4033-b563-f44716abf689" testId="764f383b-c699-f502-7ad3-0926bd1b950d" testName="Testxoa" computerName="DESKTOP-LTNHK23" duration="00:00:00.0015276" startTime="2019-11-18T20:25:04.6606775+07:00" endTime="2019-11-18T20:25:04.6616930+07:00" testType="13cdc9d9-ddb5-4fa4-a97d-d965ccfc6d4b" outcome="Failed" testListId="8c84fa94-04c1-424b-9868-57a2d4851a1d" relativeResultsDirectory="b1a91126-39ba-4033-b563-f44716abf689" dataRowInfo="2" resultType="DataDrivenDataRow">
          <Output>
            <ErrorInfo>
              <Message>Test method testPM.Test_Xoa.Testxoa threw exception: 
System.FormatException: Input string was not in a correct format.</Message>
              <StackTrace>    at System.Number.StringToNumber(String str, NumberStyles options, NumberBuffer&amp; number, NumberFormatInfo info, Boolean parseDecimal)
   at System.Number.ParseInt32(String s, NumberStyles style, NumberFormatInfo info)
   at System.Int32.Parse(String s)
   at testPM.Test_Xoa.Testxoa() in C:\Users\Dell\Desktop\Dangnhap\testPM\Test_Xoa.cs:line 20
</StackTrace>
            </ErrorInfo>
          </Output>
        </UnitTestResult>
      </InnerResults>
    </UnitTestResult>
    <UnitTestResult executionId="d4667c7a-91b4-4f6c-89fc-8f837b638ea8" testId="84b817a3-d9ea-4ee7-4bce-6233ff1a22ec" testName="testThem" computerName="DESKTOP-LTNHK23" duration="00:00:00.1429722" startTime="2019-11-18T20:25:04.6736752+07:00" endTime="2019-11-18T20:25:04.8258173+07:00" testType="13cdc9d9-ddb5-4fa4-a97d-d965ccfc6d4b" outcome="Passed" testListId="8c84fa94-04c1-424b-9868-57a2d4851a1d" relativeResultsDirectory="d4667c7a-91b4-4f6c-89fc-8f837b638ea8" resultType="DataDrivenTest">
      <Counters error="0" failed="0" timeout="0" aborted="0" inconclusive="0" passedButRunAborted="0" notRunnable="0" notExecuted="0" disconnected="0" warning="0" passed="2" completed="0" inProgress="0" pending="0" />
      <InnerResults>
        <UnitTestResult executionId="933cad46-8643-4d36-91ff-0fc9d2a7b494" parentExecutionId="d4667c7a-91b4-4f6c-89fc-8f837b638ea8" testId="84b817a3-d9ea-4ee7-4bce-6233ff1a22ec" testName="testThem" computerName="DESKTOP-LTNHK23" duration="00:00:00.0184688" startTime="2019-11-18T20:25:04.7878294+07:00" endTime="2019-11-18T20:25:04.8058227+07:00" testType="13cdc9d9-ddb5-4fa4-a97d-d965ccfc6d4b" outcome="Passed" testListId="8c84fa94-04c1-424b-9868-57a2d4851a1d" relativeResultsDirectory="d4667c7a-91b4-4f6c-89fc-8f837b638ea8" dataRowInfo="0" resultType="DataDrivenDataRow" />
        <UnitTestResult executionId="d1ebbe6a-2dfe-47fb-9d08-8264ded128e0" parentExecutionId="d4667c7a-91b4-4f6c-89fc-8f837b638ea8" testId="84b817a3-d9ea-4ee7-4bce-6233ff1a22ec" testName="testThem" computerName="DESKTOP-LTNHK23" duration="00:00:00.0130525" startTime="2019-11-18T20:25:04.8058227+07:00" endTime="2019-11-18T20:25:04.8188186+07:00" testType="13cdc9d9-ddb5-4fa4-a97d-d965ccfc6d4b" outcome="Passed" testListId="8c84fa94-04c1-424b-9868-57a2d4851a1d" relativeResultsDirectory="d4667c7a-91b4-4f6c-89fc-8f837b638ea8" dataRowInfo="1" resultType="DataDrivenDataRow" />
      </InnerResults>
    </UnitTestResult>
    <UnitTestResult executionId="a80bb61f-ab94-4e2d-819f-720a07298b4f" testId="cdc9cf75-63ba-fe53-246e-69fbea83d298" testName="testchuyenban" computerName="DESKTOP-LTNHK23" duration="00:00:00.1677723" startTime="2019-11-18T20:25:04.8338137+07:00" endTime="2019-11-18T20:25:05.0113047+07:00" testType="13cdc9d9-ddb5-4fa4-a97d-d965ccfc6d4b" outcome="Failed" testListId="8c84fa94-04c1-424b-9868-57a2d4851a1d" relativeResultsDirectory="a80bb61f-ab94-4e2d-819f-720a07298b4f" resultType="DataDrivenTest">
      <Counters error="0" failed="2" timeout="0" aborted="0" inconclusive="0" passedButRunAborted="0" notRunnable="0" notExecuted="0" disconnected="0" warning="0" passed="2" completed="0" inProgress="0" pending="0" />
      <InnerResults>
        <UnitTestResult executionId="491621e0-de6e-4fef-a9c6-ba81f55f2c5d" parentExecutionId="a80bb61f-ab94-4e2d-819f-720a07298b4f" testId="cdc9cf75-63ba-fe53-246e-69fbea83d298" testName="testchuyenban" computerName="DESKTOP-LTNHK23" duration="00:00:00.0271300" startTime="2019-11-18T20:25:04.9657732+07:00" endTime="2019-11-18T20:25:04.9922957+07:00" testType="13cdc9d9-ddb5-4fa4-a97d-d965ccfc6d4b" outcome="Passed" testListId="8c84fa94-04c1-424b-9868-57a2d4851a1d" relativeResultsDirectory="a80bb61f-ab94-4e2d-819f-720a07298b4f" dataRowInfo="0" resultType="DataDrivenDataRow" />
        <UnitTestResult executionId="8797cf6c-3d6f-4e02-8df5-b59b049dde69" parentExecutionId="a80bb61f-ab94-4e2d-819f-720a07298b4f" testId="cdc9cf75-63ba-fe53-246e-69fbea83d298" testName="testchuyenban" computerName="DESKTOP-LTNHK23" duration="00:00:00.0077708" startTime="2019-11-18T20:25:04.9922957+07:00" endTime="2019-11-18T20:25:05.0002938+07:00" testType="13cdc9d9-ddb5-4fa4-a97d-d965ccfc6d4b" outcome="Passed" testListId="8c84fa94-04c1-424b-9868-57a2d4851a1d" relativeResultsDirectory="a80bb61f-ab94-4e2d-819f-720a07298b4f" dataRowInfo="1" resultType="DataDrivenDataRow" />
        <UnitTestResult executionId="ee93e933-bf43-4b81-88ed-bfdf212f6347" parentExecutionId="a80bb61f-ab94-4e2d-819f-720a07298b4f" testId="cdc9cf75-63ba-fe53-246e-69fbea83d298" testName="testchuyenban" computerName="DESKTOP-LTNHK23" duration="00:00:00.0020603" startTime="2019-11-18T20:25:05.0002938+07:00" endTime="2019-11-18T20:25:05.0023073+07:00" testType="13cdc9d9-ddb5-4fa4-a97d-d965ccfc6d4b" outcome="Failed" testListId="8c84fa94-04c1-424b-9868-57a2d4851a1d" relativeResultsDirectory="a80bb61f-ab94-4e2d-819f-720a07298b4f" dataRowInfo="2" resultType="DataDrivenDataRow">
          <Output>
            <ErrorInfo>
              <Message>Test method testPM.Test_Chuyenban.testchuyenban threw exception: 
System.FormatException: Input string was not in a correct format.</Message>
              <StackTrace>    at System.Number.StringToNumber(String str, NumberStyles options, NumberBuffer&amp; number, NumberFormatInfo info, Boolean parseDecimal)
   at System.Number.ParseInt32(String s, NumberStyles style, NumberFormatInfo info)
   at System.Int32.Parse(String s)
   at testPM.Test_Chuyenban.testchuyenban() in C:\Users\Dell\Desktop\Dangnhap\testPM\Test_Chuyenban.cs:line 21
</StackTrace>
            </ErrorInfo>
          </Output>
        </UnitTestResult>
        <UnitTestResult executionId="569fdc21-2834-4756-8674-438739dea7c8" parentExecutionId="a80bb61f-ab94-4e2d-819f-720a07298b4f" testId="cdc9cf75-63ba-fe53-246e-69fbea83d298" testName="testchuyenban" computerName="DESKTOP-LTNHK23" duration="00:00:00.0018260" startTime="2019-11-18T20:25:05.0023073+07:00" endTime="2019-11-18T20:25:05.0043059+07:00" testType="13cdc9d9-ddb5-4fa4-a97d-d965ccfc6d4b" outcome="Failed" testListId="8c84fa94-04c1-424b-9868-57a2d4851a1d" relativeResultsDirectory="a80bb61f-ab94-4e2d-819f-720a07298b4f" dataRowInfo="3" resultType="DataDrivenDataRow">
          <Output>
            <ErrorInfo>
              <Message>Test method testPM.Test_Chuyenban.testchuyenban threw exception: 
System.FormatException: Input string was not in a correct format.</Message>
              <StackTrace>    at System.Number.StringToNumber(String str, NumberStyles options, NumberBuffer&amp; number, NumberFormatInfo info, Boolean parseDecimal)
   at System.Number.ParseInt32(String s, NumberStyles style, NumberFormatInfo info)
   at System.Int32.Parse(String s)
   at testPM.Test_Chuyenban.testchuyenban() in C:\Users\Dell\Desktop\Dangnhap\testPM\Test_Chuyenban.cs:line 22
</StackTrace>
            </ErrorInfo>
          </Output>
        </UnitTestResult>
      </InnerResults>
    </UnitTestResult>
    <UnitTestResult executionId="ded37604-a925-4115-a507-57eeb2e31514" testId="d126ba14-7fa7-4e78-7434-4a28ba2ec146" testName="testThemMon" computerName="DESKTOP-LTNHK23" duration="00:00:00.1387852" startTime="2019-11-18T20:25:05.0182900+07:00" endTime="2019-11-18T20:25:05.1692546+07:00" testType="13cdc9d9-ddb5-4fa4-a97d-d965ccfc6d4b" outcome="Passed" testListId="8c84fa94-04c1-424b-9868-57a2d4851a1d" relativeResultsDirectory="ded37604-a925-4115-a507-57eeb2e31514" resultType="DataDrivenTest">
      <Counters error="0" failed="0" timeout="0" aborted="0" inconclusive="0" passedButRunAborted="0" notRunnable="0" notExecuted="0" disconnected="0" warning="0" passed="6" completed="0" inProgress="0" pending="0" />
      <InnerResults>
        <UnitTestResult executionId="27b940af-5524-4179-878a-d9fdb54448fd" parentExecutionId="ded37604-a925-4115-a507-57eeb2e31514" testId="d126ba14-7fa7-4e78-7434-4a28ba2ec146" testName="testThemMon" computerName="DESKTOP-LTNHK23" duration="00:00:00.0012591" startTime="2019-11-18T20:25:05.1517134+07:00" endTime="2019-11-18T20:25:05.1527283+07:00" testType="13cdc9d9-ddb5-4fa4-a97d-d965ccfc6d4b" outcome="Passed" testListId="8c84fa94-04c1-424b-9868-57a2d4851a1d" relativeResultsDirectory="ded37604-a925-4115-a507-57eeb2e31514" dataRowInfo="0" resultType="DataDrivenDataRow" />
        <UnitTestResult executionId="ff7ece93-e2be-4329-a94b-23c99f9fd495" parentExecutionId="ded37604-a925-4115-a507-57eeb2e31514" testId="d126ba14-7fa7-4e78-7434-4a28ba2ec146" testName="testThemMon" computerName="DESKTOP-LTNHK23" duration="00:00:00.0062074" startTime="2019-11-18T20:25:05.1527283+07:00" endTime="2019-11-18T20:25:05.1592393+07:00" testType="13cdc9d9-ddb5-4fa4-a97d-d965ccfc6d4b" outcome="Passed" testListId="8c84fa94-04c1-424b-9868-57a2d4851a1d" relativeResultsDirectory="ded37604-a925-4115-a507-57eeb2e31514" dataRowInfo="1" resultType="DataDrivenDataRow" />
        <UnitTestResult executionId="a2f09c26-8a48-4127-b452-a0812c9795d5" parentExecutionId="ded37604-a925-4115-a507-57eeb2e31514" testId="d126ba14-7fa7-4e78-7434-4a28ba2ec146" testName="testThemMon" computerName="DESKTOP-LTNHK23" duration="00:00:00.0000324" startTime="2019-11-18T20:25:05.1592393+07:00" endTime="2019-11-18T20:25:05.1592393+07:00" testType="13cdc9d9-ddb5-4fa4-a97d-d965ccfc6d4b" outcome="Passed" testListId="8c84fa94-04c1-424b-9868-57a2d4851a1d" relativeResultsDirectory="ded37604-a925-4115-a507-57eeb2e31514" dataRowInfo="2" resultType="DataDrivenDataRow" />
        <UnitTestResult executionId="e3d36806-5fe4-404f-8e26-b997a1a2202c" parentExecutionId="ded37604-a925-4115-a507-57eeb2e31514" testId="d126ba14-7fa7-4e78-7434-4a28ba2ec146" testName="testThemMon" computerName="DESKTOP-LTNHK23" duration="00:00:00.0000127" startTime="2019-11-18T20:25:05.1592393+07:00" endTime="2019-11-18T20:25:05.1592393+07:00" testType="13cdc9d9-ddb5-4fa4-a97d-d965ccfc6d4b" outcome="Passed" testListId="8c84fa94-04c1-424b-9868-57a2d4851a1d" relativeResultsDirectory="ded37604-a925-4115-a507-57eeb2e31514" dataRowInfo="3" resultType="DataDrivenDataRow" />
        <UnitTestResult executionId="fa177a95-5363-4faa-bd4c-738c7ae2d044" parentExecutionId="ded37604-a925-4115-a507-57eeb2e31514" testId="d126ba14-7fa7-4e78-7434-4a28ba2ec146" testName="testThemMon" computerName="DESKTOP-LTNHK23" duration="00:00:00.0000121" startTime="2019-11-18T20:25:05.1592393+07:00" endTime="2019-11-18T20:25:05.1592393+07:00" testType="13cdc9d9-ddb5-4fa4-a97d-d965ccfc6d4b" outcome="Passed" testListId="8c84fa94-04c1-424b-9868-57a2d4851a1d" relativeResultsDirectory="ded37604-a925-4115-a507-57eeb2e31514" dataRowInfo="4" resultType="DataDrivenDataRow" />
        <UnitTestResult executionId="a4ccf1a0-4c18-49e0-b93d-4b8500fe5db8" parentExecutionId="ded37604-a925-4115-a507-57eeb2e31514" testId="d126ba14-7fa7-4e78-7434-4a28ba2ec146" testName="testThemMon" computerName="DESKTOP-LTNHK23" duration="00:00:00.0000118" startTime="2019-11-18T20:25:05.1592393+07:00" endTime="2019-11-18T20:25:05.1592393+07:00" testType="13cdc9d9-ddb5-4fa4-a97d-d965ccfc6d4b" outcome="Passed" testListId="8c84fa94-04c1-424b-9868-57a2d4851a1d" relativeResultsDirectory="ded37604-a925-4115-a507-57eeb2e31514" dataRowInfo="5" resultType="DataDrivenDataRow" />
      </InnerResults>
    </UnitTestResult>
    <UnitTestResult executionId="9f0f56f1-96fc-4771-9d3c-9f86e61d56c3" testId="e7975907-abd7-c724-e54c-c8600f564d67" testName="TestCNLogin" computerName="DESKTOP-LTNHK23" duration="00:00:00.1455235" startTime="2019-11-18T20:25:05.1762401+07:00" endTime="2019-11-18T20:25:05.3449964+07:00" testType="13cdc9d9-ddb5-4fa4-a97d-d965ccfc6d4b" outcome="Failed" testListId="8c84fa94-04c1-424b-9868-57a2d4851a1d" relativeResultsDirectory="9f0f56f1-96fc-4771-9d3c-9f86e61d56c3" resultType="DataDrivenTest">
      <Counters error="0" failed="1" timeout="0" aborted="0" inconclusive="0" passedButRunAborted="0" notRunnable="0" notExecuted="0" disconnected="0" warning="0" passed="14" completed="0" inProgress="0" pending="0" />
      <InnerResults>
        <UnitTestResult executionId="ff1bf83f-bdbb-4ee8-ba90-dfd664bcdefc" parentExecutionId="9f0f56f1-96fc-4771-9d3c-9f86e61d56c3" testId="e7975907-abd7-c724-e54c-c8600f564d67" testName="TestCNLogin" computerName="DESKTOP-LTNHK23" duration="00:00:00.0044518" startTime="2019-11-18T20:25:05.3021545+07:00" endTime="2019-11-18T20:25:05.3061369+07:00" testType="13cdc9d9-ddb5-4fa4-a97d-d965ccfc6d4b" outcome="Passed" testListId="8c84fa94-04c1-424b-9868-57a2d4851a1d" relativeResultsDirectory="9f0f56f1-96fc-4771-9d3c-9f86e61d56c3" dataRowInfo="0" resultType="DataDrivenDataRow" />
        <UnitTestResult executionId="dae33b1b-ac4c-4edb-9b88-af7ebfbd3bca" parentExecutionId="9f0f56f1-96fc-4771-9d3c-9f86e61d56c3" testId="e7975907-abd7-c724-e54c-c8600f564d67" testName="TestCNLogin" computerName="DESKTOP-LTNHK23" duration="00:00:00.0018577" startTime="2019-11-18T20:25:05.3061369+07:00" endTime="2019-11-18T20:25:05.3081363+07:00" testType="13cdc9d9-ddb5-4fa4-a97d-d965ccfc6d4b" outcome="Passed" testListId="8c84fa94-04c1-424b-9868-57a2d4851a1d" relativeResultsDirectory="9f0f56f1-96fc-4771-9d3c-9f86e61d56c3" dataRowInfo="1" resultType="DataDrivenDataRow" />
        <UnitTestResult executionId="530d382b-7f14-4797-85da-0456d6f3456d" parentExecutionId="9f0f56f1-96fc-4771-9d3c-9f86e61d56c3" testId="e7975907-abd7-c724-e54c-c8600f564d67" testName="TestCNLogin" computerName="DESKTOP-LTNHK23" duration="00:00:00.0010759" startTime="2019-11-18T20:25:05.3081363+07:00" endTime="2019-11-18T20:25:05.3096548+07:00" testType="13cdc9d9-ddb5-4fa4-a97d-d965ccfc6d4b" outcome="Passed" testListId="8c84fa94-04c1-424b-9868-57a2d4851a1d" relativeResultsDirectory="9f0f56f1-96fc-4771-9d3c-9f86e61d56c3" dataRowInfo="2" resultType="DataDrivenDataRow" />
        <UnitTestResult executionId="d9987662-7779-428d-a5e3-afb136f50406" parentExecutionId="9f0f56f1-96fc-4771-9d3c-9f86e61d56c3" testId="e7975907-abd7-c724-e54c-c8600f564d67" testName="TestCNLogin" computerName="DESKTOP-LTNHK23" duration="00:00:00.0009836" startTime="2019-11-18T20:25:05.3096548+07:00" endTime="2019-11-18T20:25:05.3106675+07:00" testType="13cdc9d9-ddb5-4fa4-a97d-d965ccfc6d4b" outcome="Passed" testListId="8c84fa94-04c1-424b-9868-57a2d4851a1d" relativeResultsDirectory="9f0f56f1-96fc-4771-9d3c-9f86e61d56c3" dataRowInfo="3" resultType="DataDrivenDataRow" />
        <UnitTestResult executionId="4c41b64f-49d6-45ba-bb3e-749a0cc60980" parentExecutionId="9f0f56f1-96fc-4771-9d3c-9f86e61d56c3" testId="e7975907-abd7-c724-e54c-c8600f564d67" testName="TestCNLogin" computerName="DESKTOP-LTNHK23" duration="00:00:00.0009858" startTime="2019-11-18T20:25:05.3106675+07:00" endTime="2019-11-18T20:25:05.3116566+07:00" testType="13cdc9d9-ddb5-4fa4-a97d-d965ccfc6d4b" outcome="Passed" testListId="8c84fa94-04c1-424b-9868-57a2d4851a1d" relativeResultsDirectory="9f0f56f1-96fc-4771-9d3c-9f86e61d56c3" dataRowInfo="4" resultType="DataDrivenDataRow" />
        <UnitTestResult executionId="e7dc0a18-ba76-49c5-95dc-fa9fdfaf49c9" parentExecutionId="9f0f56f1-96fc-4771-9d3c-9f86e61d56c3" testId="e7975907-abd7-c724-e54c-c8600f564d67" testName="TestCNLogin" computerName="DESKTOP-LTNHK23" duration="00:00:00.0009628" startTime="2019-11-18T20:25:05.3116566+07:00" endTime="2019-11-18T20:25:05.3126623+07:00" testType="13cdc9d9-ddb5-4fa4-a97d-d965ccfc6d4b" outcome="Passed" testListId="8c84fa94-04c1-424b-9868-57a2d4851a1d" relativeResultsDirectory="9f0f56f1-96fc-4771-9d3c-9f86e61d56c3" dataRowInfo="5" resultType="DataDrivenDataRow" />
        <UnitTestResult executionId="4cc3bc70-7ef0-43ef-a891-fb84d66399fe" parentExecutionId="9f0f56f1-96fc-4771-9d3c-9f86e61d56c3" testId="e7975907-abd7-c724-e54c-c8600f564d67" testName="TestCNLogin" computerName="DESKTOP-LTNHK23" duration="00:00:00.0009657" startTime="2019-11-18T20:25:05.3126623+07:00" endTime="2019-11-18T20:25:05.3136555+07:00" testType="13cdc9d9-ddb5-4fa4-a97d-d965ccfc6d4b" outcome="Passed" testListId="8c84fa94-04c1-424b-9868-57a2d4851a1d" relativeResultsDirectory="9f0f56f1-96fc-4771-9d3c-9f86e61d56c3" dataRowInfo="6" resultType="DataDrivenDataRow" />
        <UnitTestResult executionId="1e3422c6-c0e8-49df-b766-45da36c32e96" parentExecutionId="9f0f56f1-96fc-4771-9d3c-9f86e61d56c3" testId="e7975907-abd7-c724-e54c-c8600f564d67" testName="TestCNLogin" computerName="DESKTOP-LTNHK23" duration="00:00:00.0018221" startTime="2019-11-18T20:25:05.3136555+07:00" endTime="2019-11-18T20:25:05.3146571+07:00" testType="13cdc9d9-ddb5-4fa4-a97d-d965ccfc6d4b" outcome="Passed" testListId="8c84fa94-04c1-424b-9868-57a2d4851a1d" relativeResultsDirectory="9f0f56f1-96fc-4771-9d3c-9f86e61d56c3" dataRowInfo="7" resultType="DataDrivenDataRow" />
        <UnitTestResult executionId="892cd30d-e2ec-4d2c-932d-c0daf667a360" parentExecutionId="9f0f56f1-96fc-4771-9d3c-9f86e61d56c3" testId="e7975907-abd7-c724-e54c-c8600f564d67" testName="TestCNLogin" computerName="DESKTOP-LTNHK23" duration="00:00:00.0009290" startTime="2019-11-18T20:25:05.3146571+07:00" endTime="2019-11-18T20:25:05.3156550+07:00" testType="13cdc9d9-ddb5-4fa4-a97d-d965ccfc6d4b" outcome="Passed" testListId="8c84fa94-04c1-424b-9868-57a2d4851a1d" relativeResultsDirectory="9f0f56f1-96fc-4771-9d3c-9f86e61d56c3" dataRowInfo="8" resultType="DataDrivenDataRow" />
        <UnitTestResult executionId="2f03475d-de43-4411-bbba-4c2944167426" parentExecutionId="9f0f56f1-96fc-4771-9d3c-9f86e61d56c3" testId="e7975907-abd7-c724-e54c-c8600f564d67" testName="TestCNLogin" computerName="DESKTOP-LTNHK23" duration="00:00:00.0009175" startTime="2019-11-18T20:25:05.3156550+07:00" endTime="2019-11-18T20:25:05.3166548+07:00" testType="13cdc9d9-ddb5-4fa4-a97d-d965ccfc6d4b" outcome="Passed" testListId="8c84fa94-04c1-424b-9868-57a2d4851a1d" relativeResultsDirectory="9f0f56f1-96fc-4771-9d3c-9f86e61d56c3" dataRowInfo="9" resultType="DataDrivenDataRow" />
        <UnitTestResult executionId="3e3c7b1f-38cf-42aa-874e-085140c62653" parentExecutionId="9f0f56f1-96fc-4771-9d3c-9f86e61d56c3" testId="e7975907-abd7-c724-e54c-c8600f564d67" testName="TestCNLogin" computerName="DESKTOP-LTNHK23" duration="00:00:00.0016088" startTime="2019-11-18T20:25:05.3166548+07:00" endTime="2019-11-18T20:25:05.3186540+07:00" testType="13cdc9d9-ddb5-4fa4-a97d-d965ccfc6d4b" outcome="Passed" testListId="8c84fa94-04c1-424b-9868-57a2d4851a1d" relativeResultsDirectory="9f0f56f1-96fc-4771-9d3c-9f86e61d56c3" dataRowInfo="10" resultType="DataDrivenDataRow" />
        <UnitTestResult executionId="57b475a6-2fc4-47d4-9233-783320d3f679" parentExecutionId="9f0f56f1-96fc-4771-9d3c-9f86e61d56c3" testId="e7975907-abd7-c724-e54c-c8600f564d67" testName="TestCNLogin" computerName="DESKTOP-LTNHK23" duration="00:00:00.0009822" startTime="2019-11-18T20:25:05.3186540+07:00" endTime="2019-11-18T20:25:05.3200021+07:00" testType="13cdc9d9-ddb5-4fa4-a97d-d965ccfc6d4b" outcome="Passed" testListId="8c84fa94-04c1-424b-9868-57a2d4851a1d" relativeResultsDirectory="9f0f56f1-96fc-4771-9d3c-9f86e61d56c3" dataRowInfo="11" resultType="DataDrivenDataRow" />
        <UnitTestResult executionId="5f6bfa6a-0836-4aa0-b355-7dfcecf204b7" parentExecutionId="9f0f56f1-96fc-4771-9d3c-9f86e61d56c3" testId="e7975907-abd7-c724-e54c-c8600f564d67" testName="TestCNLogin" computerName="DESKTOP-LTNHK23" duration="00:00:00.0009702" startTime="2019-11-18T20:25:05.3200021+07:00" endTime="2019-11-18T20:25:05.3210056+07:00" testType="13cdc9d9-ddb5-4fa4-a97d-d965ccfc6d4b" outcome="Passed" testListId="8c84fa94-04c1-424b-9868-57a2d4851a1d" relativeResultsDirectory="9f0f56f1-96fc-4771-9d3c-9f86e61d56c3" dataRowInfo="12" resultType="DataDrivenDataRow" />
        <UnitTestResult executionId="e8a98ceb-a597-4489-a332-9048f67e4b6c" parentExecutionId="9f0f56f1-96fc-4771-9d3c-9f86e61d56c3" testId="e7975907-abd7-c724-e54c-c8600f564d67" testName="TestCNLogin" computerName="DESKTOP-LTNHK23" duration="00:00:00.0009741" startTime="2019-11-18T20:25:05.3210056+07:00" endTime="2019-11-18T20:25:05.3220146+07:00" testType="13cdc9d9-ddb5-4fa4-a97d-d965ccfc6d4b" outcome="Passed" testListId="8c84fa94-04c1-424b-9868-57a2d4851a1d" relativeResultsDirectory="9f0f56f1-96fc-4771-9d3c-9f86e61d56c3" dataRowInfo="13" resultType="DataDrivenDataRow" />
        <UnitTestResult executionId="599ad248-1323-48d6-86a6-312c55907767" parentExecutionId="9f0f56f1-96fc-4771-9d3c-9f86e61d56c3" testId="e7975907-abd7-c724-e54c-c8600f564d67" testName="TestCNLogin" computerName="DESKTOP-LTNHK23" duration="00:00:00.0021026" startTime="2019-11-18T20:25:05.3220146+07:00" endTime="2019-11-18T20:25:05.3240034+07:00" testType="13cdc9d9-ddb5-4fa4-a97d-d965ccfc6d4b" outcome="Failed" testListId="8c84fa94-04c1-424b-9868-57a2d4851a1d" relativeResultsDirectory="9f0f56f1-96fc-4771-9d3c-9f86e61d56c3" dataRowInfo="14" resultType="DataDrivenDataRow">
          <Output>
            <ErrorInfo>
              <Message>Test method testPM.TestLogin.TestCNLogin threw exception: 
System.InvalidOperationException: số kí tự quá lớn</Message>
              <StackTrace>    at testPM.TestLogin.TestCNLogin() in C:\Users\Dell\Desktop\Dangnhap\testPM\Test_Login.cs:line 27
</StackTrace>
            </ErrorInfo>
          </Output>
        </UnitTestResult>
      </InnerResults>
    </UnitTestResult>
  </Results>
</TestRun>